1670809499521,55,20,6,0.8,0.1,0.1
1670809500021,122,43,15,0.8,0.1,0.1
1670809500521,190,61,27,0.8,0.1,0.1
1670809501022,239,73,37,0.8,0.1,0.1
1670809501522,295,89,44,0.8,0.1,0.1
1670809502022,372,112,52,0.8,0.1,0.1
1670809502522,438,132,58,0.8,0.1,0.1
1670809503023,504,153,72,0.8,0.1,0.1
1670809503523,573,173,81,0.8,0.1,0.1
1670809504023,631,189,86,0.8,0.1,0.1
1670809504523,695,210,93,0.8,0.1,0.1
1670809505023,730,229,100,0.8,0.1,0.1
1670809505524,762,240,103,0.8,0.1,0.1
1670809506024,789,259,106,0.8,0.1,0.1
1670809506524,774,273,104,0.8,0.1,0.1
1670809507024,778,286,102,0.8,0.1,0.1
1670809507525,782,299,103,0.8,0.1,0.1
1670809508025,781,306,100,0.8,0.1,0.1
1670809508525,742,313,95,0.8,0.1,0.1
1670809509026,721,315,91,0.8,0.1,0.1
1670809509526,692,325,88,0.8,0.1,0.1
1670809510026,661,335,87,0.8,0.1,0.1
1670809510526,623,338,88,0.8,0.1,0.1
1670809511027,595,347,86,0.8,0.1,0.1
1670809511527,561,358,81,0.8,0.1,0.1
1670809512027,529,370,76,0.8,0.1,0.1
1670809512527,536,369,70,0.8,0.1,0.1
1670809513028,529,357,69,0.8,0.1,0.1
1670809513528,508,336,61,0.807092,0.131915,0.0609929
1670809514028,479,321,61,0.627692,0.292923,0.0793846
1670809514529,467,309,56,0.63154,0.293643,0.0748166
1670809515029,441,296,51,0.80749,0.133704,0.0588057
1670809515529,413,276,51,0.66586,0.265133,0.0690073
1670809516030,403,263,49,0.807623,0.134303,0.0580742
1670809516530,374,251,46,0.663089,0.265951,0.07096
1670809517030,340,256,41,0.682961,0.246063,0.0709753
1670809517531,322,249,33,0.683109,0.244652,0.0722385
1670809518031,298,239,31,0.649939,0.278667,0.0713939
1670809518531,279,226,29,0.653144,0.268327,0.0785291
1670809519032,255,215,24,0.656802,0.270644,0.0725537
1670809519532,224,208,19,0.640147,0.287047,0.0728054
1670809520032,216,198,17,0.657888,0.268327,0.0737841
1670809520533,207,185,17,0.67612,0.247873,0.0760068
1670809521033,177,180,11,0.658133,0.269877,0.0719906
1670809521533,144,164,10,0.881804,0.0180354,0.100161
1670809522033,108,167,1,0.89106,0.0139073,0.0950331
1670809522534,80,163,0,0.875459,0.0180301,0.106511
1670809523034,44,162,7,0.625259,0.285906,0.0888347
1670809523534,22,149,5,0.847934,0.0330579,0.119008
1670809524035,16,149,2,0.639952,0.269737,0.090311
1670809524535,14,135,2,0.843359,0.0355725,0.121069
1670809525035,23,128,0,0.845201,0.0363777,0.118421
1670809525536,13,123,0,0.66642,0.241651,0.0919285
1670809526036,16,113,2,0.842836,0.037223,0.119941
1670809526536,21,109,5,0.719272,0.178169,0.102558
1670809527037,21,108,1,0.767389,0.041049,0.191562
1670809527537,22,108,2,0.785621,0.0472767,0.167102
1670809528037,16,117,0,0.785428,0.12207,0.0925026
1670809528537,13,109,3,0.783178,0.108411,0.108411
1670809529038,20,102,2,0.8,0.1,0.1
1670809529538,17,110,1,0.800407,0.101833,0.0977597
1670809530038,15,108,2,0.8,0.1,0.1
1670809530539,20,111,0,0.800203,0.100915,0.0988821
1670809531039,15,114,3,0.8,0.1,0.1
1670809531539,21,119,0,0.800804,0.103618,0.0955779
1670809532040,13,119,3,0.785351,0.107325,0.107325
1670809532540,15,126,6,0.8,0.1,0.1
1670809533040,14,124,1,0.8,0.1,0.1
1670809533540,18,123,5,0.8,0.1,0.1
1670809534041,20,127,5,0.8,0.1,0.1
1670809534541,15,121,2,0.8,0.1,0.1
1670809535041,10,122,2,0.790674,0.104663,0.104663
1670809535542,11,120,2,0.782784,0.108608,0.108608
1670809536042,15,118,4,0.8,0.1,0.1
1670809536542,11,126,2,0.780241,0.109879,0.109879
1670809537042,16,126,3,0.8,0.1,0.1
1670809537543,20,133,3,0.800436,0.101963,0.0976009
1670809538043,14,138,0,0.800428,0.101927,0.0976445
1670809538543,6,140,2,0.793286,0.110125,0.0965891
1670809539044,9,139,2,0.796495,0.107229,0.096276
1670809539544,5,141,1,0.780603,0.109698,0.109698
1670809540044,11,149,2,0.8,0.1,0.1
1670809540545,9,155,2,0.8,0.1,0.1
1670809541045,17,153,2,0.800632,0.102842,0.0965263
1670809541545,17,158,4,0.8,0.1,0.1
1670809542045,14,157,3,0.8,0.1,0.1
1670809542546,6,165,4,0.773695,0.113152,0.113152
1670809543046,12,178,3,0.8,0.1,0.1
1670809543546,13,185,1,0.800422,0.101899,0.0976793
1670809544047,8,190,4,0.8,0.1,0.1
1670809544547,11,204,4,0.8,0.1,0.1
1670809545047,11,206,2,0.8,0.1,0.1
1670809545547,8,211,4,0.8,0.1,0.1
1670809546048,8,217,2,0.794955,0.10555,0.0994955
1670809546548,8,217,4,0.785498,0.107251,0.107251
1670809547048,6,212,2,0.796471,0.105138,0.0983913
1670809547548,11,217,5,0.8,0.1,0.1
1670809548049,6,221,1,0.798111,0.104617,0.0972718
1670809548549,15,225,3,0.8,0.1,0.1
1670809549049,7,230,4,0.8,0.1,0.1
1670809549550,7,239,8,0.792539,0.103731,0.103731
1670809550050,4,243,6,0.786792,0.106604,0.106604
1670809550550,9,249,4,0.8,0.1,0.1
1670809551051,6,251,0,0.800634,0.102854,0.0965116
1670809551551,11,251,5,0.8,0.1,0.1
1670809552051,14,253,3,0.8,0.1,0.1
1670809552551,16,259,3,0.800602,0.102711,0.0966867
1670809553052,11,263,3,0.8,0.1,0.1
1670809553552,8,258,2,0.787169,0.106415,0.106415
1670809554052,13,265,3,0.8004,0.101802,0.0977978
1670809554553,5,265,0,0.801802,0.108108,0.0900901
1670809555053,4,262,1,0.800991,0.10446,0.0945491
1670809555553,4,256,1,0.798587,0.104997,0.096416
1670809556053,4,261,0,0.798583,0.102227,0.0991903
1670809556554,7,260,2,0.800615,0.102766,0.0966189
1670809557054,8,263,1,0.800622,0.102798,0.0965803
1670809557554,4,261,2,0.776948,0.111526,0.111526
1670809558055,4,264,1,0.796966,0.104767,0.0982665
1670809558555,2,260,1,0.79234,0.10383,0.10383
1670809559055,10,262,3,0.8,0.1,0.1
1670809559555,1,262,3,0.792053,0.103974,0.103974
1670809560056,11,257,2,0.8,0.1,0.1
1670809560556,9,262,5,0.8,0.1,0.1
1670809561056,14,266,2,0.8,0.1,0.1
1670809561557,14,274,1,0.800421,0.101893,0.0976866
1670809562057,2,271,1,0.796587,0.104107,0.0993067
1670809562557,5,277,1,0.800417,0.101875,0.0977083
1670809563057,4,277,0,0.800426,0.101919,0.0976546
1670809563558,10,288,3,0.8,0.1,0.1
1670809564058,2,297,3,0.785185,0.107407,0.107407
1670809564558,5,297,1,0.80061,0.102747,0.0966429
1670809565059,6,299,5,0.8,0.1,0.1
1670809565559,3,297,0,0.798763,0.106804,0.094433
1670809566059,3,298,1,0.795812,0.105759,0.0984293
1670809566559,16,297,3,0.8,0.1,0.1
1670809567060,9,312,0,0.800205,0.100923,0.0988718
1670809567560,1,318,0,0.798366,0.103371,0.0982635
1670809568060,1,322,1,0.792843,0.103579,0.103579
1670809568561,2,330,1,0.796991,0.105517,0.0974925
1670809569061,3,341,0,0.800805,0.103622,0.0955734
1670809569561,4,336,1,0.799184,0.101683,0.0991331
1670809570061,2,334,1,0.799585,0.105138,0.0952776
1670809570562,5,341,0,0.800202,0.100909,0.0988889
1670809571062,0,342,3,0.796429,0.101786,0.101786
1670809571562,1,355,0,0.793103,0.110041,0.096856
1670809572062,1,359,2,0.785425,0.107287,0.107287
1670809572563,5,367,8,0.8,0.1,0.1
1670809573063,4,379,5,0.8,0.1,0.1
1670809573563,0,380,0,0.7996,0.102202,0.0981982
1670809574064,0,380,1,0.796353,0.101824,0.101824
1670809574564,7,382,0,0.8,0.100001,0.0999989
1670809575064,1,390,2,0.7982,0.1009,0.1009
1670809575564,0,393,3,0.790927,0.104536,0.104536
1670809576065,10,398,0,0.800802,0.103611,0.0955868
1670809576565,3,401,1,0.8,0.1,0.1
1670809577065,0,407,1,0.800199,0.101639,0.0981619
1670809577566,0,413,4,0.798983,0.105595,0.0954222
1670809578066,1,418,3,0.799378,0.103423,0.0971992
1670809578566,30,417,3,0.8,0.1,0.1
1670809579066,29,410,9,0.8,0.1,0.1
1670809579567,25,416,4,0.8,0.1,0.1
1670809580067,37,413,4,0.8,0.1,0.1
1670809580567,26,411,4,0.8,0.1,0.1
1670809581068,28,408,3,0.8,0.1,0.1
1670809581568,26,409,1,0.8,0.1,0.1
1670809582069,36,407,1,0.800217,0.100977,0.0988056
1670809582569,28,403,5,0.8,0.1,0.1
1670809583069,38,397,1,0.801079,0.104854,0.0940669
1670809583570,33,399,5,0.8,0.1,0.1
1670809584070,35,396,6,0.8,0.1,0.1
1670809584570,30,398,4,0.8,0.1,0.1
1670809585070,29,407,7,0.8,0.1,0.1
1670809585571,26,414,5,0.8,0.1,0.1
1670809586071,22,417,4,0.8,0.1,0.1
