mydata,1,1670809504853,1670809499079
mydata,1,1670809504853,1670809499081
mydata,1,1670809504853,1670809499085
mydata,1,1670809504853,1670809499088
mydata,1,1670809504853,1670809499097
mydata,1,1670809504853,1670809499101
mydata,1,1670809504853,1670809499110
mydata,1,1670809504853,1670809499113
mydata,2,1670809504853,1670809499080
mydata,3,1670809504853,1670809499123
mydata,1,1670809505354,1670809499419
mydata,1,1670809505354,1670809499424
mydata,1,1670809505354,1670809499425
mydata,1,1670809505354,1670809499454
mydata,1,1670809505354,1670809499457
mydata,1,1670809505354,1670809499468
mydata,1,1670809505354,1670809499484
mydata,1,1670809505354,1670809499491
mydata,2,1670809505354,1670809499172
mydata,3,1670809505354,1670809499499
mydata,1,1670809505856,1670809499687
mydata,1,1670809505856,1670809499695
mydata,1,1670809505856,1670809499698
mydata,1,1670809505856,1670809499705
mydata,1,1670809505856,1670809499721
mydata,1,1670809505856,1670809499738
mydata,1,1670809505856,1670809499739
mydata,1,1670809505856,1670809499739
mydata,2,1670809505856,1670809499224
mydata,3,1670809505856,1670809499800
mydata,1,1670809506357,1670809499912
mydata,1,1670809506357,1670809499926
mydata,1,1670809506357,1670809499926
mydata,1,1670809506357,1670809499943
mydata,1,1670809506357,1670809499944
mydata,1,1670809506357,1670809499944
mydata,1,1670809506357,1670809499946
mydata,1,1670809506357,1670809499947
mydata,2,1670809506357,1670809499344
mydata,3,1670809506357,1670809499961
mydata,1,1670809506858,1670809500410
mydata,1,1670809506858,1670809500414
mydata,1,1670809506858,1670809500422
mydata,1,1670809506858,1670809500424
mydata,1,1670809506858,1670809500425
mydata,1,1670809506858,1670809500433
mydata,1,1670809506858,1670809500439
mydata,1,1670809506858,1670809500445
mydata,2,1670809506858,1670809499578
mydata,3,1670809506858,1670809500233
mydata,1,1670809507360,1670809501026
mydata,1,1670809507360,1670809501047
mydata,1,1670809507360,1670809501054
mydata,1,1670809507360,1670809501069
mydata,1,1670809507360,1670809501069
mydata,1,1670809507360,1670809501085
mydata,1,1670809507360,1670809501092
mydata,1,1670809507360,1670809501095
mydata,2,1670809507360,1670809499803
mydata,3,1670809507360,1670809500753
mydata,1,1670809507861,1670809501581
mydata,1,1670809507861,1670809501588
mydata,1,1670809507861,1670809501594
mydata,1,1670809507861,1670809501607
mydata,1,1670809507861,1670809501610
mydata,1,1670809507861,1670809501612
mydata,1,1670809507861,1670809501626
mydata,1,1670809507861,1670809501636
mydata,2,1670809507861,1670809499972
mydata,3,1670809507861,1670809501099
mydata,1,1670809508363,1670809502221
mydata,1,1670809508363,1670809502228
mydata,1,1670809508363,1670809502244
mydata,1,1670809508363,1670809502244
mydata,1,1670809508363,1670809502247
mydata,1,1670809508363,1670809502253
mydata,1,1670809508363,1670809502274
mydata,1,1670809508363,1670809502278
mydata,2,1670809508363,1670809500333
mydata,3,1670809508363,1670809501866
mydata,1,1670809508864,1670809502974
mydata,1,1670809508864,1670809502983
mydata,1,1670809508864,1670809502986
mydata,1,1670809508864,1670809502997
mydata,1,1670809508864,1670809503001
mydata,1,1670809508864,1670809503002
mydata,1,1670809508864,1670809503009
mydata,1,1670809508864,1670809503012
mydata,2,1670809508864,1670809500543
mydata,3,1670809508864,1670809502756
mydata,1,1670809509366,1670809503701
mydata,1,1670809509366,1670809503722
mydata,1,1670809509366,1670809503742
mydata,1,1670809509366,1670809503746
mydata,1,1670809509366,1670809503746
mydata,1,1670809509366,1670809503746
mydata,1,1670809509366,1670809503755
mydata,1,1670809509366,1670809503759
mydata,2,1670809509366,1670809501061
mydata,3,1670809509366,1670809503082
mydata,1,1670809509867,1670809504481
mydata,1,1670809509867,1670809504490
mydata,1,1670809509867,1670809504492
mydata,1,1670809509867,1670809504500
mydata,1,1670809509867,1670809504500
mydata,1,1670809509867,1670809504500
mydata,1,1670809509867,1670809504518
mydata,1,1670809509867,1670809504524
mydata,2,1670809509867,1670809501425
mydata,3,1670809509867,1670809504029
mydata,1,1670809510369,1670809505194
mydata,1,1670809510369,1670809505217
mydata,1,1670809510369,1670809505225
mydata,1,1670809510369,1670809505227
mydata,1,1670809510369,1670809505227
mydata,1,1670809510369,1670809505242
mydata,1,1670809510369,1670809505250
mydata,1,1670809510369,1670809505254
mydata,2,1670809510369,1670809501710
mydata,3,1670809510369,1670809504777
mydata,1,1670809510870,1670809505978
mydata,1,1670809510870,1670809505985
mydata,1,1670809510870,1670809505987
mydata,1,1670809510870,1670809505998
mydata,1,1670809510870,1670809506022
mydata,1,1670809510870,1670809506030
mydata,1,1670809510870,1670809506035
mydata,1,1670809510870,1670809506043
mydata,2,1670809510870,1670809502008
mydata,3,1670809510870,1670809505493
mydata,1,1670809511372,1670809506824
mydata,1,1670809511372,1670809506824
mydata,1,1670809511372,1670809506827
mydata,1,1670809511372,1670809506830
mydata,1,1670809511372,1670809506830
mydata,1,1670809511372,1670809506831
mydata,1,1670809511372,1670809506833
mydata,1,1670809511372,1670809506842
mydata,2,1670809511372,1670809502295
mydata,3,1670809511372,1670809506379
mydata,1,1670809511873,1670809507578
mydata,1,1670809511873,1670809507596
mydata,1,1670809511873,1670809507599
mydata,1,1670809511873,1670809507605
mydata,1,1670809511873,1670809507607
mydata,1,1670809511873,1670809507615
mydata,1,1670809511873,1670809507641
mydata,1,1670809511873,1670809507644
mydata,2,1670809511873,1670809502612
mydata,3,1670809511873,1670809507422
mydata,1,1670809512375,1670809508300
mydata,1,1670809512375,1670809508307
mydata,1,1670809512375,1670809508348
mydata,1,1670809512375,1670809508359
mydata,2,1670809512375,1670809503023
mydata,2,1670809512375,1670809503034
mydata,2,1670809512375,1670809503041
mydata,2,1670809512375,1670809503104
mydata,3,1670809512375,1670809508586
mydata,3,1670809512375,1670809508671
mydata,3,1670809512375,1670809508677
mydata,3,1670809512375,1670809508706
mydata,1,1670809512876,1670809508969
mydata,1,1670809512876,1670809508975
mydata,1,1670809512876,1670809508976
mydata,1,1670809512876,1670809508979
mydata,1,1670809512876,1670809508979
mydata,1,1670809512876,1670809508986
mydata,1,1670809512876,1670809508990
mydata,2,1670809512876,1670809504067
mydata,2,1670809512876,1670809504113
mydata,2,1670809512876,1670809504114
mydata,2,1670809512876,1670809504142
mydata,3,1670809512876,1670809509597
mydata,1,1670809513378,1670809509633
mydata,1,1670809513378,1670809509638
mydata,1,1670809513378,1670809509642
mydata,1,1670809513378,1670809509655
mydata,1,1670809513378,1670809509683
mydata,1,1670809513378,1670809509694
mydata,1,1670809513378,1670809509702
mydata,2,1670809513378,1670809504806
mydata,2,1670809513378,1670809504830
mydata,2,1670809513378,1670809504830
mydata,2,1670809513378,1670809504834
mydata,3,1670809513378,1670809510210
mydata,1,1670809513879,1670809510402
mydata,1,1670809513879,1670809510404
mydata,1,1670809513879,1670809510409
mydata,1,1670809513879,1670809510409
mydata,1,1670809513879,1670809510414
mydata,1,1670809513879,1670809510432
mydata,1,1670809513879,1670809510434
mydata,2,1670809513879,1670809505656
mydata,2,1670809513879,1670809505687
mydata,2,1670809513879,1670809505700
mydata,3,1670809513879,1670809510630
mydata,1,1670809514381,1670809511068
mydata,1,1670809514381,1670809511068
mydata,1,1670809514381,1670809511098
mydata,1,1670809514381,1670809511102
mydata,1,1670809514381,1670809511113
mydata,1,1670809514381,1670809511122
mydata,1,1670809514381,1670809511128
mydata,2,1670809514381,1670809506363
mydata,2,1670809514381,1670809506393
mydata,2,1670809514381,1670809506395
mydata,3,1670809514381,1670809511524
mydata,1,1670809514882,1670809511806
mydata,1,1670809514882,1670809511810
mydata,1,1670809514882,1670809511812
mydata,1,1670809514882,1670809511828
mydata,1,1670809514882,1670809511832
mydata,1,1670809514882,1670809511841
mydata,1,1670809514882,1670809511841
mydata,2,1670809514882,1670809507065
mydata,2,1670809514882,1670809507110
mydata,2,1670809514882,1670809507119
mydata,3,1670809514882,1670809512240
mydata,1,1670809515384,1670809512438
mydata,1,1670809515384,1670809512449
mydata,1,1670809515384,1670809512449
mydata,1,1670809515384,1670809512450
mydata,1,1670809515384,1670809512451
mydata,1,1670809515384,1670809512464
mydata,1,1670809515384,1670809512472
mydata,2,1670809515384,1670809508147
mydata,2,1670809515384,1670809508304
mydata,2,1670809515384,1670809508354
mydata,3,1670809515384,1670809512776
mydata,1,1670809515885,1670809513028
mydata,1,1670809515885,1670809513047
mydata,1,1670809515885,1670809513059
mydata,1,1670809515885,1670809513064
mydata,1,1670809515885,1670809513068
mydata,1,1670809515885,1670809513071
mydata,1,1670809515885,1670809513077
mydata,2,1670809515885,1670809509146
mydata,2,1670809515885,1670809509187
mydata,2,1670809515885,1670809509189
mydata,3,1670809515885,1670809513547
mydata,1,1670809516387,1670809513708
mydata,1,1670809516387,1670809513727
mydata,1,1670809516387,1670809513727
mydata,1,1670809516387,1670809513732
mydata,1,1670809516387,1670809513732
mydata,1,1670809516387,1670809513754
mydata,1,1670809516387,1670809513760
mydata,2,1670809516387,1670809509890
mydata,2,1670809516387,1670809509901
mydata,2,1670809516387,1670809509923
mydata,3,1670809516387,1670809514033
mydata,1,1670809516889,1670809514406
mydata,1,1670809516889,1670809514408
mydata,1,1670809516889,1670809514410
mydata,1,1670809516889,1670809514414
mydata,1,1670809516889,1670809514420
mydata,1,1670809516889,1670809514430
mydata,1,1670809516889,1670809514462
mydata,1,1670809516889,1670809514468
mydata,1,1670809516889,1670809514473
mydata,1,1670809516889,1670809514489
mydata,3,1670809516889,1670809514705
mydata,1,1670809517390,1670809515159
mydata,1,1670809517390,1670809515171
mydata,1,1670809517390,1670809515180
mydata,1,1670809517390,1670809515199
mydata,1,1670809517390,1670809515204
mydata,1,1670809517390,1670809515205
mydata,1,1670809517390,1670809515207
mydata,1,1670809517390,1670809515208
mydata,1,1670809517390,1670809515240
mydata,3,1670809517390,1670809515274
mydata,3,1670809517390,1670809515300
mydata,1,1670809517891,1670809515851
mydata,1,1670809517891,1670809515854
mydata,1,1670809517891,1670809515872
mydata,1,1670809517891,1670809515897
mydata,1,1670809517891,1670809515903
mydata,1,1670809517891,1670809515904
mydata,1,1670809517891,1670809515907
mydata,2,1670809517891,1670809511685
mydata,2,1670809517891,1670809511710
mydata,2,1670809517891,1670809511713
mydata,3,1670809517891,1670809516025
mydata,1,1670809518393,1670809516478
mydata,1,1670809518393,1670809516485
mydata,1,1670809518393,1670809516488
mydata,1,1670809518393,1670809516495
mydata,1,1670809518393,1670809516498
mydata,1,1670809518393,1670809516516
mydata,1,1670809518393,1670809516535
mydata,2,1670809518393,1670809512460
mydata,2,1670809518393,1670809512540
mydata,2,1670809518393,1670809512604
mydata,3,1670809518393,1670809516721
mydata,1,1670809518894,1670809517106
mydata,1,1670809518894,1670809517118
mydata,1,1670809518894,1670809517121
mydata,1,1670809518894,1670809517129
mydata,1,1670809518894,1670809517134
mydata,1,1670809518894,1670809517141
mydata,1,1670809518894,1670809517152
mydata,1,1670809518894,1670809517162
mydata,1,1670809518894,1670809517169
mydata,1,1670809518894,1670809517176
mydata,3,1670809518894,1670809517700
mydata,1,1670809519396,1670809517789
mydata,1,1670809519396,1670809517795
mydata,1,1670809519396,1670809517800
mydata,1,1670809519396,1670809517824
mydata,1,1670809519396,1670809517827
mydata,1,1670809519396,1670809517849
mydata,1,1670809519396,1670809517858
mydata,1,1670809519396,1670809517859
mydata,1,1670809519396,1670809517864
mydata,1,1670809519396,1670809517877
mydata,3,1670809519396,1670809518245
mydata,1,1670809519897,1670809518444
mydata,1,1670809519897,1670809518466
mydata,1,1670809519897,1670809518473
mydata,1,1670809519897,1670809518483
mydata,1,1670809519897,1670809518483
mydata,1,1670809519897,1670809518495
mydata,1,1670809519897,1670809518499
mydata,2,1670809519897,1670809514889
mydata,2,1670809519897,1670809514902
mydata,2,1670809519897,1670809514926
mydata,3,1670809519897,1670809518950
mydata,1,1670809520399,1670809519140
mydata,1,1670809520399,1670809519147
mydata,1,1670809520399,1670809519150
mydata,1,1670809520399,1670809519155
mydata,1,1670809520399,1670809519163
mydata,1,1670809520399,1670809519170
mydata,1,1670809520399,1670809519191
mydata,2,1670809520399,1670809515850
mydata,2,1670809520399,1670809515873
mydata,2,1670809520399,1670809515881
mydata,3,1670809520399,1670809519828
mydata,1,1670809520900,1670809519764
mydata,1,1670809520900,1670809519781
mydata,1,1670809520900,1670809519795
mydata,1,1670809520900,1670809519799
mydata,1,1670809520900,1670809519802
mydata,1,1670809520900,1670809519803
mydata,1,1670809520900,1670809519806
mydata,1,1670809520900,1670809519825
mydata,1,1670809520900,1670809519829
mydata,2,1670809520900,1670809516463
mydata,3,1670809520900,1670809520421
mydata,1,1670809521402,1670809520323
mydata,1,1670809521402,1670809520328
mydata,1,1670809521402,1670809520330
mydata,1,1670809521402,1670809520357
mydata,1,1670809521402,1670809520361
mydata,1,1670809521402,1670809520377
mydata,1,1670809521402,1670809520378
mydata,1,1670809521402,1670809520379
mydata,1,1670809521402,1670809520379
mydata,2,1670809521402,1670809517215
mydata,3,1670809521402,1670809521049
mydata,1,1670809521903,1670809520939
mydata,1,1670809521903,1670809520952
mydata,1,1670809521903,1670809520956
mydata,1,1670809521903,1670809520961
mydata,1,1670809521903,1670809520964
mydata,1,1670809521903,1670809520987
mydata,1,1670809521903,1670809520999
mydata,1,1670809521903,1670809521015
mydata,1,1670809521903,1670809521015
mydata,2,1670809521903,1670809517498
mydata,3,1670809521903,1670809521608
mydata,1,1670809522405,1670809521806
mydata,1,1670809522405,1670809521820
mydata,1,1670809522405,1670809521822
mydata,1,1670809522405,1670809521823
mydata,1,1670809522405,1670809521825
mydata,1,1670809522405,1670809521829
mydata,1,1670809522405,1670809521835
mydata,2,1670809522405,1670809517846
mydata,2,1670809522405,1670809517847
mydata,2,1670809522405,1670809517872
mydata,1,1670809522906,1670809522486
mydata,1,1670809522906,1670809522499
mydata,1,1670809522906,1670809522502
mydata,1,1670809522906,1670809522512
mydata,1,1670809522906,1670809522513
mydata,1,1670809522906,1670809522516
mydata,1,1670809522906,1670809522517
mydata,2,1670809522906,1670809518530
mydata,2,1670809522906,1670809518538
mydata,2,1670809522906,1670809518572
mydata,3,1670809522906,1670809522752
mydata,1,1670809523407,1670809523212
mydata,1,1670809523407,1670809523213
mydata,1,1670809523407,1670809523214
mydata,1,1670809523407,1670809523218
mydata,1,1670809523407,1670809523220
mydata,1,1670809523407,1670809523224
mydata,1,1670809523407,1670809523238
mydata,2,1670809523407,1670809519454
mydata,2,1670809523407,1670809519498
mydata,2,1670809523407,1670809519593
mydata,3,1670809523407,1670809523093
mydata,1,1670809523909,1670809523746
mydata,1,1670809523909,1670809523748
mydata,1,1670809523909,1670809523751
mydata,1,1670809523909,1670809523753
mydata,1,1670809523909,1670809523791
mydata,1,1670809523909,1670809523793
mydata,1,1670809523909,1670809523794
mydata,2,1670809523909,1670809520090
mydata,2,1670809523909,1670809520121
mydata,2,1670809523909,1670809520121
mydata,3,1670809523909,1670809523838
mydata,1,1670809524410,1670809524329
mydata,1,1670809524410,1670809524333
mydata,1,1670809524410,1670809524340
mydata,1,1670809524410,1670809524350
mydata,1,1670809524410,1670809524350
mydata,1,1670809524410,1670809524356
mydata,1,1670809524410,1670809524358
mydata,2,1670809524410,1670809520980
mydata,2,1670809524410,1670809520981
mydata,2,1670809524410,1670809520990
mydata,3,1670809524410,1670809524319
mydata,1,1670809524912,1670809524883
mydata,1,1670809524912,1670809524884
mydata,1,1670809524912,1670809524892
mydata,1,1670809524912,1670809524900
mydata,2,1670809524912,1670809521788
mydata,1,1670809525414,1670809525298
mydata,1,1670809525414,1670809525302
mydata,1,1670809525414,1670809525305
mydata,1,1670809525414,1670809525307
mydata,1,1670809525414,1670809525311
mydata,1,1670809525414,1670809525329
mydata,1,1670809525414,1670809525339
mydata,1,1670809525414,1670809525340
mydata,1,1670809525414,1670809525358
mydata,2,1670809525414,1670809522385
mydata,3,1670809525414,1670809525294
mydata,3,1670809525414,1670809525331
mydata,2,1670809525915,1670809522995
mydata,1,1670809526416,1670809526215
mydata,1,1670809526416,1670809526215
mydata,1,1670809526416,1670809526219
mydata,1,1670809526416,1670809526224
mydata,1,1670809526416,1670809526234
mydata,1,1670809526416,1670809526250
mydata,1,1670809526416,1670809526257
mydata,1,1670809526416,1670809526257
mydata,2,1670809526416,1670809523361
mydata,2,1670809526416,1670809523399
mydata,3,1670809526416,1670809526324
mydata,3,1670809526416,1670809526352
mydata,1,1670809526918,1670809526719
mydata,1,1670809526918,1670809526719
mydata,1,1670809526918,1670809526729
mydata,1,1670809526918,1670809526734
mydata,1,1670809526918,1670809526736
mydata,1,1670809526918,1670809526738
mydata,1,1670809526918,1670809526741
mydata,2,1670809526918,1670809523856
mydata,2,1670809526918,1670809523858
mydata,3,1670809526918,1670809526707
mydata,3,1670809526918,1670809526741
mydata,1,1670809527419,1670809527284
mydata,1,1670809527419,1670809527286
mydata,1,1670809527419,1670809527291
mydata,1,1670809527419,1670809527295
mydata,1,1670809527419,1670809527295
mydata,1,1670809527419,1670809527304
mydata,1,1670809527419,1670809527310
mydata,1,1670809527419,1670809527313
mydata,2,1670809527419,1670809524350
mydata,2,1670809527419,1670809524384
mydata,3,1670809527419,1670809527280
mydata,1,1670809527921,1670809527839
mydata,1,1670809527921,1670809527846
mydata,1,1670809527921,1670809527851
mydata,1,1670809527921,1670809527862
mydata,1,1670809527921,1670809527888
mydata,1,1670809527921,1670809527890
mydata,1,1670809527921,1670809527896
mydata,1,1670809527921,1670809527915
mydata,2,1670809527921,1670809525138
mydata,2,1670809527921,1670809525140
mydata,3,1670809527921,1670809527857
mydata,1,1670809528423,1670809528381
mydata,1,1670809528423,1670809528389
mydata,1,1670809528423,1670809528397
mydata,1,1670809528423,1670809528417
mydata,2,1670809528423,1670809525824
mydata,2,1670809528423,1670809525832
mydata,3,1670809528423,1670809528404
mydata,2,1670809528924,1670809526251
mydata,2,1670809528924,1670809526302
mydata,1,1670809529425,1670809529301
mydata,1,1670809529425,1670809529304
mydata,1,1670809529425,1670809529305
mydata,1,1670809529425,1670809529319
mydata,1,1670809529425,1670809529324
mydata,1,1670809529425,1670809529324
mydata,1,1670809529425,1670809529343
mydata,1,1670809529425,1670809529343
mydata,1,1670809529425,1670809529346
mydata,2,1670809529425,1670809526793
mydata,2,1670809529425,1670809526828
mydata,1,1670809529927,1670809529804
mydata,1,1670809529927,1670809529816
mydata,1,1670809529927,1670809529818
mydata,1,1670809529927,1670809529828
mydata,1,1670809529927,1670809529843
mydata,1,1670809529927,1670809529855
mydata,1,1670809529927,1670809529858
mydata,1,1670809529927,1670809529858
mydata,2,1670809529927,1670809527167
mydata,3,1670809529927,1670809529805
mydata,1,1670809530428,1670809530261
mydata,1,1670809530428,1670809530265
mydata,1,1670809530428,1670809530267
mydata,1,1670809530428,1670809530282
mydata,1,1670809530428,1670809530284
mydata,1,1670809530428,1670809530289
mydata,1,1670809530428,1670809530289
mydata,1,1670809530428,1670809530292
mydata,1,1670809530428,1670809530306
mydata,2,1670809530428,1670809527704
mydata,2,1670809530428,1670809527709
mydata,1,1670809530930,1670809530763
mydata,1,1670809530930,1670809530764
mydata,1,1670809530930,1670809530772
mydata,1,1670809530930,1670809530772
mydata,1,1670809530930,1670809530781
mydata,1,1670809530930,1670809530785
mydata,1,1670809530930,1670809530796
mydata,1,1670809530930,1670809530818
mydata,2,1670809530930,1670809527945
mydata,3,1670809530930,1670809530812
mydata,1,1670809531431,1670809531306
mydata,1,1670809531431,1670809531309
mydata,1,1670809531431,1670809531312
mydata,1,1670809531431,1670809531325
mydata,1,1670809531431,1670809531325
mydata,1,1670809531431,1670809531326
mydata,1,1670809531431,1670809531327
mydata,1,1670809531431,1670809531333
mydata,2,1670809531431,1670809528536
mydata,3,1670809531431,1670809531336
mydata,1,1670809531932,1670809531729
mydata,1,1670809531932,1670809531743
mydata,1,1670809531932,1670809531751
mydata,1,1670809531932,1670809531752
mydata,1,1670809531932,1670809531758
mydata,1,1670809531932,1670809531763
mydata,1,1670809531932,1670809531763
mydata,1,1670809531932,1670809531779
mydata,2,1670809531932,1670809529150
mydata,3,1670809531932,1670809531722
mydata,1,1670809532434,1670809532292
mydata,1,1670809532434,1670809532307
mydata,1,1670809532434,1670809532309
mydata,1,1670809532434,1670809532310
mydata,1,1670809532434,1670809532317
mydata,1,1670809532434,1670809532325
mydata,1,1670809532434,1670809532336
mydata,1,1670809532434,1670809532339
mydata,2,1670809532434,1670809529474
mydata,3,1670809532434,1670809532327
mydata,1,1670809532935,1670809532727
mydata,1,1670809532935,1670809532729
mydata,1,1670809532935,1670809532744
mydata,1,1670809532935,1670809532749
mydata,1,1670809532935,1670809532755
mydata,1,1670809532935,1670809532757
mydata,1,1670809532935,1670809532760
mydata,1,1670809532935,1670809532763
mydata,1,1670809532935,1670809532770
mydata,2,1670809532935,1670809529804
mydata,2,1670809532935,1670809529805
mydata,1,1670809533437,1670809533302
mydata,1,1670809533437,1670809533350
mydata,1,1670809533437,1670809533351
mydata,1,1670809533437,1670809533351
mydata,1,1670809533437,1670809533366
mydata,1,1670809533437,1670809533391
mydata,1,1670809533437,1670809533405
mydata,1,1670809533437,1670809533418
mydata,2,1670809533437,1670809530254
mydata,3,1670809533437,1670809533282
mydata,2,1670809533939,1670809530775
mydata,2,1670809533939,1670809530813
mydata,3,1670809533939,1670809533786
mydata,3,1670809533939,1670809533811
mydata,1,1670809534440,1670809534271
mydata,1,1670809534440,1670809534275
mydata,1,1670809534440,1670809534291
mydata,1,1670809534440,1670809534291
mydata,1,1670809534440,1670809534299
mydata,1,1670809534440,1670809534299
mydata,1,1670809534440,1670809534301
mydata,1,1670809534440,1670809534303
mydata,2,1670809534440,1670809531112
mydata,3,1670809534440,1670809534354
mydata,1,1670809534941,1670809534867
mydata,1,1670809534941,1670809534868
mydata,1,1670809534941,1670809534869
mydata,1,1670809534941,1670809534870
mydata,1,1670809534941,1670809534883
mydata,1,1670809534941,1670809534884
mydata,1,1670809534941,1670809534887
mydata,1,1670809534941,1670809534887
mydata,2,1670809534941,1670809531549
mydata,3,1670809534941,1670809534762
mydata,1,1670809535443,1670809535289
mydata,1,1670809535443,1670809535295
mydata,1,1670809535443,1670809535300
mydata,1,1670809535443,1670809535308
mydata,1,1670809535443,1670809535316
mydata,1,1670809535443,1670809535320
mydata,1,1670809535443,1670809535349
mydata,1,1670809535443,1670809535359
mydata,2,1670809535443,1670809531964
mydata,3,1670809535443,1670809535316
mydata,1,1670809535944,1670809535779
mydata,1,1670809535944,1670809535784
mydata,1,1670809535944,1670809535787
mydata,1,1670809535944,1670809535822
mydata,1,1670809535944,1670809535830
mydata,1,1670809535944,1670809535831
mydata,1,1670809535944,1670809535847
mydata,1,1670809535944,1670809535864
mydata,2,1670809535944,1670809532371
mydata,3,1670809535944,1670809535797
mydata,1,1670809536445,1670809536311
mydata,1,1670809536445,1670809536318
mydata,1,1670809536445,1670809536320
mydata,1,1670809536445,1670809536321
mydata,1,1670809536445,1670809536330
mydata,1,1670809536445,1670809536333
mydata,1,1670809536445,1670809536336
mydata,1,1670809536445,1670809536348
mydata,2,1670809536445,1670809532768
mydata,3,1670809536445,1670809536419
mydata,1,1670809536947,1670809536791
mydata,1,1670809536947,1670809536795
mydata,1,1670809536947,1670809536803
mydata,1,1670809536947,1670809536828
mydata,1,1670809536947,1670809536833
mydata,1,1670809536947,1670809536833
mydata,1,1670809536947,1670809536836
mydata,1,1670809536947,1670809536843
mydata,2,1670809536947,1670809533280
mydata,3,1670809536947,1670809536745
mydata,1,1670809537448,1670809537242
mydata,1,1670809537448,1670809537249
mydata,1,1670809537448,1670809537272
mydata,1,1670809537448,1670809537275
mydata,1,1670809537448,1670809537277
mydata,1,1670809537448,1670809537288
mydata,1,1670809537448,1670809537304
mydata,1,1670809537448,1670809537314
mydata,2,1670809537448,1670809533699
mydata,3,1670809537448,1670809537301
mydata,1,1670809537950,1670809537778
mydata,1,1670809537950,1670809537786
mydata,1,1670809537950,1670809537797
mydata,1,1670809537950,1670809537802
mydata,1,1670809537950,1670809537803
mydata,1,1670809537950,1670809537809
mydata,1,1670809537950,1670809537816
mydata,1,1670809537950,1670809537822
mydata,1,1670809537950,1670809537845
mydata,2,1670809537950,1670809534354
mydata,2,1670809537950,1670809534371
mydata,1,1670809538452,1670809538251
mydata,1,1670809538452,1670809538272
mydata,1,1670809538452,1670809538274
mydata,1,1670809538452,1670809538274
mydata,1,1670809538452,1670809538276
mydata,1,1670809538452,1670809538280
mydata,1,1670809538452,1670809538282
mydata,1,1670809538452,1670809538285
mydata,2,1670809538452,1670809534912
mydata,3,1670809538452,1670809538275
mydata,1,1670809538953,1670809538740
mydata,1,1670809538953,1670809538740
mydata,1,1670809538953,1670809538745
mydata,1,1670809538953,1670809538759
mydata,1,1670809538953,1670809538761
mydata,1,1670809538953,1670809538767
mydata,1,1670809538953,1670809538786
mydata,1,1670809538953,1670809538793
mydata,1,1670809538953,1670809538805
mydata,2,1670809538953,1670809535519
mydata,2,1670809538953,1670809535532
mydata,3,1670809538953,1670809538798
mydata,1,1670809539455,1670809539287
mydata,1,1670809539455,1670809539288
mydata,1,1670809539455,1670809539289
mydata,1,1670809539455,1670809539293
mydata,1,1670809539455,1670809539293
mydata,1,1670809539455,1670809539306
mydata,1,1670809539455,1670809539319
mydata,1,1670809539455,1670809539327
mydata,2,1670809539455,1670809536081
mydata,3,1670809539455,1670809539284
mydata,1,1670809539957,1670809539821
mydata,1,1670809539957,1670809539822
mydata,1,1670809539957,1670809539829
mydata,1,1670809539957,1670809539842
mydata,1,1670809539957,1670809539856
mydata,1,1670809539957,1670809539877
mydata,1,1670809539957,1670809539878
mydata,1,1670809539957,1670809539899
mydata,2,1670809539957,1670809536493
mydata,3,1670809539957,1670809539774
mydata,1,1670809540458,1670809540345
mydata,1,1670809540458,1670809540353
mydata,1,1670809540458,1670809540355
mydata,1,1670809540458,1670809540370
mydata,1,1670809540458,1670809540420
mydata,1,1670809540458,1670809540421
mydata,1,1670809540458,1670809540421
mydata,1,1670809540458,1670809540438
mydata,2,1670809540458,1670809537056
mydata,3,1670809540458,1670809540337
mydata,1,1670809540960,1670809540893
mydata,1,1670809540960,1670809540895
mydata,1,1670809540960,1670809540895
mydata,1,1670809540960,1670809540903
mydata,1,1670809540960,1670809540911
mydata,1,1670809540960,1670809540933
mydata,1,1670809540960,1670809540935
mydata,1,1670809540960,1670809540945
mydata,1,1670809540960,1670809540949
mydata,2,1670809540960,1670809537520
mydata,2,1670809540960,1670809537537
mydata,1,1670809541462,1670809541408
mydata,1,1670809541462,1670809541434
mydata,1,1670809541462,1670809541440
mydata,1,1670809541462,1670809541450
mydata,1,1670809541462,1670809541452
mydata,2,1670809541462,1670809537895
mydata,3,1670809541462,1670809541352
mydata,1,1670809541963,1670809541915
mydata,1,1670809541963,1670809541916
mydata,1,1670809541963,1670809541932
mydata,1,1670809541963,1670809541932
mydata,1,1670809541963,1670809541933
mydata,1,1670809541963,1670809541934
mydata,1,1670809541963,1670809541938
mydata,1,1670809541963,1670809541948
mydata,1,1670809541963,1670809541953
mydata,2,1670809541963,1670809538275
mydata,2,1670809541963,1670809538330
mydata,1,1670809542464,1670809542444
mydata,1,1670809542464,1670809542463
mydata,2,1670809542464,1670809538687
mydata,2,1670809542464,1670809538721
mydata,3,1670809542464,1670809542415
mydata,3,1670809542464,1670809542441
mydata,1,1670809542965,1670809542918
mydata,1,1670809542965,1670809542919
mydata,1,1670809542965,1670809542921
mydata,1,1670809542965,1670809542932
mydata,1,1670809542965,1670809542932
mydata,1,1670809542965,1670809542935
mydata,1,1670809542965,1670809542937
mydata,1,1670809542965,1670809542940
mydata,2,1670809542965,1670809538880
mydata,3,1670809542965,1670809542881
mydata,2,1670809543467,1670809539452
mydata,2,1670809543467,1670809539452
mydata,3,1670809543467,1670809543391
mydata,3,1670809543467,1670809543411
mydata,1,1670809543968,1670809543887
mydata,1,1670809543968,1670809543893
mydata,1,1670809543968,1670809543895
mydata,1,1670809543968,1670809543898
mydata,1,1670809543968,1670809543901
mydata,1,1670809543968,1670809543904
mydata,1,1670809543968,1670809543915
mydata,1,1670809543968,1670809543917
mydata,2,1670809543968,1670809539793
mydata,3,1670809543968,1670809543833
mydata,1,1670809544470,1670809544323
mydata,1,1670809544470,1670809544324
mydata,1,1670809544470,1670809544326
mydata,1,1670809544470,1670809544327
mydata,1,1670809544470,1670809544336
mydata,1,1670809544470,1670809544355
mydata,1,1670809544470,1670809544363
mydata,1,1670809544470,1670809544364
mydata,2,1670809544470,1670809540045
mydata,3,1670809544470,1670809544322
mydata,1,1670809544971,1670809544857
mydata,1,1670809544971,1670809544875
mydata,1,1670809544971,1670809544896
mydata,1,1670809544971,1670809544907
mydata,1,1670809544971,1670809544911
mydata,1,1670809544971,1670809544914
mydata,1,1670809544971,1670809544922
mydata,1,1670809544971,1670809544931
mydata,1,1670809544971,1670809544938
mydata,2,1670809544971,1670809540355
mydata,2,1670809544971,1670809540370
mydata,3,1670809544971,1670809544775
mydata,1,1670809545472,1670809545391
mydata,1,1670809545472,1670809545409
mydata,1,1670809545472,1670809545423
mydata,1,1670809545472,1670809545423
mydata,1,1670809545472,1670809545441
mydata,1,1670809545472,1670809545447
mydata,1,1670809545472,1670809545451
mydata,1,1670809545472,1670809545458
mydata,1,1670809545472,1670809545458
mydata,2,1670809545472,1670809540837
mydata,2,1670809545472,1670809540845
mydata,3,1670809545472,1670809545393
mydata,1,1670809545974,1670809545939
mydata,1,1670809545974,1670809545948
mydata,1,1670809545974,1670809545951
mydata,1,1670809545974,1670809545953
mydata,1,1670809545974,1670809545965
mydata,1,1670809545974,1670809545970
mydata,2,1670809545974,1670809541320
mydata,2,1670809545974,1670809541324
mydata,1,1670809546475,1670809546368
mydata,1,1670809546475,1670809546369
mydata,1,1670809546475,1670809546370
mydata,1,1670809546475,1670809546397
mydata,1,1670809546475,1670809546405
mydata,1,1670809546475,1670809546416
mydata,1,1670809546475,1670809546425
mydata,1,1670809546475,1670809546444
mydata,2,1670809546475,1670809541764
mydata,3,1670809546475,1670809546342
mydata,1,1670809546977,1670809546961
mydata,1,1670809546977,1670809546971
mydata,1,1670809546977,1670809546976
mydata,2,1670809546977,1670809542197
mydata,2,1670809546977,1670809542237
mydata,1,1670809547478,1670809547369
mydata,1,1670809547478,1670809547378
mydata,1,1670809547478,1670809547380
mydata,1,1670809547478,1670809547396
mydata,1,1670809547478,1670809547417
mydata,1,1670809547478,1670809547421
mydata,1,1670809547478,1670809547435
mydata,1,1670809547478,1670809547435
mydata,2,1670809547478,1670809542629
mydata,3,1670809547478,1670809547296
mydata,1,1670809547980,1670809547898
mydata,1,1670809547980,1670809547908
mydata,1,1670809547980,1670809547920
mydata,1,1670809547980,1670809547929
mydata,1,1670809547980,1670809547932
mydata,1,1670809547980,1670809547956
mydata,1,1670809547980,1670809547967
mydata,1,1670809547980,1670809547973
mydata,2,1670809547980,1670809542875
mydata,3,1670809547980,1670809547939
mydata,1,1670809548481,1670809548379
mydata,1,1670809548481,1670809548387
mydata,1,1670809548481,1670809548389
mydata,1,1670809548481,1670809548389
mydata,1,1670809548481,1670809548395
mydata,1,1670809548481,1670809548399
mydata,1,1670809548481,1670809548428
mydata,1,1670809548481,1670809548428
mydata,1,1670809548481,1670809548438
mydata,2,1670809548481,1670809543320
mydata,2,1670809548481,1670809543321
mydata,2,1670809548983,1670809543595
mydata,2,1670809548983,1670809543611
mydata,3,1670809548983,1670809548945
mydata,1,1670809549484,1670809549359
mydata,1,1670809549484,1670809549359
mydata,1,1670809549484,1670809549360
mydata,1,1670809549484,1670809549378
mydata,1,1670809549484,1670809549387
mydata,1,1670809549484,1670809549387
mydata,1,1670809549484,1670809549387
mydata,1,1670809549484,1670809549388
mydata,2,1670809549484,1670809543937
mydata,3,1670809549484,1670809549300
mydata,1,1670809549985,1670809549868
mydata,1,1670809549985,1670809549874
mydata,1,1670809549985,1670809549877
mydata,1,1670809549985,1670809549919
mydata,1,1670809549985,1670809549926
mydata,1,1670809549985,1670809549933
mydata,1,1670809549985,1670809549934
mydata,1,1670809549985,1670809549936
mydata,2,1670809549985,1670809544244
mydata,3,1670809549985,1670809549624
mydata,1,1670809550487,1670809550442
mydata,1,1670809550487,1670809550448
mydata,1,1670809550487,1670809550453
mydata,1,1670809550487,1670809550456
mydata,1,1670809550487,1670809550462
mydata,1,1670809550487,1670809550470
mydata,1,1670809550487,1670809550473
mydata,1,1670809550487,1670809550473
mydata,2,1670809550487,1670809544522
mydata,3,1670809550487,1670809550462
mydata,1,1670809550989,1670809550963
mydata,1,1670809550989,1670809550968
mydata,1,1670809550989,1670809550968
mydata,1,1670809550989,1670809550982
mydata,1,1670809550989,1670809550982
mydata,1,1670809550989,1670809550982
mydata,1,1670809550989,1670809550985
mydata,1,1670809550989,1670809550986
mydata,1,1670809550989,1670809550988
mydata,2,1670809550989,1670809544967
mydata,2,1670809550989,1670809544971
mydata,3,1670809550989,1670809550959
mydata,1,1670809551490,1670809551459
mydata,1,1670809551490,1670809551459
mydata,1,1670809551490,1670809551461
mydata,1,1670809551490,1670809551463
mydata,1,1670809551490,1670809551474
mydata,1,1670809551490,1670809551486
mydata,2,1670809551490,1670809545422
mydata,2,1670809551490,1670809545433
mydata,3,1670809551490,1670809551432
mydata,1,1670809551991,1670809551877
mydata,1,1670809551991,1670809551885
mydata,1,1670809551991,1670809551894
mydata,1,1670809551991,1670809551895
mydata,1,1670809551991,1670809551899
mydata,1,1670809551991,1670809551911
mydata,1,1670809551991,1670809551920
mydata,1,1670809551991,1670809551923
mydata,2,1670809551991,1670809545632
mydata,3,1670809551991,1670809551864
mydata,1,1670809552492,1670809552327
mydata,1,1670809552492,1670809552327
mydata,1,1670809552492,1670809552333
mydata,1,1670809552492,1670809552336
mydata,1,1670809552492,1670809552338
mydata,1,1670809552492,1670809552341
mydata,1,1670809552492,1670809552346
mydata,1,1670809552492,1670809552349
mydata,2,1670809552492,1670809545979
mydata,3,1670809552492,1670809552301
mydata,1,1670809552994,1670809552861
mydata,1,1670809552994,1670809552863
mydata,1,1670809552994,1670809552871
mydata,1,1670809552994,1670809552879
mydata,1,1670809552994,1670809552886
mydata,1,1670809552994,1670809552889
mydata,1,1670809552994,1670809552895
mydata,1,1670809552994,1670809552899
mydata,2,1670809552994,1670809546390
mydata,3,1670809552994,1670809552839
mydata,1,1670809553495,1670809553347
mydata,1,1670809553495,1670809553355
mydata,1,1670809553495,1670809553357
mydata,1,1670809553495,1670809553361
mydata,1,1670809553495,1670809553363
mydata,1,1670809553495,1670809553363
mydata,1,1670809553495,1670809553407
mydata,1,1670809553495,1670809553410
mydata,2,1670809553495,1670809546908
mydata,3,1670809553495,1670809553349
mydata,1,1670809553996,1670809553871
mydata,1,1670809553996,1670809553877
mydata,1,1670809553996,1670809553883
mydata,1,1670809553996,1670809553885
mydata,1,1670809553996,1670809553894
mydata,1,1670809553996,1670809553906
mydata,1,1670809553996,1670809553911
mydata,1,1670809553996,1670809553914
mydata,2,1670809553996,1670809547310
mydata,3,1670809553996,1670809553868
mydata,1,1670809554498,1670809554314
mydata,1,1670809554498,1670809554315
mydata,1,1670809554498,1670809554325
mydata,1,1670809554498,1670809554329
mydata,1,1670809554498,1670809554347
mydata,1,1670809554498,1670809554356
mydata,1,1670809554498,1670809554357
mydata,1,1670809554498,1670809554366
mydata,1,1670809554498,1670809554367
mydata,2,1670809554498,1670809547853
mydata,2,1670809554498,1670809547875
mydata,3,1670809554498,1670809554433
mydata,1,1670809554999,1670809554876
mydata,1,1670809554999,1670809554877
mydata,1,1670809554999,1670809554880
mydata,1,1670809554999,1670809554894
mydata,1,1670809554999,1670809554906
mydata,1,1670809554999,1670809554911
mydata,1,1670809554999,1670809554912
mydata,1,1670809554999,1670809554915
mydata,1,1670809554999,1670809554922
mydata,2,1670809554999,1670809548406
mydata,2,1670809554999,1670809548423
mydata,3,1670809554999,1670809554937
mydata,1,1670809555501,1670809555335
mydata,1,1670809555501,1670809555359
mydata,1,1670809555501,1670809555373
mydata,1,1670809555501,1670809555378
mydata,1,1670809555501,1670809555384
mydata,1,1670809555501,1670809555395
mydata,1,1670809555501,1670809555395
mydata,1,1670809555501,1670809555406
mydata,1,1670809555501,1670809555406
mydata,2,1670809555501,1670809548842
mydata,2,1670809555501,1670809548859
mydata,3,1670809555501,1670809555369
mydata,1,1670809556002,1670809555837
mydata,1,1670809556002,1670809555841
mydata,1,1670809556002,1670809555843
mydata,1,1670809556002,1670809555843
mydata,1,1670809556002,1670809555858
mydata,1,1670809556002,1670809555864
mydata,1,1670809556002,1670809555869
mydata,1,1670809556002,1670809555914
mydata,2,1670809556002,1670809549294
mydata,3,1670809556002,1670809555799
mydata,1,1670809556504,1670809556348
mydata,1,1670809556504,1670809556349
mydata,1,1670809556504,1670809556352
mydata,1,1670809556504,1670809556380
mydata,1,1670809556504,1670809556410
mydata,1,1670809556504,1670809556416
mydata,1,1670809556504,1670809556416
mydata,1,1670809556504,1670809556421
mydata,2,1670809556504,1670809549686
mydata,3,1670809556504,1670809556330
mydata,1,1670809557005,1670809556879
mydata,1,1670809557005,1670809556917
mydata,1,1670809557005,1670809556921
mydata,1,1670809557005,1670809556925
mydata,1,1670809557005,1670809556933
mydata,1,1670809557005,1670809556933
mydata,1,1670809557005,1670809556949
mydata,1,1670809557005,1670809556951
mydata,1,1670809557005,1670809556962
mydata,2,1670809557005,1670809550236
mydata,2,1670809557005,1670809550256
mydata,3,1670809557005,1670809556967
mydata,1,1670809557507,1670809557417
mydata,1,1670809557507,1670809557424
mydata,1,1670809557507,1670809557434
mydata,1,1670809557507,1670809557440
mydata,1,1670809557507,1670809557442
mydata,1,1670809557507,1670809557460
mydata,1,1670809557507,1670809557464
mydata,1,1670809557507,1670809557468
mydata,2,1670809557507,1670809550627
mydata,3,1670809557507,1670809557386
mydata,1,1670809558008,1670809557885
mydata,1,1670809558008,1670809557886
mydata,1,1670809558008,1670809557901
mydata,1,1670809558008,1670809557919
mydata,1,1670809558008,1670809557921
mydata,1,1670809558008,1670809557938
mydata,1,1670809558008,1670809557940
mydata,1,1670809558008,1670809557961
mydata,2,1670809558008,1670809551006
mydata,3,1670809558008,1670809557930
mydata,1,1670809558509,1670809558427
mydata,1,1670809558509,1670809558444
mydata,1,1670809558509,1670809558444
mydata,1,1670809558509,1670809558453
mydata,1,1670809558509,1670809558455
mydata,1,1670809558509,1670809558461
mydata,1,1670809558509,1670809558461
mydata,1,1670809558509,1670809558463
mydata,2,1670809558509,1670809551497
mydata,3,1670809558509,1670809558427
mydata,1,1670809559011,1670809558893
mydata,1,1670809559011,1670809558900
mydata,1,1670809559011,1670809558900
mydata,1,1670809559011,1670809558907
mydata,1,1670809559011,1670809558912
mydata,1,1670809559011,1670809558919
mydata,1,1670809559011,1670809558922
mydata,1,1670809559011,1670809558933
mydata,2,1670809559011,1670809552064
mydata,3,1670809559011,1670809558904
mydata,1,1670809559512,1670809559448
mydata,1,1670809559512,1670809559460
mydata,1,1670809559512,1670809559460
mydata,1,1670809559512,1670809559463
mydata,1,1670809559512,1670809559472
mydata,1,1670809559512,1670809559472
mydata,1,1670809559512,1670809559486
mydata,1,1670809559512,1670809559494
mydata,2,1670809559512,1670809552262
mydata,3,1670809559512,1670809559403
mydata,1,1670809560014,1670809559936
mydata,1,1670809560014,1670809559944
mydata,1,1670809560014,1670809559946
mydata,1,1670809560014,1670809559946
mydata,1,1670809560014,1670809559950
mydata,1,1670809560014,1670809559967
mydata,1,1670809560014,1670809559992
mydata,1,1670809560014,1670809559999
mydata,2,1670809560014,1670809552774
mydata,3,1670809560014,1670809560001
mydata,1,1670809560516,1670809560498
mydata,2,1670809560516,1670809553476
mydata,3,1670809560516,1670809560319
mydata,1,1670809561017,1670809560871
mydata,1,1670809561017,1670809560878
mydata,1,1670809561017,1670809560880
mydata,1,1670809561017,1670809560886
mydata,1,1670809561017,1670809560887
mydata,1,1670809561017,1670809560897
mydata,1,1670809561017,1670809560905
mydata,1,1670809561017,1670809560907
mydata,2,1670809561017,1670809553738
mydata,3,1670809561017,1670809560817
mydata,1,1670809561518,1670809561340
mydata,1,1670809561518,1670809561342
mydata,1,1670809561518,1670809561342
mydata,1,1670809561518,1670809561351
mydata,1,1670809561518,1670809561352
mydata,1,1670809561518,1670809561379
mydata,1,1670809561518,1670809561381
mydata,1,1670809561518,1670809561382
mydata,2,1670809561518,1670809553970
mydata,3,1670809561518,1670809561431
mydata,1,1670809562020,1670809561972
mydata,1,1670809562020,1670809561974
mydata,1,1670809562020,1670809561974
mydata,1,1670809562020,1670809561974
mydata,1,1670809562020,1670809561983
mydata,1,1670809562020,1670809561983
mydata,1,1670809562020,1670809561984
mydata,1,1670809562020,1670809561990
mydata,2,1670809562020,1670809554379
mydata,3,1670809562020,1670809561852
mydata,1,1670809562521,1670809562414
mydata,1,1670809562521,1670809562435
mydata,1,1670809562521,1670809562449
mydata,1,1670809562521,1670809562453
mydata,1,1670809562521,1670809562458
mydata,1,1670809562521,1670809562459
mydata,1,1670809562521,1670809562465
mydata,1,1670809562521,1670809562483
mydata,2,1670809562521,1670809554797
mydata,3,1670809562521,1670809562375
mydata,1,1670809563022,1670809563004
mydata,1,1670809563022,1670809563009
mydata,1,1670809563022,1670809563020
mydata,2,1670809563022,1670809555284
mydata,2,1670809563022,1670809555319
mydata,3,1670809563022,1670809562968
mydata,1,1670809563524,1670809563405
mydata,1,1670809563524,1670809563407
mydata,1,1670809563524,1670809563407
mydata,1,1670809563524,1670809563427
mydata,1,1670809563524,1670809563427
mydata,1,1670809563524,1670809563428
mydata,1,1670809563524,1670809563430
mydata,1,1670809563524,1670809563441
mydata,2,1670809563524,1670809555854
mydata,3,1670809563524,1670809563389
mydata,1,1670809564025,1670809563911
mydata,1,1670809564025,1670809563921
mydata,1,1670809564025,1670809563941
mydata,1,1670809564025,1670809563942
mydata,1,1670809564025,1670809563960
mydata,1,1670809564025,1670809563975
mydata,1,1670809564025,1670809563977
mydata,1,1670809564025,1670809563977
mydata,2,1670809564025,1670809556194
mydata,3,1670809564025,1670809563931
mydata,1,1670809564527,1670809564469
mydata,1,1670809564527,1670809564475
mydata,1,1670809564527,1670809564478
mydata,1,1670809564527,1670809564486
mydata,1,1670809564527,1670809564488
mydata,1,1670809564527,1670809564488
mydata,1,1670809564527,1670809564494
mydata,1,1670809564527,1670809564498
mydata,1,1670809564527,1670809564504
mydata,2,1670809564527,1670809556691
mydata,2,1670809564527,1670809556695
mydata,1,1670809565028,1670809564970
mydata,1,1670809565028,1670809564975
mydata,1,1670809565028,1670809564983
mydata,1,1670809565028,1670809564987
mydata,1,1670809565028,1670809564987
mydata,1,1670809565028,1670809565006
mydata,1,1670809565028,1670809565006
mydata,1,1670809565028,1670809565015
mydata,2,1670809565028,1670809557108
mydata,3,1670809565028,1670809564866
mydata,1,1670809565530,1670809565522
mydata,2,1670809565530,1670809557757
mydata,2,1670809565530,1670809557771
mydata,1,1670809566031,1670809565869
mydata,1,1670809566031,1670809565875
mydata,1,1670809566031,1670809565879
mydata,1,1670809566031,1670809565883
mydata,1,1670809566031,1670809565892
mydata,1,1670809566031,1670809565894
mydata,1,1670809566031,1670809565894
mydata,1,1670809566031,1670809565903
mydata,2,1670809566031,1670809558161
mydata,3,1670809566031,1670809565904
mydata,1,1670809566532,1670809566347
mydata,1,1670809566532,1670809566349
mydata,1,1670809566532,1670809566364
mydata,1,1670809566532,1670809566373
mydata,1,1670809566532,1670809566377
mydata,1,1670809566532,1670809566378
mydata,1,1670809566532,1670809566382
mydata,1,1670809566532,1670809566383
mydata,2,1670809566532,1670809558646
mydata,3,1670809566532,1670809566437
mydata,1,1670809567034,1670809566913
mydata,1,1670809567034,1670809566916
mydata,1,1670809567034,1670809566916
mydata,1,1670809567034,1670809566934
mydata,1,1670809567034,1670809566936
mydata,1,1670809567034,1670809566937
mydata,1,1670809567034,1670809566949
mydata,1,1670809567034,1670809566953
mydata,2,1670809567034,1670809559037
mydata,3,1670809567034,1670809566904
mydata,1,1670809567536,1670809567451
mydata,1,1670809567536,1670809567456
mydata,1,1670809567536,1670809567463
mydata,1,1670809567536,1670809567463
mydata,1,1670809567536,1670809567463
mydata,1,1670809567536,1670809567463
mydata,1,1670809567536,1670809567463
mydata,1,1670809567536,1670809567466
mydata,1,1670809567536,1670809567466
mydata,2,1670809567536,1670809559464
mydata,2,1670809567536,1670809559486
mydata,3,1670809567536,1670809567457
mydata,2,1670809568037,1670809560128
mydata,2,1670809568037,1670809560171
mydata,3,1670809568037,1670809567924
mydata,3,1670809568037,1670809567928
mydata,1,1670809568538,1670809568384
mydata,1,1670809568538,1670809568387
mydata,1,1670809568538,1670809568389
mydata,1,1670809568538,1670809568398
mydata,1,1670809568538,1670809568402
mydata,1,1670809568538,1670809568405
mydata,1,1670809568538,1670809568407
mydata,1,1670809568538,1670809568407
mydata,2,1670809568538,1670809560424
mydata,3,1670809568538,1670809568377
mydata,1,1670809569039,1670809568897
mydata,1,1670809569039,1670809568905
mydata,1,1670809569039,1670809568915
mydata,1,1670809569039,1670809568938
mydata,1,1670809569039,1670809568938
mydata,1,1670809569039,1670809568941
mydata,1,1670809569039,1670809568945
mydata,1,1670809569039,1670809568949
mydata,1,1670809569039,1670809568953
mydata,2,1670809569039,1670809560951
mydata,2,1670809569039,1670809560986
mydata,3,1670809569039,1670809568885
mydata,1,1670809569541,1670809569452
mydata,1,1670809569541,1670809569461
mydata,1,1670809569541,1670809569474
mydata,1,1670809569541,1670809569474
mydata,1,1670809569541,1670809569502
mydata,1,1670809569541,1670809569508
mydata,1,1670809569541,1670809569517
mydata,1,1670809569541,1670809569527
mydata,2,1670809569541,1670809561404
mydata,3,1670809569541,1670809569480
mydata,2,1670809570043,1670809562180
mydata,2,1670809570043,1670809562181
mydata,1,1670809570544,1670809570331
mydata,1,1670809570544,1670809570334
mydata,1,1670809570544,1670809570341
mydata,1,1670809570544,1670809570342
mydata,1,1670809570544,1670809570346
mydata,1,1670809570544,1670809570369
mydata,1,1670809570544,1670809570369
mydata,1,1670809570544,1670809570380
mydata,2,1670809570544,1670809562475
mydata,3,1670809570544,1670809570331
mydata,1,1670809571045,1670809570822
mydata,1,1670809571045,1670809570850
mydata,1,1670809571045,1670809570852
mydata,1,1670809571045,1670809570862
mydata,1,1670809571045,1670809570876
mydata,1,1670809571045,1670809570878
mydata,1,1670809571045,1670809570889
mydata,1,1670809571045,1670809570892
mydata,2,1670809571045,1670809562858
mydata,3,1670809571045,1670809570869
mydata,1,1670809571547,1670809571335
mydata,1,1670809571547,1670809571337
mydata,1,1670809571547,1670809571340
mydata,1,1670809571547,1670809571349
mydata,1,1670809571547,1670809571353
mydata,1,1670809571547,1670809571356
mydata,1,1670809571547,1670809571356
mydata,1,1670809571547,1670809571357
mydata,1,1670809571547,1670809571365
mydata,2,1670809571547,1670809563202
mydata,2,1670809571547,1670809563205
mydata,3,1670809571547,1670809571442
mydata,1,1670809572048,1670809571874
mydata,1,1670809572048,1670809571875
mydata,1,1670809572048,1670809571893
mydata,1,1670809572048,1670809571898
mydata,1,1670809572048,1670809571911
mydata,1,1670809572048,1670809571924
mydata,1,1670809572048,1670809571924
mydata,1,1670809572048,1670809571935
mydata,2,1670809572048,1670809563601
mydata,3,1670809572048,1670809571920
mydata,1,1670809572550,1670809572392
mydata,1,1670809572550,1670809572405
mydata,1,1670809572550,1670809572408
mydata,1,1670809572550,1670809572414
mydata,1,1670809572550,1670809572414
mydata,1,1670809572550,1670809572414
mydata,1,1670809572550,1670809572417
mydata,1,1670809572550,1670809572420
mydata,2,1670809572550,1670809563874
mydata,3,1670809572550,1670809572361
mydata,1,1670809573051,1670809572871
mydata,1,1670809573051,1670809572873
mydata,1,1670809573051,1670809572877
mydata,1,1670809573051,1670809572887
mydata,1,1670809573051,1670809572891
mydata,1,1670809573051,1670809572892
mydata,1,1670809573051,1670809572907
mydata,1,1670809573051,1670809572907
mydata,2,1670809573051,1670809564166
mydata,3,1670809573051,1670809572708
mydata,1,1670809573553,1670809573355
mydata,1,1670809573553,1670809573355
mydata,1,1670809573553,1670809573363
mydata,1,1670809573553,1670809573372
mydata,1,1670809573553,1670809573384
mydata,1,1670809573553,1670809573386
mydata,1,1670809573553,1670809573388
mydata,1,1670809573553,1670809573400
mydata,2,1670809573553,1670809564544
mydata,3,1670809573553,1670809573390
mydata,1,1670809574054,1670809573907
mydata,1,1670809574054,1670809573914
mydata,1,1670809574054,1670809573930
mydata,1,1670809574054,1670809573935
mydata,1,1670809574054,1670809573935
mydata,1,1670809574054,1670809573938
mydata,1,1670809574054,1670809573942
mydata,1,1670809574054,1670809573966
mydata,2,1670809574054,1670809565027
mydata,3,1670809574054,1670809573848
mydata,1,1670809574555,1670809574381
mydata,1,1670809574555,1670809574381
mydata,1,1670809574555,1670809574388
mydata,1,1670809574555,1670809574398
mydata,1,1670809574555,1670809574410
mydata,1,1670809574555,1670809574414
mydata,1,1670809574555,1670809574416
mydata,1,1670809574555,1670809574433
mydata,2,1670809574555,1670809565479
mydata,3,1670809574555,1670809574457
mydata,1,1670809575057,1670809574866
mydata,1,1670809575057,1670809574866
mydata,1,1670809575057,1670809574870
mydata,1,1670809575057,1670809574876
mydata,1,1670809575057,1670809574876
mydata,1,1670809575057,1670809574892
mydata,1,1670809575057,1670809574892
mydata,1,1670809575057,1670809574904
mydata,2,1670809575057,1670809566024
mydata,3,1670809575057,1670809574854
mydata,1,1670809575558,1670809575414
mydata,1,1670809575558,1670809575421
mydata,1,1670809575558,1670809575428
mydata,1,1670809575558,1670809575433
mydata,1,1670809575558,1670809575433
mydata,1,1670809575558,1670809575433
mydata,1,1670809575558,1670809575434
mydata,1,1670809575558,1670809575438
mydata,2,1670809575558,1670809566453
mydata,3,1670809575558,1670809575421
mydata,1,1670809576060,1670809575866
mydata,1,1670809576060,1670809575874
mydata,1,1670809576060,1670809575875
mydata,1,1670809576060,1670809575877
mydata,1,1670809576060,1670809575882
mydata,1,1670809576060,1670809575886
mydata,1,1670809576060,1670809575893
mydata,1,1670809576060,1670809575901
mydata,1,1670809576060,1670809575925
mydata,2,1670809576060,1670809566675
mydata,2,1670809576060,1670809566706
mydata,3,1670809576060,1670809575945
mydata,1,1670809576561,1670809576393
mydata,1,1670809576561,1670809576399
mydata,1,1670809576561,1670809576400
mydata,1,1670809576561,1670809576408
mydata,1,1670809576561,1670809576418
mydata,1,1670809576561,1670809576420
mydata,1,1670809576561,1670809576425
mydata,1,1670809576561,1670809576435
mydata,2,1670809576561,1670809567137
mydata,3,1670809576561,1670809576346
mydata,1,1670809577063,1670809576965
mydata,1,1670809577063,1670809576965
mydata,1,1670809577063,1670809576980
mydata,1,1670809577063,1670809576986
mydata,1,1670809577063,1670809577018
mydata,1,1670809577063,1670809577026
mydata,1,1670809577063,1670809577029
mydata,1,1670809577063,1670809577030
mydata,1,1670809577063,1670809577037
mydata,2,1670809577063,1670809567554
mydata,2,1670809577063,1670809567610
mydata,3,1670809577063,1670809577007
mydata,1,1670809577564,1670809577490
mydata,1,1670809577564,1670809577495
mydata,1,1670809577564,1670809577496
mydata,1,1670809577564,1670809577498
mydata,1,1670809577564,1670809577500
mydata,1,1670809577564,1670809577501
mydata,1,1670809577564,1670809577505
mydata,1,1670809577564,1670809577536
mydata,1,1670809577564,1670809577550
mydata,2,1670809577564,1670809568021
mydata,2,1670809577564,1670809568048
mydata,3,1670809577564,1670809577360
mydata,1,1670809578066,1670809578045
mydata,2,1670809578066,1670809568342
mydata,2,1670809578066,1670809568390
mydata,3,1670809578066,1670809577964
mydata,1,1670809578567,1670809578404
mydata,1,1670809578567,1670809578412
mydata,1,1670809578567,1670809578427
mydata,1,1670809578567,1670809578434
mydata,1,1670809578567,1670809578439
mydata,1,1670809578567,1670809578443
mydata,1,1670809578567,1670809578461
mydata,1,1670809578567,1670809578469
mydata,2,1670809578567,1670809568709
mydata,3,1670809578567,1670809578502
mydata,1,1670809579068,1670809578923
mydata,1,1670809579068,1670809578937
mydata,1,1670809579068,1670809578941
mydata,1,1670809579068,1670809578943
mydata,1,1670809579068,1670809578961
mydata,1,1670809579068,1670809578971
mydata,1,1670809579068,1670809578984
mydata,1,1670809579068,1670809578997
mydata,2,1670809579068,1670809569022
mydata,3,1670809579068,1670809578868
mydata,1,1670809579570,1670809579436
mydata,1,1670809579570,1670809579446
mydata,1,1670809579570,1670809579457
mydata,1,1670809579570,1670809579466
mydata,1,1670809579570,1670809579483
mydata,1,1670809579570,1670809579489
mydata,1,1670809579570,1670809579492
mydata,1,1670809579570,1670809579493
mydata,2,1670809579570,1670809569522
mydata,3,1670809579570,1670809579393
mydata,1,1670809580071,1670809579930
mydata,1,1670809580071,1670809579935
mydata,1,1670809580071,1670809579935
mydata,1,1670809580071,1670809579937
mydata,1,1670809580071,1670809579940
mydata,1,1670809580071,1670809579941
mydata,1,1670809580071,1670809579953
mydata,1,1670809580071,1670809579956
mydata,1,1670809580071,1670809579963
mydata,2,1670809580071,1670809569965
mydata,2,1670809580071,1670809569982
mydata,3,1670809580071,1670809579948
mydata,1,1670809580573,1670809580511
mydata,1,1670809580573,1670809580517
mydata,1,1670809580573,1670809580517
mydata,1,1670809580573,1670809580518
mydata,1,1670809580573,1670809580536
mydata,1,1670809580573,1670809580538
mydata,1,1670809580573,1670809580544
mydata,1,1670809580573,1670809580555
mydata,1,1670809580573,1670809580563
mydata,2,1670809580573,1670809570404
mydata,2,1670809580573,1670809570429
mydata,3,1670809580573,1670809580429
mydata,1,1670809581074,1670809581053
mydata,1,1670809581074,1670809581053
mydata,1,1670809581074,1670809581056
mydata,1,1670809581074,1670809581058
mydata,2,1670809581074,1670809570920
mydata,2,1670809581074,1670809570924
mydata,1,1670809581575,1670809581489
mydata,1,1670809581575,1670809581492
mydata,1,1670809581575,1670809581520
mydata,1,1670809581575,1670809581541
mydata,1,1670809581575,1670809581543
mydata,1,1670809581575,1670809581549
mydata,1,1670809581575,1670809581550
mydata,1,1670809581575,1670809581554
mydata,1,1670809581575,1670809581565
mydata,2,1670809581575,1670809571315
mydata,2,1670809581575,1670809571329
mydata,1,1670809582077,1670809582037
mydata,1,1670809582077,1670809582043
mydata,1,1670809582077,1670809582044
mydata,1,1670809582077,1670809582049
mydata,1,1670809582077,1670809582054
mydata,1,1670809582077,1670809582054
mydata,1,1670809582077,1670809582058
mydata,1,1670809582077,1670809582064
mydata,1,1670809582077,1670809582065
mydata,2,1670809582077,1670809571663
mydata,2,1670809582077,1670809571668
mydata,1,1670809582578,1670809582552
mydata,1,1670809582578,1670809582568
mydata,1,1670809582578,1670809582568
mydata,1,1670809582578,1670809582571
mydata,2,1670809582578,1670809572087
mydata,2,1670809582578,1670809572098
mydata,3,1670809582578,1670809582496
mydata,1,1670809583079,1670809582933
mydata,1,1670809583079,1670809582937
mydata,1,1670809583079,1670809582967
mydata,1,1670809583079,1670809582968
mydata,1,1670809583079,1670809582969
mydata,1,1670809583079,1670809582973
mydata,1,1670809583079,1670809582974
mydata,1,1670809583079,1670809582981
mydata,1,1670809583079,1670809582984
mydata,2,1670809583079,1670809572474
mydata,2,1670809583079,1670809572484
mydata,1,1670809583581,1670809583441
mydata,1,1670809583581,1670809583448
mydata,1,1670809583581,1670809583449
mydata,1,1670809583581,1670809583450
mydata,1,1670809583581,1670809583452
mydata,1,1670809583581,1670809583463
mydata,1,1670809583581,1670809583474
mydata,1,1670809583581,1670809583485
mydata,2,1670809583581,1670809572790
mydata,3,1670809583581,1670809583430
mydata,1,1670809584082,1670809583910
mydata,1,1670809584082,1670809583918
mydata,1,1670809584082,1670809583920
mydata,1,1670809584082,1670809583923
mydata,1,1670809584082,1670809583926
mydata,1,1670809584082,1670809583928
mydata,1,1670809584082,1670809583929
mydata,1,1670809584082,1670809583929
mydata,2,1670809584082,1670809573203
mydata,3,1670809584082,1670809583807
mydata,1,1670809584583,1670809584451
mydata,1,1670809584583,1670809584451
mydata,1,1670809584583,1670809584461
mydata,1,1670809584583,1670809584462
mydata,1,1670809584583,1670809584470
mydata,1,1670809584583,1670809584472
mydata,1,1670809584583,1670809584475
mydata,1,1670809584583,1670809584495
mydata,2,1670809584583,1670809573585
mydata,3,1670809584583,1670809584344
mydata,1,1670809585085,1670809584902
mydata,1,1670809585085,1670809584927
mydata,1,1670809585085,1670809584940
mydata,1,1670809585085,1670809584960
mydata,1,1670809585085,1670809584975
mydata,1,1670809585085,1670809584996
mydata,1,1670809585085,1670809585001
mydata,1,1670809585085,1670809585014
mydata,2,1670809585085,1670809574255
mydata,3,1670809585085,1670809584900
mydata,1,1670809585586,1670809585441
mydata,1,1670809585586,1670809585444
mydata,1,1670809585586,1670809585447
mydata,1,1670809585586,1670809585459
mydata,1,1670809585586,1670809585463
mydata,1,1670809585586,1670809585466
mydata,1,1670809585586,1670809585467
mydata,1,1670809585586,1670809585471
mydata,2,1670809585586,1670809574531
mydata,3,1670809585586,1670809585490
mydata,1,1670809586088,1670809586006
mydata,1,1670809586088,1670809586032
mydata,1,1670809586088,1670809586032
mydata,1,1670809586088,1670809586055
mydata,1,1670809586088,1670809586057
mydata,1,1670809586088,1670809586060
mydata,1,1670809586088,1670809586080
mydata,2,1670809586088,1670809574811
mydata,3,1670809586088,1670809585997
