mydata,1,1670809504853,1670809499245
mydata,1,1670809504853,1670809499248
mydata,1,1670809504853,1670809499248
mydata,1,1670809504853,1670809499265
mydata,1,1670809504853,1670809499284
mydata,1,1670809504853,1670809499297
mydata,1,1670809504853,1670809499298
mydata,1,1670809504853,1670809499307
mydata,2,1670809504853,1670809499168
mydata,3,1670809504853,1670809499359
mydata,1,1670809505355,1670809499562
mydata,1,1670809505355,1670809499571
mydata,1,1670809505355,1670809499575
mydata,1,1670809505355,1670809499575
mydata,1,1670809505355,1670809499576
mydata,1,1670809505355,1670809499595
mydata,1,1670809505355,1670809499595
mydata,1,1670809505355,1670809499618
mydata,2,1670809505355,1670809499198
mydata,3,1670809505355,1670809499640
mydata,1,1670809505856,1670809499794
mydata,1,1670809505856,1670809499812
mydata,1,1670809505856,1670809499845
mydata,1,1670809505856,1670809499847
mydata,1,1670809505856,1670809499851
mydata,1,1670809505856,1670809499856
mydata,1,1670809505856,1670809499858
mydata,1,1670809505856,1670809499858
mydata,2,1670809505856,1670809499256
mydata,3,1670809505856,1670809499871
mydata,1,1670809506357,1670809500007
mydata,1,1670809506357,1670809500010
mydata,1,1670809506357,1670809500026
mydata,1,1670809506357,1670809500032
mydata,1,1670809506357,1670809500051
mydata,1,1670809506357,1670809500054
mydata,1,1670809506357,1670809500062
mydata,1,1670809506357,1670809500065
mydata,2,1670809506357,1670809499426
mydata,3,1670809506357,1670809500034
mydata,1,1670809506859,1670809500504
mydata,1,1670809506859,1670809500504
mydata,1,1670809506859,1670809500504
mydata,1,1670809506859,1670809500511
mydata,1,1670809506859,1670809500516
mydata,1,1670809506859,1670809500519
mydata,1,1670809506859,1670809500522
mydata,1,1670809506859,1670809500531
mydata,2,1670809506859,1670809499630
mydata,3,1670809506859,1670809500259
mydata,1,1670809507360,1670809501098
mydata,1,1670809507360,1670809501117
mydata,1,1670809507360,1670809501121
mydata,1,1670809507360,1670809501134
mydata,1,1670809507360,1670809501134
mydata,1,1670809507360,1670809501134
mydata,1,1670809507360,1670809501143
mydata,1,1670809507360,1670809501164
mydata,2,1670809507360,1670809499811
mydata,3,1670809507360,1670809500773
mydata,1,1670809507862,1670809501638
mydata,1,1670809507862,1670809501641
mydata,1,1670809507862,1670809501643
mydata,1,1670809507862,1670809501653
mydata,1,1670809507862,1670809501667
mydata,1,1670809507862,1670809501670
mydata,1,1670809507862,1670809501676
mydata,1,1670809507862,1670809501680
mydata,2,1670809507862,1670809499972
mydata,3,1670809507862,1670809501291
mydata,1,1670809508363,1670809502295
mydata,1,1670809508363,1670809502295
mydata,1,1670809508363,1670809502296
mydata,1,1670809508363,1670809502306
mydata,1,1670809508363,1670809502328
mydata,1,1670809508363,1670809502331
mydata,1,1670809508363,1670809502339
mydata,1,1670809508363,1670809502343
mydata,2,1670809508363,1670809500335
mydata,3,1670809508363,1670809501971
mydata,1,1670809508864,1670809503023
mydata,1,1670809508864,1670809503028
mydata,1,1670809508864,1670809503033
mydata,1,1670809508864,1670809503033
mydata,1,1670809508864,1670809503041
mydata,1,1670809508864,1670809503051
mydata,1,1670809508864,1670809503055
mydata,1,1670809508864,1670809503061
mydata,2,1670809508864,1670809500654
mydata,3,1670809508864,1670809502761
mydata,1,1670809509366,1670809503762
mydata,1,1670809509366,1670809503766
mydata,1,1670809509366,1670809503768
mydata,1,1670809509366,1670809503797
mydata,1,1670809509366,1670809503828
mydata,1,1670809509366,1670809503845
mydata,1,1670809509366,1670809503849
mydata,1,1670809509366,1670809503854
mydata,2,1670809509366,1670809501081
mydata,3,1670809509366,1670809503171
mydata,1,1670809509867,1670809504574
mydata,1,1670809509867,1670809504586
mydata,1,1670809509867,1670809504592
mydata,1,1670809509867,1670809504593
mydata,1,1670809509867,1670809504608
mydata,1,1670809509867,1670809504609
mydata,1,1670809509867,1670809504614
mydata,1,1670809509867,1670809504626
mydata,2,1670809509867,1670809501468
mydata,3,1670809509867,1670809504178
mydata,1,1670809510369,1670809505257
mydata,1,1670809510369,1670809505259
mydata,1,1670809510369,1670809505293
mydata,1,1670809510369,1670809505303
mydata,1,1670809510369,1670809505306
mydata,1,1670809510369,1670809505306
mydata,1,1670809510369,1670809505306
mydata,1,1670809510369,1670809505315
mydata,2,1670809510369,1670809501718
mydata,3,1670809510369,1670809504794
mydata,1,1670809510870,1670809506061
mydata,1,1670809510870,1670809506070
mydata,1,1670809510870,1670809506070
mydata,1,1670809510870,1670809506092
mydata,1,1670809510870,1670809506102
mydata,1,1670809510870,1670809506103
mydata,1,1670809510870,1670809506105
mydata,1,1670809510870,1670809506143
mydata,2,1670809510870,1670809502018
mydata,3,1670809510870,1670809505543
mydata,1,1670809511372,1670809506844
mydata,1,1670809511372,1670809506857
mydata,1,1670809511372,1670809506882
mydata,1,1670809511372,1670809506884
mydata,1,1670809511372,1670809506893
mydata,1,1670809511372,1670809506901
mydata,1,1670809511372,1670809506903
mydata,1,1670809511372,1670809506905
mydata,2,1670809511372,1670809502303
mydata,3,1670809511372,1670809506471
mydata,1,1670809511873,1670809507474
mydata,1,1670809511873,1670809507488
mydata,1,1670809511873,1670809507495
mydata,1,1670809511873,1670809507502
mydata,1,1670809511873,1670809507518
mydata,1,1670809511873,1670809507523
mydata,1,1670809511873,1670809507531
mydata,1,1670809511873,1670809507533
mydata,2,1670809511873,1670809502574
mydata,3,1670809511873,1670809507252
mydata,1,1670809512374,1670809508204
mydata,1,1670809512374,1670809508208
mydata,1,1670809512374,1670809508208
mydata,1,1670809512374,1670809508208
mydata,1,1670809512374,1670809508210
mydata,1,1670809512374,1670809508229
mydata,1,1670809512374,1670809508250
mydata,1,1670809512374,1670809508255
mydata,2,1670809512374,1670809502986
mydata,3,1670809512374,1670809508529
mydata,1,1670809512876,1670809508908
mydata,1,1670809512876,1670809508916
mydata,1,1670809512876,1670809508926
mydata,1,1670809512876,1670809508928
mydata,1,1670809512876,1670809508931
mydata,1,1670809512876,1670809508940
mydata,1,1670809512876,1670809508940
mydata,1,1670809512876,1670809508943
mydata,1,1670809512876,1670809508944
mydata,2,1670809512876,1670809503860
mydata,2,1670809512876,1670809503882
mydata,3,1670809512876,1670809509320
mydata,1,1670809513377,1670809509507
mydata,1,1670809513377,1670809509511
mydata,1,1670809513377,1670809509511
mydata,1,1670809513377,1670809509519
mydata,1,1670809513377,1670809509522
mydata,1,1670809513377,1670809509536
mydata,1,1670809513377,1670809509545
mydata,1,1670809513377,1670809509551
mydata,1,1670809513377,1670809509565
mydata,2,1670809513377,1670809504740
mydata,2,1670809513377,1670809504761
mydata,3,1670809513377,1670809510044
mydata,1,1670809513879,1670809510290
mydata,1,1670809513879,1670809510292
mydata,1,1670809513879,1670809510295
mydata,1,1670809513879,1670809510300
mydata,1,1670809513879,1670809510307
mydata,1,1670809513879,1670809510311
mydata,1,1670809513879,1670809510317
mydata,1,1670809513879,1670809510330
mydata,1,1670809513879,1670809510348
mydata,2,1670809513879,1670809505543
mydata,2,1670809513879,1670809505594
mydata,3,1670809513879,1670809510541
mydata,1,1670809514380,1670809510936
mydata,1,1670809514380,1670809510958
mydata,1,1670809514380,1670809510964
mydata,1,1670809514380,1670809510965
mydata,1,1670809514380,1670809510984
mydata,1,1670809514380,1670809510985
mydata,1,1670809514380,1670809510985
mydata,1,1670809514380,1670809510988
mydata,1,1670809514380,1670809510988
mydata,2,1670809514380,1670809506261
mydata,2,1670809514380,1670809506307
mydata,3,1670809514380,1670809511424
mydata,1,1670809514882,1670809511682
mydata,1,1670809514882,1670809511682
mydata,1,1670809514882,1670809511691
mydata,1,1670809514882,1670809511691
mydata,1,1670809514882,1670809511696
mydata,1,1670809514882,1670809511713
mydata,1,1670809514882,1670809511723
mydata,1,1670809514882,1670809511757
mydata,1,1670809514882,1670809511760
mydata,2,1670809514882,1670809507032
mydata,2,1670809514882,1670809507035
mydata,3,1670809514882,1670809512140
mydata,1,1670809515383,1670809512353
mydata,1,1670809515383,1670809512355
mydata,1,1670809515383,1670809512362
mydata,1,1670809515383,1670809512369
mydata,1,1670809515383,1670809512369
mydata,1,1670809515383,1670809512372
mydata,1,1670809515383,1670809512372
mydata,2,1670809515383,1670809507953
mydata,2,1670809515383,1670809508016
mydata,2,1670809515383,1670809508036
mydata,3,1670809515383,1670809512659
mydata,1,1670809515885,1670809512953
mydata,1,1670809515885,1670809512954
mydata,1,1670809515885,1670809512954
mydata,1,1670809515885,1670809512954
mydata,1,1670809515885,1670809512959
mydata,1,1670809515885,1670809512961
mydata,1,1670809515885,1670809512967
mydata,2,1670809515885,1670809509040
mydata,2,1670809515885,1670809509053
mydata,2,1670809515885,1670809509055
mydata,3,1670809515885,1670809513216
mydata,1,1670809516386,1670809513547
mydata,1,1670809516386,1670809513547
mydata,1,1670809516386,1670809513554
mydata,1,1670809516386,1670809513564
mydata,1,1670809516386,1670809513567
mydata,1,1670809516386,1670809513574
mydata,1,1670809516386,1670809513577
mydata,1,1670809516386,1670809513586
mydata,1,1670809516386,1670809513589
mydata,2,1670809516386,1670809509723
mydata,2,1670809516386,1670809509792
mydata,3,1670809516386,1670809513856
mydata,1,1670809516888,1670809514215
mydata,1,1670809516888,1670809514218
mydata,1,1670809516888,1670809514221
mydata,1,1670809516888,1670809514236
mydata,1,1670809516888,1670809514266
mydata,1,1670809516888,1670809514267
mydata,1,1670809516888,1670809514275
mydata,1,1670809516888,1670809514277
mydata,1,1670809516888,1670809514289
mydata,1,1670809516888,1670809514298
mydata,3,1670809516888,1670809514617
mydata,1,1670809517389,1670809514966
mydata,1,1670809517389,1670809514971
mydata,1,1670809517389,1670809514973
mydata,1,1670809517389,1670809515009
mydata,1,1670809517389,1670809515017
mydata,1,1670809517389,1670809515025
mydata,1,1670809517389,1670809515026
mydata,2,1670809517389,1670809510916
mydata,2,1670809517389,1670809510965
mydata,2,1670809517389,1670809510985
mydata,3,1670809517389,1670809515251
mydata,1,1670809517890,1670809515701
mydata,1,1670809517890,1670809515715
mydata,1,1670809517890,1670809515718
mydata,1,1670809517890,1670809515730
mydata,1,1670809517890,1670809515753
mydata,1,1670809517890,1670809515754
mydata,1,1670809517890,1670809515758
mydata,2,1670809517890,1670809511587
mydata,2,1670809517890,1670809511600
mydata,2,1670809517890,1670809511604
mydata,3,1670809517890,1670809515992
mydata,1,1670809518392,1670809516310
mydata,1,1670809518392,1670809516312
mydata,1,1670809518392,1670809516317
mydata,1,1670809518392,1670809516333
mydata,1,1670809518392,1670809516344
mydata,1,1670809518392,1670809516356
mydata,1,1670809518392,1670809516375
mydata,2,1670809518392,1670809512226
mydata,2,1670809518392,1670809512235
mydata,2,1670809518392,1670809512332
mydata,3,1670809518392,1670809516510
mydata,1,1670809518894,1670809516943
mydata,1,1670809518894,1670809516946
mydata,1,1670809518894,1670809516951
mydata,1,1670809518894,1670809516953
mydata,1,1670809518894,1670809516968
mydata,1,1670809518894,1670809516971
mydata,1,1670809518894,1670809517010
mydata,2,1670809518894,1670809513009
mydata,2,1670809518894,1670809513018
mydata,2,1670809518894,1670809513023
mydata,3,1670809518894,1670809517584
mydata,1,1670809519395,1670809517632
mydata,1,1670809519395,1670809517637
mydata,1,1670809519395,1670809517638
mydata,1,1670809519395,1670809517649
mydata,1,1670809519395,1670809517667
mydata,1,1670809519395,1670809517676
mydata,1,1670809519395,1670809517682
mydata,2,1670809519395,1670809514018
mydata,2,1670809519395,1670809514033
mydata,2,1670809519395,1670809514083
mydata,3,1670809519395,1670809518148
mydata,1,1670809519897,1670809518337
mydata,1,1670809519897,1670809518348
mydata,1,1670809519897,1670809518353
mydata,1,1670809519897,1670809518362
mydata,1,1670809519897,1670809518363
mydata,1,1670809519897,1670809518375
mydata,1,1670809519897,1670809518385
mydata,2,1670809519897,1670809514721
mydata,2,1670809519897,1670809514743
mydata,2,1670809519897,1670809514769
mydata,3,1670809519897,1670809518747
mydata,1,1670809520398,1670809518959
mydata,1,1670809520398,1670809518960
mydata,1,1670809520398,1670809518986
mydata,1,1670809520398,1670809518989
mydata,1,1670809520398,1670809518993
mydata,1,1670809520398,1670809518996
mydata,1,1670809520398,1670809518997
mydata,2,1670809520398,1670809515579
mydata,2,1670809520398,1670809515603
mydata,2,1670809520398,1670809515678
mydata,3,1670809520398,1670809519731
mydata,1,1670809520900,1670809519613
mydata,1,1670809520900,1670809519615
mydata,1,1670809520900,1670809519618
mydata,1,1670809520900,1670809519621
mydata,1,1670809520900,1670809519621
mydata,1,1670809520900,1670809519621
mydata,1,1670809520900,1670809519626
mydata,2,1670809520900,1670809516353
mydata,2,1670809520900,1670809516403
mydata,2,1670809520900,1670809516408
mydata,3,1670809520900,1670809520255
mydata,1,1670809521401,1670809520175
mydata,1,1670809521401,1670809520175
mydata,1,1670809521401,1670809520177
mydata,1,1670809521401,1670809520194
mydata,1,1670809521401,1670809520206
mydata,1,1670809521401,1670809520211
mydata,1,1670809521401,1670809520213
mydata,2,1670809521401,1670809516993
mydata,2,1670809521401,1670809516995
mydata,2,1670809521401,1670809517022
mydata,3,1670809521401,1670809520888
mydata,1,1670809521903,1670809520909
mydata,1,1670809521903,1670809520915
mydata,1,1670809521903,1670809520915
mydata,1,1670809521903,1670809520920
mydata,1,1670809521903,1670809520927
mydata,1,1670809521903,1670809520931
mydata,1,1670809521903,1670809520932
mydata,1,1670809521903,1670809520934
mydata,1,1670809521903,1670809520936
mydata,2,1670809521903,1670809517421
mydata,3,1670809521903,1670809521597
mydata,1,1670809522404,1670809521769
mydata,1,1670809522404,1670809521784
mydata,1,1670809522404,1670809521789
mydata,1,1670809522404,1670809521793
mydata,1,1670809522404,1670809521793
mydata,1,1670809522404,1670809521798
mydata,1,1670809522404,1670809521803
mydata,2,1670809522404,1670809517806
mydata,2,1670809522404,1670809517808
mydata,2,1670809522404,1670809517842
mydata,3,1670809522404,1670809522396
mydata,1,1670809522906,1670809522411
mydata,1,1670809522906,1670809522429
mydata,1,1670809522906,1670809522441
mydata,1,1670809522906,1670809522452
mydata,1,1670809522906,1670809522457
mydata,1,1670809522906,1670809522462
mydata,1,1670809522906,1670809522485
mydata,2,1670809522906,1670809518436
mydata,2,1670809522906,1670809518458
mydata,2,1670809522906,1670809518519
mydata,3,1670809522906,1670809522737
mydata,1,1670809523407,1670809523167
mydata,1,1670809523407,1670809523168
mydata,1,1670809523407,1670809523182
mydata,1,1670809523407,1670809523194
mydata,1,1670809523407,1670809523197
mydata,1,1670809523407,1670809523199
mydata,1,1670809523407,1670809523209
mydata,2,1670809523407,1670809519390
mydata,2,1670809523407,1670809519436
mydata,2,1670809523407,1670809519441
mydata,3,1670809523407,1670809523062
mydata,1,1670809523908,1670809523709
mydata,1,1670809523908,1670809523712
mydata,1,1670809523908,1670809523720
mydata,1,1670809523908,1670809523725
mydata,1,1670809523908,1670809523727
mydata,1,1670809523908,1670809523737
mydata,1,1670809523908,1670809523745
mydata,2,1670809523908,1670809520014
mydata,2,1670809523908,1670809520017
mydata,2,1670809523908,1670809520065
mydata,3,1670809523908,1670809523700
mydata,1,1670809524410,1670809524211
mydata,1,1670809524410,1670809524218
mydata,1,1670809524410,1670809524220
mydata,1,1670809524410,1670809524228
mydata,1,1670809524410,1670809524267
mydata,1,1670809524410,1670809524271
mydata,1,1670809524410,1670809524279
mydata,1,1670809524410,1670809524293
mydata,1,1670809524410,1670809524316
mydata,2,1670809524410,1670809520968
mydata,3,1670809524410,1670809524229
mydata,3,1670809524410,1670809524292
mydata,1,1670809524912,1670809524803
mydata,1,1670809524912,1670809524803
mydata,1,1670809524912,1670809524823
mydata,1,1670809524912,1670809524831
mydata,1,1670809524912,1670809524836
mydata,1,1670809524912,1670809524844
mydata,1,1670809524912,1670809524850
mydata,1,1670809524912,1670809524867
mydata,1,1670809524912,1670809524873
mydata,2,1670809524912,1670809521695
mydata,3,1670809524912,1670809524798
mydata,3,1670809524912,1670809524895
mydata,1,1670809525414,1670809525379
mydata,1,1670809525414,1670809525388
mydata,1,1670809525414,1670809525406
mydata,1,1670809525414,1670809525412
mydata,2,1670809525414,1670809522390
mydata,1,1670809525915,1670809525864
mydata,1,1670809525915,1670809525882
mydata,1,1670809525915,1670809525882
mydata,1,1670809525915,1670809525910
mydata,1,1670809525915,1670809525912
mydata,1,1670809525915,1670809525913
mydata,2,1670809525915,1670809522965
mydata,2,1670809525915,1670809522978
mydata,2,1670809525915,1670809522979
mydata,3,1670809525915,1670809525885
mydata,1,1670809526417,1670809526385
mydata,1,1670809526417,1670809526387
mydata,1,1670809526417,1670809526388
mydata,1,1670809526417,1670809526395
mydata,1,1670809526417,1670809526396
mydata,1,1670809526417,1670809526398
mydata,1,1670809526417,1670809526399
mydata,1,1670809526417,1670809526405
mydata,2,1670809526417,1670809523537
mydata,2,1670809526417,1670809523615
mydata,1,1670809526919,1670809526857
mydata,1,1670809526919,1670809526862
mydata,1,1670809526919,1670809526877
mydata,1,1670809526919,1670809526881
mydata,1,1670809526919,1670809526884
mydata,1,1670809526919,1670809526907
mydata,1,1670809526919,1670809526907
mydata,1,1670809526919,1670809526911
mydata,2,1670809526919,1670809523912
mydata,1,1670809527420,1670809527380
mydata,1,1670809527420,1670809527383
mydata,1,1670809527420,1670809527387
mydata,1,1670809527420,1670809527394
mydata,1,1670809527420,1670809527396
mydata,1,1670809527420,1670809527402
mydata,1,1670809527420,1670809527402
mydata,1,1670809527420,1670809527404
mydata,2,1670809527420,1670809524505
mydata,2,1670809527420,1670809524600
mydata,2,1670809527921,1670809525169
mydata,2,1670809527921,1670809525170
mydata,3,1670809527921,1670809527886
mydata,1,1670809528422,1670809528264
mydata,1,1670809528422,1670809528279
mydata,1,1670809528422,1670809528283
mydata,1,1670809528422,1670809528296
mydata,1,1670809528422,1670809528307
mydata,1,1670809528422,1670809528321
mydata,1,1670809528422,1670809528332
mydata,1,1670809528422,1670809528339
mydata,1,1670809528422,1670809528341
mydata,2,1670809528422,1670809525717
mydata,2,1670809528422,1670809525782
mydata,3,1670809528422,1670809528259
mydata,1,1670809528924,1670809528866
mydata,1,1670809528924,1670809528885
mydata,1,1670809528924,1670809528888
mydata,1,1670809528924,1670809528889
mydata,1,1670809528924,1670809528901
mydata,1,1670809528924,1670809528904
mydata,1,1670809528924,1670809528907
mydata,1,1670809528924,1670809528914
mydata,2,1670809528924,1670809526174
mydata,2,1670809528924,1670809526225
mydata,1,1670809529426,1670809529418
mydata,1,1670809529426,1670809529420
mydata,2,1670809529426,1670809526858
mydata,2,1670809529426,1670809526875
mydata,1,1670809529927,1670809529880
mydata,1,1670809529927,1670809529895
mydata,1,1670809529927,1670809529900
mydata,1,1670809529927,1670809529907
mydata,1,1670809529927,1670809529909
mydata,1,1670809529927,1670809529916
mydata,1,1670809529927,1670809529918
mydata,1,1670809529927,1670809529919
mydata,2,1670809529927,1670809527175
mydata,2,1670809529927,1670809527223
mydata,1,1670809530429,1670809530379
mydata,1,1670809530429,1670809530386
mydata,1,1670809530429,1670809530386
mydata,1,1670809530429,1670809530387
mydata,1,1670809530429,1670809530403
mydata,1,1670809530429,1670809530414
mydata,1,1670809530429,1670809530419
mydata,2,1670809530429,1670809527721
mydata,2,1670809530429,1670809527753
mydata,1,1670809530930,1670809530881
mydata,1,1670809530930,1670809530883
mydata,1,1670809530930,1670809530889
mydata,1,1670809530930,1670809530896
mydata,1,1670809530930,1670809530911
mydata,1,1670809530930,1670809530929
mydata,2,1670809530930,1670809528057
mydata,3,1670809530930,1670809530921
mydata,1,1670809531432,1670809531409
mydata,1,1670809531432,1670809531414
mydata,1,1670809531432,1670809531414
mydata,1,1670809531432,1670809531426
mydata,1,1670809531432,1670809531428
mydata,1,1670809531432,1670809531430
mydata,2,1670809531432,1670809528732
mydata,2,1670809531432,1670809528745
mydata,2,1670809531933,1670809529229
mydata,2,1670809531933,1670809529239
mydata,3,1670809531933,1670809531810
mydata,3,1670809531933,1670809531820
mydata,1,1670809532434,1670809532417
mydata,1,1670809532434,1670809532434
mydata,2,1670809532434,1670809529491
mydata,3,1670809532434,1670809532377
mydata,1,1670809532936,1670809532821
mydata,1,1670809532936,1670809532822
mydata,1,1670809532936,1670809532827
mydata,1,1670809532936,1670809532831
mydata,1,1670809532936,1670809532831
mydata,1,1670809532936,1670809532837
mydata,1,1670809532936,1670809532837
mydata,1,1670809532936,1670809532837
mydata,1,1670809532936,1670809532838
mydata,2,1670809532936,1670809529914
mydata,2,1670809532936,1670809529916
mydata,2,1670809533437,1670809530344
mydata,2,1670809533437,1670809530414
mydata,3,1670809533437,1670809533410
mydata,3,1670809533437,1670809533433
mydata,1,1670809533938,1670809533855
mydata,1,1670809533938,1670809533861
mydata,1,1670809533938,1670809533873
mydata,1,1670809533938,1670809533890
mydata,1,1670809533938,1670809533896
mydata,1,1670809533938,1670809533918
mydata,1,1670809533938,1670809533920
mydata,2,1670809533938,1670809530705
mydata,3,1670809533938,1670809533748
mydata,1,1670809534440,1670809534303
mydata,1,1670809534440,1670809534306
mydata,1,1670809534440,1670809534322
mydata,1,1670809534440,1670809534327
mydata,1,1670809534440,1670809534327
mydata,1,1670809534440,1670809534328
mydata,1,1670809534440,1670809534356
mydata,1,1670809534440,1670809534361
mydata,1,1670809534440,1670809534367
mydata,2,1670809534440,1670809531156
mydata,2,1670809534440,1670809531172
mydata,1,1670809534941,1670809534891
mydata,1,1670809534941,1670809534897
mydata,1,1670809534941,1670809534907
mydata,1,1670809534941,1670809534911
mydata,1,1670809534941,1670809534912
mydata,1,1670809534941,1670809534921
mydata,1,1670809534941,1670809534934
mydata,1,1670809534941,1670809534936
mydata,2,1670809534941,1670809531598
mydata,3,1670809534941,1670809534839
mydata,1,1670809535443,1670809535424
mydata,1,1670809535443,1670809535441
mydata,2,1670809535443,1670809532029
mydata,3,1670809535443,1670809535421
mydata,1,1670809535944,1670809535868
mydata,1,1670809535944,1670809535881
mydata,1,1670809535944,1670809535884
mydata,1,1670809535944,1670809535891
mydata,1,1670809535944,1670809535926
mydata,1,1670809535944,1670809535938
mydata,2,1670809535944,1670809532373
mydata,3,1670809535944,1670809535800
mydata,1,1670809536446,1670809536403
mydata,1,1670809536446,1670809536404
mydata,1,1670809536446,1670809536418
mydata,1,1670809536446,1670809536424
mydata,1,1670809536446,1670809536431
mydata,1,1670809536446,1670809536432
mydata,1,1670809536446,1670809536445
mydata,2,1670809536446,1670809532865
mydata,3,1670809536446,1670809536444
mydata,1,1670809536947,1670809536929
mydata,1,1670809536947,1670809536931
mydata,1,1670809536947,1670809536936
mydata,2,1670809536947,1670809533319
mydata,3,1670809536947,1670809536821
mydata,1,1670809537449,1670809537369
mydata,1,1670809537449,1670809537378
mydata,1,1670809537449,1670809537384
mydata,1,1670809537449,1670809537387
mydata,1,1670809537449,1670809537387
mydata,1,1670809537449,1670809537388
mydata,1,1670809537449,1670809537389
mydata,1,1670809537449,1670809537389
mydata,2,1670809537449,1670809533741
mydata,3,1670809537449,1670809537317
mydata,1,1670809537950,1670809537859
mydata,1,1670809537950,1670809537861
mydata,1,1670809537950,1670809537862
mydata,1,1670809537950,1670809537866
mydata,1,1670809537950,1670809537870
mydata,1,1670809537950,1670809537877
mydata,1,1670809537950,1670809537885
mydata,1,1670809537950,1670809537885
mydata,1,1670809537950,1670809537895
mydata,2,1670809537950,1670809534379
mydata,2,1670809537950,1670809534446
mydata,1,1670809538452,1670809538355
mydata,1,1670809538452,1670809538355
mydata,1,1670809538452,1670809538376
mydata,1,1670809538452,1670809538384
mydata,1,1670809538452,1670809538385
mydata,1,1670809538452,1670809538392
mydata,1,1670809538452,1670809538397
mydata,1,1670809538452,1670809538409
mydata,1,1670809538452,1670809538412
mydata,2,1670809538452,1670809534936
mydata,2,1670809538452,1670809534975
mydata,1,1670809538954,1670809538874
mydata,1,1670809538954,1670809538874
mydata,1,1670809538954,1670809538877
mydata,1,1670809538954,1670809538881
mydata,1,1670809538954,1670809538891
mydata,1,1670809538954,1670809538896
mydata,1,1670809538954,1670809538913
mydata,1,1670809538954,1670809538918
mydata,1,1670809538954,1670809538934
mydata,2,1670809538954,1670809535625
mydata,2,1670809538954,1670809535635
mydata,3,1670809538954,1670809538878
mydata,1,1670809539456,1670809539380
mydata,1,1670809539456,1670809539380
mydata,1,1670809539456,1670809539384
mydata,1,1670809539456,1670809539389
mydata,1,1670809539456,1670809539400
mydata,1,1670809539456,1670809539435
mydata,1,1670809539456,1670809539446
mydata,2,1670809539456,1670809536224
mydata,3,1670809539456,1670809539361
mydata,1,1670809539957,1670809539905
mydata,1,1670809539957,1670809539907
mydata,1,1670809539957,1670809539910
mydata,1,1670809539957,1670809539933
mydata,1,1670809539957,1670809539933
mydata,1,1670809539957,1670809539941
mydata,1,1670809539957,1670809539942
mydata,1,1670809539957,1670809539953
mydata,2,1670809539957,1670809536519
mydata,3,1670809539957,1670809539777
mydata,1,1670809540458,1670809540438
mydata,1,1670809540458,1670809540442
mydata,1,1670809540458,1670809540451
mydata,1,1670809540458,1670809540454
mydata,2,1670809540458,1670809537123
mydata,3,1670809540458,1670809540408
mydata,1,1670809540960,1670809540862
mydata,1,1670809540960,1670809540865
mydata,1,1670809540960,1670809540868
mydata,1,1670809540960,1670809540880
mydata,1,1670809540960,1670809540888
mydata,1,1670809540960,1670809540888
mydata,1,1670809540960,1670809540891
mydata,1,1670809540960,1670809540892
mydata,1,1670809540960,1670809540892
mydata,2,1670809540960,1670809537514
mydata,2,1670809540960,1670809537514
mydata,3,1670809540960,1670809540950
mydata,1,1670809541461,1670809541379
mydata,1,1670809541461,1670809541380
mydata,1,1670809541461,1670809541383
mydata,1,1670809541461,1670809541389
mydata,1,1670809541461,1670809541390
mydata,1,1670809541461,1670809541395
mydata,1,1670809541461,1670809541400
mydata,1,1670809541461,1670809541406
mydata,2,1670809541461,1670809537859
mydata,3,1670809541461,1670809541329
mydata,1,1670809541962,1670809541807
mydata,1,1670809541962,1670809541817
mydata,1,1670809541962,1670809541818
mydata,1,1670809541962,1670809541842
mydata,1,1670809541962,1670809541843
mydata,1,1670809541962,1670809541846
mydata,1,1670809541962,1670809541848
mydata,1,1670809541962,1670809541853
mydata,1,1670809541962,1670809541858
mydata,2,1670809541962,1670809538191
mydata,2,1670809541962,1670809538214
mydata,3,1670809541962,1670809541880
mydata,1,1670809542464,1670809542326
mydata,1,1670809542464,1670809542331
mydata,1,1670809542464,1670809542340
mydata,1,1670809542464,1670809542356
mydata,1,1670809542464,1670809542356
mydata,1,1670809542464,1670809542365
mydata,1,1670809542464,1670809542368
mydata,1,1670809542464,1670809542368
mydata,2,1670809542464,1670809538579
mydata,3,1670809542464,1670809542386
mydata,1,1670809542965,1670809542827
mydata,1,1670809542965,1670809542829
mydata,1,1670809542965,1670809542866
mydata,1,1670809542965,1670809542885
mydata,1,1670809542965,1670809542886
mydata,1,1670809542965,1670809542888
mydata,1,1670809542965,1670809542888
mydata,1,1670809542965,1670809542911
mydata,2,1670809542965,1670809538857
mydata,3,1670809542965,1670809542786
mydata,1,1670809543467,1670809543313
mydata,1,1670809543467,1670809543321
mydata,1,1670809543467,1670809543322
mydata,1,1670809543467,1670809543324
mydata,1,1670809543467,1670809543337
mydata,1,1670809543467,1670809543354
mydata,1,1670809543467,1670809543370
mydata,1,1670809543467,1670809543372
mydata,2,1670809543467,1670809539357
mydata,3,1670809543467,1670809543313
mydata,1,1670809543968,1670809543921
mydata,1,1670809543968,1670809543923
mydata,1,1670809543968,1670809543935
mydata,1,1670809543968,1670809543937
mydata,1,1670809543968,1670809543940
mydata,1,1670809543968,1670809543942
mydata,1,1670809543968,1670809543956
mydata,1,1670809543968,1670809543961
mydata,2,1670809543968,1670809539824
mydata,3,1670809543968,1670809543869
mydata,1,1670809544470,1670809544366
mydata,1,1670809544470,1670809544397
mydata,1,1670809544470,1670809544397
mydata,1,1670809544470,1670809544402
mydata,1,1670809544470,1670809544418
mydata,1,1670809544470,1670809544434
mydata,1,1670809544470,1670809544442
mydata,1,1670809544470,1670809544445
mydata,2,1670809544470,1670809540070
mydata,3,1670809544470,1670809544372
mydata,1,1670809544971,1670809544942
mydata,1,1670809544971,1670809544942
mydata,1,1670809544971,1670809544942
mydata,1,1670809544971,1670809544943
mydata,1,1670809544971,1670809544945
mydata,1,1670809544971,1670809544954
mydata,1,1670809544971,1670809544954
mydata,1,1670809544971,1670809544954
mydata,1,1670809544971,1670809544959
mydata,2,1670809544971,1670809540383
mydata,2,1670809544971,1670809540385
mydata,2,1670809545473,1670809540862
mydata,2,1670809545473,1670809540919
mydata,3,1670809545473,1670809545422
mydata,1,1670809545974,1670809545791
mydata,1,1670809545974,1670809545791
mydata,1,1670809545974,1670809545809
mydata,1,1670809545974,1670809545815
mydata,1,1670809545974,1670809545854
mydata,1,1670809545974,1670809545854
mydata,1,1670809545974,1670809545861
mydata,1,1670809545974,1670809545866
mydata,2,1670809545974,1670809541285
mydata,3,1670809545974,1670809545932
mydata,1,1670809546475,1670809546320
mydata,1,1670809546475,1670809546322
mydata,1,1670809546475,1670809546344
mydata,1,1670809546475,1670809546346
mydata,1,1670809546475,1670809546346
mydata,1,1670809546475,1670809546346
mydata,1,1670809546475,1670809546346
mydata,1,1670809546475,1670809546346
mydata,2,1670809546475,1670809541742
mydata,3,1670809546475,1670809546285
mydata,1,1670809546976,1670809546772
mydata,1,1670809546976,1670809546796
mydata,1,1670809546976,1670809546796
mydata,1,1670809546976,1670809546800
mydata,1,1670809546976,1670809546803
mydata,1,1670809546976,1670809546845
mydata,1,1670809546976,1670809546850
mydata,1,1670809546976,1670809546861
mydata,2,1670809546976,1670809542126
mydata,3,1670809546976,1670809546938
mydata,1,1670809547478,1670809547329
mydata,1,1670809547478,1670809547331
mydata,1,1670809547478,1670809547331
mydata,1,1670809547478,1670809547331
mydata,1,1670809547478,1670809547337
mydata,1,1670809547478,1670809547339
mydata,1,1670809547478,1670809547359
mydata,1,1670809547478,1670809547368
mydata,2,1670809547478,1670809542618
mydata,3,1670809547478,1670809547285
mydata,1,1670809547979,1670809547828
mydata,1,1670809547979,1670809547831
mydata,1,1670809547979,1670809547835
mydata,1,1670809547979,1670809547858
mydata,1,1670809547979,1670809547868
mydata,1,1670809547979,1670809547884
mydata,1,1670809547979,1670809547885
mydata,1,1670809547979,1670809547894
mydata,2,1670809547979,1670809542874
mydata,3,1670809547979,1670809547934
mydata,1,1670809548481,1670809548280
mydata,1,1670809548481,1670809548282
mydata,1,1670809548481,1670809548283
mydata,1,1670809548481,1670809548291
mydata,1,1670809548481,1670809548299
mydata,1,1670809548481,1670809548305
mydata,1,1670809548481,1670809548308
mydata,1,1670809548481,1670809548309
mydata,2,1670809548481,1670809543259
mydata,3,1670809548481,1670809548320
mydata,1,1670809548982,1670809548890
mydata,1,1670809548982,1670809548895
mydata,1,1670809548982,1670809548909
mydata,1,1670809548982,1670809548910
mydata,1,1670809548982,1670809548912
mydata,1,1670809548982,1670809548913
mydata,1,1670809548982,1670809548915
mydata,1,1670809548982,1670809548922
mydata,2,1670809548982,1670809543581
mydata,3,1670809548982,1670809548797
mydata,1,1670809549484,1670809549295
mydata,1,1670809549484,1670809549299
mydata,1,1670809549484,1670809549302
mydata,1,1670809549484,1670809549308
mydata,1,1670809549484,1670809549316
mydata,1,1670809549484,1670809549318
mydata,1,1670809549484,1670809549336
mydata,1,1670809549484,1670809549355
mydata,2,1670809549484,1670809543935
mydata,3,1670809549484,1670809549290
mydata,1,1670809549985,1670809549808
mydata,1,1670809549985,1670809549811
mydata,1,1670809549985,1670809549819
mydata,1,1670809549985,1670809549833
mydata,1,1670809549985,1670809549847
mydata,1,1670809549985,1670809549858
mydata,1,1670809549985,1670809549859
mydata,1,1670809549985,1670809549867
mydata,2,1670809549985,1670809544241
mydata,3,1670809549985,1670809549623
mydata,1,1670809550487,1670809550311
mydata,1,1670809550487,1670809550314
mydata,1,1670809550487,1670809550326
mydata,1,1670809550487,1670809550332
mydata,1,1670809550487,1670809550341
mydata,1,1670809550487,1670809550354
mydata,1,1670809550487,1670809550366
mydata,1,1670809550487,1670809550386
mydata,2,1670809550487,1670809544511
mydata,3,1670809550487,1670809550338
mydata,1,1670809550988,1670809550849
mydata,1,1670809550988,1670809550859
mydata,1,1670809550988,1670809550872
mydata,1,1670809550988,1670809550872
mydata,1,1670809550988,1670809550891
mydata,1,1670809550988,1670809550900
mydata,1,1670809550988,1670809550906
mydata,1,1670809550988,1670809550909
mydata,2,1670809550988,1670809544930
mydata,3,1670809550988,1670809550796
mydata,1,1670809551490,1670809551366
mydata,1,1670809551490,1670809551368
mydata,1,1670809551490,1670809551371
mydata,1,1670809551490,1670809551373
mydata,1,1670809551490,1670809551379
mydata,1,1670809551490,1670809551380
mydata,1,1670809551490,1670809551392
mydata,1,1670809551490,1670809551397
mydata,2,1670809551490,1670809545382
mydata,3,1670809551490,1670809551385
mydata,1,1670809551992,1670809551973
mydata,1,1670809551992,1670809551975
mydata,1,1670809551992,1670809551979
mydata,1,1670809551992,1670809551987
mydata,2,1670809551992,1670809545742
mydata,2,1670809551992,1670809545748
mydata,1,1670809552493,1670809552401
mydata,1,1670809552493,1670809552407
mydata,1,1670809552493,1670809552410
mydata,1,1670809552493,1670809552420
mydata,1,1670809552493,1670809552432
mydata,1,1670809552493,1670809552432
mydata,1,1670809552493,1670809552449
mydata,1,1670809552493,1670809552451
mydata,1,1670809552493,1670809552466
mydata,2,1670809552493,1670809545993
mydata,2,1670809552493,1670809545995
mydata,3,1670809552493,1670809552344
mydata,1,1670809552994,1670809552982
mydata,2,1670809552994,1670809546475
mydata,2,1670809552994,1670809546490
mydata,3,1670809552994,1670809552898
mydata,3,1670809552994,1670809552901
mydata,1,1670809553496,1670809553467
mydata,1,1670809553496,1670809553487
mydata,1,1670809553496,1670809553491
mydata,2,1670809553496,1670809546950
mydata,2,1670809553496,1670809547011
mydata,3,1670809553496,1670809553355
mydata,3,1670809553496,1670809553400
mydata,1,1670809553997,1670809553951
mydata,1,1670809553997,1670809553955
mydata,1,1670809553997,1670809553957
mydata,1,1670809553997,1670809553968
mydata,1,1670809553997,1670809553970
mydata,1,1670809553997,1670809553973
mydata,1,1670809553997,1670809553975
mydata,1,1670809553997,1670809553976
mydata,1,1670809553997,1670809553989
mydata,2,1670809553997,1670809547341
mydata,2,1670809553997,1670809547401
mydata,3,1670809553997,1670809553899
mydata,1,1670809554498,1670809554450
mydata,1,1670809554498,1670809554452
mydata,1,1670809554498,1670809554456
mydata,1,1670809554498,1670809554465
mydata,1,1670809554498,1670809554465
mydata,1,1670809554498,1670809554468
mydata,1,1670809554498,1670809554469
mydata,1,1670809554498,1670809554483
mydata,1,1670809554498,1670809554487
mydata,2,1670809554498,1670809547948
mydata,2,1670809554498,1670809547949
mydata,3,1670809554498,1670809554475
mydata,1,1670809555000,1670809554974
mydata,1,1670809555000,1670809554985
mydata,2,1670809555000,1670809548450
mydata,2,1670809555000,1670809548477
mydata,1,1670809555501,1670809555416
mydata,1,1670809555501,1670809555419
mydata,1,1670809555501,1670809555419
mydata,1,1670809555501,1670809555422
mydata,1,1670809555501,1670809555443
mydata,1,1670809555501,1670809555444
mydata,1,1670809555501,1670809555461
mydata,1,1670809555501,1670809555464
mydata,1,1670809555501,1670809555480
mydata,2,1670809555501,1670809548876
mydata,2,1670809555501,1670809548896
mydata,3,1670809555501,1670809555399
mydata,1,1670809556003,1670809555967
mydata,1,1670809556003,1670809555979
mydata,1,1670809556003,1670809555980
mydata,1,1670809556003,1670809555989
mydata,1,1670809556003,1670809555993
mydata,1,1670809556003,1670809556002
mydata,2,1670809556003,1670809549332
mydata,3,1670809556003,1670809555952
mydata,1,1670809556504,1670809556475
mydata,1,1670809556504,1670809556479
mydata,1,1670809556504,1670809556482
mydata,2,1670809556504,1670809549769
mydata,2,1670809556504,1670809549796
mydata,3,1670809556504,1670809556491
mydata,1,1670809557005,1670809556962
mydata,1,1670809557005,1670809556970
mydata,1,1670809557005,1670809556977
mydata,1,1670809557005,1670809556982
mydata,1,1670809557005,1670809556985
mydata,1,1670809557005,1670809556991
mydata,1,1670809557005,1670809556993
mydata,1,1670809557005,1670809556998
mydata,1,1670809557005,1670809557001
mydata,2,1670809557005,1670809550265
mydata,2,1670809557005,1670809550286
mydata,1,1670809557507,1670809557494
mydata,1,1670809557507,1670809557506
mydata,2,1670809557507,1670809550636
mydata,2,1670809557507,1670809550651
mydata,3,1670809557507,1670809557386
mydata,3,1670809557507,1670809557464
mydata,1,1670809558008,1670809557963
mydata,1,1670809558008,1670809557973
mydata,1,1670809558008,1670809557974
mydata,1,1670809558008,1670809557980
mydata,1,1670809558008,1670809557984
mydata,1,1670809558008,1670809557985
mydata,1,1670809558008,1670809557986
mydata,1,1670809558008,1670809557996
mydata,1,1670809558008,1670809557999
mydata,2,1670809558008,1670809551016
mydata,2,1670809558008,1670809551135
mydata,3,1670809558008,1670809557971
mydata,1,1670809558510,1670809558468
mydata,1,1670809558510,1670809558479
mydata,1,1670809558510,1670809558482
mydata,1,1670809558510,1670809558493
mydata,1,1670809558510,1670809558498
mydata,1,1670809558510,1670809558499
mydata,1,1670809558510,1670809558505
mydata,2,1670809558510,1670809551551
mydata,2,1670809558510,1670809551551
mydata,1,1670809559011,1670809558935
mydata,1,1670809559011,1670809558935
mydata,1,1670809559011,1670809558952
mydata,1,1670809559011,1670809558963
mydata,1,1670809559011,1670809558964
mydata,1,1670809559011,1670809558974
mydata,1,1670809559011,1670809558974
mydata,1,1670809559011,1670809558976
mydata,2,1670809559011,1670809552073
mydata,3,1670809559011,1670809558928
mydata,1,1670809559513,1670809559510
mydata,1,1670809559513,1670809559511
mydata,2,1670809559513,1670809552317
mydata,3,1670809559513,1670809559408
mydata,1,1670809560014,1670809559838
mydata,1,1670809560014,1670809559859
mydata,1,1670809560014,1670809559873
mydata,1,1670809560014,1670809559876
mydata,1,1670809560014,1670809559878
mydata,1,1670809560014,1670809559882
mydata,1,1670809560014,1670809559884
mydata,1,1670809560014,1670809559905
mydata,2,1670809560014,1670809552695
mydata,3,1670809560014,1670809559909
mydata,1,1670809560515,1670809560347
mydata,1,1670809560515,1670809560370
mydata,1,1670809560515,1670809560370
mydata,1,1670809560515,1670809560374
mydata,1,1670809560515,1670809560374
mydata,1,1670809560515,1670809560385
mydata,1,1670809560515,1670809560387
mydata,1,1670809560515,1670809560398
mydata,2,1670809560515,1670809553406
mydata,3,1670809560515,1670809560306
mydata,1,1670809561017,1670809560907
mydata,1,1670809561017,1670809560915
mydata,1,1670809561017,1670809560922
mydata,1,1670809561017,1670809560924
mydata,1,1670809561017,1670809560931
mydata,1,1670809561017,1670809560947
mydata,1,1670809561017,1670809560947
mydata,1,1670809561017,1670809560953
mydata,2,1670809561017,1670809553802
mydata,3,1670809561017,1670809560922
mydata,1,1670809561518,1670809561386
mydata,1,1670809561518,1670809561386
mydata,1,1670809561518,1670809561393
mydata,1,1670809561518,1670809561393
mydata,1,1670809561518,1670809561404
mydata,1,1670809561518,1670809561408
mydata,1,1670809561518,1670809561412
mydata,1,1670809561518,1670809561415
mydata,2,1670809561518,1670809553996
mydata,3,1670809561518,1670809561465
mydata,1,1670809562020,1670809561995
mydata,1,1670809562020,1670809562001
mydata,1,1670809562020,1670809562008
mydata,2,1670809562020,1670809554381
mydata,3,1670809562020,1670809561855
mydata,1,1670809562521,1670809562351
mydata,1,1670809562521,1670809562351
mydata,1,1670809562521,1670809562370
mydata,1,1670809562521,1670809562376
mydata,1,1670809562521,1670809562385
mydata,1,1670809562521,1670809562387
mydata,1,1670809562521,1670809562396
mydata,1,1670809562521,1670809562407
mydata,2,1670809562521,1670809554791
mydata,3,1670809562521,1670809562352
mydata,1,1670809563022,1670809562954
mydata,1,1670809563022,1670809562957
mydata,1,1670809563022,1670809562959
mydata,1,1670809563022,1670809562968
mydata,1,1670809563022,1670809562977
mydata,1,1670809563022,1670809562977
mydata,1,1670809563022,1670809562984
mydata,1,1670809563022,1670809562987
mydata,2,1670809563022,1670809555267
mydata,3,1670809563022,1670809562942
mydata,1,1670809563524,1670809563367
mydata,1,1670809563524,1670809563367
mydata,1,1670809563524,1670809563376
mydata,1,1670809563524,1670809563376
mydata,1,1670809563524,1670809563387
mydata,1,1670809563524,1670809563393
mydata,1,1670809563524,1670809563400
mydata,1,1670809563524,1670809563405
mydata,2,1670809563524,1670809555830
mydata,3,1670809563524,1670809563346
mydata,1,1670809564025,1670809563860
mydata,1,1670809564025,1670809563879
mydata,1,1670809564025,1670809563885
mydata,1,1670809564025,1670809563890
mydata,1,1670809564025,1670809563892
mydata,1,1670809564025,1670809563895
mydata,1,1670809564025,1670809563899
mydata,1,1670809564025,1670809563902
mydata,2,1670809564025,1670809556152
mydata,3,1670809564025,1670809563855
mydata,1,1670809564526,1670809564400
mydata,1,1670809564526,1670809564406
mydata,1,1670809564526,1670809564415
mydata,1,1670809564526,1670809564416
mydata,1,1670809564526,1670809564416
mydata,1,1670809564526,1670809564430
mydata,1,1670809564526,1670809564433
mydata,1,1670809564526,1670809564440
mydata,1,1670809564526,1670809564461
mydata,2,1670809564526,1670809556656
mydata,2,1670809564526,1670809556690
mydata,3,1670809564526,1670809564468
mydata,1,1670809565028,1670809564931
mydata,1,1670809565028,1670809564931
mydata,1,1670809565028,1670809564933
mydata,1,1670809565028,1670809564942
mydata,1,1670809565028,1670809564945
mydata,1,1670809565028,1670809564955
mydata,1,1670809565028,1670809564957
mydata,1,1670809565028,1670809564969
mydata,2,1670809565028,1670809557092
mydata,3,1670809565028,1670809564855
mydata,1,1670809565530,1670809565455
mydata,1,1670809565530,1670809565465
mydata,1,1670809565530,1670809565478
mydata,1,1670809565530,1670809565479
mydata,1,1670809565530,1670809565481
mydata,1,1670809565530,1670809565482
mydata,1,1670809565530,1670809565487
mydata,1,1670809565530,1670809565497
mydata,1,1670809565530,1670809565497
mydata,2,1670809565530,1670809557639
mydata,2,1670809565530,1670809557639
mydata,1,1670809566031,1670809565971
mydata,1,1670809566031,1670809565977
mydata,1,1670809566031,1670809565979
mydata,1,1670809566031,1670809565981
mydata,1,1670809566031,1670809565985
mydata,1,1670809566031,1670809565995
mydata,1,1670809566031,1670809566000
mydata,1,1670809566031,1670809566028
mydata,2,1670809566031,1670809558184
mydata,2,1670809566031,1670809558199
mydata,3,1670809566031,1670809565920
mydata,1,1670809566533,1670809566453
mydata,1,1670809566533,1670809566459
mydata,1,1670809566533,1670809566462
mydata,1,1670809566533,1670809566472
mydata,1,1670809566533,1670809566475
mydata,1,1670809566533,1670809566478
mydata,1,1670809566533,1670809566484
mydata,1,1670809566533,1670809566486
mydata,2,1670809566533,1670809558724
mydata,3,1670809566533,1670809566492
mydata,1,1670809567034,1670809566865
mydata,1,1670809567034,1670809566906
mydata,1,1670809567034,1670809566906
mydata,1,1670809567034,1670809566907
mydata,1,1670809567034,1670809566909
mydata,1,1670809567034,1670809566910
mydata,1,1670809567034,1670809566912
mydata,1,1670809567034,1670809566913
mydata,2,1670809567034,1670809559037
mydata,3,1670809567034,1670809566846
mydata,1,1670809567535,1670809567364
mydata,1,1670809567535,1670809567369
mydata,1,1670809567535,1670809567387
mydata,1,1670809567535,1670809567392
mydata,1,1670809567535,1670809567399
mydata,1,1670809567535,1670809567424
mydata,1,1670809567535,1670809567434
mydata,1,1670809567535,1670809567442
mydata,2,1670809567535,1670809559448
mydata,3,1670809567535,1670809567442
mydata,1,1670809568037,1670809567904
mydata,1,1670809568037,1670809567914
mydata,1,1670809568037,1670809567930
mydata,1,1670809568037,1670809567932
mydata,1,1670809568037,1670809567932
mydata,1,1670809568037,1670809567940
mydata,1,1670809568037,1670809567951
mydata,1,1670809568037,1670809567961
mydata,2,1670809568037,1670809560109
mydata,3,1670809568037,1670809567906
mydata,1,1670809568538,1670809568431
mydata,1,1670809568538,1670809568441
mydata,1,1670809568538,1670809568441
mydata,1,1670809568538,1670809568456
mydata,1,1670809568538,1670809568458
mydata,1,1670809568538,1670809568470
mydata,1,1670809568538,1670809568492
mydata,1,1670809568538,1670809568492
mydata,2,1670809568538,1670809560430
mydata,3,1670809568538,1670809568390
mydata,1,1670809569040,1670809568963
mydata,1,1670809569040,1670809568969
mydata,1,1670809569040,1670809568969
mydata,1,1670809569040,1670809568974
mydata,1,1670809569040,1670809568974
mydata,1,1670809569040,1670809568975
mydata,1,1670809569040,1670809568995
mydata,1,1670809569040,1670809569001
mydata,1,1670809569040,1670809569017
mydata,2,1670809569040,1670809561007
mydata,2,1670809569040,1670809561014
mydata,3,1670809569040,1670809568921
mydata,2,1670809569541,1670809561427
mydata,2,1670809569541,1670809561477
mydata,3,1670809569541,1670809569540
mydata,1,1670809570042,1670809569819
mydata,1,1670809570042,1670809569843
mydata,1,1670809570042,1670809569857
mydata,1,1670809570042,1670809569857
mydata,1,1670809570042,1670809569863
mydata,1,1670809570042,1670809569883
mydata,1,1670809570042,1670809569888
mydata,1,1670809570042,1670809569896
mydata,1,1670809570042,1670809569902
mydata,2,1670809570042,1670809561999
mydata,2,1670809570042,1670809562015
mydata,1,1670809570544,1670809570399
mydata,1,1670809570544,1670809570411
mydata,1,1670809570544,1670809570423
mydata,1,1670809570544,1670809570431
mydata,1,1670809570544,1670809570443
mydata,1,1670809570544,1670809570450
mydata,1,1670809570544,1670809570455
mydata,1,1670809570544,1670809570457
mydata,2,1670809570544,1670809562496
mydata,3,1670809570544,1670809570502
mydata,1,1670809571045,1670809570895
mydata,1,1670809571045,1670809570898
mydata,1,1670809571045,1670809570912
mydata,1,1670809571045,1670809570918
mydata,1,1670809571045,1670809570924
mydata,1,1670809571045,1670809570924
mydata,1,1670809571045,1670809570926
mydata,1,1670809571045,1670809570955
mydata,2,1670809571045,1670809562865
mydata,3,1670809571045,1670809570898
mydata,1,1670809571547,1670809571387
mydata,1,1670809571547,1670809571393
mydata,1,1670809571547,1670809571408
mydata,1,1670809571547,1670809571426
mydata,1,1670809571547,1670809571448
mydata,1,1670809571547,1670809571452
mydata,1,1670809571547,1670809571456
mydata,1,1670809571547,1670809571464
mydata,1,1670809571547,1670809571468
mydata,2,1670809571547,1670809563222
mydata,2,1670809571547,1670809563285
mydata,1,1670809572049,1670809571946
mydata,1,1670809572049,1670809571966
mydata,1,1670809572049,1670809571969
mydata,1,1670809572049,1670809571970
mydata,1,1670809572049,1670809571972
mydata,1,1670809572049,1670809571979
mydata,1,1670809572049,1670809571990
mydata,1,1670809572049,1670809571991
mydata,2,1670809572049,1670809563610
mydata,3,1670809572049,1670809571948
mydata,1,1670809572550,1670809572427
mydata,1,1670809572550,1670809572430
mydata,1,1670809572550,1670809572441
mydata,1,1670809572550,1670809572453
mydata,1,1670809572550,1670809572461
mydata,1,1670809572550,1670809572464
mydata,1,1670809572550,1670809572469
mydata,1,1670809572550,1670809572490
mydata,2,1670809572550,1670809563909
mydata,3,1670809572550,1670809572371
mydata,1,1670809573052,1670809572912
mydata,1,1670809573052,1670809572912
mydata,1,1670809573052,1670809572915
mydata,1,1670809573052,1670809572916
mydata,1,1670809573052,1670809572926
mydata,1,1670809573052,1670809572927
mydata,1,1670809573052,1670809572933
mydata,1,1670809573052,1670809572933
mydata,2,1670809573052,1670809564221
mydata,3,1670809573052,1670809572709
mydata,1,1670809573553,1670809573402
mydata,1,1670809573553,1670809573420
mydata,1,1670809573553,1670809573441
mydata,1,1670809573553,1670809573444
mydata,1,1670809573553,1670809573449
mydata,1,1670809573553,1670809573449
mydata,1,1670809573553,1670809573472
mydata,1,1670809573553,1670809573480
mydata,1,1670809573553,1670809573490
mydata,2,1670809573553,1670809564558
mydata,2,1670809573553,1670809564570
mydata,3,1670809573553,1670809573543
mydata,1,1670809574054,1670809574005
mydata,1,1670809574054,1670809574023
mydata,1,1670809574054,1670809574030
mydata,1,1670809574054,1670809574052
mydata,2,1670809574054,1670809565066
mydata,3,1670809574054,1670809573924
mydata,1,1670809574556,1670809574438
mydata,1,1670809574556,1670809574439
mydata,1,1670809574556,1670809574444
mydata,1,1670809574556,1670809574447
mydata,1,1670809574556,1670809574452
mydata,1,1670809574556,1670809574452
mydata,1,1670809574556,1670809574457
mydata,1,1670809574556,1670809574464
mydata,2,1670809574556,1670809565543
mydata,3,1670809574556,1670809574492
mydata,1,1670809575057,1670809574911
mydata,1,1670809575057,1670809574924
mydata,1,1670809575057,1670809574925
mydata,1,1670809575057,1670809574927
mydata,1,1670809575057,1670809574930
mydata,1,1670809575057,1670809574951
mydata,1,1670809575057,1670809574969
mydata,1,1670809575057,1670809574980
mydata,2,1670809575057,1670809566031
mydata,3,1670809575057,1670809574911
mydata,1,1670809575559,1670809575445
mydata,1,1670809575559,1670809575447
mydata,1,1670809575559,1670809575451
mydata,1,1670809575559,1670809575459
mydata,1,1670809575559,1670809575459
mydata,1,1670809575559,1670809575464
mydata,1,1670809575559,1670809575481
mydata,1,1670809575559,1670809575486
mydata,2,1670809575559,1670809566470
mydata,3,1670809575559,1670809575444
mydata,1,1670809576060,1670809575956
mydata,1,1670809576060,1670809575969
mydata,1,1670809576060,1670809575969
mydata,1,1670809576060,1670809575971
mydata,1,1670809576060,1670809575980
mydata,1,1670809576060,1670809575980
mydata,1,1670809576060,1670809575987
mydata,1,1670809576060,1670809575990
mydata,1,1670809576060,1670809575990
mydata,2,1670809576060,1670809566798
mydata,2,1670809576060,1670809566831
mydata,1,1670809576562,1670809576508
mydata,1,1670809576562,1670809576517
mydata,1,1670809576562,1670809576528
mydata,1,1670809576562,1670809576537
mydata,1,1670809576562,1670809576546
mydata,1,1670809576562,1670809576559
mydata,1,1670809576562,1670809576560
mydata,2,1670809576562,1670809567194
mydata,3,1670809576562,1670809576394
mydata,1,1670809577063,1670809577040
mydata,1,1670809577063,1670809577042
mydata,1,1670809577063,1670809577042
mydata,1,1670809577063,1670809577042
mydata,1,1670809577063,1670809577058
mydata,1,1670809577063,1670809577058
mydata,1,1670809577063,1670809577062
mydata,1,1670809577063,1670809577063
mydata,2,1670809577063,1670809567639
mydata,2,1670809577063,1670809567708
mydata,3,1670809577063,1670809577062
mydata,1,1670809577565,1670809577550
mydata,1,1670809577565,1670809577556
mydata,1,1670809577565,1670809577558
mydata,1,1670809577565,1670809577563
mydata,2,1670809577565,1670809568052
mydata,2,1670809577565,1670809568059
mydata,3,1670809577565,1670809577381
mydata,1,1670809578066,1670809577995
mydata,1,1670809578066,1670809577997
mydata,1,1670809578066,1670809577999
mydata,1,1670809578066,1670809578000
mydata,1,1670809578066,1670809578001
mydata,1,1670809578066,1670809578013
mydata,1,1670809578066,1670809578018
mydata,1,1670809578066,1670809578023
mydata,1,1670809578066,1670809578028
mydata,2,1670809578066,1670809568312
mydata,2,1670809578066,1670809568318
mydata,3,1670809578066,1670809577786
mydata,1,1670809578567,1670809578519
mydata,1,1670809578567,1670809578530
mydata,1,1670809578567,1670809578530
mydata,1,1670809578567,1670809578547
mydata,1,1670809578567,1670809578560
mydata,1,1670809578567,1670809578561
mydata,2,1670809578567,1670809568733
mydata,2,1670809578567,1670809568746
mydata,1,1670809579069,1670809578999
mydata,1,1670809579069,1670809579002
mydata,1,1670809579069,1670809579007
mydata,1,1670809579069,1670809579007
mydata,1,1670809579069,1670809579009
mydata,1,1670809579069,1670809579035
mydata,1,1670809579069,1670809579037
mydata,1,1670809579069,1670809579037
mydata,2,1670809579069,1670809569043
mydata,3,1670809579069,1670809578907
mydata,1,1670809579570,1670809579563
mydata,2,1670809579570,1670809569583
mydata,2,1670809579570,1670809569606
mydata,3,1670809579570,1670809579494
mydata,1,1670809580071,1670809579895
mydata,1,1670809580071,1670809579896
mydata,1,1670809580071,1670809579897
mydata,1,1670809580071,1670809579904
mydata,1,1670809580071,1670809579911
mydata,1,1670809580071,1670809579925
mydata,1,1670809580071,1670809579925
mydata,1,1670809580071,1670809579929
mydata,2,1670809580071,1670809569955
mydata,3,1670809580071,1670809579884
mydata,1,1670809580572,1670809580429
mydata,1,1670809580572,1670809580448
mydata,1,1670809580572,1670809580451
mydata,1,1670809580572,1670809580469
mydata,1,1670809580572,1670809580472
mydata,1,1670809580572,1670809580477
mydata,1,1670809580572,1670809580502
mydata,1,1670809580572,1670809580502
mydata,2,1670809580572,1670809570365
mydata,3,1670809580572,1670809580394
mydata,1,1670809581074,1670809580953
mydata,1,1670809581074,1670809580957
mydata,1,1670809581074,1670809580977
mydata,1,1670809581074,1670809580978
mydata,1,1670809581074,1670809580984
mydata,1,1670809581074,1670809580996
mydata,1,1670809581074,1670809580998
mydata,1,1670809581074,1670809580999
mydata,2,1670809581074,1670809570808
mydata,3,1670809581074,1670809581014
mydata,1,1670809581575,1670809581423
mydata,1,1670809581575,1670809581428
mydata,1,1670809581575,1670809581436
mydata,1,1670809581575,1670809581445
mydata,1,1670809581575,1670809581467
mydata,1,1670809581575,1670809581471
mydata,1,1670809581575,1670809581474
mydata,1,1670809581575,1670809581483
mydata,1,1670809581575,1670809581485
mydata,2,1670809581575,1670809571288
mydata,2,1670809581575,1670809571311
mydata,1,1670809582077,1670809581973
mydata,1,1670809582077,1670809581976
mydata,1,1670809582077,1670809581979
mydata,1,1670809582077,1670809581996
mydata,1,1670809582077,1670809582000
mydata,1,1670809582077,1670809582006
mydata,1,1670809582077,1670809582012
mydata,1,1670809582077,1670809582014
mydata,1,1670809582077,1670809582035
mydata,2,1670809582077,1670809571619
mydata,2,1670809582077,1670809571645
mydata,1,1670809582578,1670809582473
mydata,1,1670809582578,1670809582473
mydata,1,1670809582578,1670809582474
mydata,1,1670809582578,1670809582481
mydata,1,1670809582578,1670809582515
mydata,1,1670809582578,1670809582534
mydata,1,1670809582578,1670809582544
mydata,1,1670809582578,1670809582548
mydata,1,1670809582578,1670809582548
mydata,2,1670809582578,1670809572033
mydata,2,1670809582578,1670809572068
mydata,3,1670809582578,1670809582459
mydata,1,1670809583080,1670809583023
mydata,1,1670809583080,1670809583027
mydata,1,1670809583080,1670809583027
mydata,1,1670809583080,1670809583036
mydata,1,1670809583080,1670809583038
mydata,1,1670809583080,1670809583043
mydata,1,1670809583080,1670809583043
mydata,1,1670809583080,1670809583043
mydata,1,1670809583080,1670809583043
mydata,2,1670809583080,1670809572561
mydata,2,1670809583080,1670809572570
mydata,1,1670809583581,1670809583518
mydata,1,1670809583581,1670809583524
mydata,1,1670809583581,1670809583541
mydata,1,1670809583581,1670809583541
mydata,1,1670809583581,1670809583548
mydata,1,1670809583581,1670809583551
mydata,1,1670809583581,1670809583551
mydata,1,1670809583581,1670809583551
mydata,2,1670809583581,1670809572836
mydata,3,1670809583581,1670809583471
mydata,1,1670809584083,1670809583994
mydata,1,1670809584083,1670809584000
mydata,1,1670809584083,1670809584008
mydata,1,1670809584083,1670809584013
mydata,1,1670809584083,1670809584033
mydata,1,1670809584083,1670809584044
mydata,1,1670809584083,1670809584048
mydata,1,1670809584083,1670809584051
mydata,1,1670809584083,1670809584057
mydata,2,1670809584083,1670809573281
mydata,2,1670809584083,1670809573288
mydata,3,1670809584083,1670809583937
mydata,1,1670809584584,1670809584552
mydata,1,1670809584584,1670809584559
mydata,1,1670809584584,1670809584561
mydata,1,1670809584584,1670809584562
mydata,1,1670809584584,1670809584562
mydata,1,1670809584584,1670809584563
mydata,2,1670809584584,1670809573633
mydata,3,1670809584584,1670809584552
mydata,1,1670809585085,1670809585050
mydata,1,1670809585085,1670809585050
mydata,1,1670809585085,1670809585053
mydata,1,1670809585085,1670809585062
mydata,1,1670809585085,1670809585070
mydata,1,1670809585085,1670809585074
mydata,1,1670809585085,1670809585079
mydata,2,1670809585085,1670809574287
mydata,3,1670809585085,1670809584908
mydata,1,1670809585587,1670809585568
mydata,1,1670809585587,1670809585568
mydata,1,1670809585587,1670809585574
mydata,1,1670809585587,1670809585576
mydata,2,1670809585587,1670809574586
mydata,3,1670809585587,1670809585512
mydata,2,1670809586088,1670809574875
mydata,2,1670809586088,1670809574918
mydata,3,1670809586088,1670809586006
