mydata,1,1670809504853,1670809499145
mydata,1,1670809504853,1670809499148
mydata,1,1670809504853,1670809499158
mydata,1,1670809504853,1670809499161
mydata,1,1670809504853,1670809499172
mydata,1,1670809504853,1670809499224
mydata,1,1670809504853,1670809499224
mydata,1,1670809504853,1670809499242
mydata,2,1670809504853,1670809499158
mydata,3,1670809504853,1670809499250
mydata,1,1670809505354,1670809499492
mydata,1,1670809505354,1670809499492
mydata,1,1670809505354,1670809499499
mydata,1,1670809505354,1670809499499
mydata,1,1670809505354,1670809499499
mydata,1,1670809505354,1670809499515
mydata,1,1670809505354,1670809499515
mydata,1,1670809505354,1670809499543
mydata,2,1670809505354,1670809499178
mydata,3,1670809505354,1670809499576
mydata,1,1670809505856,1670809499740
mydata,1,1670809505856,1670809499748
mydata,1,1670809505856,1670809499755
mydata,1,1670809505856,1670809499761
mydata,1,1670809505856,1670809499764
mydata,1,1670809505856,1670809499772
mydata,1,1670809505856,1670809499774
mydata,1,1670809505856,1670809499777
mydata,2,1670809505856,1670809499224
mydata,3,1670809505856,1670809499809
mydata,1,1670809506357,1670809499947
mydata,1,1670809506357,1670809499962
mydata,1,1670809506357,1670809499969
mydata,1,1670809506357,1670809499975
mydata,1,1670809506357,1670809499983
mydata,1,1670809506357,1670809499984
mydata,1,1670809506357,1670809499998
mydata,1,1670809506357,1670809500006
mydata,2,1670809506357,1670809499374
mydata,3,1670809506357,1670809499972
mydata,1,1670809506859,1670809500452
mydata,1,1670809506859,1670809500456
mydata,1,1670809506859,1670809500456
mydata,1,1670809506859,1670809500456
mydata,1,1670809506859,1670809500464
mydata,1,1670809506859,1670809500491
mydata,1,1670809506859,1670809500501
mydata,1,1670809506859,1670809500502
mydata,2,1670809506859,1670809499618
mydata,3,1670809506859,1670809500245
mydata,1,1670809507360,1670809500921
mydata,1,1670809507360,1670809500929
mydata,1,1670809507360,1670809500930
mydata,1,1670809507360,1670809500936
mydata,1,1670809507360,1670809500952
mydata,1,1670809507360,1670809500997
mydata,1,1670809507360,1670809501000
mydata,1,1670809507360,1670809501022
mydata,2,1670809507360,1670809499713
mydata,3,1670809507360,1670809500745
mydata,1,1670809507861,1670809501488
mydata,1,1670809507861,1670809501493
mydata,1,1670809507861,1670809501502
mydata,1,1670809507861,1670809501502
mydata,1,1670809507861,1670809501509
mydata,1,1670809507861,1670809501512
mydata,1,1670809507861,1670809501514
mydata,1,1670809507861,1670809501523
mydata,2,1670809507861,1670809499894
mydata,3,1670809507861,1670809500991
mydata,1,1670809508362,1670809502133
mydata,1,1670809508362,1670809502134
mydata,1,1670809508362,1670809502134
mydata,1,1670809508362,1670809502136
mydata,1,1670809508362,1670809502136
mydata,1,1670809508362,1670809502141
mydata,1,1670809508362,1670809502146
mydata,1,1670809508362,1670809502170
mydata,2,1670809508362,1670809500213
mydata,3,1670809508362,1670809501738
mydata,1,1670809508864,1670809502908
mydata,1,1670809508864,1670809502918
mydata,1,1670809508864,1670809502924
mydata,1,1670809508864,1670809502932
mydata,1,1670809508864,1670809502938
mydata,1,1670809508864,1670809502944
mydata,1,1670809508864,1670809502954
mydata,1,1670809508864,1670809502967
mydata,2,1670809508864,1670809500538
mydata,3,1670809508864,1670809502737
mydata,1,1670809509365,1670809503652
mydata,1,1670809509365,1670809503659
mydata,1,1670809509365,1670809503666
mydata,1,1670809509365,1670809503669
mydata,1,1670809509365,1670809503669
mydata,1,1670809509365,1670809503689
mydata,1,1670809509365,1670809503694
mydata,1,1670809509365,1670809503701
mydata,2,1670809509365,1670809501054
mydata,3,1670809509365,1670809503061
mydata,1,1670809509866,1670809504374
mydata,1,1670809509866,1670809504382
mydata,1,1670809509866,1670809504382
mydata,1,1670809509866,1670809504398
mydata,1,1670809509866,1670809504398
mydata,1,1670809509866,1670809504405
mydata,1,1670809509866,1670809504405
mydata,1,1670809509866,1670809504414
mydata,2,1670809509866,1670809501418
mydata,3,1670809509866,1670809503801
mydata,1,1670809510368,1670809505122
mydata,1,1670809510368,1670809505136
mydata,1,1670809510368,1670809505147
mydata,1,1670809510368,1670809505153
mydata,1,1670809510368,1670809505158
mydata,1,1670809510368,1670809505162
mydata,1,1670809510368,1670809505183
mydata,1,1670809510368,1670809505190
mydata,2,1670809510368,1670809501687
mydata,3,1670809510368,1670809504725
mydata,1,1670809510870,1670809505910
mydata,1,1670809510870,1670809505918
mydata,1,1670809510870,1670809505920
mydata,1,1670809510870,1670809505920
mydata,1,1670809510870,1670809505936
mydata,1,1670809510870,1670809505948
mydata,1,1670809510870,1670809505948
mydata,1,1670809510870,1670809505973
mydata,2,1670809510870,1670809501971
mydata,3,1670809510870,1670809505475
mydata,1,1670809511371,1670809506783
mydata,1,1670809511371,1670809506788
mydata,1,1670809511371,1670809506796
mydata,1,1670809511371,1670809506800
mydata,1,1670809511371,1670809506803
mydata,1,1670809511371,1670809506804
mydata,1,1670809511371,1670809506814
mydata,1,1670809511371,1670809506820
mydata,2,1670809511371,1670809502270
mydata,3,1670809511371,1670809506318
mydata,1,1670809511873,1670809507534
mydata,1,1670809511873,1670809507539
mydata,1,1670809511873,1670809507543
mydata,1,1670809511873,1670809507545
mydata,1,1670809511873,1670809507545
mydata,1,1670809511873,1670809507562
mydata,1,1670809511873,1670809507572
mydata,1,1670809511873,1670809507578
mydata,2,1670809511873,1670809502602
mydata,3,1670809511873,1670809507374
mydata,1,1670809512374,1670809508259
mydata,1,1670809512374,1670809508259
mydata,1,1670809512374,1670809508266
mydata,1,1670809512374,1670809508272
mydata,1,1670809512374,1670809508273
mydata,1,1670809512374,1670809508275
mydata,1,1670809512374,1670809508282
mydata,1,1670809512374,1670809508284
mydata,2,1670809512374,1670809503013
mydata,3,1670809512374,1670809508533
mydata,1,1670809512876,1670809508948
mydata,1,1670809512876,1670809508954
mydata,1,1670809512876,1670809508954
mydata,1,1670809512876,1670809508959
mydata,1,1670809512876,1670809508960
mydata,1,1670809512876,1670809508964
mydata,1,1670809512876,1670809508969
mydata,2,1670809512876,1670809503903
mydata,2,1670809512876,1670809503994
mydata,2,1670809512876,1670809503999
mydata,2,1670809512876,1670809504013
mydata,3,1670809512876,1670809509426
mydata,1,1670809513377,1670809509568
mydata,1,1670809513377,1670809509578
mydata,1,1670809513377,1670809509610
mydata,1,1670809513377,1670809509613
mydata,1,1670809513377,1670809509615
mydata,1,1670809513377,1670809509616
mydata,1,1670809513377,1670809509618
mydata,2,1670809513377,1670809504770
mydata,2,1670809513377,1670809504782
mydata,2,1670809513377,1670809504792
mydata,3,1670809513377,1670809510056
mydata,1,1670809513879,1670809510351
mydata,1,1670809513879,1670809510356
mydata,1,1670809513879,1670809510356
mydata,1,1670809513879,1670809510357
mydata,1,1670809513879,1670809510365
mydata,1,1670809513879,1670809510395
mydata,1,1670809513879,1670809510401
mydata,2,1670809513879,1670809505598
mydata,2,1670809513879,1670809505644
mydata,2,1670809513879,1670809505649
mydata,3,1670809513879,1670809510601
mydata,1,1670809514380,1670809510988
mydata,1,1670809514380,1670809510999
mydata,1,1670809514380,1670809511004
mydata,1,1670809514380,1670809511008
mydata,1,1670809514380,1670809511034
mydata,1,1670809514380,1670809511038
mydata,1,1670809514380,1670809511058
mydata,2,1670809514380,1670809506317
mydata,2,1670809514380,1670809506321
mydata,2,1670809514380,1670809506341
mydata,3,1670809514380,1670809511425
mydata,1,1670809514882,1670809511764
mydata,1,1670809514882,1670809511768
mydata,1,1670809514882,1670809511776
mydata,1,1670809514882,1670809511776
mydata,1,1670809514882,1670809511778
mydata,1,1670809514882,1670809511783
mydata,1,1670809514882,1670809511800
mydata,2,1670809514882,1670809507035
mydata,2,1670809514882,1670809507053
mydata,2,1670809514882,1670809507065
mydata,3,1670809514882,1670809512167
mydata,1,1670809515384,1670809512387
mydata,1,1670809515384,1670809512397
mydata,1,1670809515384,1670809512410
mydata,1,1670809515384,1670809512412
mydata,1,1670809515384,1670809512424
mydata,1,1670809515384,1670809512436
mydata,1,1670809515384,1670809512438
mydata,2,1670809515384,1670809508072
mydata,2,1670809515384,1670809508108
mydata,2,1670809515384,1670809508119
mydata,3,1670809515384,1670809512712
mydata,1,1670809515885,1670809512984
mydata,1,1670809515885,1670809512987
mydata,1,1670809515885,1670809512993
mydata,1,1670809515885,1670809512999
mydata,1,1670809515885,1670809512999
mydata,1,1670809515885,1670809513012
mydata,1,1670809515885,1670809513022
mydata,2,1670809515885,1670809509116
mydata,2,1670809515885,1670809509123
mydata,2,1670809515885,1670809509131
mydata,3,1670809515885,1670809513413
mydata,1,1670809516387,1670809513660
mydata,1,1670809516387,1670809513674
mydata,1,1670809516387,1670809513675
mydata,1,1670809516387,1670809513688
mydata,1,1670809516387,1670809513699
mydata,1,1670809516387,1670809513701
mydata,1,1670809516387,1670809513705
mydata,2,1670809516387,1670809509823
mydata,2,1670809516387,1670809509823
mydata,2,1670809516387,1670809509873
mydata,3,1670809516387,1670809513993
mydata,1,1670809516888,1670809514364
mydata,1,1670809516888,1670809514367
mydata,1,1670809516888,1670809514374
mydata,1,1670809516888,1670809514376
mydata,1,1670809516888,1670809514379
mydata,1,1670809516888,1670809514379
mydata,1,1670809516888,1670809514386
mydata,1,1670809516888,1670809514388
mydata,1,1670809516888,1670809514391
mydata,1,1670809516888,1670809514398
mydata,3,1670809516888,1670809514656
mydata,1,1670809517390,1670809515097
mydata,1,1670809517390,1670809515108
mydata,1,1670809517390,1670809515109
mydata,1,1670809517390,1670809515121
mydata,1,1670809517390,1670809515132
mydata,1,1670809517390,1670809515136
mydata,1,1670809517390,1670809515156
mydata,2,1670809517390,1670809511032
mydata,2,1670809517390,1670809511058
mydata,2,1670809517390,1670809511060
mydata,3,1670809517390,1670809515270
mydata,1,1670809517891,1670809515809
mydata,1,1670809517891,1670809515821
mydata,1,1670809517891,1670809515825
mydata,1,1670809517891,1670809515825
mydata,1,1670809517891,1670809515825
mydata,1,1670809517891,1670809515841
mydata,1,1670809517891,1670809515848
mydata,2,1670809517891,1670809511678
mydata,2,1670809517891,1670809511680
mydata,2,1670809517891,1670809511683
mydata,3,1670809517891,1670809516009
mydata,1,1670809518393,1670809516408
mydata,1,1670809518393,1670809516408
mydata,1,1670809518393,1670809516423
mydata,1,1670809518393,1670809516431
mydata,1,1670809518393,1670809516454
mydata,1,1670809518393,1670809516459
mydata,1,1670809518393,1670809516470
mydata,2,1670809518393,1670809512410
mydata,2,1670809518393,1670809512414
mydata,2,1670809518393,1670809512454
mydata,3,1670809518393,1670809516697
mydata,1,1670809518894,1670809517059
mydata,1,1670809518894,1670809517065
mydata,1,1670809518894,1670809517079
mydata,1,1670809518894,1670809517087
mydata,1,1670809518894,1670809517092
mydata,1,1670809518894,1670809517092
mydata,1,1670809518894,1670809517096
mydata,2,1670809518894,1670809513239
mydata,2,1670809518894,1670809513273
mydata,2,1670809518894,1670809513289
mydata,3,1670809518894,1670809517632
mydata,1,1670809519396,1670809517715
mydata,1,1670809519396,1670809517721
mydata,1,1670809519396,1670809517749
mydata,1,1670809519396,1670809517755
mydata,1,1670809519396,1670809517773
mydata,1,1670809519396,1670809517776
mydata,1,1670809519396,1670809517787
mydata,1,1670809519396,1670809517789
mydata,1,1670809519396,1670809517789
mydata,1,1670809519396,1670809517789
mydata,3,1670809519396,1670809518228
mydata,1,1670809519897,1670809518393
mydata,1,1670809519897,1670809518410
mydata,1,1670809519897,1670809518415
mydata,1,1670809519897,1670809518424
mydata,1,1670809519897,1670809518425
mydata,1,1670809519897,1670809518434
mydata,1,1670809519897,1670809518443
mydata,2,1670809519897,1670809514808
mydata,2,1670809519897,1670809514815
mydata,2,1670809519897,1670809514867
mydata,3,1670809519897,1670809518800
mydata,1,1670809520399,1670809519121
mydata,1,1670809520399,1670809519123
mydata,1,1670809520399,1670809519131
mydata,1,1670809520399,1670809519133
mydata,1,1670809520399,1670809519137
mydata,1,1670809520399,1670809519137
mydata,1,1670809520399,1670809519137
mydata,2,1670809520399,1670809515755
mydata,2,1670809520399,1670809515757
mydata,2,1670809520399,1670809515789
mydata,3,1670809520399,1670809519792
mydata,1,1670809520900,1670809519694
mydata,1,1670809520900,1670809519696
mydata,1,1670809520900,1670809519699
mydata,1,1670809520900,1670809519703
mydata,1,1670809520900,1670809519710
mydata,1,1670809520900,1670809519719
mydata,1,1670809520900,1670809519748
mydata,1,1670809520900,1670809519751
mydata,1,1670809520900,1670809519756
mydata,2,1670809520900,1670809516460
mydata,3,1670809520900,1670809520323
mydata,1,1670809521402,1670809520287
mydata,1,1670809521402,1670809520291
mydata,1,1670809521402,1670809520295
mydata,1,1670809521402,1670809520303
mydata,1,1670809521402,1670809520308
mydata,1,1670809521402,1670809520316
mydata,1,1670809521402,1670809520318
mydata,2,1670809521402,1670809517098
mydata,2,1670809521402,1670809517152
mydata,2,1670809521402,1670809517211
mydata,3,1670809521402,1670809520981
mydata,1,1670809521904,1670809521027
mydata,1,1670809521904,1670809521064
mydata,1,1670809521904,1670809521065
mydata,1,1670809521904,1670809521070
mydata,1,1670809521904,1670809521075
mydata,1,1670809521904,1670809521077
mydata,1,1670809521904,1670809521105
mydata,1,1670809521904,1670809521106
mydata,1,1670809521904,1670809521113
mydata,2,1670809521904,1670809517506
mydata,3,1670809521904,1670809521754
mydata,1,1670809522405,1670809521845
mydata,1,1670809522405,1670809521856
mydata,1,1670809522405,1670809521864
mydata,1,1670809522405,1670809521890
mydata,1,1670809522405,1670809521890
mydata,1,1670809522405,1670809521909
mydata,1,1670809522405,1670809521931
mydata,2,1670809522405,1670809517874
mydata,2,1670809522405,1670809517903
mydata,2,1670809522405,1670809517954
mydata,1,1670809522906,1670809522545
mydata,1,1670809522906,1670809522545
mydata,1,1670809522906,1670809522558
mydata,1,1670809522906,1670809522563
mydata,1,1670809522906,1670809522572
mydata,1,1670809522906,1670809522580
mydata,1,1670809522906,1670809522583
mydata,2,1670809522906,1670809518603
mydata,2,1670809522906,1670809518665
mydata,2,1670809522906,1670809518702
mydata,3,1670809522906,1670809522771
mydata,1,1670809523408,1670809523249
mydata,1,1670809523408,1670809523249
mydata,1,1670809523408,1670809523259
mydata,1,1670809523408,1670809523265
mydata,1,1670809523408,1670809523266
mydata,1,1670809523408,1670809523269
mydata,1,1670809523408,1670809523270
mydata,2,1670809523408,1670809519599
mydata,2,1670809523408,1670809519672
mydata,2,1670809523408,1670809519675
mydata,3,1670809523408,1670809523175
mydata,1,1670809523909,1670809523795
mydata,1,1670809523909,1670809523797
mydata,1,1670809523909,1670809523805
mydata,1,1670809523909,1670809523810
mydata,1,1670809523909,1670809523810
mydata,1,1670809523909,1670809523831
mydata,1,1670809523909,1670809523852
mydata,2,1670809523909,1670809520146
mydata,2,1670809523909,1670809520150
mydata,2,1670809523909,1670809520214
mydata,2,1670809524411,1670809521014
mydata,1,1670809524911,1670809524742
mydata,1,1670809524911,1670809524742
mydata,1,1670809524911,1670809524764
mydata,1,1670809524911,1670809524771
mydata,1,1670809524911,1670809524777
mydata,1,1670809524911,1670809524780
mydata,1,1670809524911,1670809524797
mydata,2,1670809524911,1670809521442
mydata,2,1670809524911,1670809521468
mydata,2,1670809524911,1670809521644
mydata,3,1670809524911,1670809524780
mydata,1,1670809525413,1670809525243
mydata,1,1670809525413,1670809525253
mydata,1,1670809525413,1670809525255
mydata,1,1670809525413,1670809525280
mydata,1,1670809525413,1670809525281
mydata,1,1670809525413,1670809525285
mydata,1,1670809525413,1670809525290
mydata,2,1670809525413,1670809522345
mydata,2,1670809525413,1670809522351
mydata,2,1670809525413,1670809522370
mydata,3,1670809525413,1670809525258
mydata,1,1670809525915,1670809525809
mydata,1,1670809525915,1670809525827
mydata,1,1670809525915,1670809525834
mydata,1,1670809525915,1670809525838
mydata,1,1670809525915,1670809525840
mydata,1,1670809525915,1670809525854
mydata,1,1670809525915,1670809525854
mydata,1,1670809525915,1670809525859
mydata,2,1670809525915,1670809522941
mydata,2,1670809525915,1670809522957
mydata,3,1670809525915,1670809525882
mydata,1,1670809526417,1670809526354
mydata,1,1670809526417,1670809526357
mydata,1,1670809526417,1670809526362
mydata,1,1670809526417,1670809526367
mydata,1,1670809526417,1670809526368
mydata,1,1670809526417,1670809526370
mydata,1,1670809526417,1670809526380
mydata,1,1670809526417,1670809526383
mydata,2,1670809526417,1670809523440
mydata,2,1670809526417,1670809523496
mydata,1,1670809526918,1670809526796
mydata,1,1670809526918,1670809526808
mydata,1,1670809526918,1670809526812
mydata,1,1670809526918,1670809526831
mydata,1,1670809526918,1670809526837
mydata,1,1670809526918,1670809526854
mydata,1,1670809526918,1670809526854
mydata,2,1670809526918,1670809523888
mydata,2,1670809526918,1670809523909
mydata,3,1670809526918,1670809526831
mydata,3,1670809526918,1670809526882
mydata,1,1670809527420,1670809527335
mydata,1,1670809527420,1670809527352
mydata,1,1670809527420,1670809527356
mydata,1,1670809527420,1670809527357
mydata,1,1670809527420,1670809527362
mydata,1,1670809527420,1670809527368
mydata,1,1670809527420,1670809527374
mydata,1,1670809527420,1670809527374
mydata,2,1670809527420,1670809524384
mydata,2,1670809527420,1670809524416
mydata,1,1670809527921,1670809527917
mydata,1,1670809527921,1670809527917
mydata,2,1670809527921,1670809525150
mydata,2,1670809527921,1670809525163
mydata,3,1670809527921,1670809527865
mydata,1,1670809528422,1670809528212
mydata,1,1670809528422,1670809528213
mydata,1,1670809528422,1670809528225
mydata,1,1670809528422,1670809528225
mydata,1,1670809528422,1670809528236
mydata,1,1670809528422,1670809528250
mydata,1,1670809528422,1670809528259
mydata,1,1670809528422,1670809528260
mydata,2,1670809528422,1670809525698
mydata,3,1670809528422,1670809528245
mydata,1,1670809528923,1670809528713
mydata,1,1670809528923,1670809528722
mydata,1,1670809528923,1670809528722
mydata,1,1670809528923,1670809528722
mydata,1,1670809528923,1670809528755
mydata,1,1670809528923,1670809528774
mydata,1,1670809528923,1670809528787
mydata,1,1670809528923,1670809528801
mydata,2,1670809528923,1670809526121
mydata,3,1670809528923,1670809528827
mydata,1,1670809529425,1670809529214
mydata,1,1670809529425,1670809529214
mydata,1,1670809529425,1670809529214
mydata,1,1670809529425,1670809529217
mydata,1,1670809529425,1670809529231
mydata,1,1670809529425,1670809529249
mydata,1,1670809529425,1670809529262
mydata,1,1670809529425,1670809529278
mydata,1,1670809529425,1670809529296
mydata,2,1670809529425,1670809526738
mydata,2,1670809529425,1670809526790
mydata,3,1670809529425,1670809529326
mydata,1,1670809529927,1670809529716
mydata,1,1670809529927,1670809529731
mydata,1,1670809529927,1670809529732
mydata,1,1670809529927,1670809529740
mydata,1,1670809529927,1670809529753
mydata,1,1670809529927,1670809529768
mydata,1,1670809529927,1670809529775
mydata,1,1670809529927,1670809529792
mydata,2,1670809529927,1670809527126
mydata,3,1670809529927,1670809529741
mydata,1,1670809530428,1670809530219
mydata,1,1670809530428,1670809530228
mydata,1,1670809530428,1670809530232
mydata,1,1670809530428,1670809530232
mydata,1,1670809530428,1670809530249
mydata,1,1670809530428,1670809530252
mydata,1,1670809530428,1670809530252
mydata,1,1670809530428,1670809530257
mydata,2,1670809530428,1670809527700
mydata,3,1670809530428,1670809530342
mydata,1,1670809530929,1670809530723
mydata,1,1670809530929,1670809530724
mydata,1,1670809530929,1670809530740
mydata,1,1670809530929,1670809530743
mydata,1,1670809530929,1670809530749
mydata,1,1670809530929,1670809530751
mydata,1,1670809530929,1670809530754
mydata,1,1670809530929,1670809530755
mydata,2,1670809530929,1670809527940
mydata,3,1670809530929,1670809530772
mydata,1,1670809531431,1670809531219
mydata,1,1670809531431,1670809531230
mydata,1,1670809531431,1670809531231
mydata,1,1670809531431,1670809531249
mydata,1,1670809531431,1670809531285
mydata,1,1670809531431,1670809531285
mydata,1,1670809531431,1670809531296
mydata,1,1670809531431,1670809531304
mydata,2,1670809531431,1670809528407
mydata,3,1670809531431,1670809531311
mydata,1,1670809531933,1670809531793
mydata,1,1670809531933,1670809531808
mydata,1,1670809531933,1670809531808
mydata,1,1670809531933,1670809531825
mydata,1,1670809531933,1670809531835
mydata,1,1670809531933,1670809531841
mydata,1,1670809531933,1670809531849
mydata,1,1670809531933,1670809531851
mydata,2,1670809531933,1670809529204
mydata,3,1670809531933,1670809531762
mydata,1,1670809532434,1670809532351
mydata,1,1670809532434,1670809532354
mydata,1,1670809532434,1670809532354
mydata,1,1670809532434,1670809532372
mydata,1,1670809532434,1670809532373
mydata,1,1670809532434,1670809532407
mydata,1,1670809532434,1670809532408
mydata,1,1670809532434,1670809532412
mydata,2,1670809532434,1670809529477
mydata,3,1670809532434,1670809532354
mydata,1,1670809532936,1670809532848
mydata,1,1670809532936,1670809532849
mydata,1,1670809532936,1670809532850
mydata,1,1670809532936,1670809532851
mydata,1,1670809532936,1670809532865
mydata,1,1670809532936,1670809532868
mydata,1,1670809532936,1670809532869
mydata,1,1670809532936,1670809532871
mydata,1,1670809532936,1670809532884
mydata,2,1670809532936,1670809530005
mydata,2,1670809532936,1670809530048
mydata,1,1670809533437,1670809533423
mydata,1,1670809533437,1670809533424
mydata,1,1670809533437,1670809533436
mydata,2,1670809533437,1670809530339
mydata,3,1670809533437,1670809533378
mydata,1,1670809533938,1670809533796
mydata,1,1670809533938,1670809533796
mydata,1,1670809533938,1670809533805
mydata,1,1670809533938,1670809533828
mydata,1,1670809533938,1670809533830
mydata,1,1670809533938,1670809533832
mydata,1,1670809533938,1670809533846
mydata,1,1670809533938,1670809533854
mydata,2,1670809533938,1670809530704
mydata,3,1670809533938,1670809533702
mydata,1,1670809534440,1670809534370
mydata,1,1670809534440,1670809534371
mydata,1,1670809534440,1670809534390
mydata,1,1670809534440,1670809534399
mydata,1,1670809534440,1670809534429
mydata,1,1670809534440,1670809534432
mydata,1,1670809534440,1670809534436
mydata,1,1670809534440,1670809534436
mydata,2,1670809534440,1670809531229
mydata,2,1670809534440,1670809531247
mydata,1,1670809534942,1670809534938
mydata,2,1670809534942,1670809531604
mydata,3,1670809534942,1670809534847
mydata,1,1670809535443,1670809535363
mydata,1,1670809535443,1670809535371
mydata,1,1670809535443,1670809535384
mydata,1,1670809535443,1670809535388
mydata,1,1670809535443,1670809535389
mydata,1,1670809535443,1670809535391
mydata,1,1670809535443,1670809535410
mydata,1,1670809535443,1670809535421
mydata,2,1670809535443,1670809531987
mydata,3,1670809535443,1670809535389
mydata,2,1670809535944,1670809532374
mydata,2,1670809535944,1670809532403
mydata,3,1670809535944,1670809535823
mydata,3,1670809535944,1670809535860
mydata,1,1670809536446,1670809536348
mydata,1,1670809536446,1670809536366
mydata,1,1670809536446,1670809536377
mydata,1,1670809536446,1670809536386
mydata,1,1670809536446,1670809536387
mydata,1,1670809536446,1670809536389
mydata,1,1670809536446,1670809536396
mydata,1,1670809536446,1670809536402
mydata,2,1670809536446,1670809532791
mydata,3,1670809536446,1670809536441
mydata,1,1670809536947,1670809536847
mydata,1,1670809536947,1670809536853
mydata,1,1670809536947,1670809536856
mydata,1,1670809536947,1670809536863
mydata,1,1670809536947,1670809536863
mydata,1,1670809536947,1670809536881
mydata,1,1670809536947,1670809536925
mydata,1,1670809536947,1670809536926
mydata,2,1670809536947,1670809533282
mydata,3,1670809536947,1670809536801
mydata,1,1670809537449,1670809537389
mydata,1,1670809537449,1670809537396
mydata,1,1670809537449,1670809537397
mydata,1,1670809537449,1670809537407
mydata,1,1670809537449,1670809537410
mydata,1,1670809537449,1670809537410
mydata,1,1670809537449,1670809537410
mydata,1,1670809537449,1670809537417
mydata,1,1670809537449,1670809537422
mydata,2,1670809537449,1670809533750
mydata,2,1670809537449,1670809533763
mydata,3,1670809537449,1670809537384
mydata,1,1670809537951,1670809537909
mydata,1,1670809537951,1670809537914
mydata,1,1670809537951,1670809537915
mydata,1,1670809537951,1670809537921
mydata,1,1670809537951,1670809537927
mydata,1,1670809537951,1670809537936
mydata,1,1670809537951,1670809537936
mydata,1,1670809537951,1670809537939
mydata,2,1670809537951,1670809534446
mydata,2,1670809537951,1670809534455
mydata,1,1670809538452,1670809538412
mydata,1,1670809538452,1670809538416
mydata,1,1670809538452,1670809538428
mydata,1,1670809538452,1670809538431
mydata,1,1670809538452,1670809538432
mydata,1,1670809538452,1670809538437
mydata,1,1670809538452,1670809538437
mydata,1,1670809538452,1670809538437
mydata,1,1670809538452,1670809538441
mydata,2,1670809538452,1670809535017
mydata,2,1670809538452,1670809535033
mydata,1,1670809538954,1670809538936
mydata,1,1670809538954,1670809538942
mydata,1,1670809538954,1670809538952
mydata,2,1670809538954,1670809535698
mydata,2,1670809538954,1670809535732
mydata,1,1670809539455,1670809539327
mydata,1,1670809539455,1670809539329
mydata,1,1670809539455,1670809539336
mydata,1,1670809539455,1670809539339
mydata,1,1670809539455,1670809539350
mydata,1,1670809539455,1670809539353
mydata,1,1670809539455,1670809539366
mydata,1,1670809539455,1670809539376
mydata,2,1670809539455,1670809536095
mydata,3,1670809539455,1670809539342
mydata,1,1670809539957,1670809539955
mydata,1,1670809539957,1670809539955
mydata,2,1670809539957,1670809536545
mydata,3,1670809539957,1670809539829
mydata,1,1670809540458,1670809540323
mydata,1,1670809540458,1670809540327
mydata,1,1670809540458,1670809540327
mydata,1,1670809540458,1670809540330
mydata,1,1670809540458,1670809540330
mydata,1,1670809540458,1670809540333
mydata,1,1670809540458,1670809540333
mydata,1,1670809540458,1670809540339
mydata,2,1670809540458,1670809537054
mydata,3,1670809540458,1670809540322
mydata,1,1670809540959,1670809540807
mydata,1,1670809540959,1670809540816
mydata,1,1670809540959,1670809540824
mydata,1,1670809540959,1670809540833
mydata,1,1670809540959,1670809540852
mydata,1,1670809540959,1670809540857
mydata,1,1670809540959,1670809540857
mydata,1,1670809540959,1670809540860
mydata,1,1670809540959,1670809540862
mydata,2,1670809540959,1670809537480
mydata,2,1670809540959,1670809537490
mydata,3,1670809540959,1670809540857
mydata,1,1670809541461,1670809541311
mydata,1,1670809541461,1670809541328
mydata,1,1670809541461,1670809541336
mydata,1,1670809541461,1670809541343
mydata,1,1670809541461,1670809541355
mydata,1,1670809541461,1670809541359
mydata,1,1670809541461,1670809541365
mydata,1,1670809541461,1670809541372
mydata,2,1670809541461,1670809537859
mydata,3,1670809541461,1670809541295
mydata,1,1670809541963,1670809541873
mydata,1,1670809541963,1670809541873
mydata,1,1670809541963,1670809541884
mydata,1,1670809541963,1670809541891
mydata,1,1670809541963,1670809541892
mydata,1,1670809541963,1670809541897
mydata,1,1670809541963,1670809541901
mydata,1,1670809541963,1670809541910
mydata,1,1670809541963,1670809541911
mydata,2,1670809541963,1670809538227
mydata,2,1670809541963,1670809538258
mydata,3,1670809541963,1670809541916
mydata,1,1670809542464,1670809542373
mydata,1,1670809542464,1670809542373
mydata,1,1670809542464,1670809542390
mydata,1,1670809542464,1670809542390
mydata,1,1670809542464,1670809542391
mydata,1,1670809542464,1670809542397
mydata,1,1670809542464,1670809542408
mydata,1,1670809542464,1670809542419
mydata,2,1670809542464,1670809538589
mydata,3,1670809542464,1670809542411
mydata,1,1670809542966,1670809542940
mydata,1,1670809542966,1670809542949
mydata,1,1670809542966,1670809542960
mydata,1,1670809542966,1670809542960
mydata,1,1670809542966,1670809542964
mydata,2,1670809542966,1670809539015
mydata,3,1670809542966,1670809542960
mydata,1,1670809543467,1670809543379
mydata,1,1670809543467,1670809543437
mydata,1,1670809543467,1670809543441
mydata,1,1670809543467,1670809543465
mydata,1,1670809543467,1670809543465
mydata,2,1670809543467,1670809539450
mydata,3,1670809543467,1670809543322
mydata,1,1670809543968,1670809543845
mydata,1,1670809543968,1670809543859
mydata,1,1670809543968,1670809543860
mydata,1,1670809543968,1670809543864
mydata,1,1670809543968,1670809543867
mydata,1,1670809543968,1670809543868
mydata,1,1670809543968,1670809543870
mydata,1,1670809543968,1670809543887
mydata,2,1670809543968,1670809539784
mydata,3,1670809543968,1670809543817
mydata,1,1670809544469,1670809544283
mydata,1,1670809544469,1670809544288
mydata,1,1670809544469,1670809544289
mydata,1,1670809544469,1670809544310
mydata,1,1670809544469,1670809544318
mydata,1,1670809544469,1670809544318
mydata,1,1670809544469,1670809544322
mydata,1,1670809544469,1670809544323
mydata,2,1670809544469,1670809540045
mydata,3,1670809544469,1670809544319
mydata,1,1670809544971,1670809544805
mydata,1,1670809544971,1670809544805
mydata,1,1670809544971,1670809544818
mydata,1,1670809544971,1670809544826
mydata,1,1670809544971,1670809544827
mydata,1,1670809544971,1670809544828
mydata,1,1670809544971,1670809544841
mydata,1,1670809544971,1670809544852
mydata,2,1670809544971,1670809540331
mydata,3,1670809544971,1670809544767
mydata,1,1670809545472,1670809545353
mydata,1,1670809545472,1670809545355
mydata,1,1670809545472,1670809545368
mydata,1,1670809545472,1670809545370
mydata,1,1670809545472,1670809545370
mydata,1,1670809545472,1670809545382
mydata,1,1670809545472,1670809545382
mydata,1,1670809545472,1670809545390
mydata,2,1670809545472,1670809540799
mydata,3,1670809545472,1670809545330
mydata,1,1670809545974,1670809545868
mydata,1,1670809545974,1670809545871
mydata,1,1670809545974,1670809545889
mydata,1,1670809545974,1670809545897
mydata,1,1670809545974,1670809545906
mydata,1,1670809545974,1670809545913
mydata,1,1670809545974,1670809545921
mydata,1,1670809545974,1670809545933
mydata,1,1670809545974,1670809545936
mydata,2,1670809545974,1670809541293
mydata,2,1670809545974,1670809541295
mydata,3,1670809545974,1670809545952
mydata,1,1670809546475,1670809546447
mydata,1,1670809546475,1670809546475
mydata,2,1670809546475,1670809541771
mydata,3,1670809546475,1670809546344
mydata,1,1670809546977,1670809546904
mydata,1,1670809546977,1670809546904
mydata,1,1670809546977,1670809546907
mydata,1,1670809546977,1670809546915
mydata,1,1670809546977,1670809546918
mydata,1,1670809546977,1670809546919
mydata,1,1670809546977,1670809546955
mydata,1,1670809546977,1670809546955
mydata,1,1670809546977,1670809546955
mydata,2,1670809546977,1670809542184
mydata,2,1670809546977,1670809542184
mydata,1,1670809547478,1670809547443
mydata,1,1670809547478,1670809547447
mydata,1,1670809547478,1670809547449
mydata,1,1670809547478,1670809547449
mydata,1,1670809547478,1670809547458
mydata,1,1670809547478,1670809547469
mydata,1,1670809547478,1670809547469
mydata,2,1670809547478,1670809542635
mydata,3,1670809547478,1670809547372
mydata,1,1670809547980,1670809547974
mydata,1,1670809547980,1670809547978
mydata,1,1670809547980,1670809547978
mydata,2,1670809547980,1670809542877
mydata,2,1670809547980,1670809542888
mydata,3,1670809547980,1670809547973
mydata,1,1670809548481,1670809548348
mydata,1,1670809548481,1670809548348
mydata,1,1670809548481,1670809548362
mydata,1,1670809548481,1670809548365
mydata,1,1670809548481,1670809548365
mydata,1,1670809548481,1670809548377
mydata,1,1670809548481,1670809548379
mydata,1,1670809548481,1670809548379
mydata,2,1670809548481,1670809543302
mydata,3,1670809548481,1670809548379
mydata,1,1670809548983,1670809548923
mydata,1,1670809548983,1670809548926
mydata,1,1670809548983,1670809548942
mydata,1,1670809548983,1670809548942
mydata,1,1670809548983,1670809548958
mydata,1,1670809548983,1670809548961
mydata,1,1670809548983,1670809548973
mydata,2,1670809548983,1670809543586
mydata,3,1670809548983,1670809548805
mydata,1,1670809549484,1670809549400
mydata,1,1670809549484,1670809549401
mydata,1,1670809549484,1670809549429
mydata,1,1670809549484,1670809549443
mydata,1,1670809549484,1670809549444
mydata,1,1670809549484,1670809549447
mydata,1,1670809549484,1670809549456
mydata,1,1670809549484,1670809549460
mydata,2,1670809549484,1670809543974
mydata,3,1670809549484,1670809549355
mydata,1,1670809549986,1670809549949
mydata,1,1670809549986,1670809549975
mydata,2,1670809549986,1670809544257
mydata,3,1670809549986,1670809549645
mydata,1,1670809550487,1670809550390
mydata,1,1670809550487,1670809550390
mydata,1,1670809550487,1670809550395
mydata,1,1670809550487,1670809550395
mydata,1,1670809550487,1670809550398
mydata,1,1670809550487,1670809550403
mydata,1,1670809550487,1670809550427
mydata,1,1670809550487,1670809550427
mydata,2,1670809550487,1670809544519
mydata,3,1670809550487,1670809550355
mydata,1,1670809550988,1670809550921
mydata,1,1670809550988,1670809550930
mydata,1,1670809550988,1670809550934
mydata,1,1670809550988,1670809550946
mydata,1,1670809550988,1670809550951
mydata,1,1670809550988,1670809550952
mydata,1,1670809550988,1670809550953
mydata,1,1670809550988,1670809550956
mydata,1,1670809550988,1670809550963
mydata,2,1670809550988,1670809544951
mydata,2,1670809550988,1670809544954
mydata,3,1670809550988,1670809550833
mydata,1,1670809551490,1670809551404
mydata,1,1670809551490,1670809551406
mydata,1,1670809551490,1670809551406
mydata,1,1670809551490,1670809551406
mydata,1,1670809551490,1670809551427
mydata,1,1670809551490,1670809551432
mydata,1,1670809551490,1670809551432
mydata,1,1670809551490,1670809551447
mydata,1,1670809551490,1670809551459
mydata,2,1670809551490,1670809545389
mydata,2,1670809551490,1670809545412
mydata,3,1670809551490,1670809551390
mydata,1,1670809551992,1670809551930
mydata,1,1670809551992,1670809551934
mydata,1,1670809551992,1670809551938
mydata,1,1670809551992,1670809551961
mydata,1,1670809551992,1670809551968
mydata,1,1670809551992,1670809551968
mydata,1,1670809551992,1670809551968
mydata,1,1670809551992,1670809551969
mydata,2,1670809551992,1670809545656
mydata,3,1670809551992,1670809551873
mydata,1,1670809552493,1670809552351
mydata,1,1670809552493,1670809552376
mydata,1,1670809552493,1670809552379
mydata,1,1670809552493,1670809552388
mydata,1,1670809552493,1670809552390
mydata,1,1670809552493,1670809552394
mydata,1,1670809552493,1670809552396
mydata,1,1670809552493,1670809552399
mydata,2,1670809552493,1670809545987
mydata,3,1670809552493,1670809552316
mydata,1,1670809552994,1670809552904
mydata,1,1670809552994,1670809552914
mydata,1,1670809552994,1670809552931
mydata,1,1670809552994,1670809552932
mydata,1,1670809552994,1670809552941
mydata,1,1670809552994,1670809552951
mydata,1,1670809552994,1670809552962
mydata,1,1670809552994,1670809552969
mydata,2,1670809552994,1670809546444
mydata,3,1670809552994,1670809552869
mydata,1,1670809553495,1670809553415
mydata,1,1670809553495,1670809553433
mydata,1,1670809553495,1670809553438
mydata,1,1670809553495,1670809553447
mydata,1,1670809553495,1670809553449
mydata,1,1670809553495,1670809553451
mydata,1,1670809553495,1670809553463
mydata,1,1670809553495,1670809553464
mydata,2,1670809553495,1670809546911
mydata,3,1670809553495,1670809553351
mydata,1,1670809553997,1670809553916
mydata,1,1670809553997,1670809553918
mydata,1,1670809553997,1670809553921
mydata,1,1670809553997,1670809553924
mydata,1,1670809553997,1670809553942
mydata,1,1670809553997,1670809553942
mydata,1,1670809553997,1670809553942
mydata,1,1670809553997,1670809553943
mydata,2,1670809553997,1670809547335
mydata,3,1670809553997,1670809553894
mydata,1,1670809554498,1670809554372
mydata,1,1670809554498,1670809554372
mydata,1,1670809554498,1670809554378
mydata,1,1670809554498,1670809554385
mydata,1,1670809554498,1670809554394
mydata,1,1670809554498,1670809554400
mydata,1,1670809554498,1670809554402
mydata,1,1670809554498,1670809554408
mydata,1,1670809554498,1670809554437
mydata,2,1670809554498,1670809547890
mydata,2,1670809554498,1670809547896
mydata,3,1670809554498,1670809554442
mydata,1,1670809555000,1670809554933
mydata,1,1670809555000,1670809554948
mydata,1,1670809555000,1670809554949
mydata,1,1670809555000,1670809554950
mydata,1,1670809555000,1670809554951
mydata,1,1670809555000,1670809554958
mydata,1,1670809555000,1670809554961
mydata,1,1670809555000,1670809554967
mydata,1,1670809555000,1670809554968
mydata,2,1670809555000,1670809548426
mydata,2,1670809555000,1670809548428
mydata,3,1670809555000,1670809554971
mydata,1,1670809555502,1670809555481
mydata,1,1670809555502,1670809555487
mydata,1,1670809555502,1670809555487
mydata,1,1670809555502,1670809555492
mydata,1,1670809555502,1670809555492
mydata,1,1670809555502,1670809555492
mydata,2,1670809555502,1670809548897
mydata,2,1670809555502,1670809548926
mydata,1,1670809556003,1670809555914
mydata,1,1670809556003,1670809555920
mydata,1,1670809556003,1670809555927
mydata,1,1670809556003,1670809555940
mydata,1,1670809556003,1670809555946
mydata,1,1670809556003,1670809555947
mydata,1,1670809556003,1670809555952
mydata,1,1670809556003,1670809555952
mydata,2,1670809556003,1670809549320
mydata,3,1670809556003,1670809555825
mydata,1,1670809556504,1670809556421
mydata,1,1670809556504,1670809556422
mydata,1,1670809556504,1670809556427
mydata,1,1670809556504,1670809556439
mydata,1,1670809556504,1670809556442
mydata,1,1670809556504,1670809556446
mydata,1,1670809556504,1670809556446
mydata,1,1670809556504,1670809556467
mydata,2,1670809556504,1670809549735
mydata,3,1670809556504,1670809556357
mydata,2,1670809557006,1670809550294
mydata,2,1670809557006,1670809550296
mydata,1,1670809557506,1670809557353
mydata,1,1670809557506,1670809557353
mydata,1,1670809557506,1670809557353
mydata,1,1670809557506,1670809557354
mydata,1,1670809557506,1670809557357
mydata,1,1670809557506,1670809557374
mydata,1,1670809557506,1670809557386
mydata,1,1670809557506,1670809557386
mydata,2,1670809557506,1670809550627
mydata,3,1670809557506,1670809557363
mydata,1,1670809558008,1670809557823
mydata,1,1670809558008,1670809557827
mydata,1,1670809558008,1670809557832
mydata,1,1670809558008,1670809557836
mydata,1,1670809558008,1670809557852
mydata,1,1670809558008,1670809557857
mydata,1,1670809558008,1670809557871
mydata,1,1670809558008,1670809557878
mydata,2,1670809558008,1670809550986
mydata,3,1670809558008,1670809557903
mydata,1,1670809558509,1670809558371
mydata,1,1670809558509,1670809558381
mydata,1,1670809558509,1670809558382
mydata,1,1670809558509,1670809558382
mydata,1,1670809558509,1670809558384
mydata,1,1670809558509,1670809558394
mydata,1,1670809558509,1670809558396
mydata,1,1670809558509,1670809558410
mydata,2,1670809558509,1670809551463
mydata,3,1670809558509,1670809558408
mydata,1,1670809559011,1670809558834
mydata,1,1670809559011,1670809558842
mydata,1,1670809559011,1670809558844
mydata,1,1670809559011,1670809558845
mydata,1,1670809559011,1670809558856
mydata,1,1670809559011,1670809558860
mydata,1,1670809559011,1670809558876
mydata,1,1670809559011,1670809558885
mydata,2,1670809559011,1670809552041
mydata,3,1670809559011,1670809558804
mydata,1,1670809559512,1670809559349
mydata,1,1670809559512,1670809559355
mydata,1,1670809559512,1670809559379
mydata,1,1670809559512,1670809559379
mydata,1,1670809559512,1670809559416
mydata,1,1670809559512,1670809559421
mydata,1,1670809559512,1670809559422
mydata,1,1670809559512,1670809559444
mydata,2,1670809559512,1670809552259
mydata,3,1670809559512,1670809559338
mydata,1,1670809560014,1670809559909
mydata,1,1670809560014,1670809559912
mydata,1,1670809560014,1670809559912
mydata,1,1670809560014,1670809559915
mydata,1,1670809560014,1670809559923
mydata,1,1670809560014,1670809559927
mydata,1,1670809560014,1670809559929
mydata,1,1670809560014,1670809559934
mydata,2,1670809560014,1670809552770
mydata,3,1670809560014,1670809559915
mydata,1,1670809560515,1670809560418
mydata,1,1670809560515,1670809560423
mydata,1,1670809560515,1670809560426
mydata,1,1670809560515,1670809560461
mydata,1,1670809560515,1670809560485
mydata,1,1670809560515,1670809560487
mydata,1,1670809560515,1670809560494
mydata,1,1670809560515,1670809560496
mydata,2,1670809560515,1670809553456
mydata,3,1670809560515,1670809560313
mydata,1,1670809561017,1670809560954
mydata,1,1670809561017,1670809560966
mydata,1,1670809561017,1670809560978
mydata,1,1670809561017,1670809560985
mydata,1,1670809561017,1670809560985
mydata,1,1670809561017,1670809560996
mydata,1,1670809561017,1670809561000
mydata,1,1670809561017,1670809561003
mydata,2,1670809561017,1670809553807
mydata,3,1670809561017,1670809560966
mydata,1,1670809561520,1670809561417
mydata,1,1670809561520,1670809561418
mydata,1,1670809561520,1670809561424
mydata,1,1670809561520,1670809561427
mydata,1,1670809561520,1670809561432
mydata,1,1670809561520,1670809561438
mydata,1,1670809561520,1670809561443
mydata,1,1670809561520,1670809561458
mydata,2,1670809561520,1670809554083
mydata,3,1670809561520,1670809561478
mydata,2,1670809562022,1670809554394
mydata,2,1670809562022,1670809554412
mydata,3,1670809562022,1670809561955
mydata,3,1670809562022,1670809561991
mydata,1,1670809562522,1670809562488
mydata,1,1670809562522,1670809562494
mydata,1,1670809562522,1670809562506
mydata,1,1670809562522,1670809562507
mydata,1,1670809562522,1670809562512
mydata,1,1670809562522,1670809562515
mydata,2,1670809562522,1670809554804
mydata,3,1670809562522,1670809562376
mydata,2,1670809563024,1670809555368
mydata,2,1670809563024,1670809555413
mydata,1,1670809563524,1670809563441
mydata,1,1670809563524,1670809563453
mydata,1,1670809563524,1670809563453
mydata,1,1670809563524,1670809563455
mydata,1,1670809563524,1670809563455
mydata,1,1670809563524,1670809563461
mydata,1,1670809563524,1670809563461
mydata,1,1670809563524,1670809563468
mydata,2,1670809563524,1670809555871
mydata,3,1670809563524,1670809563400
mydata,1,1670809564026,1670809563980
mydata,1,1670809564026,1670809563985
mydata,1,1670809564026,1670809563995
mydata,1,1670809564026,1670809563995
mydata,1,1670809564026,1670809563997
mydata,1,1670809564026,1670809563998
mydata,1,1670809564026,1670809564001
mydata,1,1670809564026,1670809564020
mydata,1,1670809564026,1670809564021
mydata,2,1670809564026,1670809556227
mydata,2,1670809564026,1670809556232
mydata,3,1670809564026,1670809563952
mydata,1,1670809564527,1670809564507
mydata,2,1670809564527,1670809556759
mydata,2,1670809564527,1670809556789
mydata,1,1670809565028,1670809564867
mydata,1,1670809565028,1670809564879
mydata,1,1670809565028,1670809564887
mydata,1,1670809565028,1670809564894
mydata,1,1670809565028,1670809564898
mydata,1,1670809565028,1670809564917
mydata,1,1670809565028,1670809564922
mydata,1,1670809565028,1670809564924
mydata,2,1670809565028,1670809557086
mydata,3,1670809565028,1670809564827
mydata,1,1670809565529,1670809565383
mydata,1,1670809565529,1670809565386
mydata,1,1670809565529,1670809565400
mydata,1,1670809565529,1670809565406
mydata,1,1670809565529,1670809565408
mydata,1,1670809565529,1670809565437
mydata,1,1670809565529,1670809565448
mydata,1,1670809565529,1670809565449
mydata,1,1670809565529,1670809565454
mydata,2,1670809565529,1670809557605
mydata,2,1670809565529,1670809557610
mydata,3,1670809565529,1670809565510
mydata,1,1670809566031,1670809565904
mydata,1,1670809566031,1670809565906
mydata,1,1670809566031,1670809565909
mydata,1,1670809566031,1670809565920
mydata,1,1670809566031,1670809565928
mydata,1,1670809566031,1670809565931
mydata,1,1670809566031,1670809565955
mydata,1,1670809566031,1670809565959
mydata,2,1670809566031,1670809558161
mydata,3,1670809566031,1670809565919
mydata,1,1670809566533,1670809566396
mydata,1,1670809566533,1670809566401
mydata,1,1670809566533,1670809566411
mydata,1,1670809566533,1670809566418
mydata,1,1670809566533,1670809566431
mydata,1,1670809566533,1670809566433
mydata,1,1670809566533,1670809566434
mydata,1,1670809566533,1670809566437
mydata,2,1670809566533,1670809558664
mydata,3,1670809566533,1670809566454
mydata,1,1670809567034,1670809566954
mydata,1,1670809567034,1670809566955
mydata,1,1670809567034,1670809566966
mydata,1,1670809567034,1670809566975
mydata,1,1670809567034,1670809566976
mydata,1,1670809567034,1670809566990
mydata,1,1670809567034,1670809567008
mydata,1,1670809567034,1670809567008
mydata,2,1670809567034,1670809559038
mydata,3,1670809567034,1670809567008
mydata,1,1670809567536,1670809567470
mydata,1,1670809567536,1670809567473
mydata,1,1670809567536,1670809567484
mydata,1,1670809567536,1670809567492
mydata,1,1670809567536,1670809567517
mydata,1,1670809567536,1670809567522
mydata,2,1670809567536,1670809559527
mydata,2,1670809567536,1670809559547
mydata,1,1670809568037,1670809567964
mydata,1,1670809568037,1670809567965
mydata,1,1670809568037,1670809567973
mydata,1,1670809568037,1670809567976
mydata,1,1670809568037,1670809567990
mydata,1,1670809568037,1670809568004
mydata,1,1670809568037,1670809568030
mydata,1,1670809568037,1670809568036
mydata,2,1670809568037,1670809560119
mydata,3,1670809568037,1670809567915
mydata,1,1670809568538,1670809568498
mydata,1,1670809568538,1670809568501
mydata,1,1670809568538,1670809568515
mydata,1,1670809568538,1670809568522
mydata,2,1670809568538,1670809560483
mydata,2,1670809568538,1670809560533
mydata,3,1670809568538,1670809568456
mydata,1,1670809569040,1670809569022
mydata,1,1670809569040,1670809569026
mydata,2,1670809569040,1670809561019
mydata,2,1670809569040,1670809561048
mydata,1,1670809569541,1670809569372
mydata,1,1670809569541,1670809569389
mydata,1,1670809569541,1670809569396
mydata,1,1670809569541,1670809569404
mydata,1,1670809569541,1670809569406
mydata,1,1670809569541,1670809569407
mydata,1,1670809569541,1670809569437
mydata,1,1670809569541,1670809569447
mydata,2,1670809569541,1670809561370
mydata,3,1670809569541,1670809569410
mydata,1,1670809570043,1670809569994
mydata,1,1670809570043,1670809569994
mydata,1,1670809570043,1670809569995
mydata,1,1670809570043,1670809570005
mydata,1,1670809570043,1670809570012
mydata,1,1670809570043,1670809570028
mydata,1,1670809570043,1670809570039
mydata,2,1670809570043,1670809562096
mydata,2,1670809570043,1670809562136
mydata,1,1670809570544,1670809570487
mydata,1,1670809570544,1670809570490
mydata,1,1670809570544,1670809570493
mydata,1,1670809570544,1670809570502
mydata,1,1670809570544,1670809570502
mydata,1,1670809570544,1670809570504
mydata,1,1670809570544,1670809570509
mydata,1,1670809570544,1670809570525
mydata,2,1670809570544,1670809562530
mydata,3,1670809570544,1670809570526
mydata,1,1670809571046,1670809570998
mydata,1,1670809571046,1670809571021
mydata,1,1670809571046,1670809571021
mydata,1,1670809571046,1670809571025
mydata,1,1670809571046,1670809571035
mydata,1,1670809571046,1670809571040
mydata,2,1670809571046,1670809562945
mydata,3,1670809571046,1670809570934
mydata,2,1670809571547,1670809563296
mydata,2,1670809571547,1670809563308
mydata,1,1670809572048,1670809571828
mydata,1,1670809572048,1670809571831
mydata,1,1670809572048,1670809571838
mydata,1,1670809572048,1670809571841
mydata,1,1670809572048,1670809571843
mydata,1,1670809572048,1670809571848
mydata,1,1670809572048,1670809571855
mydata,1,1670809572048,1670809571867
mydata,2,1670809572048,1670809563557
mydata,3,1670809572048,1670809571892
mydata,1,1670809572550,1670809572336
mydata,1,1670809572550,1670809572346
mydata,1,1670809572550,1670809572350
mydata,1,1670809572550,1670809572364
mydata,1,1670809572550,1670809572364
mydata,1,1670809572550,1670809572374
mydata,1,1670809572550,1670809572379
mydata,1,1670809572550,1670809572388
mydata,2,1670809572550,1670809563872
mydata,3,1670809572550,1670809572329
mydata,1,1670809573051,1670809572828
mydata,1,1670809573051,1670809572828
mydata,1,1670809573051,1670809572830
mydata,1,1670809573051,1670809572830
mydata,1,1670809573051,1670809572833
mydata,1,1670809573051,1670809572840
mydata,1,1670809573051,1670809572845
mydata,1,1670809573051,1670809572860
mydata,2,1670809573051,1670809564151
mydata,3,1670809573051,1670809572692
mydata,1,1670809573552,1670809573329
mydata,1,1670809573552,1670809573332
mydata,1,1670809573552,1670809573333
mydata,1,1670809573552,1670809573337
mydata,1,1670809573552,1670809573341
mydata,1,1670809573552,1670809573342
mydata,1,1670809573552,1670809573346
mydata,1,1670809573552,1670809573355
mydata,2,1670809573552,1670809564537
mydata,3,1670809573552,1670809573351
mydata,1,1670809574054,1670809573836
mydata,1,1670809574054,1670809573838
mydata,1,1670809574054,1670809573857
mydata,1,1670809574054,1670809573875
mydata,1,1670809574054,1670809573881
mydata,1,1670809574054,1670809573887
mydata,1,1670809574054,1670809573892
mydata,1,1670809574054,1670809573899
mydata,2,1670809574054,1670809565022
mydata,3,1670809574054,1670809573845
mydata,1,1670809574555,1670809574343
mydata,1,1670809574555,1670809574346
mydata,1,1670809574555,1670809574354
mydata,1,1670809574555,1670809574360
mydata,1,1670809574555,1670809574363
mydata,1,1670809574555,1670809574366
mydata,1,1670809574555,1670809574370
mydata,1,1670809574555,1670809574381
mydata,2,1670809574555,1670809565452
mydata,3,1670809574555,1670809574448
mydata,1,1670809575057,1670809574834
mydata,1,1670809575057,1670809574838
mydata,1,1670809575057,1670809574851
mydata,1,1670809575057,1670809574852
mydata,1,1670809575057,1670809574854
mydata,1,1670809575057,1670809574857
mydata,1,1670809575057,1670809574860
mydata,1,1670809575057,1670809574860
mydata,2,1670809575057,1670809565987
mydata,3,1670809575057,1670809574838
mydata,1,1670809575558,1670809575345
mydata,1,1670809575558,1670809575345
mydata,1,1670809575558,1670809575366
mydata,1,1670809575558,1670809575373
mydata,1,1670809575558,1670809575382
mydata,1,1670809575558,1670809575390
mydata,1,1670809575558,1670809575405
mydata,1,1670809575558,1670809575413
mydata,2,1670809575558,1670809566449
mydata,3,1670809575558,1670809575405
mydata,1,1670809576059,1670809575836
mydata,1,1670809576059,1670809575836
mydata,1,1670809576059,1670809575836
mydata,1,1670809576059,1670809575846
mydata,1,1670809576059,1670809575849
mydata,1,1670809576059,1670809575849
mydata,1,1670809576059,1670809575852
mydata,1,1670809576059,1670809575854
mydata,2,1670809576059,1670809566670
mydata,3,1670809576059,1670809575929
mydata,1,1670809576561,1670809576336
mydata,1,1670809576561,1670809576338
mydata,1,1670809576561,1670809576349
mydata,1,1670809576561,1670809576369
mydata,1,1670809576561,1670809576372
mydata,1,1670809576561,1670809576373
mydata,1,1670809576561,1670809576377
mydata,1,1670809576561,1670809576391
mydata,2,1670809576561,1670809567133
mydata,3,1670809576561,1670809576346
mydata,1,1670809577062,1670809576838
mydata,1,1670809577062,1670809576841
mydata,1,1670809577062,1670809576853
mydata,1,1670809577062,1670809576865
mydata,1,1670809577062,1670809576867
mydata,1,1670809577062,1670809576901
mydata,1,1670809577062,1670809576903
mydata,1,1670809577062,1670809576913
mydata,2,1670809577062,1670809567481
mydata,3,1670809577062,1670809576879
mydata,1,1670809577564,1670809577369
mydata,1,1670809577564,1670809577397
mydata,1,1670809577564,1670809577401
mydata,1,1670809577564,1670809577413
mydata,1,1670809577564,1670809577414
mydata,1,1670809577564,1670809577420
mydata,1,1670809577564,1670809577423
mydata,1,1670809577564,1670809577423
mydata,2,1670809577564,1670809567988
mydata,3,1670809577564,1670809577351
mydata,1,1670809578065,1670809577860
mydata,1,1670809578065,1670809577868
mydata,1,1670809578065,1670809577873
mydata,1,1670809578065,1670809577904
mydata,1,1670809578065,1670809577908
mydata,1,1670809578065,1670809577908
mydata,1,1670809578065,1670809577908
mydata,1,1670809578065,1670809577910
mydata,2,1670809578065,1670809568262
mydata,3,1670809578065,1670809577741
mydata,1,1670809578567,1670809578345
mydata,1,1670809578567,1670809578351
mydata,1,1670809578567,1670809578362
mydata,1,1670809578567,1670809578365
mydata,1,1670809578567,1670809578367
mydata,1,1670809578567,1670809578369
mydata,1,1670809578567,1670809578369
mydata,1,1670809578567,1670809578380
mydata,2,1670809578567,1670809568709
mydata,3,1670809578567,1670809578365
mydata,1,1670809579068,1670809578888
mydata,1,1670809579068,1670809578891
mydata,1,1670809579068,1670809578901
mydata,1,1670809579068,1670809578907
mydata,1,1670809579068,1670809578910
mydata,1,1670809579068,1670809578910
mydata,1,1670809579068,1670809578913
mydata,1,1670809579068,1670809578914
mydata,2,1670809579068,1670809569001
mydata,3,1670809579068,1670809578850
mydata,1,1670809579569,1670809579345
mydata,1,1670809579569,1670809579347
mydata,1,1670809579569,1670809579354
mydata,1,1670809579569,1670809579361
mydata,1,1670809579569,1670809579364
mydata,1,1670809579569,1670809579379
mydata,1,1670809579569,1670809579419
mydata,1,1670809579569,1670809579427
mydata,2,1670809579569,1670809569448
mydata,3,1670809579569,1670809579391
mydata,1,1670809580071,1670809579854
mydata,1,1670809580071,1670809579867
mydata,1,1670809580071,1670809579870
mydata,1,1670809580071,1670809579870
mydata,1,1670809580071,1670809579873
mydata,1,1670809580071,1670809579879
mydata,1,1670809580071,1670809579887
mydata,1,1670809580071,1670809579891
mydata,2,1670809580071,1670809569932
mydata,3,1670809580071,1670809579872
mydata,1,1670809580572,1670809580351
mydata,1,1670809580572,1670809580354
mydata,1,1670809580572,1670809580369
mydata,1,1670809580572,1670809580370
mydata,1,1670809580572,1670809580370
mydata,1,1670809580572,1670809580391
mydata,1,1670809580572,1670809580415
mydata,1,1670809580572,1670809580422
mydata,2,1670809580572,1670809570347
mydata,3,1670809580572,1670809580369
mydata,1,1670809581074,1670809580870
mydata,1,1670809581074,1670809580878
mydata,1,1670809581074,1670809580881
mydata,1,1670809581074,1670809580889
mydata,1,1670809581074,1670809580891
mydata,1,1670809581074,1670809580904
mydata,1,1670809581074,1670809580934
mydata,1,1670809581074,1670809580943
mydata,2,1670809581074,1670809570807
mydata,3,1670809581074,1670809580918
mydata,1,1670809581575,1670809581352
mydata,1,1670809581575,1670809581354
mydata,1,1670809581575,1670809581354
mydata,1,1670809581575,1670809581357
mydata,1,1670809581575,1670809581381
mydata,1,1670809581575,1670809581392
mydata,1,1670809581575,1670809581402
mydata,1,1670809581575,1670809581421
mydata,2,1670809581575,1670809571278
mydata,3,1670809581575,1670809581385
mydata,1,1670809582077,1670809581906
mydata,1,1670809582077,1670809581911
mydata,1,1670809582077,1670809581911
mydata,1,1670809582077,1670809581913
mydata,1,1670809582077,1670809581923
mydata,1,1670809582077,1670809581925
mydata,1,1670809582077,1670809581945
mydata,1,1670809582077,1670809581949
mydata,1,1670809582077,1670809581968
mydata,2,1670809582077,1670809571512
mydata,2,1670809582077,1670809571566
mydata,1,1670809582578,1670809582421
mydata,1,1670809582578,1670809582421
mydata,1,1670809582578,1670809582425
mydata,1,1670809582578,1670809582426
mydata,1,1670809582578,1670809582433
mydata,1,1670809582578,1670809582433
mydata,1,1670809582578,1670809582458
mydata,1,1670809582578,1670809582467
mydata,2,1670809582578,1670809572008
mydata,3,1670809582578,1670809582452
mydata,1,1670809583080,1670809582984
mydata,1,1670809583080,1670809582988
mydata,1,1670809583080,1670809582989
mydata,1,1670809583080,1670809582992
mydata,1,1670809583080,1670809582993
mydata,1,1670809583080,1670809583000
mydata,1,1670809583080,1670809583006
mydata,1,1670809583080,1670809583006
mydata,1,1670809583080,1670809583015
mydata,2,1670809583080,1670809572494
mydata,2,1670809583080,1670809572535
mydata,1,1670809583581,1670809583485
mydata,1,1670809583581,1670809583496
mydata,1,1670809583581,1670809583497
mydata,1,1670809583581,1670809583501
mydata,1,1670809583581,1670809583506
mydata,1,1670809583581,1670809583508
mydata,1,1670809583581,1670809583515
mydata,1,1670809583581,1670809583516
mydata,2,1670809583581,1670809572823
mydata,3,1670809583581,1670809583450
mydata,1,1670809584083,1670809583941
mydata,1,1670809584083,1670809583942
mydata,1,1670809584083,1670809583955
mydata,1,1670809584083,1670809583968
mydata,1,1670809584083,1670809583971
mydata,1,1670809584083,1670809583972
mydata,1,1670809584083,1670809583972
mydata,1,1670809584083,1670809583979
mydata,1,1670809584083,1670809583981
mydata,2,1670809584083,1670809573214
mydata,2,1670809584083,1670809573252
mydata,3,1670809584083,1670809583937
mydata,1,1670809584584,1670809584510
mydata,1,1670809584584,1670809584514
mydata,1,1670809584584,1670809584515
mydata,1,1670809584584,1670809584518
mydata,1,1670809584584,1670809584538
mydata,1,1670809584584,1670809584545
mydata,1,1670809584584,1670809584546
mydata,1,1670809584584,1670809584551
mydata,2,1670809584584,1670809573598
mydata,3,1670809584584,1670809584396
mydata,1,1670809585085,1670809585023
mydata,1,1670809585085,1670809585023
mydata,1,1670809585085,1670809585026
mydata,1,1670809585085,1670809585028
mydata,1,1670809585085,1670809585028
mydata,1,1670809585085,1670809585033
mydata,1,1670809585085,1670809585047
mydata,1,1670809585085,1670809585050
mydata,2,1670809585085,1670809574287
mydata,3,1670809585085,1670809584906
mydata,1,1670809585586,1670809585505
mydata,1,1670809585586,1670809585512
mydata,1,1670809585586,1670809585529
mydata,1,1670809585586,1670809585537
mydata,1,1670809585586,1670809585538
mydata,1,1670809585586,1670809585546
mydata,1,1670809585586,1670809585551
mydata,1,1670809585586,1670809585558
mydata,2,1670809585586,1670809574586
mydata,3,1670809585586,1670809585499
mydata,1,1670809586087,1670809585924
mydata,1,1670809586087,1670809585926
mydata,1,1670809586087,1670809585938
mydata,1,1670809586087,1670809585965
mydata,1,1670809586087,1670809585965
mydata,1,1670809586087,1670809585995
mydata,1,1670809586087,1670809585998
mydata,1,1670809586087,1670809586000
mydata,2,1670809586087,1670809574775
mydata,3,1670809586087,1670809585988
