mydata,1,1670809504852,1670809499036
mydata,1,1670809504852,1670809499044
mydata,1,1670809504852,1670809499049
mydata,1,1670809504852,1670809499052
mydata,1,1670809504852,1670809499054
mydata,1,1670809504852,1670809499054
mydata,1,1670809504852,1670809499054
mydata,1,1670809504852,1670809499060
mydata,2,1670809504852,1670809499049
mydata,3,1670809504852,1670809499062
mydata,1,1670809505354,1670809499308
mydata,1,1670809505354,1670809499331
mydata,1,1670809505354,1670809499343
mydata,1,1670809505354,1670809499356
mydata,1,1670809505354,1670809499357
mydata,1,1670809505354,1670809499367
mydata,1,1670809505354,1670809499373
mydata,1,1670809505354,1670809499380
mydata,2,1670809505354,1670809499172
mydata,3,1670809505354,1670809499465
mydata,1,1670809505855,1670809499618
mydata,1,1670809505855,1670809499623
mydata,1,1670809505855,1670809499625
mydata,1,1670809505855,1670809499659
mydata,1,1670809505855,1670809499662
mydata,1,1670809505855,1670809499676
mydata,1,1670809505855,1670809499682
mydata,1,1670809505855,1670809499684
mydata,2,1670809505855,1670809499205
mydata,3,1670809505855,1670809499663
mydata,1,1670809506357,1670809499866
mydata,1,1670809506357,1670809499867
mydata,1,1670809506357,1670809499871
mydata,1,1670809506357,1670809499874
mydata,1,1670809506357,1670809499874
mydata,1,1670809506357,1670809499883
mydata,1,1670809506357,1670809499902
mydata,1,1670809506357,1670809499907
mydata,2,1670809506357,1670809499314
mydata,3,1670809506357,1670809499921
mydata,1,1670809506858,1670809500346
mydata,1,1670809506858,1670809500356
mydata,1,1670809506858,1670809500377
mydata,1,1670809506858,1670809500380
mydata,1,1670809506858,1670809500381
mydata,1,1670809506858,1670809500388
mydata,1,1670809506858,1670809500395
mydata,1,1670809506858,1670809500408
mydata,2,1670809506858,1670809499562
mydata,3,1670809506858,1670809500144
mydata,1,1670809507359,1670809500809
mydata,1,1670809507359,1670809500817
mydata,1,1670809507359,1670809500842
mydata,1,1670809507359,1670809500860
mydata,1,1670809507359,1670809500866
mydata,1,1670809507359,1670809500874
mydata,1,1670809507359,1670809500883
mydata,1,1670809507359,1670809500895
mydata,2,1670809507359,1670809499710
mydata,3,1670809507359,1670809500700
mydata,1,1670809507861,1670809501530
mydata,1,1670809507861,1670809501533
mydata,1,1670809507861,1670809501549
mydata,1,1670809507861,1670809501556
mydata,1,1670809507861,1670809501560
mydata,1,1670809507861,1670809501568
mydata,1,1670809507861,1670809501568
mydata,1,1670809507861,1670809501577
mydata,2,1670809507861,1670809499926
mydata,3,1670809507861,1670809501025
mydata,1,1670809508362,1670809502172
mydata,1,1670809508362,1670809502182
mydata,1,1670809508362,1670809502183
mydata,1,1670809508362,1670809502187
mydata,1,1670809508362,1670809502199
mydata,1,1670809508362,1670809502215
mydata,1,1670809508362,1670809502215
mydata,1,1670809508362,1670809502215
mydata,2,1670809508362,1670809500247
mydata,3,1670809508362,1670809501798
mydata,1,1670809508864,1670809502849
mydata,1,1670809508864,1670809502851
mydata,1,1670809508864,1670809502857
mydata,1,1670809508864,1670809502869
mydata,1,1670809508864,1670809502871
mydata,1,1670809508864,1670809502872
mydata,1,1670809508864,1670809502896
mydata,1,1670809508864,1670809502901
mydata,2,1670809508864,1670809500491
mydata,3,1670809508864,1670809502653
mydata,1,1670809509365,1670809503602
mydata,1,1670809509365,1670809503605
mydata,1,1670809509365,1670809503624
mydata,1,1670809509365,1670809503632
mydata,1,1670809509365,1670809503635
mydata,1,1670809509365,1670809503646
mydata,1,1670809509365,1670809503646
mydata,1,1670809509365,1670809503650
mydata,2,1670809509365,1670809501018
mydata,3,1670809509365,1670809503038
mydata,1,1670809509867,1670809504425
mydata,1,1670809509867,1670809504432
mydata,1,1670809509867,1670809504434
mydata,1,1670809509867,1670809504441
mydata,1,1670809509867,1670809504447
mydata,1,1670809509867,1670809504452
mydata,1,1670809509867,1670809504461
mydata,1,1670809509867,1670809504476
mydata,2,1670809509867,1670809501422
mydata,3,1670809509867,1670809503922
mydata,1,1670809510368,1670809505070
mydata,1,1670809510368,1670809505072
mydata,1,1670809510368,1670809505072
mydata,1,1670809510368,1670809505080
mydata,1,1670809510368,1670809505093
mydata,1,1670809510368,1670809505099
mydata,1,1670809510368,1670809505117
mydata,1,1670809510368,1670809505121
mydata,2,1670809510368,1670809501687
mydata,3,1670809510368,1670809504700
mydata,1,1670809510870,1670809505850
mydata,1,1670809510870,1670809505852
mydata,1,1670809510870,1670809505854
mydata,1,1670809510870,1670809505875
mydata,1,1670809510870,1670809505878
mydata,1,1670809510870,1670809505879
mydata,1,1670809510870,1670809505895
mydata,1,1670809510870,1670809505908
mydata,2,1670809510870,1670809501910
mydata,3,1670809510870,1670809505444
mydata,1,1670809511371,1670809506740
mydata,1,1670809511371,1670809506748
mydata,1,1670809511371,1670809506748
mydata,1,1670809511371,1670809506756
mydata,1,1670809511371,1670809506758
mydata,1,1670809511371,1670809506758
mydata,1,1670809511371,1670809506771
mydata,1,1670809511371,1670809506778
mydata,2,1670809511371,1670809502196
mydata,3,1670809511371,1670809506306
mydata,1,1670809511872,1670809507417
mydata,1,1670809511872,1670809507432
mydata,1,1670809511872,1670809507434
mydata,1,1670809511872,1670809507435
mydata,1,1670809511872,1670809507436
mydata,1,1670809511872,1670809507439
mydata,1,1670809511872,1670809507463
mydata,1,1670809511872,1670809507470
mydata,2,1670809511872,1670809502551
mydata,3,1670809511872,1670809507237
mydata,1,1670809512374,1670809508112
mydata,1,1670809512374,1670809508115
mydata,1,1670809512374,1670809508119
mydata,1,1670809512374,1670809508151
mydata,1,1670809512374,1670809508152
mydata,1,1670809512374,1670809508165
mydata,1,1670809512374,1670809508190
mydata,1,1670809512374,1670809508192
mydata,2,1670809512374,1670809502983
mydata,3,1670809512374,1670809508468
mydata,1,1670809512875,1670809508842
mydata,1,1670809512875,1670809508848
mydata,1,1670809512875,1670809508852
mydata,1,1670809512875,1670809508864
mydata,1,1670809512875,1670809508888
mydata,1,1670809512875,1670809508890
mydata,1,1670809512875,1670809508896
mydata,1,1670809512875,1670809508898
mydata,1,1670809512875,1670809508907
mydata,2,1670809512875,1670809503730
mydata,2,1670809512875,1670809503746
mydata,3,1670809512875,1670809509308
mydata,1,1670809513377,1670809509472
mydata,1,1670809513377,1670809509474
mydata,1,1670809513377,1670809509477
mydata,1,1670809513377,1670809509481
mydata,1,1670809513377,1670809509487
mydata,1,1670809513377,1670809509489
mydata,1,1670809513377,1670809509490
mydata,1,1670809513377,1670809509493
mydata,1,1670809513377,1670809509494
mydata,2,1670809513377,1670809504686
mydata,2,1670809513377,1670809504703
mydata,3,1670809513377,1670809510033
mydata,1,1670809513878,1670809510221
mydata,1,1670809513878,1670809510232
mydata,1,1670809513878,1670809510237
mydata,1,1670809513878,1670809510240
mydata,1,1670809513878,1670809510247
mydata,1,1670809513878,1670809510249
mydata,1,1670809513878,1670809510279
mydata,1,1670809513878,1670809510280
mydata,1,1670809513878,1670809510280
mydata,2,1670809513878,1670809505519
mydata,2,1670809513878,1670809505536
mydata,3,1670809513878,1670809510473
mydata,1,1670809514380,1670809510884
mydata,1,1670809514380,1670809510890
mydata,1,1670809514380,1670809510894
mydata,1,1670809514380,1670809510902
mydata,1,1670809514380,1670809510906
mydata,1,1670809514380,1670809510911
mydata,1,1670809514380,1670809510919
mydata,1,1670809514380,1670809510928
mydata,1,1670809514380,1670809510935
mydata,2,1670809514380,1670809506206
mydata,2,1670809514380,1670809506220
mydata,3,1670809514380,1670809511412
mydata,1,1670809514881,1670809511584
mydata,1,1670809514881,1670809511595
mydata,1,1670809514881,1670809511596
mydata,1,1670809514881,1670809511622
mydata,1,1670809514881,1670809511639
mydata,1,1670809514881,1670809511652
mydata,1,1670809514881,1670809511654
mydata,1,1670809514881,1670809511658
mydata,1,1670809514881,1670809511670
mydata,2,1670809514881,1670809506960
mydata,2,1670809514881,1670809507018
mydata,3,1670809514881,1670809512140
mydata,1,1670809515383,1670809512258
mydata,1,1670809515383,1670809512265
mydata,1,1670809515383,1670809512272
mydata,1,1670809515383,1670809512285
mydata,1,1670809515383,1670809512311
mydata,1,1670809515383,1670809512329
mydata,1,1670809515383,1670809512337
mydata,2,1670809515383,1670809507837
mydata,2,1670809515383,1670809507846
mydata,2,1670809515383,1670809507895
mydata,3,1670809515383,1670809512560
mydata,1,1670809515884,1670809512905
mydata,1,1670809515884,1670809512909
mydata,1,1670809515884,1670809512925
mydata,1,1670809515884,1670809512928
mydata,1,1670809515884,1670809512933
mydata,1,1670809515884,1670809512939
mydata,1,1670809515884,1670809512941
mydata,1,1670809515884,1670809512946
mydata,1,1670809515884,1670809512948
mydata,2,1670809515884,1670809508896
mydata,2,1670809515884,1670809508940
mydata,3,1670809515884,1670809513178
mydata,1,1670809516386,1670809513596
mydata,1,1670809516386,1670809513603
mydata,1,1670809516386,1670809513604
mydata,1,1670809516386,1670809513610
mydata,1,1670809516386,1670809513615
mydata,1,1670809516386,1670809513617
mydata,1,1670809516386,1670809513617
mydata,1,1670809516386,1670809513659
mydata,1,1670809516386,1670809513659
mydata,2,1670809516386,1670809509802
mydata,2,1670809516386,1670809509806
mydata,3,1670809516386,1670809513921
mydata,1,1670809516888,1670809514300
mydata,1,1670809516888,1670809514301
mydata,1,1670809516888,1670809514301
mydata,1,1670809516888,1670809514306
mydata,1,1670809516888,1670809514312
mydata,1,1670809516888,1670809514313
mydata,1,1670809516888,1670809514324
mydata,1,1670809516888,1670809514346
mydata,1,1670809516888,1670809514356
mydata,1,1670809516888,1670809514358
mydata,3,1670809516888,1670809514641
mydata,1,1670809517389,1670809515041
mydata,1,1670809517389,1670809515044
mydata,1,1670809517389,1670809515051
mydata,1,1670809517389,1670809515062
mydata,1,1670809517389,1670809515074
mydata,1,1670809517389,1670809515074
mydata,1,1670809517389,1670809515092
mydata,2,1670809517389,1670809510991
mydata,2,1670809517389,1670809510999
mydata,2,1670809517389,1670809510999
mydata,3,1670809517389,1670809515267
mydata,1,1670809517891,1670809515764
mydata,1,1670809517891,1670809515774
mydata,1,1670809517891,1670809515776
mydata,1,1670809517891,1670809515798
mydata,1,1670809517891,1670809515803
mydata,1,1670809517891,1670809515804
mydata,1,1670809517891,1670809515807
mydata,2,1670809517891,1670809511614
mydata,2,1670809517891,1670809511617
mydata,2,1670809517891,1670809511650
mydata,3,1670809517891,1670809515996
mydata,1,1670809518392,1670809516384
mydata,1,1670809518392,1670809516385
mydata,1,1670809518392,1670809516389
mydata,1,1670809518392,1670809516401
mydata,1,1670809518392,1670809516403
mydata,1,1670809518392,1670809516404
mydata,1,1670809518392,1670809516407
mydata,2,1670809518392,1670809512332
mydata,2,1670809518392,1670809512347
mydata,2,1670809518392,1670809512378
mydata,3,1670809518392,1670809516694
mydata,1,1670809518894,1670809517019
mydata,1,1670809518894,1670809517025
mydata,1,1670809518894,1670809517027
mydata,1,1670809518894,1670809517031
mydata,1,1670809518894,1670809517038
mydata,1,1670809518894,1670809517041
mydata,1,1670809518894,1670809517056
mydata,2,1670809518894,1670809513143
mydata,2,1670809518894,1670809513165
mydata,2,1670809518894,1670809513209
mydata,3,1670809518894,1670809517605
mydata,1,1670809519395,1670809517597
mydata,1,1670809519395,1670809517611
mydata,1,1670809519395,1670809517613
mydata,1,1670809519395,1670809517614
mydata,1,1670809519395,1670809517625
mydata,1,1670809519395,1670809517628
mydata,1,1670809519395,1670809517629
mydata,2,1670809519395,1670809513969
mydata,2,1670809519395,1670809513982
mydata,2,1670809519395,1670809513999
mydata,3,1670809519395,1670809518087
mydata,1,1670809519897,1670809518291
mydata,1,1670809519897,1670809518293
mydata,1,1670809519897,1670809518313
mydata,1,1670809519897,1670809518316
mydata,1,1670809519897,1670809518324
mydata,1,1670809519897,1670809518327
mydata,1,1670809519897,1670809518330
mydata,2,1670809519897,1670809514608
mydata,2,1670809519897,1670809514695
mydata,2,1670809519897,1670809514705
mydata,3,1670809519897,1670809518730
mydata,1,1670809520398,1670809519000
mydata,1,1670809520398,1670809519001
mydata,1,1670809520398,1670809519003
mydata,1,1670809520398,1670809519028
mydata,1,1670809520398,1670809519079
mydata,1,1670809520398,1670809519082
mydata,1,1670809520398,1670809519093
mydata,2,1670809520398,1670809515680
mydata,2,1670809520398,1670809515718
mydata,2,1670809520398,1670809515744
mydata,3,1670809520398,1670809519756
mydata,1,1670809520900,1670809519629
mydata,1,1670809520900,1670809519630
mydata,1,1670809520900,1670809519662
mydata,1,1670809520900,1670809519663
mydata,1,1670809520900,1670809519668
mydata,1,1670809520900,1670809519676
mydata,1,1670809520900,1670809519682
mydata,1,1670809520900,1670809519691
mydata,1,1670809520900,1670809519694
mydata,2,1670809520900,1670809516454
mydata,3,1670809520900,1670809520264
mydata,1,1670809521401,1670809520218
mydata,1,1670809521401,1670809520234
mydata,1,1670809521401,1670809520242
mydata,1,1670809521401,1670809520249
mydata,1,1670809521401,1670809520250
mydata,1,1670809521401,1670809520252
mydata,1,1670809521401,1670809520287
mydata,2,1670809521401,1670809517029
mydata,2,1670809521401,1670809517092
mydata,2,1670809521401,1670809517093
mydata,3,1670809521401,1670809520916
mydata,1,1670809521904,1670809521113
mydata,1,1670809521904,1670809521136
mydata,1,1670809521904,1670809521138
mydata,1,1670809521904,1670809521163
mydata,1,1670809521904,1670809521172
mydata,1,1670809521904,1670809521175
mydata,1,1670809521904,1670809521185
mydata,1,1670809521904,1670809521190
mydata,1,1670809521904,1670809521198
mydata,2,1670809521904,1670809517525
mydata,3,1670809521904,1670809521763
mydata,1,1670809522405,1670809521943
mydata,1,1670809522405,1670809521944
mydata,1,1670809522405,1670809521944
mydata,1,1670809522405,1670809521952
mydata,1,1670809522405,1670809521955
mydata,1,1670809522405,1670809521963
mydata,1,1670809522405,1670809521968
mydata,1,1670809522405,1670809521971
mydata,1,1670809522405,1670809521974
mydata,2,1670809522405,1670809517979
mydata,1,1670809522906,1670809522600
mydata,1,1670809522906,1670809522606
mydata,1,1670809522906,1670809522640
mydata,1,1670809522906,1670809522658
mydata,1,1670809522906,1670809522663
mydata,1,1670809522906,1670809522676
mydata,1,1670809522906,1670809522677
mydata,1,1670809522906,1670809522679
mydata,1,1670809522906,1670809522712
mydata,2,1670809522906,1670809518731
mydata,3,1670809522906,1670809522774
mydata,3,1670809522906,1670809522792
mydata,1,1670809523408,1670809523281
mydata,1,1670809523408,1670809523290
mydata,1,1670809523408,1670809523308
mydata,1,1670809523408,1670809523308
mydata,1,1670809523408,1670809523309
mydata,1,1670809523408,1670809523319
mydata,1,1670809523408,1670809523322
mydata,1,1670809523408,1670809523345
mydata,1,1670809523408,1670809523350
mydata,2,1670809523408,1670809519682
mydata,3,1670809523408,1670809523260
mydata,3,1670809523408,1670809523274
mydata,1,1670809523909,1670809523874
mydata,1,1670809523909,1670809523888
mydata,1,1670809523909,1670809523891
mydata,1,1670809523909,1670809523894
mydata,1,1670809523909,1670809523904
mydata,1,1670809523909,1670809523905
mydata,2,1670809523909,1670809520327
mydata,2,1670809523909,1670809520361
mydata,2,1670809523909,1670809520364
mydata,1,1670809524411,1670809524358
mydata,1,1670809524411,1670809524371
mydata,1,1670809524411,1670809524380
mydata,1,1670809524411,1670809524382
mydata,1,1670809524411,1670809524383
mydata,1,1670809524411,1670809524384
mydata,1,1670809524411,1670809524388
mydata,1,1670809524411,1670809524395
mydata,2,1670809524411,1670809520996
mydata,3,1670809524411,1670809524361
mydata,3,1670809524411,1670809524395
mydata,2,1670809524912,1670809521793
mydata,1,1670809525413,1670809525206
mydata,1,1670809525413,1670809525207
mydata,1,1670809525413,1670809525217
mydata,1,1670809525413,1670809525217
mydata,1,1670809525413,1670809525228
mydata,1,1670809525413,1670809525242
mydata,1,1670809525413,1670809525242
mydata,2,1670809525413,1670809522245
mydata,2,1670809525413,1670809522294
mydata,2,1670809525413,1670809522295
mydata,3,1670809525413,1670809525204
mydata,3,1670809525413,1670809525240
mydata,1,1670809525915,1670809525719
mydata,1,1670809525915,1670809525731
mydata,1,1670809525915,1670809525738
mydata,1,1670809525915,1670809525752
mydata,1,1670809525915,1670809525761
mydata,1,1670809525915,1670809525764
mydata,1,1670809525915,1670809525800
mydata,1,1670809525915,1670809525802
mydata,2,1670809525915,1670809522843
mydata,2,1670809525915,1670809522873
mydata,3,1670809525915,1670809525729
mydata,3,1670809525915,1670809525850
mydata,1,1670809526416,1670809526274
mydata,1,1670809526416,1670809526307
mydata,1,1670809526416,1670809526316
mydata,1,1670809526416,1670809526322
mydata,1,1670809526416,1670809526334
mydata,1,1670809526416,1670809526344
mydata,1,1670809526416,1670809526349
mydata,1,1670809526416,1670809526350
mydata,2,1670809526416,1670809523399
mydata,2,1670809526416,1670809523412
mydata,3,1670809526416,1670809526365
mydata,1,1670809526918,1670809526748
mydata,1,1670809526918,1670809526750
mydata,1,1670809526918,1670809526755
mydata,1,1670809526918,1670809526755
mydata,1,1670809526918,1670809526766
mydata,1,1670809526918,1670809526774
mydata,1,1670809526918,1670809526781
mydata,2,1670809526918,1670809523864
mydata,2,1670809526918,1670809523871
mydata,3,1670809526918,1670809526792
mydata,3,1670809526918,1670809526830
mydata,1,1670809527419,1670809527209
mydata,1,1670809527419,1670809527216
mydata,1,1670809527419,1670809527220
mydata,1,1670809527419,1670809527222
mydata,1,1670809527419,1670809527225
mydata,1,1670809527419,1670809527246
mydata,1,1670809527419,1670809527254
mydata,1,1670809527419,1670809527255
mydata,2,1670809527419,1670809524292
mydata,3,1670809527419,1670809527272
mydata,3,1670809527419,1670809527274
mydata,1,1670809527920,1670809527742
mydata,1,1670809527920,1670809527754
mydata,1,1670809527920,1670809527762
mydata,1,1670809527920,1670809527770
mydata,1,1670809527920,1670809527776
mydata,1,1670809527920,1670809527776
mydata,1,1670809527920,1670809527780
mydata,1,1670809527920,1670809527784
mydata,1,1670809527920,1670809527823
mydata,2,1670809527920,1670809525080
mydata,2,1670809527920,1670809525092
mydata,3,1670809527920,1670809527720
mydata,1,1670809528423,1670809528346
mydata,1,1670809528423,1670809528350
mydata,1,1670809528423,1670809528350
mydata,1,1670809528423,1670809528352
mydata,1,1670809528423,1670809528352
mydata,1,1670809528423,1670809528352
mydata,1,1670809528423,1670809528353
mydata,1,1670809528423,1670809528353
mydata,1,1670809528423,1670809528357
mydata,2,1670809528423,1670809525812
mydata,2,1670809528423,1670809525824
mydata,3,1670809528423,1670809528400
mydata,1,1670809528924,1670809528801
mydata,1,1670809528924,1670809528804
mydata,1,1670809528924,1670809528819
mydata,1,1670809528924,1670809528826
mydata,1,1670809528924,1670809528838
mydata,1,1670809528924,1670809528839
mydata,1,1670809528924,1670809528843
mydata,1,1670809528924,1670809528854
mydata,2,1670809528924,1670809526122
mydata,3,1670809528924,1670809528827
mydata,1,1670809529426,1670809529362
mydata,1,1670809529426,1670809529375
mydata,1,1670809529426,1670809529380
mydata,1,1670809529426,1670809529380
mydata,1,1670809529426,1670809529388
mydata,1,1670809529426,1670809529396
mydata,1,1670809529426,1670809529402
mydata,1,1670809529426,1670809529403
mydata,1,1670809529426,1670809529403
mydata,2,1670809529426,1670809526847
mydata,2,1670809529426,1670809526850
mydata,1,1670809529927,1670809529927
mydata,2,1670809529927,1670809527232
mydata,2,1670809529927,1670809527271
mydata,1,1670809530429,1670809530309
mydata,1,1670809530429,1670809530309
mydata,1,1670809530429,1670809530309
mydata,1,1670809530429,1670809530311
mydata,1,1670809530429,1670809530329
mydata,1,1670809530429,1670809530337
mydata,1,1670809530429,1670809530344
mydata,1,1670809530429,1670809530364
mydata,1,1670809530429,1670809530368
mydata,2,1670809530429,1670809527718
mydata,2,1670809530429,1670809527720
mydata,1,1670809530930,1670809530831
mydata,1,1670809530930,1670809530857
mydata,1,1670809530930,1670809530860
mydata,1,1670809530930,1670809530862
mydata,1,1670809530930,1670809530862
mydata,1,1670809530930,1670809530865
mydata,1,1670809530930,1670809530871
mydata,1,1670809530930,1670809530877
mydata,2,1670809530930,1670809528029
mydata,3,1670809530930,1670809530875
mydata,1,1670809531431,1670809531356
mydata,1,1670809531431,1670809531357
mydata,1,1670809531431,1670809531374
mydata,1,1670809531431,1670809531383
mydata,1,1670809531431,1670809531393
mydata,1,1670809531431,1670809531402
mydata,1,1670809531431,1670809531404
mydata,1,1670809531431,1670809531409
mydata,2,1670809531431,1670809528713
mydata,3,1670809531431,1670809531355
mydata,1,1670809531933,1670809531852
mydata,1,1670809531933,1670809531866
mydata,1,1670809531933,1670809531878
mydata,1,1670809531933,1670809531905
mydata,1,1670809531933,1670809531919
mydata,2,1670809531933,1670809529220
mydata,3,1670809531933,1670809531809
mydata,1,1670809532434,1670809532228
mydata,1,1670809532434,1670809532239
mydata,1,1670809532434,1670809532239
mydata,1,1670809532434,1670809532252
mydata,1,1670809532434,1670809532262
mydata,1,1670809532434,1670809532283
mydata,1,1670809532434,1670809532285
mydata,1,1670809532434,1670809532286
mydata,2,1670809532434,1670809529474
mydata,3,1670809532434,1670809532275
mydata,1,1670809532935,1670809532774
mydata,1,1670809532935,1670809532783
mydata,1,1670809532935,1670809532796
mydata,1,1670809532935,1670809532804
mydata,1,1670809532935,1670809532805
mydata,1,1670809532935,1670809532810
mydata,1,1670809532935,1670809532810
mydata,1,1670809532935,1670809532814
mydata,1,1670809532935,1670809532815
mydata,2,1670809532935,1670809529833
mydata,2,1670809532935,1670809529837
mydata,1,1670809533437,1670809533230
mydata,1,1670809533437,1670809533233
mydata,1,1670809533437,1670809533240
mydata,1,1670809533437,1670809533250
mydata,1,1670809533437,1670809533260
mydata,1,1670809533437,1670809533281
mydata,1,1670809533437,1670809533282
mydata,1,1670809533437,1670809533294
mydata,2,1670809533437,1670809530244
mydata,3,1670809533437,1670809533244
mydata,1,1670809533938,1670809533726
mydata,1,1670809533938,1670809533732
mydata,1,1670809533938,1670809533745
mydata,1,1670809533938,1670809533768
mydata,1,1670809533938,1670809533771
mydata,1,1670809533938,1670809533782
mydata,1,1670809533938,1670809533794
mydata,1,1670809533938,1670809533796
mydata,2,1670809533938,1670809530667
mydata,3,1670809533938,1670809533700
mydata,1,1670809534439,1670809534227
mydata,1,1670809534439,1670809534235
mydata,1,1670809534439,1670809534237
mydata,1,1670809534439,1670809534249
mydata,1,1670809534439,1670809534257
mydata,1,1670809534439,1670809534257
mydata,1,1670809534439,1670809534265
mydata,1,1670809534439,1670809534270
mydata,2,1670809534439,1670809531107
mydata,3,1670809534439,1670809534354
mydata,1,1670809534941,1670809534738
mydata,1,1670809534941,1670809534825
mydata,1,1670809534941,1670809534831
mydata,1,1670809534941,1670809534834
mydata,1,1670809534941,1670809534839
mydata,1,1670809534941,1670809534846
mydata,1,1670809534941,1670809534858
mydata,1,1670809534941,1670809534859
mydata,2,1670809534941,1670809531524
mydata,3,1670809534941,1670809534735
mydata,1,1670809535442,1670809535232
mydata,1,1670809535442,1670809535237
mydata,1,1670809535442,1670809535243
mydata,1,1670809535442,1670809535262
mydata,1,1670809535442,1670809535266
mydata,1,1670809535442,1670809535268
mydata,1,1670809535442,1670809535279
mydata,1,1670809535442,1670809535283
mydata,2,1670809535442,1670809531951
mydata,3,1670809535442,1670809535236
mydata,1,1670809535944,1670809535737
mydata,1,1670809535944,1670809535745
mydata,1,1670809535944,1670809535749
mydata,1,1670809535944,1670809535754
mydata,1,1670809535944,1670809535759
mydata,1,1670809535944,1670809535771
mydata,1,1670809535944,1670809535775
mydata,1,1670809535944,1670809535777
mydata,2,1670809535944,1670809532345
mydata,3,1670809535944,1670809535751
mydata,1,1670809536445,1670809536231
mydata,1,1670809536445,1670809536237
mydata,1,1670809536445,1670809536239
mydata,1,1670809536445,1670809536247
mydata,1,1670809536445,1670809536251
mydata,1,1670809536445,1670809536258
mydata,1,1670809536445,1670809536291
mydata,1,1670809536445,1670809536297
mydata,2,1670809536445,1670809532732
mydata,3,1670809536445,1670809536406
mydata,1,1670809536947,1670809536738
mydata,1,1670809536947,1670809536752
mydata,1,1670809536947,1670809536755
mydata,1,1670809536947,1670809536761
mydata,1,1670809536947,1670809536765
mydata,1,1670809536947,1670809536784
mydata,1,1670809536947,1670809536784
mydata,1,1670809536947,1670809536788
mydata,2,1670809536947,1670809533250
mydata,3,1670809536947,1670809536739
mydata,1,1670809537449,1670809537317
mydata,1,1670809537449,1670809537319
mydata,1,1670809537449,1670809537338
mydata,1,1670809537449,1670809537338
mydata,1,1670809537449,1670809537345
mydata,1,1670809537449,1670809537354
mydata,1,1670809537449,1670809537354
mydata,1,1670809537449,1670809537356
mydata,2,1670809537449,1670809533712
mydata,3,1670809537449,1670809537309
mydata,1,1670809537950,1670809537737
mydata,1,1670809537950,1670809537743
mydata,1,1670809537950,1670809537746
mydata,1,1670809537950,1670809537754
mydata,1,1670809537950,1670809537761
mydata,1,1670809537950,1670809537762
mydata,1,1670809537950,1670809537773
mydata,1,1670809537950,1670809537774
mydata,2,1670809537950,1670809534338
mydata,3,1670809537950,1670809537878
mydata,1,1670809538452,1670809538298
mydata,1,1670809538452,1670809538298
mydata,1,1670809538452,1670809538308
mydata,1,1670809538452,1670809538313
mydata,1,1670809538452,1670809538324
mydata,1,1670809538452,1670809538326
mydata,1,1670809538452,1670809538330
mydata,1,1670809538452,1670809538347
mydata,2,1670809538452,1670809534936
mydata,3,1670809538452,1670809538315
mydata,1,1670809538954,1670809538814
mydata,1,1670809538954,1670809538814
mydata,1,1670809538954,1670809538815
mydata,1,1670809538954,1670809538828
mydata,1,1670809538954,1670809538837
mydata,1,1670809538954,1670809538839
mydata,1,1670809538954,1670809538848
mydata,1,1670809538954,1670809538858
mydata,1,1670809538954,1670809538865
mydata,2,1670809538954,1670809535601
mydata,2,1670809538954,1670809535603
mydata,3,1670809538954,1670809538828
mydata,1,1670809539455,1670809539246
mydata,1,1670809539455,1670809539246
mydata,1,1670809539455,1670809539260
mydata,1,1670809539455,1670809539263
mydata,1,1670809539455,1670809539266
mydata,1,1670809539455,1670809539272
mydata,1,1670809539455,1670809539273
mydata,1,1670809539455,1670809539273
mydata,2,1670809539455,1670809536057
mydata,3,1670809539455,1670809539270
mydata,1,1670809539956,1670809539757
mydata,1,1670809539956,1670809539768
mydata,1,1670809539956,1670809539784
mydata,1,1670809539956,1670809539786
mydata,1,1670809539956,1670809539807
mydata,1,1670809539956,1670809539815
mydata,1,1670809539956,1670809539818
mydata,1,1670809539956,1670809539821
mydata,2,1670809539956,1670809536481
mydata,3,1670809539956,1670809539744
mydata,1,1670809540458,1670809540242
mydata,1,1670809540458,1670809540243
mydata,1,1670809540458,1670809540255
mydata,1,1670809540458,1670809540257
mydata,1,1670809540458,1670809540264
mydata,1,1670809540458,1670809540267
mydata,1,1670809540458,1670809540280
mydata,1,1670809540458,1670809540290
mydata,2,1670809540458,1670809537019
mydata,3,1670809540458,1670809540257
mydata,1,1670809540959,1670809540748
mydata,1,1670809540959,1670809540749
mydata,1,1670809540959,1670809540749
mydata,1,1670809540959,1670809540754
mydata,1,1670809540959,1670809540755
mydata,1,1670809540959,1670809540756
mydata,1,1670809540959,1670809540760
mydata,1,1670809540959,1670809540765
mydata,2,1670809540959,1670809537441
mydata,3,1670809540959,1670809540773
mydata,1,1670809541461,1670809541248
mydata,1,1670809541461,1670809541258
mydata,1,1670809541461,1670809541262
mydata,1,1670809541461,1670809541262
mydata,1,1670809541461,1670809541295
mydata,1,1670809541461,1670809541304
mydata,1,1670809541461,1670809541308
mydata,1,1670809541461,1670809541311
mydata,2,1670809541461,1670809537852
mydata,3,1670809541461,1670809541262
mydata,1,1670809541962,1670809541752
mydata,1,1670809541962,1670809541754
mydata,1,1670809541962,1670809541755
mydata,1,1670809541962,1670809541757
mydata,1,1670809541962,1670809541769
mydata,1,1670809541962,1670809541783
mydata,1,1670809541962,1670809541789
mydata,1,1670809541962,1670809541796
mydata,2,1670809541962,1670809538164
mydata,3,1670809541962,1670809541816
mydata,1,1670809542463,1670809542249
mydata,1,1670809542463,1670809542256
mydata,1,1670809542463,1670809542266
mydata,1,1670809542463,1670809542267
mydata,1,1670809542463,1670809542274
mydata,1,1670809542463,1670809542294
mydata,1,1670809542463,1670809542311
mydata,1,1670809542463,1670809542323
mydata,2,1670809542463,1670809538559
mydata,3,1670809542463,1670809542341
mydata,1,1670809542965,1670809542775
mydata,1,1670809542965,1670809542785
mydata,1,1670809542965,1670809542785
mydata,1,1670809542965,1670809542802
mydata,1,1670809542965,1670809542807
mydata,1,1670809542965,1670809542813
mydata,1,1670809542965,1670809542817
mydata,1,1670809542965,1670809542820
mydata,2,1670809542965,1670809538846
mydata,3,1670809542965,1670809542768
mydata,1,1670809543466,1670809543250
mydata,1,1670809543466,1670809543251
mydata,1,1670809543466,1670809543253
mydata,1,1670809543466,1670809543269
mydata,1,1670809543466,1670809543288
mydata,1,1670809543466,1670809543291
mydata,1,1670809543466,1670809543302
mydata,1,1670809543466,1670809543304
mydata,2,1670809543466,1670809539335
mydata,3,1670809543466,1670809543291
mydata,1,1670809543967,1670809543752
mydata,1,1670809543967,1670809543758
mydata,1,1670809543967,1670809543758
mydata,1,1670809543967,1670809543764
mydata,1,1670809543967,1670809543774
mydata,1,1670809543967,1670809543789
mydata,1,1670809543967,1670809543818
mydata,1,1670809543967,1670809543823
mydata,2,1670809543967,1670809539784
mydata,3,1670809543967,1670809543766
mydata,1,1670809544469,1670809544253
mydata,1,1670809544469,1670809544263
mydata,1,1670809544469,1670809544263
mydata,1,1670809544469,1670809544265
mydata,1,1670809544469,1670809544272
mydata,1,1670809544469,1670809544274
mydata,1,1670809544469,1670809544282
mydata,1,1670809544469,1670809544282
mydata,2,1670809544469,1670809540016
mydata,3,1670809544469,1670809544279
mydata,1,1670809544970,1670809544764
mydata,1,1670809544970,1670809544768
mydata,1,1670809544970,1670809544775
mydata,1,1670809544970,1670809544783
mydata,1,1670809544970,1670809544785
mydata,1,1670809544970,1670809544788
mydata,1,1670809544970,1670809544790
mydata,1,1670809544970,1670809544793
mydata,2,1670809544970,1670809540292
mydata,3,1670809544970,1670809544761
mydata,1,1670809545472,1670809545262
mydata,1,1670809545472,1670809545275
mydata,1,1670809545472,1670809545291
mydata,1,1670809545472,1670809545320
mydata,1,1670809545472,1670809545321
mydata,1,1670809545472,1670809545327
mydata,1,1670809545472,1670809545330
mydata,1,1670809545472,1670809545340
mydata,2,1670809545472,1670809540711
mydata,3,1670809545472,1670809545277
mydata,1,1670809545973,1670809545763
mydata,1,1670809545973,1670809545767
mydata,1,1670809545973,1670809545767
mydata,1,1670809545973,1670809545771
mydata,1,1670809545973,1670809545771
mydata,1,1670809545973,1670809545774
mydata,1,1670809545973,1670809545782
mydata,1,1670809545973,1670809545783
mydata,2,1670809545973,1670809541248
mydata,3,1670809545973,1670809545854
mydata,1,1670809546475,1670809546263
mydata,1,1670809546475,1670809546268
mydata,1,1670809546475,1670809546270
mydata,1,1670809546475,1670809546292
mydata,1,1670809546475,1670809546293
mydata,1,1670809546475,1670809546295
mydata,1,1670809546475,1670809546298
mydata,1,1670809546475,1670809546317
mydata,2,1670809546475,1670809541741
mydata,3,1670809546475,1670809546266
mydata,1,1670809546977,1670809546864
mydata,1,1670809546977,1670809546866
mydata,1,1670809546977,1670809546876
mydata,1,1670809546977,1670809546882
mydata,1,1670809546977,1670809546882
mydata,1,1670809546977,1670809546882
mydata,1,1670809546977,1670809546885
mydata,1,1670809546977,1670809546888
mydata,1,1670809546977,1670809546902
mydata,2,1670809546977,1670809542148
mydata,2,1670809546977,1670809542151
mydata,1,1670809547478,1670809547270
mydata,1,1670809547478,1670809547276
mydata,1,1670809547478,1670809547289
mydata,1,1670809547478,1670809547292
mydata,1,1670809547478,1670809547297
mydata,1,1670809547478,1670809547305
mydata,1,1670809547478,1670809547315
mydata,1,1670809547478,1670809547321
mydata,2,1670809547478,1670809542597
mydata,3,1670809547478,1670809547272
mydata,1,1670809547979,1670809547776
mydata,1,1670809547979,1670809547786
mydata,1,1670809547979,1670809547786
mydata,1,1670809547979,1670809547796
mydata,1,1670809547979,1670809547817
mydata,1,1670809547979,1670809547821
mydata,1,1670809547979,1670809547821
mydata,1,1670809547979,1670809547823
mydata,2,1670809547979,1670809542850
mydata,3,1670809547979,1670809547821
mydata,1,1670809548481,1670809548266
mydata,1,1670809548481,1670809548267
mydata,1,1670809548481,1670809548267
mydata,1,1670809548481,1670809548268
mydata,1,1670809548481,1670809548268
mydata,1,1670809548481,1670809548270
mydata,1,1670809548481,1670809548274
mydata,1,1670809548481,1670809548274
mydata,2,1670809548481,1670809543215
mydata,3,1670809548481,1670809548287
mydata,1,1670809548982,1670809548788
mydata,1,1670809548982,1670809548810
mydata,1,1670809548982,1670809548818
mydata,1,1670809548982,1670809548821
mydata,1,1670809548982,1670809548824
mydata,1,1670809548982,1670809548865
mydata,1,1670809548982,1670809548866
mydata,1,1670809548982,1670809548875
mydata,2,1670809548982,1670809543543
mydata,3,1670809548982,1670809548784
mydata,1,1670809549483,1670809549265
mydata,1,1670809549483,1670809549265
mydata,1,1670809549483,1670809549267
mydata,1,1670809549483,1670809549267
mydata,1,1670809549483,1670809549271
mydata,1,1670809549483,1670809549276
mydata,1,1670809549483,1670809549279
mydata,1,1670809549483,1670809549291
mydata,2,1670809549483,1670809543933
mydata,3,1670809549483,1670809549269
mydata,1,1670809549985,1670809549767
mydata,1,1670809549985,1670809549768
mydata,1,1670809549985,1670809549773
mydata,1,1670809549985,1670809549773
mydata,1,1670809549985,1670809549790
mydata,1,1670809549985,1670809549796
mydata,1,1670809549985,1670809549799
mydata,1,1670809549985,1670809549804
mydata,2,1670809549985,1670809544228
mydata,3,1670809549985,1670809549623
mydata,1,1670809550486,1670809550274
mydata,1,1670809550486,1670809550278
mydata,1,1670809550486,1670809550293
mydata,1,1670809550486,1670809550294
mydata,1,1670809550486,1670809550302
mydata,1,1670809550486,1670809550302
mydata,1,1670809550486,1670809550306
mydata,1,1670809550486,1670809550310
mydata,2,1670809550486,1670809544503
mydata,3,1670809550486,1670809550270
mydata,1,1670809550988,1670809550773
mydata,1,1670809550988,1670809550779
mydata,1,1670809550988,1670809550779
mydata,1,1670809550988,1670809550833
mydata,1,1670809550988,1670809550836
mydata,1,1670809550988,1670809550837
mydata,1,1670809550988,1670809550845
mydata,1,1670809550988,1670809550849
mydata,2,1670809550988,1670809544910
mydata,3,1670809550988,1670809550781
mydata,1,1670809551489,1670809551283
mydata,1,1670809551489,1670809551295
mydata,1,1670809551489,1670809551306
mydata,1,1670809551489,1670809551324
mydata,1,1670809551489,1670809551326
mydata,1,1670809551489,1670809551339
mydata,1,1670809551489,1670809551348
mydata,1,1670809551489,1670809551361
mydata,2,1670809551489,1670809545373
mydata,3,1670809551489,1670809551340
mydata,1,1670809551991,1670809551789
mydata,1,1670809551991,1670809551793
mydata,1,1670809551991,1670809551827
mydata,1,1670809551991,1670809551832
mydata,1,1670809551991,1670809551847
mydata,1,1670809551991,1670809551850
mydata,1,1670809551991,1670809551855
mydata,1,1670809551991,1670809551860
mydata,2,1670809551991,1670809545609
mydata,3,1670809551991,1670809551719
mydata,1,1670809552492,1670809552276
mydata,1,1670809552492,1670809552278
mydata,1,1670809552492,1670809552281
mydata,1,1670809552492,1670809552285
mydata,1,1670809552492,1670809552292
mydata,1,1670809552492,1670809552294
mydata,1,1670809552492,1670809552304
mydata,1,1670809552492,1670809552320
mydata,2,1670809552492,1670809545973
mydata,3,1670809552492,1670809552292
mydata,1,1670809552993,1670809552782
mydata,1,1670809552993,1670809552791
mydata,1,1670809552993,1670809552802
mydata,1,1670809552993,1670809552805
mydata,1,1670809552993,1670809552811
mydata,1,1670809552993,1670809552838
mydata,1,1670809552993,1670809552847
mydata,1,1670809552993,1670809552859
mydata,2,1670809552993,1670809546372
mydata,3,1670809552993,1670809552814
mydata,1,1670809553495,1670809553280
mydata,1,1670809553495,1670809553287
mydata,1,1670809553495,1670809553292
mydata,1,1670809553495,1670809553296
mydata,1,1670809553495,1670809553301
mydata,1,1670809553495,1670809553308
mydata,1,1670809553495,1670809553315
mydata,1,1670809553495,1670809553346
mydata,2,1670809553495,1670809546897
mydata,3,1670809553495,1670809553283
mydata,1,1670809553996,1670809553781
mydata,1,1670809553996,1670809553783
mydata,1,1670809553996,1670809553799
mydata,1,1670809553996,1670809553807
mydata,1,1670809553996,1670809553819
mydata,1,1670809553996,1670809553822
mydata,1,1670809553996,1670809553849
mydata,1,1670809553996,1670809553867
mydata,2,1670809553996,1670809547264
mydata,3,1670809553996,1670809553811
mydata,1,1670809554498,1670809554280
mydata,1,1670809554498,1670809554280
mydata,1,1670809554498,1670809554284
mydata,1,1670809554498,1670809554291
mydata,1,1670809554498,1670809554302
mydata,1,1670809554498,1670809554307
mydata,1,1670809554498,1670809554310
mydata,1,1670809554498,1670809554314
mydata,1,1670809554498,1670809554314
mydata,2,1670809554498,1670809547786
mydata,2,1670809554498,1670809547816
mydata,3,1670809554498,1670809554405
mydata,1,1670809554999,1670809554791
mydata,1,1670809554999,1670809554801
mydata,1,1670809554999,1670809554809
mydata,1,1670809554999,1670809554820
mydata,1,1670809554999,1670809554827
mydata,1,1670809554999,1670809554856
mydata,1,1670809554999,1670809554859
mydata,1,1670809554999,1670809554859
mydata,1,1670809554999,1670809554872
mydata,2,1670809554999,1670809548333
mydata,2,1670809554999,1670809548368
mydata,3,1670809554999,1670809554825
mydata,1,1670809555501,1670809555283
mydata,1,1670809555501,1670809555283
mydata,1,1670809555501,1670809555289
mydata,1,1670809555501,1670809555302
mydata,1,1670809555501,1670809555308
mydata,1,1670809555501,1670809555322
mydata,1,1670809555501,1670809555322
mydata,1,1670809555501,1670809555323
mydata,2,1670809555501,1670809548795
mydata,3,1670809555501,1670809555283
mydata,1,1670809556002,1670809555796
mydata,1,1670809556002,1670809555802
mydata,1,1670809556002,1670809555811
mydata,1,1670809556002,1670809555813
mydata,1,1670809556002,1670809555814
mydata,1,1670809556002,1670809555816
mydata,1,1670809556002,1670809555825
mydata,1,1670809556002,1670809555832
mydata,2,1670809556002,1670809549294
mydata,3,1670809556002,1670809555797
mydata,1,1670809556503,1670809556304
mydata,1,1670809556503,1670809556314
mydata,1,1670809556503,1670809556316
mydata,1,1670809556503,1670809556316
mydata,1,1670809556503,1670809556321
mydata,1,1670809556503,1670809556324
mydata,1,1670809556503,1670809556327
mydata,1,1670809556503,1670809556344
mydata,2,1670809556503,1670809549668
mydata,3,1670809556503,1670809556324
mydata,1,1670809557005,1670809556792
mydata,1,1670809557005,1670809556817
mydata,1,1670809557005,1670809556818
mydata,1,1670809557005,1670809556828
mydata,1,1670809557005,1670809556840
mydata,1,1670809557005,1670809556863
mydata,1,1670809557005,1670809556868
mydata,1,1670809557005,1670809556869
mydata,2,1670809557005,1670809550225
mydata,3,1670809557005,1670809556954
mydata,1,1670809557506,1670809557297
mydata,1,1670809557506,1670809557312
mydata,1,1670809557506,1670809557312
mydata,1,1670809557506,1670809557319
mydata,1,1670809557506,1670809557321
mydata,1,1670809557506,1670809557335
mydata,1,1670809557506,1670809557349
mydata,1,1670809557506,1670809557353
mydata,2,1670809557506,1670809550561
mydata,3,1670809557506,1670809557328
mydata,1,1670809558008,1670809557788
mydata,1,1670809558008,1670809557789
mydata,1,1670809558008,1670809557792
mydata,1,1670809558008,1670809557798
mydata,1,1670809558008,1670809557800
mydata,1,1670809558008,1670809557802
mydata,1,1670809558008,1670809557802
mydata,1,1670809558008,1670809557807
mydata,2,1670809558008,1670809550982
mydata,3,1670809558008,1670809557851
mydata,1,1670809558509,1670809558293
mydata,1,1670809558509,1670809558294
mydata,1,1670809558509,1670809558327
mydata,1,1670809558509,1670809558346
mydata,1,1670809558509,1670809558349
mydata,1,1670809558509,1670809558352
mydata,1,1670809558509,1670809558356
mydata,1,1670809558509,1670809558362
mydata,2,1670809558509,1670809551451
mydata,3,1670809558509,1670809558396
mydata,1,1670809559010,1670809558797
mydata,1,1670809559010,1670809558797
mydata,1,1670809559010,1670809558801
mydata,1,1670809559010,1670809558804
mydata,1,1670809559010,1670809558813
mydata,1,1670809559010,1670809558815
mydata,1,1670809559010,1670809558827
mydata,1,1670809559010,1670809558828
mydata,2,1670809559010,1670809551929
mydata,3,1670809559010,1670809558802
mydata,1,1670809559512,1670809559302
mydata,1,1670809559512,1670809559305
mydata,1,1670809559512,1670809559316
mydata,1,1670809559512,1670809559316
mydata,1,1670809559512,1670809559316
mydata,1,1670809559512,1670809559317
mydata,1,1670809559512,1670809559317
mydata,1,1670809559512,1670809559337
mydata,2,1670809559512,1670809552240
mydata,3,1670809559512,1670809559309
mydata,1,1670809560013,1670809559796
mydata,1,1670809560013,1670809559796
mydata,1,1670809560013,1670809559801
mydata,1,1670809560013,1670809559801
mydata,1,1670809560013,1670809559809
mydata,1,1670809560013,1670809559813
mydata,1,1670809560013,1670809559834
mydata,1,1670809560013,1670809559837
mydata,2,1670809560013,1670809552693
mydata,3,1670809560013,1670809559885
mydata,1,1670809560515,1670809560297
mydata,1,1670809560515,1670809560302
mydata,1,1670809560515,1670809560302
mydata,1,1670809560515,1670809560306
mydata,1,1670809560515,1670809560335
mydata,1,1670809560515,1670809560336
mydata,1,1670809560515,1670809560336
mydata,1,1670809560515,1670809560342
mydata,2,1670809560515,1670809553366
mydata,3,1670809560515,1670809560294
mydata,1,1670809561016,1670809560814
mydata,1,1670809561016,1670809560816
mydata,1,1670809561016,1670809560816
mydata,1,1670809561016,1670809560824
mydata,1,1670809561016,1670809560826
mydata,1,1670809561016,1670809560841
mydata,1,1670809561016,1670809560841
mydata,1,1670809561016,1670809560854
mydata,2,1670809561016,1670809553735
mydata,3,1670809561016,1670809560817
mydata,1,1670809561518,1670809561309
mydata,1,1670809561518,1670809561310
mydata,1,1670809561518,1670809561314
mydata,1,1670809561518,1670809561320
mydata,1,1670809561518,1670809561322
mydata,1,1670809561518,1670809561327
mydata,1,1670809561518,1670809561331
mydata,1,1670809561518,1670809561337
mydata,2,1670809561518,1670809553962
mydata,3,1670809561518,1670809561330
mydata,1,1670809562019,1670809561808
mydata,1,1670809562019,1670809561808
mydata,1,1670809562019,1670809561839
mydata,1,1670809562019,1670809561854
mydata,1,1670809562019,1670809561861
mydata,1,1670809562019,1670809561894
mydata,1,1670809562019,1670809561929
mydata,1,1670809562019,1670809561963
mydata,2,1670809562019,1670809554334
mydata,3,1670809562019,1670809561810
mydata,1,1670809562520,1670809562309
mydata,1,1670809562520,1670809562316
mydata,1,1670809562520,1670809562324
mydata,1,1670809562520,1670809562329
mydata,1,1670809562520,1670809562329
mydata,1,1670809562520,1670809562337
mydata,1,1670809562520,1670809562340
mydata,1,1670809562520,1670809562345
mydata,2,1670809562520,1670809554779
mydata,3,1670809562520,1670809562341
mydata,1,1670809563022,1670809562808
mydata,1,1670809563022,1670809562825
mydata,1,1670809563022,1670809562840
mydata,1,1670809563022,1670809562845
mydata,1,1670809563022,1670809562875
mydata,1,1670809563022,1670809562929
mydata,1,1670809563022,1670809562934
mydata,1,1670809563022,1670809562942
mydata,2,1670809563022,1670809555262
mydata,3,1670809563022,1670809562918
mydata,1,1670809563523,1670809563308
mydata,1,1670809563523,1670809563312
mydata,1,1670809563523,1670809563317
mydata,1,1670809563523,1670809563321
mydata,1,1670809563523,1670809563324
mydata,1,1670809563523,1670809563334
mydata,1,1670809563523,1670809563336
mydata,1,1670809563523,1670809563346
mydata,2,1670809563523,1670809555825
mydata,3,1670809563523,1670809563346
mydata,1,1670809564025,1670809563817
mydata,1,1670809564025,1670809563819
mydata,1,1670809564025,1670809563820
mydata,1,1670809564025,1670809563827
mydata,1,1670809564025,1670809563831
mydata,1,1670809564025,1670809563839
mydata,1,1670809564025,1670809563855
mydata,1,1670809564025,1670809563859
mydata,2,1670809564025,1670809556106
mydata,3,1670809564025,1670809563833
mydata,1,1670809564526,1670809564306
mydata,1,1670809564526,1670809564330
mydata,1,1670809564526,1670809564330
mydata,1,1670809564526,1670809564338
mydata,1,1670809564526,1670809564342
mydata,1,1670809564526,1670809564342
mydata,1,1670809564526,1670809564345
mydata,1,1670809564526,1670809564349
mydata,1,1670809564526,1670809564358
mydata,2,1670809564526,1670809556604
mydata,2,1670809564526,1670809556640
mydata,3,1670809564526,1670809564424
mydata,1,1670809565028,1670809564811
mydata,1,1670809565028,1670809564811
mydata,1,1670809565028,1670809564828
mydata,1,1670809565028,1670809564830
mydata,1,1670809565028,1670809564832
mydata,1,1670809565028,1670809564850
mydata,1,1670809565028,1670809564851
mydata,1,1670809565028,1670809564855
mydata,2,1670809565028,1670809557022
mydata,3,1670809565028,1670809564815
mydata,1,1670809565529,1670809565314
mydata,1,1670809565529,1670809565317
mydata,1,1670809565529,1670809565323
mydata,1,1670809565529,1670809565327
mydata,1,1670809565529,1670809565349
mydata,1,1670809565529,1670809565355
mydata,1,1670809565529,1670809565360
mydata,1,1670809565529,1670809565368
mydata,1,1670809565529,1670809565371
mydata,2,1670809565529,1670809557522
mydata,2,1670809565529,1670809557565
mydata,3,1670809565529,1670809565437
mydata,1,1670809566031,1670809565815
mydata,1,1670809566031,1670809565820
mydata,1,1670809566031,1670809565830
mydata,1,1670809566031,1670809565830
mydata,1,1670809566031,1670809565833
mydata,1,1670809566031,1670809565839
mydata,1,1670809566031,1670809565843
mydata,1,1670809566031,1670809565843
mydata,2,1670809566031,1670809558031
mydata,3,1670809566031,1670809565843
mydata,1,1670809566532,1670809566313
mydata,1,1670809566532,1670809566316
mydata,1,1670809566532,1670809566320
mydata,1,1670809566532,1670809566321
mydata,1,1670809566532,1670809566326
mydata,1,1670809566532,1670809566334
mydata,1,1670809566532,1670809566339
mydata,1,1670809566532,1670809566341
mydata,2,1670809566532,1670809558601
mydata,3,1670809566532,1670809566419
mydata,1,1670809567034,1670809566818
mydata,1,1670809567034,1670809566831
mydata,1,1670809567034,1670809566835
mydata,1,1670809567034,1670809566850
mydata,1,1670809567034,1670809566851
mydata,1,1670809567034,1670809566855
mydata,1,1670809567034,1670809566857
mydata,1,1670809567034,1670809566861
mydata,2,1670809567034,1670809559021
mydata,3,1670809567034,1670809566831
mydata,1,1670809567535,1670809567313
mydata,1,1670809567535,1670809567316
mydata,1,1670809567535,1670809567318
mydata,1,1670809567535,1670809567318
mydata,1,1670809567535,1670809567323
mydata,1,1670809567535,1670809567325
mydata,1,1670809567535,1670809567330
mydata,1,1670809567535,1670809567338
mydata,2,1670809567535,1670809559448
mydata,3,1670809567535,1670809567285
mydata,1,1670809568036,1670809567817
mydata,1,1670809568036,1670809567831
mydata,1,1670809568036,1670809567831
mydata,1,1670809568036,1670809567838
mydata,1,1670809568036,1670809567839
mydata,1,1670809568036,1670809567863
mydata,1,1670809568036,1670809567869
mydata,1,1670809568036,1670809567874
mydata,2,1670809568036,1670809560039
mydata,3,1670809568036,1670809567861
mydata,1,1670809568538,1670809568319
mydata,1,1670809568538,1670809568330
mydata,1,1670809568538,1670809568358
mydata,1,1670809568538,1670809568359
mydata,1,1670809568538,1670809568360
mydata,1,1670809568538,1670809568376
mydata,1,1670809568538,1670809568380
mydata,1,1670809568538,1670809568381
mydata,2,1670809568538,1670809560412
mydata,3,1670809568538,1670809568363
mydata,1,1670809569039,1670809568816
mydata,1,1670809569039,1670809568822
mydata,1,1670809569039,1670809568832
mydata,1,1670809569039,1670809568837
mydata,1,1670809569039,1670809568847
mydata,1,1670809569039,1670809568861
mydata,1,1670809569039,1670809568865
mydata,1,1670809569039,1670809568872
mydata,2,1670809569039,1670809560937
mydata,3,1670809569039,1670809568838
mydata,1,1670809569541,1670809569318
mydata,1,1670809569541,1670809569334
mydata,1,1670809569541,1670809569345
mydata,1,1670809569541,1670809569347
mydata,1,1670809569541,1670809569352
mydata,1,1670809569541,1670809569357
mydata,1,1670809569541,1670809569358
mydata,1,1670809569541,1670809569366
mydata,2,1670809569541,1670809561355
mydata,3,1670809569541,1670809569343
mydata,1,1670809570042,1670809569902
mydata,1,1670809570042,1670809569903
mydata,1,1670809570042,1670809569903
mydata,1,1670809570042,1670809569918
mydata,1,1670809570042,1670809569927
mydata,1,1670809570042,1670809569934
mydata,1,1670809570042,1670809569957
mydata,1,1670809570042,1670809569967
mydata,1,1670809570042,1670809569978
mydata,2,1670809570042,1670809562054
mydata,2,1670809570042,1670809562096
mydata,1,1670809570544,1670809570457
mydata,1,1670809570544,1670809570467
mydata,1,1670809570544,1670809570467
mydata,1,1670809570544,1670809570478
mydata,1,1670809570544,1670809570485
mydata,1,1670809570544,1670809570485
mydata,1,1670809570544,1670809570487
mydata,1,1670809570544,1670809570487
mydata,2,1670809570544,1670809562528
mydata,3,1670809570544,1670809570513
mydata,1,1670809571046,1670809570959
mydata,1,1670809571046,1670809570969
mydata,1,1670809571046,1670809570976
mydata,1,1670809571046,1670809570976
mydata,1,1670809571046,1670809570979
mydata,1,1670809571046,1670809570986
mydata,1,1670809571046,1670809570992
mydata,1,1670809571046,1670809570996
mydata,2,1670809571046,1670809562911
mydata,3,1670809571046,1670809570912
mydata,1,1670809571547,1670809571468
mydata,1,1670809571547,1670809571481
mydata,1,1670809571547,1670809571490
mydata,1,1670809571547,1670809571500
mydata,1,1670809571547,1670809571502
mydata,1,1670809571547,1670809571503
mydata,1,1670809571547,1670809571514
mydata,1,1670809571547,1670809571542
mydata,2,1670809571547,1670809563289
mydata,2,1670809571547,1670809563294
mydata,1,1670809572049,1670809572010
mydata,1,1670809572049,1670809572012
mydata,1,1670809572049,1670809572012
mydata,1,1670809572049,1670809572015
mydata,1,1670809572049,1670809572021
mydata,1,1670809572049,1670809572038
mydata,1,1670809572049,1670809572044
mydata,1,1670809572049,1670809572048
mydata,2,1670809572049,1670809563669
mydata,3,1670809572049,1670809572016
mydata,1,1670809572550,1670809572500
mydata,1,1670809572550,1670809572506
mydata,1,1670809572550,1670809572513
mydata,1,1670809572550,1670809572514
mydata,1,1670809572550,1670809572527
mydata,1,1670809572550,1670809572537
mydata,1,1670809572550,1670809572539
mydata,1,1670809572550,1670809572542
mydata,2,1670809572550,1670809563929
mydata,3,1670809572550,1670809572375
mydata,1,1670809573052,1670809572941
mydata,1,1670809573052,1670809572981
mydata,1,1670809573052,1670809572986
mydata,1,1670809573052,1670809573000
mydata,1,1670809573052,1670809573001
mydata,1,1670809573052,1670809573004
mydata,1,1670809573052,1670809573006
mydata,1,1670809573052,1670809573012
mydata,2,1670809573052,1670809564225
mydata,3,1670809573052,1670809572721
mydata,1,1670809573553,1670809573499
mydata,1,1670809573553,1670809573505
mydata,1,1670809573553,1670809573524
mydata,1,1670809573553,1670809573545
mydata,1,1670809573553,1670809573552
mydata,1,1670809573553,1670809573552
mydata,2,1670809573553,1670809564672
mydata,2,1670809573553,1670809564682
mydata,1,1670809574054,1670809573968
mydata,1,1670809574054,1670809573969
mydata,1,1670809574054,1670809573972
mydata,1,1670809574054,1670809573978
mydata,1,1670809574054,1670809573983
mydata,1,1670809574054,1670809573993
mydata,1,1670809574054,1670809573993
mydata,1,1670809574054,1670809573993
mydata,2,1670809574054,1670809565034
mydata,3,1670809574054,1670809573857
mydata,1,1670809574556,1670809574464
mydata,1,1670809574556,1670809574464
mydata,1,1670809574556,1670809574484
mydata,1,1670809574556,1670809574504
mydata,1,1670809574556,1670809574504
mydata,1,1670809574556,1670809574508
mydata,1,1670809574556,1670809574508
mydata,1,1670809574556,1670809574519
mydata,2,1670809574556,1670809565593
mydata,3,1670809574556,1670809574496
mydata,1,1670809575057,1670809575009
mydata,1,1670809575057,1670809575012
mydata,1,1670809575057,1670809575016
mydata,1,1670809575057,1670809575031
mydata,1,1670809575057,1670809575031
mydata,1,1670809575057,1670809575036
mydata,1,1670809575057,1670809575036
mydata,1,1670809575057,1670809575045
mydata,2,1670809575057,1670809566041
mydata,3,1670809575057,1670809574952
mydata,1,1670809575559,1670809575531
mydata,1,1670809575559,1670809575541
mydata,1,1670809575559,1670809575556
mydata,1,1670809575559,1670809575556
mydata,2,1670809575559,1670809566504
mydata,3,1670809575559,1670809575464
mydata,1,1670809576060,1670809575925
mydata,1,1670809576060,1670809575927
mydata,1,1670809576060,1670809575927
mydata,1,1670809576060,1670809575929
mydata,1,1670809576060,1670809575945
mydata,1,1670809576060,1670809575947
mydata,1,1670809576060,1670809575949
mydata,1,1670809576060,1670809575951
mydata,1,1670809576060,1670809575952
mydata,2,1670809576060,1670809566714
mydata,2,1670809576060,1670809566737
mydata,3,1670809576060,1670809575952
mydata,1,1670809576561,1670809576438
mydata,1,1670809576561,1670809576439
mydata,1,1670809576561,1670809576447
mydata,1,1670809576561,1670809576459
mydata,1,1670809576561,1670809576463
mydata,1,1670809576561,1670809576476
mydata,1,1670809576561,1670809576493
mydata,1,1670809576561,1670809576506
mydata,2,1670809576561,1670809567159
mydata,3,1670809576561,1670809576388
mydata,1,1670809577063,1670809576917
mydata,1,1670809577063,1670809576937
mydata,1,1670809577063,1670809576937
mydata,1,1670809577063,1670809576949
mydata,1,1670809577063,1670809576956
mydata,1,1670809577063,1670809576959
mydata,1,1670809577063,1670809576959
mydata,1,1670809577063,1670809576961
mydata,2,1670809577063,1670809567550
mydata,3,1670809577063,1670809576982
mydata,1,1670809577564,1670809577424
mydata,1,1670809577564,1670809577429
mydata,1,1670809577564,1670809577435
mydata,1,1670809577564,1670809577437
mydata,1,1670809577564,1670809577437
mydata,1,1670809577564,1670809577460
mydata,1,1670809577564,1670809577485
mydata,1,1670809577564,1670809577490
mydata,2,1670809577564,1670809568019
mydata,3,1670809577564,1670809577360
mydata,1,1670809578066,1670809577927
mydata,1,1670809578066,1670809577933
mydata,1,1670809578066,1670809577946
mydata,1,1670809578066,1670809577961
mydata,1,1670809578066,1670809577979
mydata,1,1670809578066,1670809577984
mydata,1,1670809578066,1670809577987
mydata,1,1670809578066,1670809577987
mydata,2,1670809578066,1670809568262
mydata,3,1670809578066,1670809577766
mydata,1,1670809578567,1670809578471
mydata,1,1670809578567,1670809578478
mydata,1,1670809578567,1670809578482
mydata,1,1670809578567,1670809578484
mydata,1,1670809578567,1670809578493
mydata,1,1670809578567,1670809578496
mydata,1,1670809578567,1670809578502
mydata,1,1670809578567,1670809578512
mydata,2,1670809578567,1670809568720
mydata,3,1670809578567,1670809578528
mydata,1,1670809579069,1670809579037
mydata,1,1670809579069,1670809579046
mydata,1,1670809579069,1670809579064
mydata,1,1670809579069,1670809579064
mydata,1,1670809579069,1670809579066
mydata,1,1670809579069,1670809579068
mydata,2,1670809579069,1670809569051
mydata,3,1670809579069,1670809578912
mydata,1,1670809579570,1670809579494
mydata,1,1670809579570,1670809579504
mydata,1,1670809579570,1670809579508
mydata,1,1670809579570,1670809579509
mydata,1,1670809579570,1670809579514
mydata,1,1670809579570,1670809579516
mydata,1,1670809579570,1670809579531
mydata,1,1670809579570,1670809579563
mydata,2,1670809579570,1670809569525
mydata,3,1670809579570,1670809579421
mydata,1,1670809580072,1670809579978
mydata,1,1670809580072,1670809579978
mydata,1,1670809580072,1670809579985
mydata,1,1670809580072,1670809579986
mydata,1,1670809580072,1670809580009
mydata,1,1670809580072,1670809580025
mydata,1,1670809580072,1670809580025
mydata,1,1670809580072,1670809580026
mydata,1,1670809580072,1670809580040
mydata,2,1670809580072,1670809569982
mydata,2,1670809580072,1670809570031
mydata,3,1670809580072,1670809580001
mydata,1,1670809580573,1670809580563
mydata,1,1670809580573,1670809580572
mydata,2,1670809580573,1670809570448
mydata,2,1670809580573,1670809570448
mydata,3,1670809580573,1670809580522
mydata,1,1670809581074,1670809581019
mydata,1,1670809581074,1670809581026
mydata,1,1670809581074,1670809581027
mydata,1,1670809581074,1670809581034
mydata,1,1670809581074,1670809581035
mydata,1,1670809581074,1670809581041
mydata,1,1670809581074,1670809581041
mydata,1,1670809581074,1670809581047
mydata,2,1670809581074,1670809570892
mydata,3,1670809581074,1670809581058
mydata,2,1670809581576,1670809571349
mydata,2,1670809581576,1670809571354
mydata,1,1670809582076,1670809581852
mydata,1,1670809582076,1670809581853
mydata,1,1670809582076,1670809581853
mydata,1,1670809582076,1670809581853
mydata,1,1670809582076,1670809581855
mydata,1,1670809582076,1670809581856
mydata,1,1670809582076,1670809581858
mydata,1,1670809582076,1670809581871
mydata,1,1670809582076,1670809581873
mydata,2,1670809582076,1670809571494
mydata,2,1670809582076,1670809571503
mydata,3,1670809582076,1670809581981
mydata,1,1670809582578,1670809582364
mydata,1,1670809582578,1670809582370
mydata,1,1670809582578,1670809582377
mydata,1,1670809582578,1670809582377
mydata,1,1670809582578,1670809582398
mydata,1,1670809582578,1670809582402
mydata,1,1670809582578,1670809582417
mydata,1,1670809582578,1670809582419
mydata,2,1670809582578,1670809571969
mydata,3,1670809582578,1670809582421
mydata,1,1670809583079,1670809582858
mydata,1,1670809583079,1670809582861
mydata,1,1670809583079,1670809582870
mydata,1,1670809583079,1670809582870
mydata,1,1670809583079,1670809582883
mydata,1,1670809583079,1670809582886
mydata,1,1670809583079,1670809582895
mydata,1,1670809583079,1670809582910
mydata,1,1670809583079,1670809582929
mydata,2,1670809583079,1670809572431
mydata,2,1670809583079,1670809572468
mydata,3,1670809583079,1670809582996
mydata,1,1670809583581,1670809583371
mydata,1,1670809583581,1670809583376
mydata,1,1670809583581,1670809583382
mydata,1,1670809583581,1670809583412
mydata,1,1670809583581,1670809583415
mydata,1,1670809583581,1670809583418
mydata,1,1670809583581,1670809583422
mydata,1,1670809583581,1670809583425
mydata,2,1670809583581,1670809572784
mydata,3,1670809583581,1670809583409
mydata,1,1670809584082,1670809583859
mydata,1,1670809584082,1670809583859
mydata,1,1670809584082,1670809583863
mydata,1,1670809584082,1670809583874
mydata,1,1670809584082,1670809583881
mydata,1,1670809584082,1670809583883
mydata,1,1670809584082,1670809583887
mydata,1,1670809584082,1670809583907
mydata,2,1670809584082,1670809573172
mydata,3,1670809584082,1670809583790
mydata,1,1670809584583,1670809584359
mydata,1,1670809584583,1670809584361
mydata,1,1670809584583,1670809584366
mydata,1,1670809584583,1670809584377
mydata,1,1670809584583,1670809584408
mydata,1,1670809584583,1670809584447
mydata,1,1670809584583,1670809584448
mydata,1,1670809584583,1670809584451
mydata,2,1670809584583,1670809573560
mydata,3,1670809584583,1670809584268
mydata,1,1670809585085,1670809584862
mydata,1,1670809585085,1670809584866
mydata,1,1670809585085,1670809584866
mydata,1,1670809585085,1670809584872
mydata,1,1670809585085,1670809584872
mydata,1,1670809585085,1670809584872
mydata,1,1670809585085,1670809584883
mydata,1,1670809585085,1670809584889
mydata,2,1670809585085,1670809574217
mydata,3,1670809585085,1670809584891
mydata,1,1670809585586,1670809585360
mydata,1,1670809585586,1670809585381
mydata,1,1670809585586,1670809585395
mydata,1,1670809585586,1670809585403
mydata,1,1670809585586,1670809585415
mydata,1,1670809585586,1670809585422
mydata,1,1670809585586,1670809585425
mydata,1,1670809585586,1670809585434
mydata,2,1670809585586,1670809574516
mydata,3,1670809585586,1670809585476
mydata,1,1670809586087,1670809585873
mydata,1,1670809586087,1670809585875
mydata,1,1670809586087,1670809585876
mydata,1,1670809586087,1670809585881
mydata,1,1670809586087,1670809585886
mydata,1,1670809586087,1670809585891
mydata,1,1670809586087,1670809585905
mydata,1,1670809586087,1670809585924
mydata,2,1670809586087,1670809574775
mydata,3,1670809586087,1670809585905
