mydata,1,1670741044658,1670741013882
mydata,1,1670741044658,1670741013884
mydata,1,1670741044658,1670741013898
mydata,1,1670741044658,1670741013936
mydata,1,1670741044658,1670741013995
mydata,1,1670741044658,1670741014227
mydata,1,1670741044658,1670741014651
mydata,1,1670741044658,1670741014997
mydata,2,1670741044658,1670741013819
mydata,3,1670741044658,1670741013927
mydata,1,1670741045159,1670741015119
mydata,1,1670741045159,1670741015217
mydata,1,1670741045159,1670741015325
mydata,1,1670741045159,1670741015328
mydata,1,1670741045159,1670741015427
mydata,1,1670741045159,1670741015444
mydata,1,1670741045159,1670741015468
mydata,1,1670741045159,1670741015483
mydata,2,1670741045159,1670741013887
mydata,3,1670741045159,1670741014052
mydata,1,1670741045661,1670741015532
mydata,1,1670741045661,1670741015730
mydata,1,1670741045661,1670741015803
mydata,1,1670741045661,1670741015899
mydata,1,1670741045661,1670741015978
mydata,1,1670741045661,1670741016036
mydata,1,1670741045661,1670741016258
mydata,1,1670741045661,1670741016340
mydata,2,1670741045661,1670741013892
mydata,3,1670741045661,1670741014814
mydata,1,1670741046162,1670741016429
mydata,1,1670741046162,1670741016603
mydata,1,1670741046162,1670741016659
mydata,1,1670741046162,1670741016807
mydata,1,1670741046162,1670741016850
mydata,1,1670741046162,1670741017039
mydata,1,1670741046162,1670741017048
mydata,1,1670741046162,1670741017161
mydata,2,1670741046162,1670741014024
mydata,3,1670741046162,1670741016166
mydata,1,1670741046663,1670741017180
mydata,1,1670741046663,1670741017180
mydata,1,1670741046663,1670741017248
mydata,1,1670741046663,1670741017286
mydata,1,1670741046663,1670741017558
mydata,1,1670741046663,1670741017961
mydata,1,1670741046663,1670741017962
mydata,1,1670741046663,1670741018134
mydata,2,1670741046663,1670741014051
mydata,3,1670741046663,1670741016356
mydata,1,1670741047165,1670741018222
mydata,1,1670741047165,1670741018269
mydata,1,1670741047165,1670741018439
mydata,1,1670741047165,1670741018594
mydata,1,1670741047165,1670741018611
mydata,1,1670741047165,1670741018616
mydata,1,1670741047165,1670741018658
mydata,1,1670741047165,1670741018785
mydata,2,1670741047165,1670741014364
mydata,3,1670741047165,1670741017014
mydata,1,1670741047666,1670741018810
mydata,1,1670741047666,1670741018989
mydata,1,1670741047666,1670741019103
mydata,1,1670741047666,1670741019229
mydata,1,1670741047666,1670741019317
mydata,1,1670741047666,1670741019344
mydata,1,1670741047666,1670741019512
mydata,1,1670741047666,1670741019529
mydata,2,1670741047666,1670741014467
mydata,3,1670741047666,1670741017790
mydata,1,1670741048167,1670741019700
mydata,1,1670741048167,1670741019745
mydata,1,1670741048167,1670741020090
mydata,1,1670741048167,1670741020116
mydata,1,1670741048167,1670741020170
mydata,1,1670741048167,1670741020234
mydata,1,1670741048167,1670741020243
mydata,1,1670741048167,1670741020331
mydata,2,1670741048167,1670741014591
mydata,3,1670741048167,1670741018580
mydata,1,1670741048669,1670741020332
mydata,1,1670741048669,1670741020367
mydata,1,1670741048669,1670741020415
mydata,1,1670741048669,1670741020456
mydata,1,1670741048669,1670741020551
mydata,1,1670741048669,1670741020845
mydata,1,1670741048669,1670741020859
mydata,1,1670741048669,1670741020915
mydata,2,1670741048669,1670741014708
mydata,3,1670741048669,1670741020805
mydata,1,1670741049170,1670741020972
mydata,1,1670741049170,1670741021485
mydata,1,1670741049170,1670741021966
mydata,1,1670741049170,1670741022007
mydata,1,1670741049170,1670741022360
mydata,1,1670741049170,1670741022522
mydata,1,1670741049170,1670741022543
mydata,1,1670741049170,1670741022697
mydata,2,1670741049170,1670741015263
mydata,3,1670741049170,1670741020909
mydata,1,1670741049671,1670741022789
mydata,1,1670741049671,1670741022805
mydata,1,1670741049671,1670741022888
mydata,1,1670741049671,1670741022903
mydata,1,1670741049671,1670741022957
mydata,1,1670741049671,1670741023367
mydata,1,1670741049671,1670741023407
mydata,1,1670741049671,1670741023464
mydata,2,1670741049671,1670741015328
mydata,3,1670741049671,1670741021064
mydata,1,1670741050173,1670741023581
mydata,1,1670741050173,1670741023622
mydata,1,1670741050173,1670741023685
mydata,1,1670741050173,1670741023706
mydata,1,1670741050173,1670741023878
mydata,1,1670741050173,1670741023998
mydata,1,1670741050173,1670741024068
mydata,1,1670741050173,1670741024075
mydata,2,1670741050173,1670741015419
mydata,3,1670741050173,1670741023256
mydata,1,1670741050674,1670741024163
mydata,1,1670741050674,1670741024197
mydata,1,1670741050674,1670741024208
mydata,1,1670741050674,1670741024408
mydata,1,1670741050674,1670741024490
mydata,1,1670741050674,1670741024502
mydata,1,1670741050674,1670741024641
mydata,1,1670741050674,1670741024887
mydata,2,1670741050674,1670741015441
mydata,3,1670741050674,1670741023266
mydata,1,1670741051175,1670741024936
mydata,1,1670741051175,1670741025006
mydata,1,1670741051175,1670741025143
mydata,1,1670741051175,1670741025334
mydata,1,1670741051175,1670741025422
mydata,1,1670741051175,1670741025491
mydata,1,1670741051175,1670741025523
mydata,1,1670741051175,1670741025820
mydata,2,1670741051175,1670741015470
mydata,3,1670741051175,1670741023521
mydata,1,1670741051677,1670741025885
mydata,1,1670741051677,1670741025997
mydata,1,1670741051677,1670741026012
mydata,1,1670741051677,1670741026185
mydata,1,1670741051677,1670741026370
mydata,1,1670741051677,1670741026435
mydata,1,1670741051677,1670741026549
mydata,1,1670741051677,1670741026563
mydata,2,1670741051677,1670741015861
mydata,3,1670741051677,1670741023607
mydata,1,1670741052178,1670741026607
mydata,1,1670741052178,1670741026761
mydata,1,1670741052178,1670741026809
mydata,1,1670741052178,1670741027039
mydata,1,1670741052178,1670741027188
mydata,1,1670741052178,1670741027198
mydata,1,1670741052178,1670741027547
mydata,1,1670741052178,1670741027651
mydata,2,1670741052178,1670741015884
mydata,3,1670741052178,1670741023991
mydata,1,1670741052679,1670741027962
mydata,1,1670741052679,1670741028153
mydata,1,1670741052679,1670741028248
mydata,1,1670741052679,1670741028324
mydata,1,1670741052679,1670741028332
mydata,1,1670741052679,1670741028378
mydata,1,1670741052679,1670741028446
mydata,1,1670741052679,1670741028541
mydata,2,1670741052679,1670741015989
mydata,3,1670741052679,1670741024321
mydata,1,1670741053181,1670741028843
mydata,1,1670741053181,1670741028850
mydata,1,1670741053181,1670741028906
mydata,1,1670741053181,1670741028963
mydata,1,1670741053181,1670741029125
mydata,1,1670741053181,1670741029142
mydata,1,1670741053181,1670741029458
mydata,1,1670741053181,1670741029869
mydata,2,1670741053181,1670741016065
mydata,3,1670741053181,1670741026495
mydata,1,1670741053682,1670741030157
mydata,1,1670741053682,1670741030192
mydata,1,1670741053682,1670741030280
mydata,1,1670741053682,1670741030326
mydata,1,1670741053682,1670741030591
mydata,1,1670741053682,1670741030896
mydata,1,1670741053682,1670741030960
mydata,1,1670741053682,1670741030987
mydata,2,1670741053682,1670741016070
mydata,3,1670741053682,1670741027482
mydata,1,1670741054183,1670741031092
mydata,1,1670741054183,1670741031102
mydata,1,1670741054183,1670741031242
mydata,1,1670741054183,1670741031246
mydata,1,1670741054183,1670741031286
mydata,1,1670741054183,1670741031351
mydata,1,1670741054183,1670741031435
mydata,1,1670741054183,1670741031528
mydata,2,1670741054183,1670741016140
mydata,3,1670741054183,1670741027485
mydata,1,1670741054685,1670741031634
mydata,1,1670741054685,1670741031745
mydata,1,1670741054685,1670741031829
mydata,1,1670741054685,1670741031877
mydata,1,1670741054685,1670741031927
mydata,1,1670741054685,1670741032061
mydata,1,1670741054685,1670741032062
mydata,1,1670741054685,1670741032106
mydata,2,1670741054685,1670741016373
mydata,3,1670741054685,1670741029117
mydata,1,1670741055186,1670741032182
mydata,1,1670741055186,1670741032442
mydata,1,1670741055186,1670741032529
mydata,1,1670741055186,1670741032530
mydata,1,1670741055186,1670741032615
mydata,1,1670741055186,1670741032674
mydata,1,1670741055186,1670741032884
mydata,1,1670741055186,1670741032996
mydata,2,1670741055186,1670741016419
mydata,3,1670741055186,1670741030040
mydata,1,1670741055687,1670741033028
mydata,1,1670741055687,1670741033214
mydata,1,1670741055687,1670741033409
mydata,1,1670741055687,1670741033493
mydata,1,1670741055687,1670741033606
mydata,1,1670741055687,1670741033714
mydata,1,1670741055687,1670741033730
mydata,1,1670741055687,1670741033803
mydata,2,1670741055687,1670741016687
mydata,3,1670741055687,1670741032431
mydata,1,1670741056189,1670741033857
mydata,1,1670741056189,1670741034066
mydata,1,1670741056189,1670741034111
mydata,1,1670741056189,1670741034224
mydata,1,1670741056189,1670741034245
mydata,1,1670741056189,1670741034424
mydata,1,1670741056189,1670741034457
mydata,1,1670741056189,1670741034566
mydata,2,1670741056189,1670741017425
mydata,3,1670741056189,1670741032626
mydata,1,1670741056690,1670741034823
mydata,1,1670741056690,1670741035018
mydata,1,1670741056690,1670741035263
mydata,1,1670741056690,1670741035336
mydata,1,1670741056690,1670741035400
mydata,1,1670741056690,1670741035753
mydata,1,1670741056690,1670741035940
mydata,1,1670741056690,1670741036169
mydata,2,1670741056690,1670741017570
mydata,3,1670741056690,1670741032636
mydata,1,1670741057191,1670741036307
mydata,1,1670741057191,1670741036318
mydata,1,1670741057191,1670741036361
mydata,1,1670741057191,1670741036366
mydata,1,1670741057191,1670741036589
mydata,1,1670741057191,1670741036725
mydata,1,1670741057191,1670741036797
mydata,1,1670741057191,1670741037012
mydata,2,1670741057191,1670741018029
mydata,3,1670741057191,1670741033223
mydata,1,1670741057693,1670741037080
mydata,1,1670741057693,1670741037157
mydata,1,1670741057693,1670741037263
mydata,1,1670741057693,1670741037454
mydata,1,1670741057693,1670741037575
mydata,1,1670741057693,1670741037817
mydata,1,1670741057693,1670741037940
mydata,1,1670741057693,1670741038021
mydata,2,1670741057693,1670741018063
mydata,3,1670741057693,1670741035046
mydata,1,1670741058194,1670741038099
mydata,1,1670741058194,1670741038220
mydata,1,1670741058194,1670741038673
mydata,1,1670741058194,1670741038830
mydata,1,1670741058194,1670741038839
mydata,1,1670741058194,1670741038845
mydata,1,1670741058194,1670741038882
mydata,1,1670741058194,1670741038966
mydata,2,1670741058194,1670741018633
mydata,3,1670741058194,1670741035178
mydata,1,1670741058695,1670741039001
mydata,1,1670741058695,1670741039105
mydata,1,1670741058695,1670741039142
mydata,1,1670741058695,1670741039169
mydata,1,1670741058695,1670741039260
mydata,1,1670741058695,1670741039364
mydata,1,1670741058695,1670741039395
mydata,1,1670741058695,1670741039462
mydata,2,1670741058695,1670741019078
mydata,3,1670741058695,1670741036288
mydata,1,1670741059197,1670741039591
mydata,1,1670741059197,1670741040186
mydata,1,1670741059197,1670741040761
mydata,1,1670741059197,1670741040765
mydata,1,1670741059197,1670741040963
mydata,1,1670741059197,1670741040966
mydata,1,1670741059197,1670741040985
mydata,1,1670741059197,1670741041124
mydata,2,1670741059197,1670741019229
mydata,3,1670741059197,1670741036649
mydata,1,1670741059698,1670741041125
mydata,1,1670741059698,1670741041717
mydata,1,1670741059698,1670741041815
mydata,1,1670741059698,1670741041870
mydata,1,1670741059698,1670741041928
mydata,1,1670741059698,1670741042216
mydata,1,1670741059698,1670741042244
mydata,1,1670741059698,1670741042381
mydata,2,1670741059698,1670741019269
mydata,3,1670741059698,1670741036733
mydata,1,1670741060199,1670741042499
mydata,1,1670741060199,1670741042756
mydata,1,1670741060199,1670741042776
mydata,1,1670741060199,1670741042846
mydata,1,1670741060199,1670741042877
mydata,1,1670741060199,1670741042953
mydata,1,1670741060199,1670741043002
mydata,1,1670741060199,1670741043298
mydata,2,1670741060199,1670741019662
mydata,3,1670741060199,1670741038237
mydata,1,1670741060701,1670741043352
mydata,1,1670741060701,1670741043365
mydata,1,1670741060701,1670741043450
mydata,1,1670741060701,1670741043841
mydata,1,1670741060701,1670741043977
mydata,1,1670741060701,1670741044011
mydata,1,1670741060701,1670741044086
mydata,1,1670741060701,1670741044096
mydata,2,1670741060701,1670741019859
mydata,3,1670741060701,1670741038555
mydata,1,1670741061202,1670741044338
mydata,1,1670741061202,1670741044346
mydata,1,1670741061202,1670741044391
mydata,1,1670741061202,1670741044412
mydata,1,1670741061202,1670741044522
mydata,1,1670741061202,1670741044607
mydata,1,1670741061202,1670741044660
mydata,1,1670741061202,1670741044747
mydata,2,1670741061202,1670741020194
mydata,3,1670741061202,1670741040042
mydata,1,1670741061703,1670741044863
mydata,1,1670741061703,1670741044907
mydata,1,1670741061703,1670741044987
mydata,1,1670741061703,1670741044997
mydata,1,1670741061703,1670741045052
mydata,1,1670741061703,1670741045086
mydata,1,1670741061703,1670741045188
mydata,1,1670741061703,1670741045417
mydata,2,1670741061703,1670741020349
mydata,3,1670741061703,1670741041551
mydata,1,1670741062205,1670741045895
mydata,1,1670741062205,1670741046192
mydata,1,1670741062205,1670741046212
mydata,1,1670741062205,1670741046271
mydata,1,1670741062205,1670741046276
mydata,1,1670741062205,1670741046280
mydata,1,1670741062205,1670741046291
mydata,1,1670741062205,1670741046302
mydata,2,1670741062205,1670741020476
mydata,3,1670741062205,1670741042643
mydata,1,1670741062706,1670741046369
mydata,1,1670741062706,1670741046370
mydata,1,1670741062706,1670741046657
mydata,1,1670741062706,1670741046718
mydata,1,1670741062706,1670741046751
mydata,1,1670741062706,1670741046844
mydata,1,1670741062706,1670741046850
mydata,1,1670741062706,1670741046874
mydata,2,1670741062706,1670741020925
mydata,3,1670741062706,1670741042646
mydata,1,1670741063207,1670741046920
mydata,1,1670741063207,1670741047165
mydata,1,1670741063207,1670741047702
mydata,1,1670741063207,1670741047784
mydata,1,1670741063207,1670741047918
mydata,1,1670741063207,1670741047921
mydata,1,1670741063207,1670741048189
mydata,1,1670741063207,1670741048333
mydata,2,1670741063207,1670741021119
mydata,3,1670741063207,1670741043135
mydata,1,1670741063709,1670741048551
mydata,1,1670741063709,1670741048558
mydata,1,1670741063709,1670741048739
mydata,1,1670741063709,1670741048856
mydata,1,1670741063709,1670741049029
mydata,1,1670741063709,1670741049441
mydata,1,1670741063709,1670741049653
mydata,1,1670741063709,1670741049699
mydata,2,1670741063709,1670741021594
mydata,3,1670741063709,1670741043262
mydata,1,1670741064210,1670741049706
mydata,1,1670741064210,1670741049871
mydata,1,1670741064210,1670741049884
mydata,1,1670741064210,1670741050032
mydata,1,1670741064210,1670741050068
mydata,1,1670741064210,1670741050208
mydata,1,1670741064210,1670741050267
mydata,1,1670741064210,1670741050313
mydata,2,1670741064210,1670741021802
mydata,3,1670741064210,1670741045078
mydata,1,1670741064711,1670741050337
mydata,1,1670741064711,1670741050498
mydata,1,1670741064711,1670741050575
mydata,1,1670741064711,1670741050582
mydata,1,1670741064711,1670741050603
mydata,1,1670741064711,1670741050688
mydata,1,1670741064711,1670741050718
mydata,1,1670741064711,1670741050742
mydata,2,1670741064711,1670741022225
mydata,3,1670741064711,1670741045938
mydata,1,1670741065213,1670741050836
mydata,1,1670741065213,1670741051013
mydata,1,1670741065213,1670741051060
mydata,1,1670741065213,1670741051195
mydata,1,1670741065213,1670741051217
mydata,1,1670741065213,1670741051380
mydata,1,1670741065213,1670741051480
mydata,1,1670741065213,1670741051614
mydata,2,1670741065213,1670741022277
mydata,3,1670741065213,1670741046118
mydata,1,1670741065714,1670741051654
mydata,1,1670741065714,1670741051675
mydata,1,1670741065714,1670741051699
mydata,1,1670741065714,1670741051701
mydata,1,1670741065714,1670741051739
mydata,1,1670741065714,1670741051937
mydata,1,1670741065714,1670741052153
mydata,1,1670741065714,1670741052374
mydata,2,1670741065714,1670741022533
mydata,3,1670741065714,1670741046482
mydata,1,1670741066215,1670741052559
mydata,1,1670741066215,1670741052740
mydata,1,1670741066215,1670741052749
mydata,1,1670741066215,1670741053143
mydata,1,1670741066215,1670741053239
mydata,1,1670741066215,1670741053264
mydata,1,1670741066215,1670741053299
mydata,1,1670741066215,1670741053371
mydata,2,1670741066215,1670741022726
mydata,3,1670741066215,1670741046620
mydata,1,1670741066716,1670741053489
mydata,1,1670741066716,1670741053582
mydata,1,1670741066716,1670741053689
mydata,1,1670741066716,1670741053927
mydata,1,1670741066716,1670741053961
mydata,1,1670741066716,1670741054011
mydata,1,1670741066716,1670741054741
mydata,1,1670741066716,1670741054782
mydata,2,1670741066716,1670741023400
mydata,3,1670741066716,1670741046897
mydata,1,1670741067218,1670741055077
mydata,1,1670741067218,1670741055533
mydata,1,1670741067218,1670741055598
mydata,1,1670741067218,1670741055611
mydata,1,1670741067218,1670741055727
mydata,1,1670741067218,1670741055808
mydata,1,1670741067218,1670741055880
mydata,1,1670741067218,1670741055982
mydata,2,1670741067218,1670741024016
mydata,3,1670741067218,1670741047064
mydata,1,1670741067719,1670741055991
mydata,1,1670741067719,1670741056011
mydata,1,1670741067719,1670741056138
mydata,1,1670741067719,1670741056151
mydata,1,1670741067719,1670741056151
mydata,1,1670741067719,1670741056169
mydata,1,1670741067719,1670741056329
mydata,1,1670741067719,1670741056358
mydata,2,1670741067719,1670741024056
mydata,3,1670741067719,1670741047527
mydata,1,1670741068220,1670741056360
mydata,1,1670741068220,1670741056642
mydata,1,1670741068220,1670741056940
mydata,1,1670741068220,1670741057088
mydata,1,1670741068220,1670741057167
mydata,1,1670741068220,1670741057233
mydata,1,1670741068220,1670741057279
mydata,1,1670741068220,1670741057339
mydata,2,1670741068220,1670741024197
mydata,3,1670741068220,1670741048403
mydata,1,1670741068722,1670741057359
mydata,1,1670741068722,1670741057363
mydata,1,1670741068722,1670741057507
mydata,1,1670741068722,1670741057508
mydata,1,1670741068722,1670741057558
mydata,1,1670741068722,1670741057832
mydata,1,1670741068722,1670741058119
mydata,1,1670741068722,1670741058120
mydata,2,1670741068722,1670741024212
mydata,3,1670741068722,1670741048571
mydata,1,1670741069223,1670741058166
mydata,1,1670741069223,1670741058246
mydata,1,1670741069223,1670741058259
mydata,1,1670741069223,1670741058288
mydata,1,1670741069223,1670741058381
mydata,1,1670741069223,1670741058469
mydata,1,1670741069223,1670741058548
mydata,1,1670741069223,1670741058738
mydata,2,1670741069223,1670741024488
mydata,3,1670741069223,1670741048734
mydata,1,1670741069724,1670741058742
mydata,1,1670741069724,1670741058768
mydata,1,1670741069724,1670741058809
mydata,1,1670741069724,1670741059165
mydata,1,1670741069724,1670741059212
mydata,1,1670741069724,1670741059365
mydata,1,1670741069724,1670741059433
mydata,1,1670741069724,1670741059461
mydata,2,1670741069724,1670741024646
mydata,3,1670741069724,1670741050371
mydata,1,1670741070226,1670741059489
mydata,1,1670741070226,1670741059580
mydata,1,1670741070226,1670741059934
mydata,1,1670741070226,1670741060346
mydata,1,1670741070226,1670741060675
mydata,1,1670741070226,1670741061205
mydata,1,1670741070226,1670741061247
mydata,1,1670741070226,1670741061475
mydata,2,1670741070226,1670741024787
mydata,3,1670741070226,1670741050416
mydata,1,1670741070727,1670741061583
mydata,1,1670741070727,1670741061616
mydata,1,1670741070727,1670741061729
mydata,1,1670741070727,1670741061767
mydata,1,1670741070727,1670741061832
mydata,1,1670741070727,1670741062011
mydata,1,1670741070727,1670741062033
mydata,1,1670741070727,1670741062142
mydata,2,1670741070727,1670741024874
mydata,3,1670741070727,1670741051055
mydata,1,1670741071228,1670741062190
mydata,1,1670741071228,1670741062195
mydata,1,1670741071228,1670741062544
mydata,1,1670741071228,1670741062692
mydata,1,1670741071228,1670741062784
mydata,1,1670741071228,1670741062851
mydata,1,1670741071228,1670741062857
mydata,1,1670741071228,1670741062900
mydata,2,1670741071228,1670741024962
mydata,3,1670741071228,1670741051199
mydata,1,1670741071730,1670741063599
mydata,1,1670741071730,1670741063691
mydata,1,1670741071730,1670741063698
mydata,1,1670741071730,1670741063717
mydata,1,1670741071730,1670741063729
mydata,1,1670741071730,1670741063850
mydata,1,1670741071730,1670741063908
mydata,1,1670741071730,1670741063942
mydata,2,1670741071730,1670741025150
mydata,3,1670741071730,1670741051608
mydata,1,1670741072231,1670741063950
mydata,1,1670741072231,1670741063988
mydata,1,1670741072231,1670741064049
mydata,1,1670741072231,1670741064076
mydata,1,1670741072231,1670741064163
mydata,1,1670741072231,1670741064207
mydata,1,1670741072231,1670741064254
mydata,1,1670741072231,1670741064503
mydata,2,1670741072231,1670741025176
mydata,3,1670741072231,1670741053699
mydata,1,1670741072732,1670741064578
mydata,1,1670741072732,1670741064631
mydata,1,1670741072732,1670741064746
mydata,1,1670741072732,1670741064879
mydata,1,1670741072732,1670741064931
mydata,1,1670741072732,1670741065021
mydata,1,1670741072732,1670741065127
mydata,1,1670741072732,1670741065270
mydata,2,1670741072732,1670741025419
mydata,3,1670741072732,1670741054318
mydata,1,1670741073234,1670741065310
mydata,1,1670741073234,1670741065374
mydata,1,1670741073234,1670741065534
mydata,1,1670741073234,1670741065539
mydata,1,1670741073234,1670741065694
mydata,1,1670741073234,1670741065726
mydata,1,1670741073234,1670741065728
mydata,1,1670741073234,1670741065756
mydata,2,1670741073234,1670741025581
mydata,3,1670741073234,1670741054469
mydata,1,1670741073735,1670741065772
mydata,1,1670741073735,1670741065912
mydata,1,1670741073735,1670741066064
mydata,1,1670741073735,1670741066283
mydata,1,1670741073735,1670741066290
mydata,1,1670741073735,1670741066397
mydata,1,1670741073735,1670741066466
mydata,1,1670741073735,1670741066467
mydata,2,1670741073735,1670741025614
mydata,3,1670741073735,1670741054788
mydata,1,1670741074236,1670741066568
mydata,1,1670741074236,1670741066658
mydata,1,1670741074236,1670741066674
mydata,1,1670741074236,1670741066808
mydata,1,1670741074236,1670741066926
mydata,1,1670741074236,1670741067026
mydata,1,1670741074236,1670741067176
mydata,1,1670741074236,1670741067353
mydata,2,1670741074236,1670741025654
mydata,3,1670741074236,1670741055293
mydata,1,1670741074738,1670741067513
mydata,1,1670741074738,1670741067622
mydata,1,1670741074738,1670741067653
mydata,1,1670741074738,1670741067921
mydata,1,1670741074738,1670741068000
mydata,1,1670741074738,1670741068019
mydata,1,1670741074738,1670741068135
mydata,1,1670741074738,1670741068230
mydata,2,1670741074738,1670741026147
mydata,3,1670741074738,1670741056112
mydata,1,1670741075239,1670741068406
mydata,1,1670741075239,1670741068796
mydata,1,1670741075239,1670741069009
mydata,1,1670741075239,1670741069051
mydata,1,1670741075239,1670741069256
mydata,1,1670741075239,1670741069571
mydata,1,1670741075239,1670741069594
mydata,1,1670741075239,1670741069626
mydata,2,1670741075239,1670741026230
mydata,3,1670741075239,1670741056169
mydata,1,1670741075740,1670741069654
mydata,1,1670741075740,1670741069723
mydata,1,1670741075740,1670741069725
mydata,1,1670741075740,1670741069975
mydata,1,1670741075740,1670741070095
mydata,1,1670741075740,1670741070107
mydata,1,1670741075740,1670741070123
mydata,1,1670741075740,1670741070394
mydata,2,1670741075740,1670741026387
mydata,3,1670741075740,1670741056446
mydata,1,1670741076242,1670741071239
mydata,1,1670741076242,1670741071319
mydata,1,1670741076242,1670741071382
mydata,1,1670741076242,1670741071462
mydata,1,1670741076242,1670741071614
mydata,1,1670741076242,1670741071766
mydata,1,1670741076242,1670741072007
mydata,1,1670741076242,1670741072159
mydata,2,1670741076242,1670741026855
mydata,3,1670741076242,1670741056691
mydata,1,1670741076743,1670741072302
mydata,1,1670741076743,1670741072392
mydata,1,1670741076743,1670741072407
mydata,1,1670741076743,1670741072588
mydata,1,1670741076743,1670741072729
mydata,1,1670741076743,1670741072783
mydata,1,1670741076743,1670741072857
mydata,1,1670741076743,1670741072932
mydata,2,1670741076743,1670741027073
mydata,3,1670741076743,1670741057011
mydata,1,1670741077244,1670741072978
mydata,1,1670741077244,1670741073002
mydata,1,1670741077244,1670741073069
mydata,1,1670741077244,1670741073179
mydata,1,1670741077244,1670741073194
mydata,1,1670741077244,1670741073231
mydata,1,1670741077244,1670741073231
mydata,1,1670741077244,1670741073265
mydata,2,1670741077244,1670741027204
mydata,3,1670741077244,1670741059233
mydata,1,1670741077746,1670741073307
mydata,1,1670741077746,1670741073506
mydata,1,1670741077746,1670741073508
mydata,1,1670741077746,1670741073568
mydata,1,1670741077746,1670741073655
mydata,1,1670741077746,1670741073866
mydata,1,1670741077746,1670741073921
mydata,1,1670741077746,1670741073939
mydata,2,1670741077746,1670741027774
mydata,3,1670741077746,1670741059523
mydata,1,1670741078247,1670741073966
mydata,1,1670741078247,1670741073967
mydata,1,1670741078247,1670741074096
mydata,1,1670741078247,1670741074105
mydata,1,1670741078247,1670741074128
mydata,1,1670741078247,1670741074156
mydata,1,1670741078247,1670741074251
mydata,1,1670741078247,1670741074266
mydata,2,1670741078247,1670741028040
mydata,3,1670741078247,1670741059609
mydata,1,1670741078748,1670741074456
mydata,1,1670741078748,1670741074471
mydata,1,1670741078748,1670741074537
mydata,1,1670741078748,1670741074557
mydata,1,1670741078748,1670741074797
mydata,1,1670741078748,1670741074933
mydata,1,1670741078748,1670741075001
mydata,1,1670741078748,1670741075356
mydata,2,1670741078748,1670741028206
mydata,3,1670741078748,1670741064230
mydata,1,1670741079249,1670741075593
mydata,1,1670741079249,1670741075801
mydata,1,1670741079249,1670741075909
mydata,1,1670741079249,1670741075947
mydata,1,1670741079249,1670741075947
mydata,1,1670741079249,1670741076035
mydata,1,1670741079249,1670741076080
mydata,1,1670741079249,1670741076094
mydata,2,1670741079249,1670741028335
mydata,3,1670741079249,1670741064433
mydata,1,1670741079751,1670741076179
mydata,1,1670741079751,1670741076243
mydata,1,1670741079751,1670741076468
mydata,1,1670741079751,1670741076474
mydata,1,1670741079751,1670741076550
mydata,1,1670741079751,1670741076558
mydata,1,1670741079751,1670741076593
mydata,1,1670741079751,1670741076642
mydata,2,1670741079751,1670741028367
mydata,3,1670741079751,1670741064933
mydata,1,1670741080252,1670741076647
mydata,1,1670741080252,1670741076685
mydata,1,1670741080252,1670741076796
mydata,1,1670741080252,1670741076809
mydata,1,1670741080252,1670741077024
mydata,1,1670741080252,1670741077146
mydata,1,1670741080252,1670741077224
mydata,1,1670741080252,1670741077276
mydata,2,1670741080252,1670741028909
mydata,3,1670741080252,1670741065155
mydata,1,1670741080753,1670741077291
mydata,1,1670741080753,1670741077296
mydata,1,1670741080753,1670741077303
mydata,1,1670741080753,1670741077351
mydata,1,1670741080753,1670741077410
mydata,1,1670741080753,1670741077430
mydata,1,1670741080753,1670741077506
mydata,1,1670741080753,1670741077916
mydata,2,1670741080753,1670741029247
mydata,3,1670741080753,1670741065454
mydata,1,1670741081255,1670741077970
mydata,1,1670741081255,1670741077987
mydata,1,1670741081255,1670741078121
mydata,1,1670741081255,1670741078183
mydata,1,1670741081255,1670741078232
mydata,1,1670741081255,1670741078316
mydata,1,1670741081255,1670741078405
mydata,1,1670741081255,1670741078412
mydata,2,1670741081255,1670741029329
mydata,3,1670741081255,1670741065660
mydata,1,1670741081756,1670741078481
mydata,1,1670741081756,1670741078515
mydata,1,1670741081756,1670741078583
mydata,1,1670741081756,1670741078630
mydata,1,1670741081756,1670741078727
mydata,1,1670741081756,1670741078752
mydata,1,1670741081756,1670741079055
mydata,1,1670741081756,1670741079171
mydata,2,1670741081756,1670741029648
mydata,3,1670741081756,1670741066978
mydata,1,1670741082257,1670741079193
mydata,1,1670741082257,1670741079203
mydata,1,1670741082257,1670741079223
mydata,1,1670741082257,1670741079251
mydata,1,1670741082257,1670741079252
mydata,1,1670741082257,1670741079412
mydata,1,1670741082257,1670741079429
mydata,1,1670741082257,1670741079429
mydata,2,1670741082257,1670741029648
mydata,3,1670741082257,1670741067405
mydata,1,1670741082759,1670741079498
mydata,1,1670741082759,1670741079526
mydata,1,1670741082759,1670741079570
mydata,1,1670741082759,1670741079630
mydata,1,1670741082759,1670741079691
mydata,1,1670741082759,1670741079699
mydata,1,1670741082759,1670741079752
mydata,1,1670741082759,1670741080038
mydata,2,1670741082759,1670741029684
mydata,3,1670741082759,1670741067999
mydata,1,1670741083260,1670741080132
mydata,1,1670741083260,1670741080342
mydata,1,1670741083260,1670741080351
mydata,1,1670741083260,1670741080451
mydata,1,1670741083260,1670741080579
mydata,1,1670741083260,1670741080639
mydata,2,1670741083260,1670741029744
mydata,2,1670741083260,1670741029768
mydata,2,1670741083260,1670741029905
mydata,3,1670741083260,1670741068319
mydata,3,1670741083260,1670741068595
mydata,3,1670741083260,1670741069089
mydata,1,1670741083761,1670741080842
mydata,1,1670741083761,1670741081046
mydata,1,1670741083761,1670741081204
mydata,1,1670741083761,1670741081312
mydata,1,1670741083761,1670741081322
mydata,1,1670741083761,1670741081549
mydata,2,1670741083761,1670741030026
mydata,2,1670741083761,1670741030183
mydata,2,1670741083761,1670741030495
mydata,3,1670741083761,1670741070279
mydata,3,1670741083761,1670741070664
mydata,3,1670741083761,1670741070809
mydata,1,1670741084263,1670741081609
mydata,1,1670741084263,1670741081808
mydata,1,1670741084263,1670741081988
mydata,1,1670741084263,1670741082271
mydata,1,1670741084263,1670741082391
mydata,1,1670741084263,1670741082409
mydata,2,1670741084263,1670741030736
mydata,2,1670741084263,1670741030777
mydata,2,1670741084263,1670741031219
mydata,3,1670741084263,1670741072093
mydata,3,1670741084263,1670741072554
mydata,3,1670741084263,1670741073053
mydata,1,1670741084764,1670741082630
mydata,1,1670741084764,1670741082822
mydata,1,1670741084764,1670741082875
mydata,1,1670741084764,1670741083278
mydata,1,1670741084764,1670741083378
mydata,2,1670741084764,1670741031450
mydata,2,1670741084764,1670741031477
mydata,2,1670741084764,1670741031558
mydata,3,1670741084764,1670741074646
mydata,3,1670741084764,1670741074866
mydata,3,1670741084764,1670741075481
mydata,1,1670741085266,1670741083432
mydata,1,1670741085266,1670741083476
mydata,1,1670741085266,1670741083755
mydata,1,1670741085266,1670741083757
mydata,1,1670741085266,1670741083785
mydata,1,1670741085266,1670741083805
mydata,2,1670741085266,1670741031822
mydata,2,1670741085266,1670741032256
mydata,2,1670741085266,1670741032619
mydata,3,1670741085266,1670741076115
mydata,3,1670741085266,1670741076138
mydata,3,1670741085266,1670741078044
mydata,1,1670741085767,1670741083943
mydata,1,1670741085767,1670741084027
mydata,1,1670741085767,1670741084086
mydata,1,1670741085767,1670741084137
mydata,1,1670741085767,1670741084414
mydata,1,1670741085767,1670741084631
mydata,2,1670741085767,1670741032692
mydata,2,1670741085767,1670741032839
mydata,2,1670741085767,1670741033072
mydata,3,1670741085767,1670741078070
mydata,3,1670741085767,1670741078560
mydata,3,1670741085767,1670741078630
mydata,1,1670741086269,1670741084944
mydata,1,1670741086269,1670741085006
mydata,1,1670741086269,1670741085077
mydata,1,1670741086269,1670741085126
mydata,1,1670741086269,1670741085327
mydata,1,1670741086269,1670741085429
mydata,2,1670741086269,1670741033218
mydata,2,1670741086269,1670741033249
mydata,2,1670741086269,1670741033736
mydata,3,1670741086269,1670741079118
mydata,3,1670741086269,1670741079294
mydata,3,1670741086269,1670741079631
mydata,1,1670741086770,1670741085496
mydata,1,1670741086770,1670741085576
mydata,1,1670741086770,1670741085717
mydata,1,1670741086770,1670741085816
mydata,1,1670741086770,1670741085842
mydata,1,1670741086770,1670741085913
mydata,1,1670741086770,1670741086213
mydata,2,1670741086770,1670741033767
mydata,2,1670741086770,1670741033796
mydata,3,1670741086770,1670741079978
mydata,3,1670741086770,1670741080278
mydata,1,1670741087272,1670741086374
mydata,1,1670741087272,1670741086412
mydata,1,1670741087272,1670741086422
mydata,1,1670741087272,1670741086517
mydata,1,1670741087272,1670741086533
mydata,1,1670741087272,1670741086725
mydata,1,1670741087272,1670741086745
mydata,2,1670741087272,1670741033857
mydata,2,1670741087272,1670741033968
mydata,3,1670741087272,1670741081153
mydata,3,1670741087272,1670741081162
mydata,1,1670741087773,1670741086786
mydata,1,1670741087773,1670741086918
mydata,1,1670741087773,1670741087074
mydata,1,1670741087773,1670741087097
mydata,1,1670741087773,1670741087120
mydata,1,1670741087773,1670741087379
mydata,1,1670741087773,1670741087523
mydata,2,1670741087773,1670741034228
mydata,2,1670741087773,1670741034546
mydata,3,1670741087773,1670741081486
mydata,3,1670741087773,1670741083138
mydata,1,1670741088275,1670741087622
mydata,1,1670741088275,1670741087867
mydata,1,1670741088275,1670741087951
mydata,1,1670741088275,1670741088014
mydata,1,1670741088275,1670741088016
mydata,1,1670741088275,1670741088033
mydata,1,1670741088275,1670741088092
mydata,1,1670741088275,1670741088132
mydata,2,1670741088275,1670741035486
mydata,2,1670741088275,1670741035899
mydata,3,1670741088275,1670741083195
mydata,3,1670741088275,1670741083858
mydata,1,1670741088776,1670741088232
mydata,1,1670741088776,1670741088283
mydata,1,1670741088776,1670741088429
mydata,1,1670741088776,1670741088475
mydata,1,1670741088776,1670741088480
mydata,1,1670741088776,1670741088650
mydata,1,1670741088776,1670741088653
mydata,1,1670741088776,1670741088735
mydata,2,1670741088776,1670741035943
mydata,2,1670741088776,1670741035985
mydata,3,1670741088776,1670741083963
mydata,1,1670741089277,1670741088882
mydata,1,1670741089277,1670741089222
mydata,1,1670741089277,1670741089225
mydata,2,1670741089277,1670741036288
mydata,2,1670741089277,1670741036845
mydata,2,1670741089277,1670741036851
mydata,3,1670741089277,1670741084155
mydata,1,1670741089778,1670741089298
mydata,1,1670741089778,1670741089406
mydata,1,1670741089778,1670741089556
mydata,2,1670741089778,1670741039270
mydata,2,1670741089778,1670741039463
mydata,2,1670741089778,1670741040039
mydata,3,1670741089778,1670741084199
mydata,1,1670741090280,1670741089786
mydata,1,1670741090280,1670741090024
mydata,1,1670741090280,1670741090079
mydata,1,1670741090280,1670741090122
mydata,2,1670741090280,1670741040206
mydata,2,1670741090280,1670741040309
mydata,3,1670741090280,1670741084574
mydata,3,1670741090280,1670741084598
mydata,1,1670741090781,1670741090734
mydata,1,1670741090781,1670741090758
mydata,2,1670741090781,1670741040400
mydata,2,1670741090781,1670741040525
mydata,3,1670741090781,1670741084663
mydata,3,1670741090781,1670741084892
mydata,1,1670741091282,1670741090801
mydata,1,1670741091282,1670741090801
mydata,1,1670741091282,1670741090834
mydata,1,1670741091282,1670741091048
mydata,1,1670741091282,1670741091097
mydata,1,1670741091282,1670741091209
mydata,1,1670741091282,1670741091260
mydata,2,1670741091282,1670741040872
mydata,2,1670741091282,1670741041192
mydata,3,1670741091282,1670741085673
mydata,1,1670741091783,1670741091319
mydata,1,1670741091783,1670741091445
mydata,1,1670741091783,1670741091470
mydata,1,1670741091783,1670741091582
mydata,1,1670741091783,1670741091692
mydata,1,1670741091783,1670741091757
mydata,2,1670741091783,1670741041200
mydata,2,1670741091783,1670741041257
mydata,3,1670741091783,1670741085847
mydata,3,1670741091783,1670741086042
mydata,1,1670741092284,1670741091806
mydata,1,1670741092284,1670741091884
mydata,1,1670741092284,1670741091946
mydata,2,1670741092284,1670741041431
mydata,2,1670741092284,1670741041789
mydata,3,1670741092284,1670741087688
mydata,3,1670741092284,1670741088010
mydata,1,1670741092786,1670741092371
mydata,1,1670741092786,1670741092470
mydata,1,1670741092786,1670741092483
mydata,1,1670741092786,1670741092525
mydata,1,1670741092786,1670741092656
mydata,1,1670741092786,1670741092763
mydata,2,1670741092786,1670741042051
mydata,2,1670741092786,1670741042130
mydata,3,1670741092786,1670741089442
mydata,1,1670741093287,1670741092805
mydata,1,1670741093287,1670741092964
mydata,1,1670741093287,1670741093016
mydata,1,1670741093287,1670741093027
mydata,1,1670741093287,1670741093240
mydata,2,1670741093287,1670741042269
mydata,3,1670741093287,1670741089913
mydata,1,1670741093788,1670741093651
mydata,1,1670741093788,1670741093684
mydata,2,1670741093788,1670741042814
mydata,2,1670741093788,1670741042911
mydata,3,1670741093788,1670741089989
mydata,3,1670741093788,1670741090776
mydata,1,1670741094289,1670741093791
mydata,1,1670741094289,1670741093868
mydata,1,1670741094289,1670741093984
mydata,1,1670741094289,1670741094029
mydata,2,1670741094289,1670741042961
mydata,2,1670741094289,1670741043041
mydata,3,1670741094289,1670741090966
mydata,1,1670741094790,1670741094314
mydata,1,1670741094790,1670741094425
mydata,1,1670741094790,1670741094571
mydata,2,1670741094790,1670741043099
mydata,2,1670741094790,1670741043160
mydata,3,1670741094790,1670741092042
mydata,1,1670741095291,1670741094826
mydata,1,1670741095291,1670741095072
mydata,1,1670741095291,1670741095195
mydata,1,1670741095291,1670741095282
mydata,2,1670741095291,1670741043469
mydata,2,1670741095291,1670741043698
mydata,3,1670741095291,1670741092305
mydata,1,1670741095792,1670741095387
mydata,2,1670741095792,1670741043742
mydata,2,1670741095792,1670741043972
mydata,3,1670741095792,1670741092940
mydata,1,1670741096293,1670741095841
mydata,1,1670741096293,1670741095961
mydata,1,1670741096293,1670741095984
mydata,1,1670741096293,1670741096040
mydata,1,1670741096293,1670741096077
mydata,1,1670741096293,1670741096111
mydata,2,1670741096293,1670741044225
mydata,3,1670741096293,1670741093893
mydata,1,1670741096794,1670741096303
mydata,1,1670741096794,1670741096526
mydata,1,1670741096794,1670741096607
mydata,1,1670741096794,1670741096699
mydata,2,1670741096794,1670741044364
mydata,3,1670741096794,1670741094565
mydata,1,1670741097295,1670741096923
mydata,1,1670741097295,1670741097098
mydata,1,1670741097295,1670741097294
mydata,2,1670741097295,1670741044414
mydata,3,1670741097295,1670741095109
mydata,1,1670741097796,1670741097427
mydata,1,1670741097796,1670741097466
mydata,1,1670741097796,1670741097472
mydata,1,1670741097796,1670741097514
mydata,1,1670741097796,1670741097756
mydata,2,1670741097796,1670741044812
mydata,3,1670741097796,1670741095977
mydata,1,1670741098297,1670741097831
mydata,1,1670741098297,1670741097834
mydata,2,1670741098297,1670741044956
mydata,2,1670741098297,1670741045378
mydata,3,1670741098297,1670741095995
mydata,3,1670741098297,1670741096233
mydata,1,1670741098798,1670741098605
mydata,1,1670741098798,1670741098613
mydata,2,1670741098798,1670741045614
mydata,3,1670741098798,1670741096451
mydata,1,1670741099299,1670741098822
mydata,1,1670741099299,1670741099151
mydata,2,1670741099299,1670741045614
mydata,3,1670741099299,1670741096770
mydata,1,1670741099800,1670741099375
mydata,1,1670741099800,1670741099477
mydata,1,1670741099800,1670741099499
mydata,1,1670741099800,1670741099529
mydata,1,1670741099800,1670741099563
mydata,1,1670741099800,1670741099696
mydata,1,1670741099800,1670741099797
mydata,2,1670741099800,1670741046325
mydata,3,1670741099800,1670741097122
mydata,1,1670741100301,1670741099854
mydata,1,1670741100301,1670741099996
mydata,1,1670741100301,1670741100191
mydata,2,1670741100301,1670741046562
mydata,3,1670741100301,1670741097701
mydata,1,1670741100802,1670741100489
mydata,1,1670741100802,1670741100568
mydata,1,1670741100802,1670741100590
mydata,1,1670741100802,1670741100596
mydata,1,1670741100802,1670741100722
mydata,2,1670741100802,1670741047026
mydata,3,1670741100802,1670741098548
mydata,1,1670741101303,1670741101084
mydata,2,1670741101303,1670741047085
mydata,2,1670741101303,1670741047313
mydata,3,1670741101303,1670741098600
mydata,3,1670741101303,1670741099020
mydata,1,1670741101804,1670741101432
mydata,1,1670741101804,1670741101481
mydata,1,1670741101804,1670741101575
mydata,1,1670741101804,1670741101657
mydata,1,1670741101804,1670741101732
mydata,1,1670741101804,1670741101740
mydata,1,1670741101804,1670741101787
mydata,2,1670741101804,1670741047830
mydata,3,1670741101804,1670741100374
mydata,1,1670741102305,1670741101890
mydata,1,1670741102305,1670741101936
mydata,1,1670741102305,1670741102039
mydata,1,1670741102305,1670741102087
mydata,1,1670741102305,1670741102146
mydata,2,1670741102305,1670741048601
mydata,3,1670741102305,1670741100416
mydata,1,1670741102806,1670741102307
mydata,1,1670741102806,1670741102342
mydata,1,1670741102806,1670741102372
mydata,1,1670741102806,1670741102380
mydata,1,1670741102806,1670741102418
mydata,1,1670741102806,1670741102431
mydata,1,1670741102806,1670741102527
mydata,2,1670741102806,1670741049313
mydata,3,1670741102806,1670741100789
mydata,1,1670741103307,1670741102932
mydata,1,1670741103307,1670741103154
mydata,1,1670741103307,1670741103235
mydata,1,1670741103307,1670741103249
mydata,1,1670741103307,1670741103293
mydata,2,1670741103307,1670741049675
mydata,3,1670741103307,1670741101513
mydata,1,1670741103808,1670741103335
mydata,1,1670741103808,1670741103360
mydata,1,1670741103808,1670741103516
mydata,1,1670741103808,1670741103576
mydata,1,1670741103808,1670741103715
mydata,1,1670741103808,1670741103731
mydata,2,1670741103808,1670741049675
mydata,3,1670741103808,1670741101725
mydata,1,1670741104310,1670741103813
mydata,1,1670741104310,1670741103920
mydata,1,1670741104310,1670741104098
mydata,1,1670741104310,1670741104119
mydata,1,1670741104310,1670741104254
mydata,1,1670741104310,1670741104274
mydata,2,1670741104310,1670741049781
mydata,3,1670741104310,1670741101849
mydata,1,1670741104811,1670741104586
mydata,1,1670741104811,1670741104624
mydata,1,1670741104811,1670741104661
mydata,2,1670741104811,1670741049830
mydata,2,1670741104811,1670741049864
mydata,3,1670741104811,1670741102624
mydata,3,1670741104811,1670741103480
mydata,1,1670741105312,1670741104904
mydata,1,1670741105312,1670741105026
mydata,1,1670741105312,1670741105207
mydata,1,1670741105312,1670741105207
mydata,1,1670741105312,1670741105307
mydata,2,1670741105312,1670741050188
mydata,2,1670741105312,1670741050199
mydata,3,1670741105312,1670741103807
mydata,1,1670741105813,1670741105395
mydata,1,1670741105813,1670741105772
mydata,2,1670741105813,1670741050324
mydata,2,1670741105813,1670741050612
mydata,3,1670741105813,1670741104636
mydata,1,1670741106314,1670741105956
mydata,1,1670741106314,1670741105956
mydata,1,1670741106314,1670741105981
mydata,1,1670741106314,1670741106056
mydata,1,1670741106314,1670741106131
mydata,1,1670741106314,1670741106228
mydata,1,1670741106314,1670741106284
mydata,2,1670741106314,1670741050628
mydata,2,1670741106314,1670741050630
mydata,1,1670741106815,1670741106351
mydata,1,1670741106815,1670741106500
mydata,1,1670741106815,1670741106752
mydata,1,1670741106815,1670741106786
mydata,2,1670741106815,1670741050847
mydata,2,1670741106815,1670741051429
mydata,1,1670741107316,1670741106823
mydata,1,1670741107316,1670741106870
mydata,1,1670741107316,1670741107076
mydata,1,1670741107316,1670741107135
mydata,1,1670741107316,1670741107175
mydata,1,1670741107316,1670741107180
mydata,1,1670741107316,1670741107189
mydata,2,1670741107316,1670741051638
mydata,2,1670741107316,1670741051812
mydata,1,1670741107817,1670741107355
mydata,1,1670741107817,1670741107627
mydata,1,1670741107817,1670741107704
mydata,2,1670741107817,1670741051879
mydata,2,1670741107817,1670741052428
mydata,1,1670741108318,1670741107891
mydata,1,1670741108318,1670741107905
mydata,1,1670741108318,1670741108075
mydata,1,1670741108318,1670741108172
mydata,2,1670741108318,1670741052446
mydata,2,1670741108318,1670741052744
mydata,1,1670741108819,1670741108428
mydata,1,1670741108819,1670741108434
mydata,1,1670741108819,1670741108458
mydata,1,1670741108819,1670741108485
mydata,1,1670741108819,1670741108770
mydata,2,1670741108819,1670741052811
mydata,2,1670741108819,1670741053804
mydata,3,1670741108819,1670741108559
mydata,1,1670741109320,1670741108829
mydata,1,1670741109320,1670741109010
mydata,1,1670741109320,1670741109105
mydata,1,1670741109320,1670741109191
mydata,1,1670741109320,1670741109212
mydata,1,1670741109320,1670741109232
mydata,1,1670741109320,1670741109301
mydata,2,1670741109320,1670741053927
mydata,2,1670741109320,1670741054104
mydata,1,1670741109822,1670741109359
mydata,1,1670741109822,1670741109366
mydata,1,1670741109822,1670741109410
mydata,1,1670741109822,1670741109458
mydata,1,1670741109822,1670741109468
mydata,2,1670741109822,1670741054118
mydata,3,1670741109822,1670741109519
mydata,1,1670741110323,1670741109894
mydata,1,1670741110323,1670741110060
mydata,1,1670741110323,1670741110137
mydata,2,1670741110323,1670741054147
mydata,3,1670741110323,1670741109686
mydata,1,1670741110824,1670741110410
mydata,1,1670741110824,1670741110499
mydata,1,1670741110824,1670741110673
mydata,1,1670741110824,1670741110691
mydata,1,1670741110824,1670741110784
mydata,2,1670741110824,1670741054354
mydata,3,1670741110824,1670741110112
mydata,1,1670741111325,1670741110861
mydata,1,1670741111325,1670741111138
mydata,1,1670741111325,1670741111222
mydata,1,1670741111325,1670741111304
mydata,2,1670741111325,1670741054522
mydata,3,1670741111325,1670741110571
mydata,1,1670741111826,1670741111520
mydata,1,1670741111826,1670741111551
mydata,1,1670741111826,1670741111591
mydata,1,1670741111826,1670741111612
mydata,2,1670741111826,1670741055151
mydata,3,1670741111826,1670741111686
mydata,1,1670741112327,1670741111939
mydata,1,1670741112327,1670741112125
mydata,1,1670741112327,1670741112166
mydata,1,1670741112327,1670741112218
mydata,2,1670741112327,1670741055329
mydata,3,1670741112327,1670741111794
mydata,1,1670741112828,1670741112401
mydata,1,1670741112828,1670741112585
mydata,1,1670741112828,1670741112728
mydata,1,1670741112828,1670741112728
mydata,1,1670741112828,1670741112730
mydata,1,1670741112828,1670741112736
mydata,1,1670741112828,1670741112766
mydata,1,1670741112828,1670741112774
mydata,2,1670741112828,1670741056050
mydata,3,1670741112828,1670741112730
mydata,1,1670741113329,1670741112856
mydata,1,1670741113329,1670741112864
mydata,1,1670741113329,1670741112895
mydata,1,1670741113329,1670741112927
mydata,1,1670741113329,1670741113024
mydata,1,1670741113329,1670741113267
mydata,2,1670741113329,1670741056209
mydata,2,1670741113329,1670741056268
mydata,1,1670741113830,1670741113334
mydata,1,1670741113830,1670741113380
mydata,1,1670741113830,1670741113399
mydata,1,1670741113830,1670741113422
mydata,1,1670741113830,1670741113589
mydata,1,1670741113830,1670741113758
mydata,1,1670741113830,1670741113780
mydata,2,1670741113830,1670741056486
mydata,3,1670741113830,1670741113516
mydata,1,1670741114331,1670741113896
mydata,1,1670741114331,1670741114106
mydata,1,1670741114331,1670741114256
mydata,2,1670741114331,1670741056685
mydata,2,1670741114331,1670741056900
mydata,1,1670741114832,1670741114374
mydata,1,1670741114832,1670741114451
mydata,1,1670741114832,1670741114654
mydata,2,1670741114832,1670741057030
mydata,3,1670741114832,1670741114365
mydata,1,1670741115333,1670741114853
mydata,1,1670741115333,1670741115246
mydata,2,1670741115333,1670741057350
mydata,3,1670741115333,1670741114553
mydata,1,1670741115834,1670741115541
mydata,1,1670741115834,1670741115576
mydata,1,1670741115834,1670741115611
mydata,1,1670741115834,1670741115650
mydata,1,1670741115834,1670741115727
mydata,1,1670741115834,1670741115729
mydata,1,1670741115834,1670741115748
mydata,2,1670741115834,1670741057754
mydata,3,1670741115834,1670741115477
mydata,1,1670741116335,1670741116085
mydata,1,1670741116335,1670741116133
mydata,1,1670741116335,1670741116220
mydata,1,1670741116335,1670741116244
mydata,1,1670741116335,1670741116255
mydata,2,1670741116335,1670741058284
mydata,3,1670741116335,1670741115686
mydata,1,1670741116836,1670741116337
mydata,1,1670741116836,1670741116416
mydata,1,1670741116836,1670741116497
mydata,1,1670741116836,1670741116744
mydata,1,1670741116836,1670741116801
mydata,2,1670741116836,1670741058410
mydata,2,1670741116836,1670741058502
mydata,1,1670741117337,1670741116907
mydata,1,1670741117337,1670741116949
mydata,1,1670741117337,1670741116955
mydata,1,1670741117337,1670741117153
mydata,1,1670741117337,1670741117288
mydata,2,1670741117337,1670741058540
mydata,2,1670741117337,1670741058960
mydata,1,1670741117839,1670741117369
mydata,1,1670741117839,1670741117377
mydata,1,1670741117839,1670741117600
mydata,2,1670741117839,1670741059227
mydata,3,1670741117839,1670741117668
mydata,1,1670741118339,1670741117851
mydata,1,1670741118339,1670741117851
mydata,1,1670741118339,1670741118014
mydata,1,1670741118339,1670741118177
mydata,1,1670741118339,1670741118215
mydata,1,1670741118339,1670741118290
mydata,2,1670741118339,1670741059325
mydata,3,1670741118339,1670741118225
mydata,1,1670741118841,1670741118556
mydata,1,1670741118841,1670741118662
mydata,1,1670741118841,1670741118770
mydata,1,1670741118841,1670741118821
mydata,2,1670741118841,1670741059379
mydata,3,1670741118841,1670741118660
mydata,1,1670741119342,1670741119193
mydata,1,1670741119342,1670741119223
mydata,1,1670741119342,1670741119240
mydata,2,1670741119342,1670741060080
mydata,3,1670741119342,1670741119040
mydata,1,1670741119843,1670741119425
mydata,1,1670741119843,1670741119625
mydata,1,1670741119843,1670741119764
mydata,1,1670741119843,1670741119792
mydata,1,1670741119843,1670741119829
mydata,2,1670741119843,1670741060195
mydata,3,1670741119843,1670741119589
mydata,1,1670741120344,1670741119918
mydata,1,1670741120344,1670741119941
mydata,1,1670741120344,1670741119947
mydata,1,1670741120344,1670741120036
mydata,1,1670741120344,1670741120088
mydata,1,1670741120344,1670741120162
mydata,2,1670741120344,1670741060204
mydata,3,1670741120344,1670741119990
mydata,1,1670741120845,1670741120352
mydata,1,1670741120845,1670741120437
mydata,1,1670741120845,1670741120450
mydata,1,1670741120845,1670741120455
mydata,1,1670741120845,1670741120693
mydata,2,1670741120845,1670741060351
mydata,3,1670741120845,1670741120115
mydata,1,1670741121346,1670741120953
mydata,1,1670741121346,1670741121002
mydata,1,1670741121346,1670741121178
mydata,1,1670741121346,1670741121205
mydata,1,1670741121346,1670741121213
mydata,2,1670741121346,1670741060428
mydata,3,1670741121346,1670741120180
mydata,1,1670741121847,1670741121413
mydata,1,1670741121847,1670741121416
mydata,1,1670741121847,1670741121509
mydata,1,1670741121847,1670741121682
mydata,2,1670741121847,1670741060496
mydata,3,1670741121847,1670741120930
mydata,1,1670741122348,1670741121908
mydata,1,1670741122348,1670741122055
mydata,1,1670741122348,1670741122175
mydata,2,1670741122348,1670741060632
mydata,3,1670741122348,1670741121081
mydata,1,1670741122849,1670741122369
mydata,1,1670741122849,1670741122629
mydata,2,1670741122849,1670741060829
mydata,3,1670741122849,1670741121744
mydata,1,1670741123350,1670741122883
mydata,1,1670741123350,1670741123070
mydata,1,1670741123350,1670741123110
mydata,1,1670741123350,1670741123206
mydata,1,1670741123350,1670741123229
mydata,2,1670741123350,1670741061247
mydata,3,1670741123350,1670741123105
mydata,1,1670741123851,1670741123421
mydata,1,1670741123851,1670741123667
mydata,1,1670741123851,1670741123673
mydata,1,1670741123851,1670741123732
mydata,2,1670741123851,1670741061448
mydata,2,1670741123851,1670741061736
mydata,1,1670741124352,1670741123877
mydata,1,1670741124352,1670741124116
mydata,1,1670741124352,1670741124119
mydata,1,1670741124352,1670741124193
mydata,1,1670741124352,1670741124229
mydata,1,1670741124352,1670741124242
mydata,1,1670741124352,1670741124252
mydata,1,1670741124352,1670741124294
mydata,2,1670741124352,1670741062635
mydata,3,1670741124352,1670741124326
mydata,1,1670741124853,1670741124424
mydata,1,1670741124853,1670741124438
mydata,1,1670741124853,1670741124452
mydata,1,1670741124853,1670741124573
mydata,1,1670741124853,1670741124623
mydata,1,1670741124853,1670741124704
mydata,1,1670741124853,1670741124773
mydata,2,1670741124853,1670741062689
mydata,3,1670741124853,1670741124827
mydata,1,1670741125354,1670741124858
mydata,1,1670741125354,1670741124911
mydata,1,1670741125354,1670741124965
mydata,1,1670741125354,1670741125089
mydata,1,1670741125354,1670741125099
mydata,1,1670741125354,1670741125155
mydata,1,1670741125354,1670741125166
mydata,1,1670741125354,1670741125173
mydata,2,1670741125354,1670741062691
mydata,2,1670741125354,1670741062799
mydata,3,1670741125354,1670741125033
mydata,1,1670741125856,1670741125597
mydata,1,1670741125856,1670741125717
mydata,1,1670741125856,1670741125735
mydata,1,1670741125856,1670741125853
mydata,2,1670741125856,1670741062902
mydata,2,1670741125856,1670741063292
mydata,3,1670741125856,1670741125714
mydata,1,1670741126357,1670741125864
mydata,1,1670741126357,1670741126022
mydata,1,1670741126357,1670741126117
mydata,1,1670741126357,1670741126167
mydata,1,1670741126357,1670741126189
mydata,1,1670741126357,1670741126272
mydata,2,1670741126357,1670741063385
mydata,2,1670741126357,1670741063535
mydata,1,1670741126858,1670741126614
mydata,1,1670741126858,1670741126718
mydata,1,1670741126858,1670741126720
mydata,1,1670741126858,1670741126743
mydata,1,1670741126858,1670741126800
mydata,1,1670741126858,1670741126848
mydata,2,1670741126858,1670741063614
mydata,3,1670741126858,1670741126575
mydata,1,1670741127359,1670741127117
mydata,2,1670741127359,1670741063844
mydata,2,1670741127359,1670741064121
mydata,1,1670741127860,1670741127370
mydata,1,1670741127860,1670741127372
mydata,1,1670741127860,1670741127402
mydata,1,1670741127860,1670741127815
mydata,2,1670741127860,1670741064127
mydata,3,1670741127860,1670741127686
mydata,1,1670741128361,1670741127971
mydata,1,1670741128361,1670741128270
mydata,2,1670741128361,1670741064412
mydata,2,1670741128361,1670741064809
mydata,1,1670741128862,1670741128362
mydata,1,1670741128862,1670741128523
mydata,1,1670741128862,1670741128578
mydata,1,1670741128862,1670741128600
mydata,2,1670741128862,1670741064881
mydata,3,1670741128862,1670741128472
mydata,1,1670741129363,1670741129110
mydata,1,1670741129363,1670741129243
mydata,1,1670741129363,1670741129243
mydata,1,1670741129363,1670741129350
mydata,2,1670741129363,1670741065144
mydata,3,1670741129363,1670741128702
mydata,1,1670741129864,1670741129497
mydata,1,1670741129864,1670741129797
mydata,1,1670741129864,1670741129850
mydata,2,1670741129864,1670741065313
mydata,3,1670741129864,1670741129000
mydata,1,1670741130365,1670741129864
mydata,1,1670741130365,1670741130131
mydata,2,1670741130365,1670741065336
mydata,2,1670741130365,1670741066032
mydata,3,1670741130365,1670741129325
mydata,3,1670741130365,1670741129462
mydata,1,1670741130866,1670741130528
mydata,1,1670741130866,1670741130697
mydata,2,1670741130866,1670741066061
mydata,3,1670741130866,1670741129681
