mydata,1,1670809506511,1670809500280
mydata,1,1670809506511,1670809500286
mydata,1,1670809506511,1670809500295
mydata,1,1670809506511,1670809500297
mydata,1,1670809506511,1670809500297
mydata,1,1670809506511,1670809500297
mydata,1,1670809506511,1670809500333
mydata,1,1670809506511,1670809500339
mydata,2,1670809506511,1670809499492
mydata,3,1670809506511,1670809500137
mydata,1,1670809507012,1670809500751
mydata,1,1670809507012,1670809500774
mydata,1,1670809507012,1670809500782
mydata,1,1670809507012,1670809500785
mydata,1,1670809507012,1670809500787
mydata,1,1670809507012,1670809500797
mydata,1,1670809507012,1670809500800
mydata,1,1670809507012,1670809500804
mydata,2,1670809507012,1670809499708
mydata,3,1670809507012,1670809500586
mydata,1,1670809507514,1670809501401
mydata,1,1670809507514,1670809501413
mydata,1,1670809507514,1670809501413
mydata,1,1670809507514,1670809501414
mydata,1,1670809507514,1670809501418
mydata,1,1670809507514,1670809501438
mydata,1,1670809507514,1670809501468
mydata,1,1670809507514,1670809501484
mydata,2,1670809507514,1670809499888
mydata,3,1670809507514,1670809500972
mydata,1,1670809508015,1670809501795
mydata,1,1670809508015,1670809501796
mydata,1,1670809508015,1670809501796
mydata,1,1670809508015,1670809501815
mydata,1,1670809508015,1670809501821
mydata,1,1670809508015,1670809501824
mydata,1,1670809508015,1670809501839
mydata,1,1670809508015,1670809501839
mydata,2,1670809508015,1670809500040
mydata,3,1670809508015,1670809501502
mydata,1,1670809508516,1670809502544
mydata,1,1670809508516,1670809502573
mydata,1,1670809508516,1670809502574
mydata,1,1670809508516,1670809502580
mydata,1,1670809508516,1670809502583
mydata,1,1670809508516,1670809502590
mydata,1,1670809508516,1670809502590
mydata,1,1670809508516,1670809502609
mydata,2,1670809508516,1670809500424
mydata,3,1670809508516,1670809502446
mydata,1,1670809509018,1670809503263
mydata,1,1670809509018,1670809503275
mydata,1,1670809509018,1670809503285
mydata,1,1670809509018,1670809503303
mydata,1,1670809509018,1670809503307
mydata,1,1670809509018,1670809503310
mydata,1,1670809509018,1670809503315
mydata,1,1670809509018,1670809503329
mydata,2,1670809509018,1670809500860
mydata,3,1670809509018,1670809502935
mydata,1,1670809509519,1670809504029
mydata,1,1670809509519,1670809504057
mydata,1,1670809509519,1670809504069
mydata,1,1670809509519,1670809504073
mydata,1,1670809509519,1670809504073
mydata,1,1670809509519,1670809504081
mydata,1,1670809509519,1670809504093
mydata,1,1670809509519,1670809504101
mydata,2,1670809509519,1670809501271
mydata,3,1670809509519,1670809503459
mydata,1,1670809510021,1670809504837
mydata,1,1670809510021,1670809504838
mydata,1,1670809510021,1670809504840
mydata,1,1670809510021,1670809504844
mydata,1,1670809510021,1670809504861
mydata,1,1670809510021,1670809504861
mydata,1,1670809510021,1670809504861
mydata,1,1670809510021,1670809504863
mydata,2,1670809510021,1670809501588
mydata,3,1670809510021,1670809504452
mydata,1,1670809510522,1670809505517
mydata,1,1670809510522,1670809505521
mydata,1,1670809510522,1670809505525
mydata,1,1670809510522,1670809505537
mydata,1,1670809510522,1670809505552
mydata,1,1670809510522,1670809505558
mydata,1,1670809510522,1670809505565
mydata,1,1670809510522,1670809505580
mydata,2,1670809510522,1670809501758
mydata,3,1670809510522,1670809504956
mydata,1,1670809511024,1670809506429
mydata,1,1670809511024,1670809506440
mydata,1,1670809511024,1670809506444
mydata,1,1670809511024,1670809506446
mydata,1,1670809511024,1670809506450
mydata,1,1670809511024,1670809506461
mydata,1,1670809511024,1670809506463
mydata,1,1670809511024,1670809506479
mydata,2,1670809511024,1670809502085
mydata,3,1670809511024,1670809505739
mydata,1,1670809511525,1670809507123
mydata,1,1670809511525,1670809507125
mydata,1,1670809511525,1670809507125
mydata,1,1670809511525,1670809507141
mydata,1,1670809511525,1670809507144
mydata,1,1670809511525,1670809507154
mydata,1,1670809511525,1670809507154
mydata,1,1670809511525,1670809507160
mydata,2,1670809511525,1670809502384
mydata,3,1670809511525,1670809506965
mydata,1,1670809512026,1670809507894
mydata,1,1670809512026,1670809507898
mydata,1,1670809512026,1670809507905
mydata,1,1670809512026,1670809507914
mydata,1,1670809512026,1670809507918
mydata,1,1670809512026,1670809507928
mydata,1,1670809512026,1670809507932
mydata,1,1670809512026,1670809507934
mydata,2,1670809512026,1670809502695
mydata,3,1670809512026,1670809507553
mydata,1,1670809512529,1670809508600
mydata,1,1670809512529,1670809508603
mydata,1,1670809512529,1670809508603
mydata,1,1670809512529,1670809508605
mydata,1,1670809512529,1670809508612
mydata,1,1670809512529,1670809508613
mydata,1,1670809512529,1670809508626
mydata,2,1670809512529,1670809503190
mydata,2,1670809512529,1670809503196
mydata,2,1670809512529,1670809503244
mydata,2,1670809512529,1670809503309
mydata,3,1670809512529,1670809509058
mydata,1,1670809513030,1670809509165
mydata,1,1670809513030,1670809509178
mydata,1,1670809513030,1670809509179
mydata,1,1670809513030,1670809509195
mydata,1,1670809513030,1670809509195
mydata,1,1670809513030,1670809509217
mydata,1,1670809513030,1670809509222
mydata,2,1670809513030,1670809504374
mydata,2,1670809513030,1670809504392
mydata,2,1670809513030,1670809504399
mydata,2,1670809513030,1670809504405
mydata,3,1670809513030,1670809509742
mydata,1,1670809513532,1670809509890
mydata,1,1670809513532,1670809509891
mydata,1,1670809513532,1670809509900
mydata,1,1670809513532,1670809509901
mydata,1,1670809513532,1670809509903
mydata,1,1670809513532,1670809509908
mydata,1,1670809513532,1670809509923
mydata,2,1670809513532,1670809505045
mydata,2,1670809513532,1670809505052
mydata,2,1670809513532,1670809505070
mydata,2,1670809513532,1670809505126
mydata,3,1670809513532,1670809510316
mydata,1,1670809514033,1670809510631
mydata,1,1670809514033,1670809510641
mydata,1,1670809514033,1670809510647
mydata,1,1670809514033,1670809510655
mydata,1,1670809514033,1670809510667
mydata,1,1670809514033,1670809510676
mydata,1,1670809514033,1670809510682
mydata,2,1670809514033,1670809505880
mydata,2,1670809514033,1670809505888
mydata,2,1670809514033,1670809505914
mydata,2,1670809514033,1670809505999
mydata,3,1670809514033,1670809510747
mydata,1,1670809514534,1670809511324
mydata,1,1670809514534,1670809511338
mydata,1,1670809514534,1670809511338
mydata,1,1670809514534,1670809511341
mydata,1,1670809514534,1670809511354
mydata,1,1670809514534,1670809511384
mydata,1,1670809514534,1670809511387
mydata,2,1670809514534,1670809506774
mydata,2,1670809514534,1670809506774
mydata,2,1670809514534,1670809506811
mydata,3,1670809514534,1670809511961
mydata,1,1670809515036,1670809512000
mydata,1,1670809515036,1670809512028
mydata,1,1670809515036,1670809512030
mydata,1,1670809515036,1670809512034
mydata,1,1670809515036,1670809512045
mydata,1,1670809515036,1670809512057
mydata,1,1670809515036,1670809512058
mydata,2,1670809515036,1670809507416
mydata,2,1670809515036,1670809507417
mydata,2,1670809515036,1670809507436
mydata,3,1670809515036,1670809512382
mydata,1,1670809515537,1670809512682
mydata,1,1670809515537,1670809512682
mydata,1,1670809515537,1670809512683
mydata,1,1670809515537,1670809512687
mydata,1,1670809515537,1670809512689
mydata,1,1670809515537,1670809512697
mydata,1,1670809515537,1670809512697
mydata,2,1670809515537,1670809508505
mydata,2,1670809515537,1670809508515
mydata,2,1670809515537,1670809508518
mydata,3,1670809515537,1670809512946
mydata,1,1670809516038,1670809513241
mydata,1,1670809516038,1670809513243
mydata,1,1670809516038,1670809513247
mydata,1,1670809516038,1670809513270
mydata,1,1670809516038,1670809513270
mydata,1,1670809516038,1670809513273
mydata,1,1670809516038,1670809513277
mydata,2,1670809516038,1670809509392
mydata,2,1670809516038,1670809509393
mydata,2,1670809516038,1670809509418
mydata,3,1670809516038,1670809513653
mydata,1,1670809516540,1670809513938
mydata,1,1670809516540,1670809513943
mydata,1,1670809516540,1670809513949
mydata,1,1670809516540,1670809513957
mydata,1,1670809516540,1670809513965
mydata,1,1670809516540,1670809513971
mydata,1,1670809516540,1670809513995
mydata,2,1670809516540,1670809510121
mydata,2,1670809516540,1670809510160
mydata,2,1670809516540,1670809510160
mydata,3,1670809516540,1670809514164
mydata,1,1670809517041,1670809514627
mydata,1,1670809517041,1670809514633
mydata,1,1670809517041,1670809514634
mydata,1,1670809517041,1670809514643
mydata,1,1670809517041,1670809514659
mydata,1,1670809517041,1670809514661
mydata,1,1670809517041,1670809514663
mydata,1,1670809517041,1670809514668
mydata,1,1670809517041,1670809514696
mydata,1,1670809517041,1670809514697
mydata,3,1670809517041,1670809515031
mydata,1,1670809517542,1670809515449
mydata,1,1670809517542,1670809515449
mydata,1,1670809517542,1670809515458
mydata,1,1670809517542,1670809515466
mydata,1,1670809517542,1670809515467
mydata,1,1670809517542,1670809515471
mydata,1,1670809517542,1670809515473
mydata,1,1670809517542,1670809515476
mydata,1,1670809517542,1670809515491
mydata,1,1670809517542,1670809515511
mydata,3,1670809517542,1670809515748
mydata,1,1670809518044,1670809516025
mydata,1,1670809518044,1670809516025
mydata,1,1670809518044,1670809516026
mydata,1,1670809518044,1670809516032
mydata,1,1670809518044,1670809516034
mydata,1,1670809518044,1670809516040
mydata,1,1670809518044,1670809516059
mydata,1,1670809518044,1670809516064
mydata,1,1670809518044,1670809516071
mydata,1,1670809518044,1670809516078
mydata,3,1670809518044,1670809516344
mydata,1,1670809518545,1670809516648
mydata,1,1670809518545,1670809516655
mydata,1,1670809518545,1670809516667
mydata,1,1670809518545,1670809516672
mydata,1,1670809518545,1670809516683
mydata,1,1670809518545,1670809516684
mydata,1,1670809518545,1670809516684
mydata,1,1670809518545,1670809516691
mydata,1,1670809518545,1670809516694
mydata,3,1670809518545,1670809517019
mydata,3,1670809518545,1670809517046
mydata,1,1670809519047,1670809517327
mydata,1,1670809519047,1670809517349
mydata,1,1670809519047,1670809517363
mydata,1,1670809519047,1670809517373
mydata,1,1670809519047,1670809517380
mydata,1,1670809519047,1670809517389
mydata,1,1670809519047,1670809517391
mydata,1,1670809519047,1670809517396
mydata,1,1670809519047,1670809517396
mydata,1,1670809519047,1670809517397
mydata,3,1670809519047,1670809517858
mydata,1,1670809519548,1670809518047
mydata,1,1670809519548,1670809518047
mydata,1,1670809519548,1670809518050
mydata,1,1670809519548,1670809518069
mydata,1,1670809519548,1670809518074
mydata,1,1670809519548,1670809518076
mydata,1,1670809519548,1670809518081
mydata,2,1670809519548,1670809514275
mydata,2,1670809519548,1670809514316
mydata,2,1670809519548,1670809514339
mydata,3,1670809519548,1670809518517
mydata,1,1670809520049,1670809518658
mydata,1,1670809520049,1670809518659
mydata,1,1670809520049,1670809518669
mydata,1,1670809520049,1670809518669
mydata,1,1670809520049,1670809518671
mydata,1,1670809520049,1670809518676
mydata,1,1670809520049,1670809518709
mydata,1,1670809520049,1670809518737
mydata,1,1670809520049,1670809518741
mydata,1,1670809520049,1670809518743
mydata,2,1670809520049,1670809515121
mydata,3,1670809520049,1670809519402
mydata,1,1670809520551,1670809519344
mydata,1,1670809520551,1670809519352
mydata,1,1670809520551,1670809519354
mydata,1,1670809520551,1670809519356
mydata,1,1670809520551,1670809519365
mydata,1,1670809520551,1670809519375
mydata,1,1670809520551,1670809519383
mydata,1,1670809520551,1670809519383
mydata,1,1670809520551,1670809519390
mydata,2,1670809520551,1670809516017
mydata,3,1670809520551,1670809519957
mydata,3,1670809520551,1670809520085
mydata,1,1670809521052,1670809519982
mydata,1,1670809521052,1670809519998
mydata,1,1670809521052,1670809520006
mydata,1,1670809521052,1670809520008
mydata,1,1670809521052,1670809520010
mydata,1,1670809521052,1670809520010
mydata,1,1670809521052,1670809520015
mydata,2,1670809521052,1670809516618
mydata,2,1670809521052,1670809516695
mydata,2,1670809521052,1670809516730
mydata,3,1670809521052,1670809520531
mydata,1,1670809521553,1670809520563
mydata,1,1670809521553,1670809520567
mydata,1,1670809521553,1670809520571
mydata,1,1670809521553,1670809520573
mydata,1,1670809521553,1670809520574
mydata,1,1670809521553,1670809520581
mydata,1,1670809521553,1670809520588
mydata,1,1670809521553,1670809520610
mydata,1,1670809521553,1670809520624
mydata,2,1670809521553,1670809517377
mydata,3,1670809521553,1670809521400
mydata,1,1670809522055,1670809521398
mydata,1,1670809522055,1670809521404
mydata,1,1670809522055,1670809521411
mydata,1,1670809522055,1670809521435
mydata,1,1670809522055,1670809521455
mydata,1,1670809522055,1670809521466
mydata,1,1670809522055,1670809521472
mydata,1,1670809522055,1670809521496
mydata,1,1670809522055,1670809521501
mydata,2,1670809522055,1670809517599
mydata,1,1670809522556,1670809522009
mydata,1,1670809522556,1670809522009
mydata,1,1670809522556,1670809522026
mydata,1,1670809522556,1670809522042
mydata,1,1670809522556,1670809522043
mydata,1,1670809522556,1670809522047
mydata,1,1670809522556,1670809522047
mydata,1,1670809522556,1670809522054
mydata,1,1670809522556,1670809522084
mydata,2,1670809522556,1670809518178
mydata,1,1670809523057,1670809522781
mydata,1,1670809523057,1670809522788
mydata,1,1670809523057,1670809522796
mydata,1,1670809523057,1670809522799
mydata,1,1670809523057,1670809522804
mydata,1,1670809523057,1670809522808
mydata,1,1670809523057,1670809522820
mydata,2,1670809523057,1670809518935
mydata,2,1670809523057,1670809518941
mydata,2,1670809523057,1670809518947
mydata,3,1670809523057,1670809522846
mydata,1,1670809523559,1670809523412
mydata,1,1670809523559,1670809523433
mydata,1,1670809523559,1670809523446
mydata,1,1670809523559,1670809523452
mydata,1,1670809523559,1670809523455
mydata,1,1670809523559,1670809523460
mydata,1,1670809523559,1670809523461
mydata,2,1670809523559,1670809519709
mydata,2,1670809523559,1670809519712
mydata,2,1670809523559,1670809519744
mydata,3,1670809523559,1670809523355
mydata,1,1670809524061,1670809524029
mydata,1,1670809524061,1670809524031
mydata,1,1670809524061,1670809524035
mydata,1,1670809524061,1670809524042
mydata,2,1670809524061,1670809520434
mydata,2,1670809524061,1670809520441
mydata,2,1670809524061,1670809520467
mydata,2,1670809524562,1670809521279
mydata,1,1670809525063,1670809524916
mydata,1,1670809525063,1670809524924
mydata,1,1670809525063,1670809524935
mydata,1,1670809525063,1670809524935
mydata,1,1670809525063,1670809524949
mydata,1,1670809525063,1670809524950
mydata,1,1670809525063,1670809524956
mydata,2,1670809525063,1670809521823
mydata,2,1670809525063,1670809521897
mydata,2,1670809525063,1670809521899
mydata,3,1670809525063,1670809525047
mydata,1,1670809525564,1670809525429
mydata,1,1670809525564,1670809525439
mydata,1,1670809525564,1670809525454
mydata,1,1670809525564,1670809525457
mydata,1,1670809525564,1670809525463
mydata,1,1670809525564,1670809525469
mydata,1,1670809525564,1670809525475
mydata,2,1670809525564,1670809522403
mydata,2,1670809525564,1670809522473
mydata,2,1670809525564,1670809522518
mydata,3,1670809525564,1670809525553
mydata,1,1670809526066,1670809525990
mydata,1,1670809526066,1670809525998
mydata,1,1670809526066,1670809526000
mydata,1,1670809526066,1670809526003
mydata,1,1670809526066,1670809526006
mydata,1,1670809526066,1670809526008
mydata,1,1670809526066,1670809526016
mydata,1,1670809526066,1670809526022
mydata,2,1670809526066,1670809523120
mydata,2,1670809526066,1670809523128
mydata,3,1670809526066,1670809526037
mydata,1,1670809526568,1670809526564
mydata,1,1670809526568,1670809526567
mydata,1,1670809526568,1670809526567
mydata,2,1670809526568,1670809523764
mydata,1,1670809527069,1670809527007
mydata,1,1670809527069,1670809527013
mydata,1,1670809527069,1670809527013
mydata,1,1670809527069,1670809527025
mydata,1,1670809527069,1670809527030
mydata,1,1670809527069,1670809527050
mydata,1,1670809527069,1670809527052
mydata,1,1670809527069,1670809527056
mydata,1,1670809527069,1670809527064
mydata,2,1670809527069,1670809524024
mydata,1,1670809527571,1670809527559
mydata,1,1670809527571,1670809527565
mydata,1,1670809527571,1670809527566
mydata,2,1670809527571,1670809524875
mydata,1,1670809528072,1670809528050
mydata,1,1670809528072,1670809528053
mydata,1,1670809528072,1670809528069
mydata,2,1670809528072,1670809525366
mydata,2,1670809528072,1670809525407
mydata,1,1670809528573,1670809528505
mydata,1,1670809528573,1670809528532
mydata,1,1670809528573,1670809528533
mydata,1,1670809528573,1670809528534
mydata,1,1670809528573,1670809528536
mydata,1,1670809528573,1670809528554
mydata,1,1670809528573,1670809528554
mydata,1,1670809528573,1670809528557
mydata,2,1670809528573,1670809525874
mydata,3,1670809528573,1670809528474
mydata,1,1670809529075,1670809529058
mydata,1,1670809529075,1670809529070
mydata,2,1670809529075,1670809526435
mydata,2,1670809529075,1670809526451
mydata,2,1670809529577,1670809527037
mydata,2,1670809529577,1670809527041
mydata,1,1670809530078,1670809530012
mydata,1,1670809530078,1670809530015
mydata,1,1670809530078,1670809530027
mydata,1,1670809530078,1670809530027
mydata,1,1670809530078,1670809530027
mydata,1,1670809530078,1670809530029
mydata,1,1670809530078,1670809530032
mydata,1,1670809530078,1670809530043
mydata,1,1670809530078,1670809530049
mydata,2,1670809530078,1670809527326
mydata,2,1670809530078,1670809527368
mydata,3,1670809530078,1670809529967
mydata,2,1670809530580,1670809527835
mydata,2,1670809530580,1670809527840
mydata,1,1670809531081,1670809530998
mydata,1,1670809531081,1670809530999
mydata,1,1670809531081,1670809531007
mydata,1,1670809531081,1670809531008
mydata,1,1670809531081,1670809531008
mydata,1,1670809531081,1670809531010
mydata,1,1670809531081,1670809531037
mydata,1,1670809531081,1670809531049
mydata,2,1670809531081,1670809528097
mydata,3,1670809531081,1670809530959
mydata,2,1670809531583,1670809528905
mydata,2,1670809531583,1670809528919
mydata,1,1670809532084,1670809532001
mydata,1,1670809532084,1670809532012
mydata,1,1670809532084,1670809532012
mydata,1,1670809532084,1670809532015
mydata,1,1670809532084,1670809532035
mydata,1,1670809532084,1670809532047
mydata,1,1670809532084,1670809532063
mydata,1,1670809532084,1670809532068
mydata,2,1670809532084,1670809529319
mydata,3,1670809532084,1670809531966
mydata,2,1670809532585,1670809529614
mydata,2,1670809532585,1670809529619
mydata,3,1670809532585,1670809532481
mydata,3,1670809532585,1670809532481
mydata,2,1670809533087,1670809530082
mydata,2,1670809533087,1670809530105
mydata,1,1670809533588,1670809533533
mydata,1,1670809533588,1670809533539
mydata,1,1670809533588,1670809533540
mydata,1,1670809533588,1670809533566
mydata,1,1670809533588,1670809533577
mydata,1,1670809533588,1670809533579
mydata,1,1670809533588,1670809533584
mydata,1,1670809533588,1670809533586
mydata,2,1670809533588,1670809530506
mydata,3,1670809533588,1670809533475
mydata,2,1670809534090,1670809530862
mydata,2,1670809534090,1670809530892
mydata,3,1670809534090,1670809533929
mydata,3,1670809534090,1670809534015
mydata,1,1670809534591,1670809534507
mydata,1,1670809534591,1670809534508
mydata,1,1670809534591,1670809534510
mydata,1,1670809534591,1670809534512
mydata,1,1670809534591,1670809534513
mydata,1,1670809534591,1670809534515
mydata,1,1670809534591,1670809534522
mydata,1,1670809534591,1670809534549
mydata,1,1670809534591,1670809534560
mydata,2,1670809534591,1670809531266
mydata,2,1670809534591,1670809531289
mydata,3,1670809534591,1670809534508
mydata,2,1670809535093,1670809531721
mydata,2,1670809535093,1670809531748
mydata,1,1670809535593,1670809535532
mydata,1,1670809535593,1670809535533
mydata,1,1670809535593,1670809535537
mydata,1,1670809535593,1670809535547
mydata,1,1670809535593,1670809535556
mydata,1,1670809535593,1670809535565
mydata,1,1670809535593,1670809535568
mydata,1,1670809535593,1670809535580
mydata,2,1670809535593,1670809532070
mydata,3,1670809535593,1670809535538
mydata,2,1670809536095,1670809532561
mydata,2,1670809536095,1670809532568
mydata,3,1670809536095,1670809535979
mydata,3,1670809536095,1670809536075
mydata,2,1670809536597,1670809532954
mydata,2,1670809536597,1670809533043
mydata,1,1670809537098,1670809537005
mydata,1,1670809537098,1670809537005
mydata,1,1670809537098,1670809537013
mydata,1,1670809537098,1670809537015
mydata,1,1670809537098,1670809537023
mydata,1,1670809537098,1670809537040
mydata,1,1670809537098,1670809537042
mydata,1,1670809537098,1670809537042
mydata,2,1670809537098,1670809533330
mydata,3,1670809537098,1670809536865
mydata,1,1670809537599,1670809537470
mydata,1,1670809537599,1670809537472
mydata,1,1670809537599,1670809537476
mydata,1,1670809537599,1670809537480
mydata,1,1670809537599,1670809537485
mydata,1,1670809537599,1670809537490
mydata,1,1670809537599,1670809537498
mydata,1,1670809537599,1670809537512
mydata,2,1670809537599,1670809533819
mydata,3,1670809537599,1670809537494
mydata,1,1670809538100,1670809538008
mydata,1,1670809538100,1670809538008
mydata,1,1670809538100,1670809538016
mydata,1,1670809538100,1670809538016
mydata,1,1670809538100,1670809538039
mydata,1,1670809538100,1670809538049
mydata,1,1670809538100,1670809538061
mydata,1,1670809538100,1670809538067
mydata,1,1670809538100,1670809538075
mydata,2,1670809538100,1670809534547
mydata,2,1670809538100,1670809534577
mydata,2,1670809538602,1670809535261
mydata,2,1670809538602,1670809535323
mydata,3,1670809538602,1670809538579
mydata,1,1670809539103,1670809539032
mydata,1,1670809539103,1670809539048
mydata,1,1670809539103,1670809539049
mydata,1,1670809539103,1670809539055
mydata,1,1670809539103,1670809539058
mydata,1,1670809539103,1670809539081
mydata,1,1670809539103,1670809539084
mydata,1,1670809539103,1670809539090
mydata,2,1670809539103,1670809535787
mydata,3,1670809539103,1670809539014
mydata,2,1670809539605,1670809536312
mydata,2,1670809539605,1670809536325
mydata,2,1670809540106,1670809536613
mydata,2,1670809540106,1670809536619
mydata,1,1670809540607,1670809540459
mydata,1,1670809540607,1670809540465
mydata,1,1670809540607,1670809540465
mydata,1,1670809540607,1670809540465
mydata,1,1670809540607,1670809540465
mydata,1,1670809540607,1670809540466
mydata,1,1670809540607,1670809540504
mydata,1,1670809540607,1670809540516
mydata,2,1670809540607,1670809537138
mydata,3,1670809540607,1670809540420
mydata,1,1670809541109,1670809541048
mydata,1,1670809541109,1670809541052
mydata,1,1670809541109,1670809541086
mydata,1,1670809541109,1670809541092
mydata,1,1670809541109,1670809541094
mydata,2,1670809541109,1670809537650
mydata,2,1670809541109,1670809537691
mydata,3,1670809541109,1670809541061
mydata,1,1670809541610,1670809541540
mydata,1,1670809541610,1670809541548
mydata,1,1670809541610,1670809541562
mydata,1,1670809541610,1670809541562
mydata,1,1670809541610,1670809541564
mydata,1,1670809541610,1670809541572
mydata,1,1670809541610,1670809541572
mydata,1,1670809541610,1670809541581
mydata,2,1670809541610,1670809537964
mydata,3,1670809541610,1670809541463
mydata,1,1670809542112,1670809542068
mydata,1,1670809542112,1670809542078
mydata,1,1670809542112,1670809542088
mydata,1,1670809542112,1670809542088
mydata,1,1670809542112,1670809542098
mydata,1,1670809542112,1670809542103
mydata,2,1670809542112,1670809538439
mydata,3,1670809542112,1670809542045
mydata,2,1670809542613,1670809538780
mydata,2,1670809542613,1670809538782
mydata,1,1670809543114,1670809543027
mydata,1,1670809543114,1670809543032
mydata,1,1670809543114,1670809543032
mydata,1,1670809543114,1670809543046
mydata,1,1670809543114,1670809543049
mydata,1,1670809543114,1670809543061
mydata,1,1670809543114,1670809543071
mydata,1,1670809543114,1670809543084
mydata,2,1670809543114,1670809539049
mydata,3,1670809543114,1670809543009
mydata,1,1670809543616,1670809543526
mydata,1,1670809543616,1670809543530
mydata,1,1670809543616,1670809543530
mydata,1,1670809543616,1670809543539
mydata,1,1670809543616,1670809543541
mydata,1,1670809543616,1670809543552
mydata,1,1670809543616,1670809543554
mydata,1,1670809543616,1670809543557
mydata,2,1670809543616,1670809539489
mydata,3,1670809543616,1670809543586
mydata,1,1670809544117,1670809544048
mydata,1,1670809544117,1670809544052
mydata,1,1670809544117,1670809544058
mydata,1,1670809544117,1670809544076
mydata,1,1670809544117,1670809544085
mydata,1,1670809544117,1670809544088
mydata,1,1670809544117,1670809544093
mydata,1,1670809544117,1670809544102
mydata,2,1670809544117,1670809539837
mydata,3,1670809544117,1670809543949
mydata,1,1670809544619,1670809544576
mydata,1,1670809544619,1670809544577
mydata,1,1670809544619,1670809544585
mydata,1,1670809544619,1670809544591
mydata,1,1670809544619,1670809544608
mydata,1,1670809544619,1670809544608
mydata,1,1670809544619,1670809544611
mydata,2,1670809544619,1670809540121
mydata,3,1670809544619,1670809544504
mydata,2,1670809545120,1670809540568
mydata,2,1670809545120,1670809540583
mydata,1,1670809545621,1670809545550
mydata,1,1670809545621,1670809545552
mydata,1,1670809545621,1670809545571
mydata,1,1670809545621,1670809545606
mydata,2,1670809545621,1670809540923
mydata,3,1670809545621,1670809545512
mydata,1,1670809546123,1670809546119
mydata,2,1670809546123,1670809541359
mydata,2,1670809546123,1670809541359
mydata,3,1670809546123,1670809546064
mydata,3,1670809546123,1670809546064
mydata,1,1670809546624,1670809546481
mydata,1,1670809546624,1670809546500
mydata,1,1670809546624,1670809546515
mydata,1,1670809546624,1670809546525
mydata,1,1670809546624,1670809546525
mydata,1,1670809546624,1670809546530
mydata,1,1670809546624,1670809546531
mydata,1,1670809546624,1670809546540
mydata,2,1670809546624,1670809541781
mydata,3,1670809546624,1670809546346
mydata,1,1670809547125,1670809546989
mydata,1,1670809547125,1670809546995
mydata,1,1670809547125,1670809547017
mydata,1,1670809547125,1670809547017
mydata,1,1670809547125,1670809547022
mydata,1,1670809547125,1670809547024
mydata,1,1670809547125,1670809547048
mydata,1,1670809547125,1670809547061
mydata,2,1670809547125,1670809542270
mydata,3,1670809547125,1670809547013
mydata,1,1670809547627,1670809547564
mydata,1,1670809547627,1670809547564
mydata,1,1670809547627,1670809547572
mydata,1,1670809547627,1670809547574
mydata,1,1670809547627,1670809547577
mydata,1,1670809547627,1670809547587
mydata,1,1670809547627,1670809547587
mydata,1,1670809547627,1670809547594
mydata,2,1670809547627,1670809542675
mydata,3,1670809547627,1670809547468
mydata,2,1670809548129,1670809542984
mydata,2,1670809548129,1670809542986
mydata,3,1670809548129,1670809548110
mydata,1,1670809548630,1670809548486
mydata,1,1670809548630,1670809548487
mydata,1,1670809548630,1670809548502
mydata,1,1670809548630,1670809548503
mydata,1,1670809548630,1670809548506
mydata,1,1670809548630,1670809548537
mydata,1,1670809548630,1670809548540
mydata,1,1670809548630,1670809548570
mydata,2,1670809548630,1670809543405
mydata,3,1670809548630,1670809548503
mydata,2,1670809549131,1670809543654
mydata,2,1670809549131,1670809543659
mydata,3,1670809549131,1670809549041
mydata,3,1670809549131,1670809549057
mydata,1,1670809549633,1670809549633
mydata,1,1670809549633,1670809549633
mydata,2,1670809549633,1670809544037
mydata,3,1670809549633,1670809549384
mydata,1,1670809550134,1670809550094
mydata,1,1670809550134,1670809550098
mydata,2,1670809550134,1670809544289
mydata,2,1670809550134,1670809544312
mydata,3,1670809550134,1670809549904
mydata,3,1670809550134,1670809549924
mydata,1,1670809550635,1670809550618
mydata,1,1670809550635,1670809550620
mydata,1,1670809550635,1670809550621
mydata,1,1670809550635,1670809550622
mydata,1,1670809550635,1670809550629
mydata,2,1670809550635,1670809544600
mydata,3,1670809550635,1670809550521
mydata,1,1670809551137,1670809551137
mydata,2,1670809551137,1670809545122
mydata,2,1670809551137,1670809545163
mydata,3,1670809551137,1670809551137
mydata,1,1670809551638,1670809551547
mydata,1,1670809551638,1670809551550
mydata,1,1670809551638,1670809551550
mydata,1,1670809551638,1670809551552
mydata,1,1670809551638,1670809551555
mydata,1,1670809551638,1670809551560
mydata,1,1670809551638,1670809551560
mydata,1,1670809551638,1670809551561
mydata,2,1670809551638,1670809545522
mydata,3,1670809551638,1670809551514
mydata,1,1670809552139,1670809552025
mydata,1,1670809552139,1670809552028
mydata,1,1670809552139,1670809552041
mydata,1,1670809552139,1670809552047
mydata,1,1670809552139,1670809552047
mydata,1,1670809552139,1670809552048
mydata,1,1670809552139,1670809552052
mydata,1,1670809552139,1670809552057
mydata,2,1670809552139,1670809545781
mydata,3,1670809552139,1670809552023
mydata,1,1670809552641,1670809552501
mydata,1,1670809552641,1670809552507
mydata,1,1670809552641,1670809552512
mydata,1,1670809552641,1670809552532
mydata,1,1670809552641,1670809552535
mydata,1,1670809552641,1670809552542
mydata,1,1670809552641,1670809552548
mydata,1,1670809552641,1670809552548
mydata,2,1670809552641,1670809546067
mydata,3,1670809552641,1670809552454
mydata,1,1670809553142,1670809553036
mydata,1,1670809553142,1670809553038
mydata,1,1670809553142,1670809553046
mydata,1,1670809553142,1670809553053
mydata,1,1670809553142,1670809553065
mydata,1,1670809553142,1670809553080
mydata,1,1670809553142,1670809553080
mydata,1,1670809553142,1670809553090
mydata,2,1670809553142,1670809546565
mydata,3,1670809553142,1670809552982
mydata,1,1670809553644,1670809553621
mydata,1,1670809553644,1670809553631
mydata,2,1670809553644,1670809547131
mydata,2,1670809553644,1670809547142
mydata,1,1670809554145,1670809554029
mydata,1,1670809554145,1670809554029
mydata,1,1670809554145,1670809554039
mydata,1,1670809554145,1670809554048
mydata,1,1670809554145,1670809554049
mydata,1,1670809554145,1670809554065
mydata,1,1670809554145,1670809554065
mydata,1,1670809554145,1670809554068
mydata,2,1670809554145,1670809547489
mydata,3,1670809554145,1670809554003
mydata,1,1670809554646,1670809554574
mydata,1,1670809554646,1670809554575
mydata,1,1670809554646,1670809554585
mydata,1,1670809554646,1670809554593
mydata,1,1670809554646,1670809554598
mydata,1,1670809554646,1670809554601
mydata,1,1670809554646,1670809554611
mydata,1,1670809554646,1670809554612
mydata,1,1670809554646,1670809554616
mydata,2,1670809554646,1670809547995
mydata,2,1670809554646,1670809547997
mydata,3,1670809554646,1670809554587
mydata,2,1670809555148,1670809548522
mydata,2,1670809555148,1670809548609
mydata,1,1670809555649,1670809555509
mydata,1,1670809555649,1670809555521
mydata,1,1670809555649,1670809555524
mydata,1,1670809555649,1670809555548
mydata,1,1670809555649,1670809555553
mydata,1,1670809555649,1670809555565
mydata,1,1670809555649,1670809555581
mydata,1,1670809555649,1670809555584
mydata,2,1670809555649,1670809548988
mydata,3,1670809555649,1670809555545
mydata,1,1670809556150,1670809556075
mydata,1,1670809556150,1670809556083
mydata,1,1670809556150,1670809556093
mydata,1,1670809556150,1670809556093
mydata,1,1670809556150,1670809556105
mydata,1,1670809556150,1670809556106
mydata,1,1670809556150,1670809556119
mydata,1,1670809556150,1670809556139
mydata,2,1670809556150,1670809549414
mydata,3,1670809556150,1670809556106
mydata,2,1670809556652,1670809549964
mydata,2,1670809556652,1670809549965
mydata,3,1670809556652,1670809556590
mydata,1,1670809557153,1670809557069
mydata,1,1670809557153,1670809557083
mydata,1,1670809557153,1670809557114
mydata,1,1670809557153,1670809557115
mydata,1,1670809557153,1670809557122
mydata,1,1670809557153,1670809557129
mydata,1,1670809557153,1670809557140
mydata,1,1670809557153,1670809557147
mydata,2,1670809557153,1670809550372
mydata,3,1670809557153,1670809557094
mydata,2,1670809557655,1670809550711
mydata,2,1670809557655,1670809550752
mydata,3,1670809557655,1670809557635
mydata,1,1670809558156,1670809558101
mydata,1,1670809558156,1670809558108
mydata,1,1670809558156,1670809558115
mydata,1,1670809558156,1670809558120
mydata,1,1670809558156,1670809558121
mydata,1,1670809558156,1670809558122
mydata,1,1670809558156,1670809558132
mydata,1,1670809558156,1670809558147
mydata,2,1670809558156,1670809551164
mydata,3,1670809558156,1670809558068
mydata,2,1670809558658,1670809551714
mydata,2,1670809558658,1670809551718
mydata,1,1670809559158,1670809558978
mydata,1,1670809559158,1670809558979
mydata,1,1670809559158,1670809559001
mydata,1,1670809559158,1670809559004
mydata,1,1670809559158,1670809559010
mydata,1,1670809559158,1670809559026
mydata,1,1670809559158,1670809559033
mydata,1,1670809559158,1670809559037
mydata,2,1670809559158,1670809552087
mydata,3,1670809559158,1670809558987
mydata,1,1670809559660,1670809559549
mydata,1,1670809559660,1670809559571
mydata,1,1670809559660,1670809559589
mydata,1,1670809559660,1670809559595
mydata,1,1670809559660,1670809559601
mydata,1,1670809559660,1670809559608
mydata,1,1670809559660,1670809559608
mydata,1,1670809559660,1670809559610
mydata,2,1670809559660,1670809552317
mydata,3,1670809559660,1670809559438
mydata,1,1670809560161,1670809560009
mydata,1,1670809560161,1670809560013
mydata,1,1670809560161,1670809560020
mydata,1,1670809560161,1670809560030
mydata,1,1670809560161,1670809560035
mydata,1,1670809560161,1670809560035
mydata,1,1670809560161,1670809560039
mydata,1,1670809560161,1670809560041
mydata,2,1670809560161,1670809552792
mydata,3,1670809560161,1670809560045
mydata,1,1670809560663,1670809560517
mydata,1,1670809560663,1670809560524
mydata,1,1670809560663,1670809560533
mydata,1,1670809560663,1670809560540
mydata,1,1670809560663,1670809560540
mydata,1,1670809560663,1670809560542
mydata,1,1670809560663,1670809560543
mydata,1,1670809560663,1670809560543
mydata,2,1670809560663,1670809553543
mydata,3,1670809560663,1670809560330
mydata,1,1670809561164,1670809561011
mydata,1,1670809561164,1670809561015
mydata,1,1670809561164,1670809561015
mydata,1,1670809561164,1670809561019
mydata,1,1670809561164,1670809561019
mydata,1,1670809561164,1670809561019
mydata,1,1670809561164,1670809561021
mydata,1,1670809561164,1670809561023
mydata,2,1670809561164,1670809553811
mydata,3,1670809561164,1670809561021
mydata,1,1670809561665,1670809561477
mydata,1,1670809561665,1670809561483
mydata,1,1670809561665,1670809561495
mydata,1,1670809561665,1670809561500
mydata,1,1670809561665,1670809561509
mydata,1,1670809561665,1670809561512
mydata,1,1670809561665,1670809561514
mydata,1,1670809561665,1670809561523
mydata,2,1670809561665,1670809554105
mydata,3,1670809561665,1670809561483
mydata,1,1670809562167,1670809562028
mydata,1,1670809562167,1670809562050
mydata,1,1670809562167,1670809562062
mydata,1,1670809562167,1670809562062
mydata,1,1670809562167,1670809562062
mydata,1,1670809562167,1670809562065
mydata,1,1670809562167,1670809562083
mydata,1,1670809562167,1670809562083
mydata,2,1670809562167,1670809554473
mydata,3,1670809562167,1670809562052
mydata,2,1670809562669,1670809554913
mydata,2,1670809562669,1670809554958
mydata,3,1670809562669,1670809562667
mydata,1,1670809563170,1670809563028
mydata,1,1670809563170,1670809563034
mydata,1,1670809563170,1670809563034
mydata,1,1670809563170,1670809563035
mydata,1,1670809563170,1670809563058
mydata,1,1670809563170,1670809563089
mydata,1,1670809563170,1670809563094
mydata,1,1670809563170,1670809563115
mydata,1,1670809563170,1670809563122
mydata,2,1670809563170,1670809555437
mydata,2,1670809563170,1670809555503
mydata,1,1670809563671,1670809563584
mydata,1,1670809563671,1670809563591
mydata,1,1670809563671,1670809563596
mydata,1,1670809563671,1670809563602
mydata,1,1670809563671,1670809563607
mydata,1,1670809563671,1670809563617
mydata,1,1670809563671,1670809563624
mydata,1,1670809563671,1670809563637
mydata,2,1670809563671,1670809555957
mydata,3,1670809563671,1670809563511
mydata,1,1670809564173,1670809564158
mydata,1,1670809564173,1670809564170
mydata,1,1670809564173,1670809564173
mydata,2,1670809564173,1670809556324
mydata,3,1670809564173,1670809564047
mydata,1,1670809564674,1670809564594
mydata,1,1670809564674,1670809564600
mydata,1,1670809564674,1670809564605
mydata,1,1670809564674,1670809564613
mydata,1,1670809564674,1670809564617
mydata,1,1670809564674,1670809564621
mydata,1,1670809564674,1670809564661
mydata,1,1670809564674,1670809564662
mydata,2,1670809564674,1670809556828
mydata,3,1670809564674,1670809564600
mydata,1,1670809565175,1670809565125
mydata,1,1670809565175,1670809565131
mydata,1,1670809565175,1670809565138
mydata,1,1670809565175,1670809565160
mydata,1,1670809565175,1670809565172
mydata,2,1670809565175,1670809557263
mydata,3,1670809565175,1670809564966
mydata,1,1670809565677,1670809565621
mydata,1,1670809565677,1670809565628
mydata,1,1670809565677,1670809565645
mydata,1,1670809565677,1670809565650
mydata,1,1670809565677,1670809565654
mydata,1,1670809565677,1670809565658
mydata,1,1670809565677,1670809565660
mydata,1,1670809565677,1670809565671
mydata,2,1670809565677,1670809557792
mydata,3,1670809565677,1670809565621
mydata,2,1670809566178,1670809558222
mydata,2,1670809566178,1670809558226
mydata,3,1670809566178,1670809566153
mydata,1,1670809566679,1670809566486
mydata,1,1670809566679,1670809566488
mydata,1,1670809566679,1670809566490
mydata,1,1670809566679,1670809566490
mydata,1,1670809566679,1670809566495
mydata,1,1670809566679,1670809566496
mydata,1,1670809566679,1670809566505
mydata,1,1670809566679,1670809566506
mydata,2,1670809566679,1670809558754
mydata,3,1670809566679,1670809566521
mydata,1,1670809567180,1670809567011
mydata,1,1670809567180,1670809567020
mydata,1,1670809567180,1670809567021
mydata,1,1670809567180,1670809567023
mydata,1,1670809567180,1670809567023
mydata,1,1670809567180,1670809567032
mydata,1,1670809567180,1670809567036
mydata,1,1670809567180,1670809567049
mydata,2,1670809567180,1670809559081
mydata,3,1670809567180,1670809567086
mydata,1,1670809567682,1670809567549
mydata,1,1670809567682,1670809567574
mydata,1,1670809567682,1670809567577
mydata,1,1670809567682,1670809567579
mydata,1,1670809567682,1670809567596
mydata,1,1670809567682,1670809567610
mydata,1,1670809567682,1670809567616
mydata,1,1670809567682,1670809567631
mydata,2,1670809567682,1670809559576
mydata,3,1670809567682,1670809567635
mydata,1,1670809568183,1670809568053
mydata,1,1670809568183,1670809568061
mydata,1,1670809568183,1670809568067
mydata,1,1670809568183,1670809568070
mydata,1,1670809568183,1670809568074
mydata,1,1670809568183,1670809568080
mydata,1,1670809568183,1670809568100
mydata,1,1670809568183,1670809568101
mydata,2,1670809568183,1670809560233
mydata,3,1670809568183,1670809567979
mydata,1,1670809568685,1670809568546
mydata,1,1670809568685,1670809568556
mydata,1,1670809568685,1670809568570
mydata,1,1670809568685,1670809568572
mydata,1,1670809568685,1670809568573
mydata,1,1670809568685,1670809568573
mydata,1,1670809568685,1670809568579
mydata,1,1670809568685,1670809568585
mydata,2,1670809568685,1670809560551
mydata,3,1670809568685,1670809568503
mydata,1,1670809569186,1670809569044
mydata,1,1670809569186,1670809569048
mydata,1,1670809569186,1670809569059
mydata,1,1670809569186,1670809569061
mydata,1,1670809569186,1670809569074
mydata,1,1670809569186,1670809569078
mydata,1,1670809569186,1670809569081
mydata,1,1670809569186,1670809569087
mydata,1,1670809569186,1670809569089
mydata,2,1670809569186,1670809561076
mydata,2,1670809569186,1670809561088
mydata,1,1670809569688,1670809569585
mydata,1,1670809569688,1670809569599
mydata,1,1670809569688,1670809569614
mydata,1,1670809569688,1670809569615
mydata,1,1670809569688,1670809569623
mydata,1,1670809569688,1670809569625
mydata,1,1670809569688,1670809569626
mydata,1,1670809569688,1670809569630
mydata,1,1670809569688,1670809569633
mydata,2,1670809569688,1670809561535
mydata,2,1670809569688,1670809561551
mydata,1,1670809570189,1670809570100
mydata,1,1670809570189,1670809570114
mydata,1,1670809570189,1670809570122
mydata,1,1670809570189,1670809570129
mydata,1,1670809570189,1670809570133
mydata,1,1670809570189,1670809570133
mydata,1,1670809570189,1670809570133
mydata,1,1670809570189,1670809570144
mydata,2,1670809570189,1670809562201
mydata,3,1670809570189,1670809570114
mydata,1,1670809570691,1670809570640
mydata,1,1670809570691,1670809570641
mydata,1,1670809570691,1670809570642
mydata,1,1670809570691,1670809570649
mydata,1,1670809570691,1670809570654
mydata,1,1670809570691,1670809570654
mydata,1,1670809570691,1670809570660
mydata,1,1670809570691,1670809570660
mydata,1,1670809570691,1670809570665
mydata,2,1670809570691,1670809562642
mydata,2,1670809570691,1670809562649
mydata,2,1670809571192,1670809563025
mydata,2,1670809571192,1670809563042
mydata,3,1670809571192,1670809571043
mydata,3,1670809571192,1670809571168
mydata,1,1670809571693,1670809571551
mydata,1,1670809571693,1670809571566
mydata,1,1670809571693,1670809571576
mydata,1,1670809571693,1670809571581
mydata,1,1670809571693,1670809571591
mydata,1,1670809571693,1670809571593
mydata,1,1670809571693,1670809571594
mydata,1,1670809571693,1670809571603
mydata,2,1670809571693,1670809563317
mydata,3,1670809571693,1670809571602
mydata,1,1670809572195,1670809572057
mydata,1,1670809572195,1670809572074
mydata,1,1670809572195,1670809572078
mydata,1,1670809572195,1670809572082
mydata,1,1670809572195,1670809572094
mydata,1,1670809572195,1670809572101
mydata,1,1670809572195,1670809572120
mydata,1,1670809572195,1670809572125
mydata,2,1670809572195,1670809563688
mydata,3,1670809572195,1670809572021
mydata,1,1670809572696,1670809572546
mydata,1,1670809572696,1670809572551
mydata,1,1670809572696,1670809572553
mydata,1,1670809572696,1670809572557
mydata,1,1670809572696,1670809572561
mydata,1,1670809572696,1670809572579
mydata,1,1670809572696,1670809572579
mydata,1,1670809572696,1670809572582
mydata,2,1670809572696,1670809563940
mydata,3,1670809572696,1670809572391
mydata,1,1670809573198,1670809573028
mydata,1,1670809573198,1670809573033
mydata,1,1670809573198,1670809573044
mydata,1,1670809573198,1670809573056
mydata,1,1670809573198,1670809573075
mydata,1,1670809573198,1670809573082
mydata,1,1670809573198,1670809573093
mydata,1,1670809573198,1670809573117
mydata,2,1670809573198,1670809564239
mydata,3,1670809573198,1670809572798
mydata,1,1670809573699,1670809573568
mydata,1,1670809573699,1670809573580
mydata,1,1670809573699,1670809573598
mydata,1,1670809573699,1670809573604
mydata,1,1670809573699,1670809573610
mydata,1,1670809573699,1670809573613
mydata,1,1670809573699,1670809573617
mydata,1,1670809573699,1670809573617
mydata,2,1670809573699,1670809564690
mydata,3,1670809573699,1670809573636
mydata,2,1670809574201,1670809565257
mydata,2,1670809574201,1670809565339
mydata,1,1670809574702,1670809574640
mydata,1,1670809574702,1670809574645
mydata,1,1670809574702,1670809574649
mydata,1,1670809574702,1670809574650
mydata,1,1670809574702,1670809574659
mydata,1,1670809574702,1670809574664
mydata,1,1670809574702,1670809574686
mydata,2,1670809574702,1670809565698
mydata,3,1670809574702,1670809574612
mydata,2,1670809575203,1670809566181
mydata,2,1670809575203,1670809566218
mydata,3,1670809575203,1670809575125
mydata,3,1670809575203,1670809575163
mydata,1,1670809575704,1670809575596
mydata,1,1670809575704,1670809575597
mydata,1,1670809575704,1670809575597
mydata,1,1670809575704,1670809575597
mydata,1,1670809575704,1670809575616
mydata,1,1670809575704,1670809575616
mydata,1,1670809575704,1670809575618
mydata,1,1670809575704,1670809575631
mydata,2,1670809575704,1670809566600
mydata,3,1670809575704,1670809575541
mydata,1,1670809576206,1670809576063
mydata,1,1670809576206,1670809576063
mydata,1,1670809576206,1670809576070
mydata,1,1670809576206,1670809576071
mydata,1,1670809576206,1670809576077
mydata,1,1670809576206,1670809576081
mydata,1,1670809576206,1670809576096
mydata,1,1670809576206,1670809576114
mydata,2,1670809576206,1670809566857
mydata,3,1670809576206,1670809576188
mydata,1,1670809576707,1670809576605
mydata,1,1670809576707,1670809576609
mydata,1,1670809576707,1670809576612
mydata,1,1670809576707,1670809576615
mydata,1,1670809576707,1670809576623
mydata,1,1670809576707,1670809576627
mydata,1,1670809576707,1670809576637
mydata,1,1670809576707,1670809576639
mydata,1,1670809576707,1670809576651
mydata,2,1670809576707,1670809567209
mydata,2,1670809576707,1670809567222
mydata,2,1670809577209,1670809567805
mydata,2,1670809577209,1670809567821
mydata,3,1670809577209,1670809577085
mydata,3,1670809577209,1670809577117
mydata,1,1670809577710,1670809577646
mydata,1,1670809577710,1670809577654
mydata,1,1670809577710,1670809577671
mydata,1,1670809577710,1670809577680
mydata,1,1670809577710,1670809577689
mydata,2,1670809577710,1670809568087
mydata,2,1670809577710,1670809568092
mydata,3,1670809577710,1670809577438
mydata,1,1670809578211,1670809578180
mydata,1,1670809578211,1670809578184
mydata,1,1670809578211,1670809578190
mydata,1,1670809578211,1670809578193
mydata,1,1670809578211,1670809578205
mydata,1,1670809578211,1670809578209
mydata,1,1670809578211,1670809578211
mydata,2,1670809578211,1670809568461
mydata,3,1670809578211,1670809578149
mydata,2,1670809578713,1670809568825
mydata,2,1670809578713,1670809568827
mydata,1,1670809579213,1670809579071
mydata,1,1670809579213,1670809579071
mydata,1,1670809579213,1670809579084
mydata,1,1670809579213,1670809579088
mydata,1,1670809579213,1670809579097
mydata,1,1670809579213,1670809579103
mydata,1,1670809579213,1670809579108
mydata,1,1670809579213,1670809579109
mydata,2,1670809579213,1670809569059
mydata,3,1670809579213,1670809578925
mydata,1,1670809579715,1670809579576
mydata,1,1670809579715,1670809579576
mydata,1,1670809579715,1670809579581
mydata,1,1670809579715,1670809579585
mydata,1,1670809579715,1670809579600
mydata,1,1670809579715,1670809579602
mydata,1,1670809579715,1670809579614
mydata,1,1670809579715,1670809579619
mydata,2,1670809579715,1670809569618
mydata,3,1670809579715,1670809579591
mydata,1,1670809580216,1670809580058
mydata,1,1670809580216,1670809580063
mydata,1,1670809580216,1670809580065
mydata,1,1670809580216,1670809580089
mydata,1,1670809580216,1670809580096
mydata,1,1670809580216,1670809580096
mydata,1,1670809580216,1670809580101
mydata,1,1670809580216,1670809580138
mydata,2,1670809580216,1670809570080
mydata,3,1670809580216,1670809580074
mydata,1,1670809580718,1670809580611
mydata,1,1670809580718,1670809580611
mydata,1,1670809580718,1670809580624
mydata,1,1670809580718,1670809580649
mydata,1,1670809580718,1670809580654
mydata,1,1670809580718,1670809580655
mydata,1,1670809580718,1670809580662
mydata,1,1670809580718,1670809580681
mydata,2,1670809580718,1670809570504
mydata,3,1670809580718,1670809580659
mydata,1,1670809581220,1670809581134
mydata,1,1670809581220,1670809581134
mydata,1,1670809581220,1670809581135
mydata,1,1670809581220,1670809581148
mydata,1,1670809581220,1670809581166
mydata,1,1670809581220,1670809581171
mydata,1,1670809581220,1670809581173
mydata,1,1670809581220,1670809581179
mydata,1,1670809581220,1670809581179
mydata,2,1670809581220,1670809571040
mydata,2,1670809581220,1670809571066
mydata,2,1670809581721,1670809571377
mydata,2,1670809581721,1670809571387
mydata,1,1670809582221,1670809582069
mydata,1,1670809582221,1670809582076
mydata,1,1670809582221,1670809582078
mydata,1,1670809582221,1670809582087
mydata,1,1670809582221,1670809582089
mydata,1,1670809582221,1670809582096
mydata,1,1670809582221,1670809582103
mydata,1,1670809582221,1670809582118
mydata,2,1670809582221,1670809571684
mydata,3,1670809582221,1670809582178
mydata,1,1670809582723,1670809582655
mydata,1,1670809582723,1670809582663
mydata,1,1670809582723,1670809582668
mydata,1,1670809582723,1670809582669
mydata,1,1670809582723,1670809582674
mydata,1,1670809582723,1670809582674
mydata,1,1670809582723,1670809582678
mydata,1,1670809582723,1670809582685
mydata,2,1670809582723,1670809572131
mydata,3,1670809582723,1670809582678
mydata,1,1670809583225,1670809583133
mydata,1,1670809583225,1670809583141
mydata,1,1670809583225,1670809583155
mydata,1,1670809583225,1670809583173
mydata,1,1670809583225,1670809583179
mydata,1,1670809583225,1670809583179
mydata,1,1670809583225,1670809583179
mydata,1,1670809583225,1670809583199
mydata,1,1670809583225,1670809583202
mydata,2,1670809583225,1670809572623
mydata,2,1670809583225,1670809572653
mydata,2,1670809583726,1670809572970
mydata,2,1670809583726,1670809572999
mydata,1,1670809584227,1670809584067
mydata,1,1670809584227,1670809584072
mydata,1,1670809584227,1670809584073
mydata,1,1670809584227,1670809584082
mydata,1,1670809584227,1670809584107
mydata,1,1670809584227,1670809584107
mydata,1,1670809584227,1670809584117
mydata,1,1670809584227,1670809584121
mydata,2,1670809584227,1670809573316
mydata,3,1670809584227,1670809584013
mydata,1,1670809584728,1670809584593
mydata,1,1670809584728,1670809584602
mydata,1,1670809584728,1670809584603
mydata,1,1670809584728,1670809584605
mydata,1,1670809584728,1670809584615
mydata,1,1670809584728,1670809584624
mydata,1,1670809584728,1670809584630
mydata,1,1670809584728,1670809584643
mydata,2,1670809584728,1670809573655
mydata,3,1670809584728,1670809584608
mydata,1,1670809585230,1670809585093
mydata,1,1670809585230,1670809585094
mydata,1,1670809585230,1670809585104
mydata,1,1670809585230,1670809585108
mydata,1,1670809585230,1670809585118
mydata,1,1670809585230,1670809585119
mydata,1,1670809585230,1670809585122
mydata,1,1670809585230,1670809585122
mydata,2,1670809585230,1670809574299
mydata,3,1670809585230,1670809584916
mydata,1,1670809585731,1670809585601
mydata,1,1670809585731,1670809585605
mydata,1,1670809585731,1670809585606
mydata,1,1670809585731,1670809585609
mydata,1,1670809585731,1670809585613
mydata,1,1670809585731,1670809585666
mydata,1,1670809585731,1670809585693
mydata,1,1670809585731,1670809585697
mydata,2,1670809585731,1670809574606
mydata,3,1670809585731,1670809585534
mydata,1,1670809586233,1670809586089
mydata,1,1670809586233,1670809586089
mydata,1,1670809586233,1670809586119
mydata,1,1670809586233,1670809586138
mydata,1,1670809586233,1670809586144
mydata,1,1670809586233,1670809586150
mydata,1,1670809586233,1670809586152
mydata,1,1670809586233,1670809586158
mydata,2,1670809586233,1670809574921
mydata,3,1670809586233,1670809586089
