mydata,1,1670809506510,1670809500065
mydata,1,1670809506510,1670809500066
mydata,1,1670809506510,1670809500070
mydata,1,1670809506510,1670809500075
mydata,1,1670809506510,1670809500091
mydata,1,1670809506510,1670809500095
mydata,1,1670809506510,1670809500098
mydata,1,1670809506510,1670809500108
mydata,2,1670809506510,1670809499468
mydata,3,1670809506510,1670809500067
mydata,1,1670809507012,1670809500540
mydata,1,1670809507012,1670809500540
mydata,1,1670809507012,1670809500542
mydata,1,1670809507012,1670809500546
mydata,1,1670809507012,1670809500553
mydata,1,1670809507012,1670809500554
mydata,1,1670809507012,1670809500567
mydata,1,1670809507012,1670809500600
mydata,2,1670809507012,1670809499650
mydata,3,1670809507012,1670809500393
mydata,1,1670809507513,1670809501218
mydata,1,1670809507513,1670809501218
mydata,1,1670809507513,1670809501227
mydata,1,1670809507513,1670809501229
mydata,1,1670809507513,1670809501250
mydata,1,1670809507513,1670809501275
mydata,1,1670809507513,1670809501283
mydata,1,1670809507513,1670809501285
mydata,2,1670809507513,1670809499823
mydata,3,1670809507513,1670809500814
mydata,1,1670809508014,1670809501681
mydata,1,1670809508014,1670809501685
mydata,1,1670809508014,1670809501685
mydata,1,1670809508014,1670809501689
mydata,1,1670809508014,1670809501698
mydata,1,1670809508014,1670809501700
mydata,1,1670809508014,1670809501710
mydata,1,1670809508014,1670809501714
mydata,2,1670809508014,1670809499987
mydata,3,1670809508014,1670809501317
mydata,1,1670809508516,1670809502357
mydata,1,1670809508516,1670809502358
mydata,1,1670809508516,1670809502359
mydata,1,1670809508516,1670809502379
mydata,1,1670809508516,1670809502380
mydata,1,1670809508516,1670809502398
mydata,1,1670809508516,1670809502399
mydata,1,1670809508516,1670809502411
mydata,2,1670809508516,1670809500352
mydata,3,1670809508516,1670809502138
mydata,1,1670809509017,1670809503063
mydata,1,1670809509017,1670809503072
mydata,1,1670809509017,1670809503073
mydata,1,1670809509017,1670809503077
mydata,1,1670809509017,1670809503077
mydata,1,1670809509017,1670809503079
mydata,1,1670809509017,1670809503096
mydata,1,1670809509017,1670809503104
mydata,2,1670809509017,1670809500678
mydata,3,1670809509017,1670809502773
mydata,1,1670809509518,1670809503857
mydata,1,1670809509518,1670809503867
mydata,1,1670809509518,1670809503872
mydata,1,1670809509518,1670809503878
mydata,1,1670809509518,1670809503882
mydata,1,1670809509518,1670809503884
mydata,1,1670809509518,1670809503885
mydata,1,1670809509518,1670809503893
mydata,2,1670809509518,1670809501092
mydata,3,1670809509518,1670809503263
mydata,1,1670809510020,1670809504637
mydata,1,1670809510020,1670809504648
mydata,1,1670809510020,1670809504651
mydata,1,1670809510020,1670809504653
mydata,1,1670809510020,1670809504660
mydata,1,1670809510020,1670809504662
mydata,1,1670809510020,1670809504678
mydata,1,1670809510020,1670809504685
mydata,2,1670809510020,1670809501492
mydata,3,1670809510020,1670809504184
mydata,1,1670809510521,1670809505326
mydata,1,1670809510521,1670809505334
mydata,1,1670809510521,1670809505352
mydata,1,1670809510521,1670809505365
mydata,1,1670809510521,1670809505367
mydata,1,1670809510521,1670809505368
mydata,1,1670809510521,1670809505374
mydata,1,1670809510521,1670809505386
mydata,2,1670809510521,1670809501729
mydata,3,1670809510521,1670809504872
mydata,1,1670809511023,1670809506152
mydata,1,1670809511023,1670809506155
mydata,1,1670809511023,1670809506171
mydata,1,1670809511023,1670809506186
mydata,1,1670809511023,1670809506198
mydata,1,1670809511023,1670809506202
mydata,1,1670809511023,1670809506238
mydata,1,1670809511023,1670809506257
mydata,2,1670809511023,1670809502071
mydata,3,1670809511023,1670809505564
mydata,1,1670809511524,1670809506912
mydata,1,1670809511524,1670809506936
mydata,1,1670809511524,1670809506981
mydata,1,1670809511524,1670809506984
mydata,1,1670809511524,1670809506997
mydata,1,1670809511524,1670809506999
mydata,1,1670809511524,1670809507001
mydata,1,1670809511524,1670809507004
mydata,2,1670809511524,1670809502307
mydata,3,1670809511524,1670809506893
mydata,1,1670809512026,1670809507652
mydata,1,1670809512026,1670809507663
mydata,1,1670809512026,1670809507666
mydata,1,1670809512026,1670809507703
mydata,1,1670809512026,1670809507749
mydata,1,1670809512026,1670809507749
mydata,1,1670809512026,1670809507757
mydata,1,1670809512026,1670809507769
mydata,2,1670809512026,1670809502639
mydata,3,1670809512026,1670809507434
mydata,1,1670809512527,1670809508360
mydata,1,1670809512527,1670809508362
mydata,1,1670809512527,1670809508370
mydata,1,1670809512527,1670809508371
mydata,1,1670809512527,1670809508371
mydata,1,1670809512527,1670809508383
mydata,1,1670809512527,1670809508390
mydata,1,1670809512527,1670809508402
mydata,2,1670809512527,1670809503116
mydata,3,1670809512527,1670809508782
mydata,1,1670809513029,1670809508994
mydata,1,1670809513029,1670809508997
mydata,1,1670809513029,1670809509018
mydata,1,1670809513029,1670809509025
mydata,1,1670809513029,1670809509029
mydata,1,1670809513029,1670809509029
mydata,1,1670809513029,1670809509036
mydata,1,1670809513029,1670809509044
mydata,2,1670809513029,1670809504163
mydata,3,1670809513029,1670809509646
mydata,1,1670809513530,1670809509704
mydata,1,1670809513530,1670809509710
mydata,1,1670809513530,1670809509714
mydata,1,1670809513530,1670809509731
mydata,1,1670809513530,1670809509739
mydata,1,1670809513530,1670809509753
mydata,1,1670809513530,1670809509757
mydata,1,1670809513530,1670809509761
mydata,1,1670809513530,1670809509769
mydata,2,1670809513530,1670809504873
mydata,2,1670809513530,1670809504894
mydata,3,1670809513530,1670809510213
mydata,1,1670809514031,1670809510459
mydata,1,1670809514031,1670809510463
mydata,1,1670809514031,1670809510481
mydata,1,1670809514031,1670809510486
mydata,1,1670809514031,1670809510487
mydata,1,1670809514031,1670809510487
mydata,1,1670809514031,1670809510487
mydata,2,1670809514031,1670809505717
mydata,2,1670809514031,1670809505724
mydata,2,1670809514031,1670809505778
mydata,3,1670809514031,1670809510656
mydata,1,1670809514533,1670809511130
mydata,1,1670809514533,1670809511143
mydata,1,1670809514533,1670809511154
mydata,1,1670809514533,1670809511169
mydata,1,1670809514533,1670809511183
mydata,1,1670809514533,1670809511186
mydata,1,1670809514533,1670809511188
mydata,2,1670809514533,1670809506459
mydata,2,1670809514533,1670809506483
mydata,2,1670809514533,1670809506516
mydata,3,1670809514533,1670809511614
mydata,1,1670809515034,1670809511857
mydata,1,1670809515034,1670809511857
mydata,1,1670809515034,1670809511869
mydata,1,1670809515034,1670809511872
mydata,1,1670809515034,1670809511874
mydata,1,1670809515034,1670809511886
mydata,1,1670809515034,1670809511898
mydata,1,1670809515034,1670809511902
mydata,1,1670809515034,1670809511905
mydata,2,1670809515034,1670809507123
mydata,2,1670809515034,1670809507202
mydata,3,1670809515034,1670809512240
mydata,1,1670809515535,1670809512476
mydata,1,1670809515535,1670809512485
mydata,1,1670809515535,1670809512486
mydata,1,1670809515535,1670809512495
mydata,1,1670809515535,1670809512517
mydata,1,1670809515535,1670809512534
mydata,1,1670809515535,1670809512539
mydata,2,1670809515535,1670809508356
mydata,2,1670809515535,1670809508370
mydata,2,1670809515535,1670809508404
mydata,3,1670809515535,1670809512876
mydata,1,1670809516037,1670809513080
mydata,1,1670809516037,1670809513097
mydata,1,1670809516037,1670809513108
mydata,1,1670809516037,1670809513109
mydata,1,1670809516037,1670809513121
mydata,1,1670809516037,1670809513125
mydata,1,1670809516037,1670809513139
mydata,1,1670809516037,1670809513152
mydata,1,1670809516037,1670809513155
mydata,2,1670809516037,1670809509194
mydata,2,1670809516037,1670809509233
mydata,3,1670809516037,1670809513593
mydata,1,1670809516538,1670809513779
mydata,1,1670809516538,1670809513780
mydata,1,1670809516538,1670809513783
mydata,1,1670809516538,1670809513785
mydata,1,1670809516538,1670809513789
mydata,1,1670809516538,1670809513792
mydata,1,1670809516538,1670809513794
mydata,1,1670809516538,1670809513797
mydata,1,1670809516538,1670809513812
mydata,2,1670809516538,1670809509947
mydata,2,1670809516538,1670809509962
mydata,3,1670809516538,1670809514046
mydata,1,1670809517040,1670809514498
mydata,1,1670809517040,1670809514501
mydata,1,1670809517040,1670809514508
mydata,1,1670809517040,1670809514539
mydata,1,1670809517040,1670809514540
mydata,1,1670809517040,1670809514542
mydata,1,1670809517040,1670809514544
mydata,2,1670809517040,1670809510476
mydata,2,1670809517040,1670809510479
mydata,2,1670809517040,1670809510503
mydata,3,1670809517040,1670809514731
mydata,1,1670809517541,1670809515247
mydata,1,1670809517541,1670809515264
mydata,1,1670809517541,1670809515267
mydata,1,1670809517541,1670809515285
mydata,1,1670809517541,1670809515304
mydata,1,1670809517541,1670809515307
mydata,1,1670809517541,1670809515307
mydata,2,1670809517541,1670809511074
mydata,2,1670809517541,1670809511080
mydata,2,1670809517541,1670809511087
mydata,3,1670809517541,1670809515453
mydata,1,1670809518043,1670809515912
mydata,1,1670809518043,1670809515914
mydata,1,1670809518043,1670809515929
mydata,1,1670809518043,1670809515931
mydata,1,1670809518043,1670809515934
mydata,1,1670809518043,1670809515956
mydata,1,1670809518043,1670809515960
mydata,2,1670809518043,1670809511732
mydata,2,1670809518043,1670809511776
mydata,2,1670809518043,1670809511832
mydata,3,1670809518043,1670809516086
mydata,1,1670809518544,1670809516538
mydata,1,1670809518544,1670809516545
mydata,1,1670809518544,1670809516549
mydata,1,1670809518544,1670809516552
mydata,1,1670809518544,1670809516554
mydata,1,1670809518544,1670809516555
mydata,1,1670809518544,1670809516556
mydata,2,1670809518544,1670809512609
mydata,2,1670809518544,1670809512659
mydata,2,1670809518544,1670809512697
mydata,3,1670809518544,1670809516758
mydata,1,1670809519045,1670809517176
mydata,1,1670809519045,1670809517208
mydata,1,1670809519045,1670809517210
mydata,1,1670809519045,1670809517211
mydata,1,1670809519045,1670809517213
mydata,1,1670809519045,1670809517221
mydata,1,1670809519045,1670809517224
mydata,2,1670809519045,1670809513314
mydata,2,1670809519045,1670809513376
mydata,2,1670809519045,1670809513423
mydata,3,1670809519045,1670809517759
mydata,1,1670809519547,1670809517878
mydata,1,1670809519547,1670809517879
mydata,1,1670809519547,1670809517885
mydata,1,1670809519547,1670809517889
mydata,1,1670809519547,1670809517901
mydata,1,1670809519547,1670809517918
mydata,1,1670809519547,1670809517919
mydata,2,1670809519547,1670809514093
mydata,2,1670809519547,1670809514100
mydata,2,1670809519547,1670809514149
mydata,3,1670809519547,1670809518387
mydata,1,1670809520048,1670809518509
mydata,1,1670809520048,1670809518509
mydata,1,1670809520048,1670809518524
mydata,1,1670809520048,1670809518527
mydata,1,1670809520048,1670809518536
mydata,1,1670809520048,1670809518543
mydata,1,1670809520048,1670809518554
mydata,2,1670809520048,1670809514942
mydata,2,1670809520048,1670809514946
mydata,2,1670809520048,1670809514977
mydata,3,1670809520048,1670809519205
mydata,1,1670809520550,1670809519191
mydata,1,1670809520550,1670809519196
mydata,1,1670809520550,1670809519204
mydata,1,1670809520550,1670809519205
mydata,1,1670809520550,1670809519206
mydata,1,1670809520550,1670809519208
mydata,1,1670809520550,1670809519210
mydata,2,1670809520550,1670809515897
mydata,2,1670809520550,1670809515933
mydata,2,1670809520550,1670809515941
mydata,3,1670809520550,1670809519889
mydata,1,1670809521051,1670809519833
mydata,1,1670809521051,1670809519833
mydata,1,1670809521051,1670809519833
mydata,1,1670809521051,1670809519842
mydata,1,1670809521051,1670809519845
mydata,1,1670809521051,1670809519849
mydata,1,1670809521051,1670809519854
mydata,2,1670809521051,1670809516498
mydata,2,1670809521051,1670809516500
mydata,2,1670809521051,1670809516509
mydata,3,1670809521051,1670809520461
mydata,1,1670809521553,1670809520395
mydata,1,1670809521553,1670809520395
mydata,1,1670809521553,1670809520396
mydata,1,1670809521553,1670809520402
mydata,1,1670809521553,1670809520404
mydata,1,1670809521553,1670809520413
mydata,1,1670809521553,1670809520416
mydata,1,1670809521553,1670809520418
mydata,1,1670809521553,1670809520440
mydata,2,1670809521553,1670809517238
mydata,3,1670809521553,1670809521151
mydata,1,1670809522054,1670809521200
mydata,1,1670809522054,1670809521200
mydata,1,1670809522054,1670809521207
mydata,1,1670809522054,1670809521208
mydata,1,1670809522054,1670809521225
mydata,1,1670809522054,1670809521237
mydata,1,1670809522054,1670809521241
mydata,2,1670809522054,1670809517544
mydata,2,1670809522054,1670809517575
mydata,2,1670809522054,1670809517583
mydata,3,1670809522054,1670809521989
mydata,1,1670809522556,1670809521981
mydata,1,1670809522556,1670809521981
mydata,1,1670809522556,1670809521981
mydata,1,1670809522556,1670809521982
mydata,1,1670809522556,1670809521989
mydata,1,1670809522556,1670809521996
mydata,1,1670809522556,1670809522009
mydata,2,1670809522556,1670809518026
mydata,2,1670809522556,1670809518056
mydata,2,1670809522556,1670809518178
mydata,1,1670809523057,1670809522718
mydata,1,1670809523057,1670809522725
mydata,1,1670809523057,1670809522726
mydata,1,1670809523057,1670809522733
mydata,1,1670809523057,1670809522746
mydata,1,1670809523057,1670809522752
mydata,1,1670809523057,1670809522776
mydata,2,1670809523057,1670809518774
mydata,2,1670809523057,1670809518876
mydata,2,1670809523057,1670809518878
mydata,3,1670809523057,1670809522804
mydata,1,1670809523559,1670809523352
mydata,1,1670809523559,1670809523353
mydata,1,1670809523559,1670809523364
mydata,1,1670809523559,1670809523376
mydata,1,1670809523559,1670809523386
mydata,1,1670809523559,1670809523398
mydata,1,1670809523559,1670809523401
mydata,2,1670809523559,1670809519693
mydata,2,1670809523559,1670809519704
mydata,2,1670809523559,1670809519709
mydata,3,1670809523559,1670809523322
mydata,1,1670809524060,1670809523910
mydata,1,1670809524060,1670809523922
mydata,1,1670809524060,1670809523950
mydata,1,1670809524060,1670809523959
mydata,1,1670809524060,1670809523977
mydata,1,1670809524060,1670809523984
mydata,1,1670809524060,1670809523988
mydata,2,1670809524060,1670809520375
mydata,2,1670809524060,1670809520378
mydata,2,1670809524060,1670809520390
mydata,3,1670809524060,1670809523977
mydata,1,1670809524562,1670809524488
mydata,1,1670809524562,1670809524500
mydata,1,1670809524562,1670809524504
mydata,1,1670809524562,1670809524506
mydata,1,1670809524562,1670809524518
mydata,1,1670809524562,1670809524523
mydata,1,1670809524562,1670809524528
mydata,2,1670809524562,1670809521142
mydata,2,1670809524562,1670809521181
mydata,2,1670809524562,1670809521230
mydata,3,1670809524562,1670809524480
mydata,1,1670809525064,1670809525045
mydata,1,1670809525064,1670809525054
mydata,2,1670809525064,1670809521934
mydata,1,1670809525565,1670809525541
mydata,1,1670809525565,1670809525553
mydata,1,1670809525565,1670809525562
mydata,1,1670809525565,1670809525563
mydata,2,1670809525565,1670809522559
mydata,2,1670809525565,1670809522559
mydata,2,1670809525565,1670809522572
mydata,2,1670809526067,1670809523169
mydata,1,1670809526567,1670809526405
mydata,1,1670809526567,1670809526415
mydata,1,1670809526567,1670809526419
mydata,1,1670809526567,1670809526429
mydata,1,1670809526567,1670809526439
mydata,1,1670809526567,1670809526458
mydata,1,1670809526567,1670809526459
mydata,2,1670809526567,1670809523615
mydata,2,1670809526567,1670809523624
mydata,3,1670809526567,1670809526436
mydata,3,1670809526567,1670809526451
mydata,1,1670809527069,1670809526923
mydata,1,1670809527069,1670809526924
mydata,1,1670809527069,1670809526927
mydata,1,1670809527069,1670809526928
mydata,1,1670809527069,1670809526934
mydata,1,1670809527069,1670809526946
mydata,1,1670809527069,1670809526958
mydata,1,1670809527069,1670809526960
mydata,2,1670809527069,1670809523916
mydata,2,1670809527069,1670809523954
mydata,3,1670809527069,1670809527026
mydata,1,1670809527570,1670809527430
mydata,1,1670809527570,1670809527430
mydata,1,1670809527570,1670809527437
mydata,1,1670809527570,1670809527437
mydata,1,1670809527570,1670809527442
mydata,1,1670809527570,1670809527445
mydata,1,1670809527570,1670809527447
mydata,1,1670809527570,1670809527447
mydata,2,1670809527570,1670809524603
mydata,2,1670809527570,1670809524694
mydata,3,1670809527570,1670809527452
mydata,3,1670809527570,1670809527461
mydata,1,1670809528072,1670809527925
mydata,1,1670809528072,1670809527938
mydata,1,1670809528072,1670809527941
mydata,1,1670809528072,1670809527941
mydata,1,1670809528072,1670809527941
mydata,1,1670809528072,1670809527944
mydata,1,1670809528072,1670809527954
mydata,1,1670809528072,1670809527960
mydata,1,1670809528072,1670809527963
mydata,2,1670809528072,1670809525273
mydata,2,1670809528072,1670809525339
mydata,1,1670809528574,1670809528565
mydata,1,1670809528574,1670809528567
mydata,1,1670809528574,1670809528572
mydata,1,1670809528574,1670809528573
mydata,2,1670809528574,1670809525878
mydata,3,1670809528574,1670809528478
mydata,1,1670809529075,1670809529020
mydata,1,1670809529075,1670809529025
mydata,1,1670809529075,1670809529028
mydata,1,1670809529075,1670809529030
mydata,1,1670809529075,1670809529038
mydata,1,1670809529075,1670809529040
mydata,1,1670809529075,1670809529041
mydata,1,1670809529075,1670809529056
mydata,2,1670809529075,1670809526407
mydata,3,1670809529075,1670809529062
mydata,1,1670809529576,1670809529540
mydata,1,1670809529576,1670809529547
mydata,1,1670809529576,1670809529549
mydata,1,1670809529576,1670809529554
mydata,1,1670809529576,1670809529558
mydata,1,1670809529576,1670809529561
mydata,1,1670809529576,1670809529565
mydata,2,1670809529576,1670809526945
mydata,2,1670809529576,1670809526985
mydata,1,1670809530078,1670809530049
mydata,1,1670809530078,1670809530055
mydata,1,1670809530078,1670809530067
mydata,1,1670809530078,1670809530076
mydata,2,1670809530078,1670809527397
mydata,2,1670809530078,1670809527478
mydata,1,1670809530579,1670809530488
mydata,1,1670809530579,1670809530489
mydata,1,1670809530579,1670809530493
mydata,1,1670809530579,1670809530497
mydata,1,1670809530579,1670809530512
mydata,1,1670809530579,1670809530522
mydata,1,1670809530579,1670809530522
mydata,1,1670809530579,1670809530528
mydata,1,1670809530579,1670809530531
mydata,2,1670809530579,1670809527788
mydata,2,1670809530579,1670809527797
mydata,1,1670809531081,1670809531051
mydata,1,1670809531081,1670809531054
mydata,1,1670809531081,1670809531064
mydata,1,1670809531081,1670809531065
mydata,2,1670809531081,1670809528153
mydata,3,1670809531081,1670809530972
mydata,1,1670809531582,1670809531521
mydata,1,1670809531582,1670809531524
mydata,1,1670809531582,1670809531534
mydata,1,1670809531582,1670809531542
mydata,1,1670809531582,1670809531549
mydata,1,1670809531582,1670809531565
mydata,1,1670809531582,1670809531575
mydata,1,1670809531582,1670809531579
mydata,2,1670809531582,1670809528860
mydata,2,1670809531582,1670809528903
mydata,2,1670809532084,1670809529362
mydata,2,1670809532084,1670809529380
mydata,3,1670809532084,1670809532081
mydata,1,1670809532585,1670809532481
mydata,1,1670809532585,1670809532483
mydata,1,1670809532585,1670809532513
mydata,1,1670809532585,1670809532524
mydata,1,1670809532585,1670809532527
mydata,1,1670809532585,1670809532533
mydata,1,1670809532585,1670809532539
mydata,1,1670809532585,1670809532554
mydata,2,1670809532585,1670809529558
mydata,3,1670809532585,1670809532408
mydata,1,1670809533087,1670809533061
mydata,1,1670809533087,1670809533063
mydata,1,1670809533087,1670809533077
mydata,1,1670809533087,1670809533079
mydata,1,1670809533087,1670809533084
mydata,2,1670809533087,1670809530081
mydata,3,1670809533087,1670809533073
mydata,1,1670809533588,1670809533491
mydata,1,1670809533588,1670809533497
mydata,1,1670809533588,1670809533500
mydata,1,1670809533588,1670809533506
mydata,1,1670809533588,1670809533510
mydata,1,1670809533588,1670809533517
mydata,1,1670809533588,1670809533530
mydata,1,1670809533588,1670809533531
mydata,2,1670809533588,1670809530457
mydata,3,1670809533588,1670809533464
mydata,1,1670809534089,1670809533997
mydata,1,1670809534089,1670809534007
mydata,1,1670809534089,1670809534011
mydata,1,1670809534089,1670809534012
mydata,1,1670809534089,1670809534015
mydata,1,1670809534089,1670809534016
mydata,1,1670809534089,1670809534017
mydata,1,1670809534089,1670809534021
mydata,2,1670809534089,1670809530833
mydata,3,1670809534089,1670809533871
mydata,1,1670809534591,1670809534564
mydata,1,1670809534591,1670809534569
mydata,1,1670809534591,1670809534583
mydata,1,1670809534591,1670809534587
mydata,1,1670809534591,1670809534591
mydata,2,1670809534591,1670809531298
mydata,2,1670809534591,1670809531306
mydata,2,1670809535092,1670809531706
mydata,2,1670809535092,1670809531721
mydata,1,1670809535593,1670809535459
mydata,1,1670809535593,1670809535461
mydata,1,1670809535593,1670809535464
mydata,1,1670809535593,1670809535468
mydata,1,1670809535593,1670809535472
mydata,1,1670809535593,1670809535503
mydata,1,1670809535593,1670809535503
mydata,1,1670809535593,1670809535506
mydata,2,1670809535593,1670809532051
mydata,3,1670809535593,1670809535460
mydata,1,1670809536095,1670809536059
mydata,1,1670809536095,1670809536070
mydata,1,1670809536095,1670809536070
mydata,1,1670809536095,1670809536070
mydata,1,1670809536095,1670809536079
mydata,2,1670809536095,1670809532480
mydata,3,1670809536095,1670809535926
mydata,1,1670809536596,1670809536580
mydata,1,1670809536596,1670809536586
mydata,1,1670809536596,1670809536592
mydata,1,1670809536596,1670809536593
mydata,2,1670809536596,1670809532895
mydata,2,1670809536596,1670809532906
mydata,1,1670809537098,1670809537050
mydata,1,1670809537098,1670809537051
mydata,1,1670809537098,1670809537069
mydata,1,1670809537098,1670809537075
mydata,1,1670809537098,1670809537085
mydata,1,1670809537098,1670809537093
mydata,1,1670809537098,1670809537096
mydata,1,1670809537098,1670809537097
mydata,2,1670809537098,1670809533351
mydata,3,1670809537098,1670809536982
mydata,2,1670809537600,1670809533929
mydata,2,1670809537600,1670809534002
mydata,1,1670809538101,1670809538080
mydata,2,1670809538101,1670809534582
mydata,2,1670809538101,1670809534619
mydata,1,1670809538602,1670809538441
mydata,1,1670809538602,1670809538441
mydata,1,1670809538602,1670809538446
mydata,1,1670809538602,1670809538487
mydata,1,1670809538602,1670809538502
mydata,1,1670809538602,1670809538505
mydata,1,1670809538602,1670809538550
mydata,1,1670809538602,1670809538565
mydata,2,1670809538602,1670809535045
mydata,3,1670809538602,1670809538453
mydata,2,1670809539103,1670809535851
mydata,2,1670809539103,1670809535923
mydata,3,1670809539103,1670809539044
mydata,1,1670809539605,1670809539565
mydata,1,1670809539605,1670809539566
mydata,1,1670809539605,1670809539570
mydata,1,1670809539605,1670809539574
mydata,1,1670809539605,1670809539579
mydata,1,1670809539605,1670809539593
mydata,1,1670809539605,1670809539594
mydata,2,1670809539605,1670809536246
mydata,2,1670809539605,1670809536247
mydata,3,1670809539605,1670809539554
mydata,2,1670809540106,1670809536643
mydata,2,1670809540106,1670809536717
mydata,2,1670809540607,1670809537163
mydata,2,1670809540607,1670809537191
mydata,3,1670809540607,1670809540562
mydata,1,1670809541108,1670809540950
mydata,1,1670809541108,1670809540951
mydata,1,1670809541108,1670809540969
mydata,1,1670809541108,1670809540976
mydata,1,1670809541108,1670809540982
mydata,1,1670809541108,1670809540993
mydata,1,1670809541108,1670809540994
mydata,1,1670809541108,1670809540999
mydata,2,1670809541108,1670809537555
mydata,3,1670809541108,1670809540962
mydata,1,1670809541610,1670809541466
mydata,1,1670809541610,1670809541476
mydata,1,1670809541610,1670809541477
mydata,1,1670809541610,1670809541480
mydata,1,1670809541610,1670809541482
mydata,1,1670809541610,1670809541484
mydata,1,1670809541610,1670809541491
mydata,1,1670809541610,1670809541492
mydata,2,1670809541610,1670809537904
mydata,3,1670809541610,1670809541379
mydata,1,1670809542111,1670809541956
mydata,1,1670809542111,1670809541963
mydata,1,1670809542111,1670809541970
mydata,1,1670809542111,1670809541977
mydata,1,1670809542111,1670809541990
mydata,1,1670809542111,1670809541990
mydata,1,1670809542111,1670809542001
mydata,1,1670809542111,1670809542013
mydata,2,1670809542111,1670809538380
mydata,3,1670809542111,1670809541995
mydata,1,1670809542612,1670809542478
mydata,1,1670809542612,1670809542497
mydata,1,1670809542612,1670809542506
mydata,1,1670809542612,1670809542527
mydata,1,1670809542612,1670809542527
mydata,1,1670809542612,1670809542530
mydata,1,1670809542612,1670809542560
mydata,1,1670809542612,1670809542563
mydata,2,1670809542612,1670809538735
mydata,3,1670809542612,1670809542441
mydata,1,1670809543114,1670809542974
mydata,1,1670809543114,1670809542977
mydata,1,1670809543114,1670809542979
mydata,1,1670809543114,1670809542979
mydata,1,1670809543114,1670809542995
mydata,1,1670809543114,1670809542996
mydata,1,1670809543114,1670809543027
mydata,1,1670809543114,1670809543027
mydata,2,1670809543114,1670809539020
mydata,3,1670809543114,1670809542970
mydata,1,1670809543615,1670809543474
mydata,1,1670809543615,1670809543485
mydata,1,1670809543615,1670809543492
mydata,1,1670809543615,1670809543493
mydata,1,1670809543615,1670809543494
mydata,1,1670809543615,1670809543504
mydata,1,1670809543615,1670809543508
mydata,1,1670809543615,1670809543508
mydata,2,1670809543615,1670809539485
mydata,3,1670809543615,1670809543514
mydata,1,1670809544117,1670809543961
mydata,1,1670809544117,1670809543970
mydata,1,1670809544117,1670809543985
mydata,1,1670809544117,1670809543996
mydata,1,1670809544117,1670809544001
mydata,1,1670809544117,1670809544007
mydata,1,1670809544117,1670809544028
mydata,1,1670809544117,1670809544046
mydata,2,1670809544117,1670809539830
mydata,3,1670809544117,1670809543908
mydata,1,1670809544618,1670809544455
mydata,1,1670809544618,1670809544484
mydata,1,1670809544618,1670809544486
mydata,1,1670809544618,1670809544494
mydata,1,1670809544618,1670809544507
mydata,1,1670809544618,1670809544508
mydata,1,1670809544618,1670809544512
mydata,1,1670809544618,1670809544516
mydata,2,1670809544618,1670809540075
mydata,3,1670809544618,1670809544382
mydata,1,1670809545120,1670809544965
mydata,1,1670809545120,1670809544973
mydata,1,1670809545120,1670809544986
mydata,1,1670809545120,1670809544986
mydata,1,1670809545120,1670809545001
mydata,1,1670809545120,1670809545004
mydata,1,1670809545120,1670809545005
mydata,1,1670809545120,1670809545006
mydata,2,1670809545120,1670809540451
mydata,3,1670809545120,1670809544982
mydata,1,1670809545621,1670809545473
mydata,1,1670809545621,1670809545476
mydata,1,1670809545621,1670809545484
mydata,1,1670809545621,1670809545497
mydata,1,1670809545621,1670809545512
mydata,1,1670809545621,1670809545516
mydata,1,1670809545621,1670809545536
mydata,1,1670809545621,1670809545547
mydata,2,1670809545621,1670809540921
mydata,3,1670809545621,1670809545491
mydata,1,1670809546122,1670809545984
mydata,1,1670809546122,1670809545991
mydata,1,1670809546122,1670809546003
mydata,1,1670809546122,1670809546008
mydata,1,1670809546122,1670809546018
mydata,1,1670809546122,1670809546031
mydata,1,1670809546122,1670809546033
mydata,1,1670809546122,1670809546046
mydata,2,1670809546122,1670809541325
mydata,3,1670809546122,1670809545979
mydata,1,1670809546624,1670809546555
mydata,1,1670809546624,1670809546560
mydata,1,1670809546624,1670809546566
mydata,1,1670809546624,1670809546581
mydata,1,1670809546624,1670809546607
mydata,1,1670809546624,1670809546608
mydata,2,1670809546624,1670809541801
mydata,3,1670809546624,1670809546346
mydata,2,1670809547126,1670809542294
mydata,2,1670809547126,1670809542313
mydata,1,1670809547626,1670809547486
mydata,1,1670809547626,1670809547490
mydata,1,1670809547626,1670809547494
mydata,1,1670809547626,1670809547503
mydata,1,1670809547626,1670809547503
mydata,1,1670809547626,1670809547519
mydata,1,1670809547626,1670809547523
mydata,1,1670809547626,1670809547524
mydata,2,1670809547626,1670809542642
mydata,3,1670809547626,1670809547427
mydata,1,1670809548128,1670809547989
mydata,1,1670809548128,1670809547989
mydata,1,1670809548128,1670809547998
mydata,1,1670809548128,1670809548000
mydata,1,1670809548128,1670809548001
mydata,1,1670809548128,1670809548025
mydata,1,1670809548128,1670809548050
mydata,1,1670809548128,1670809548075
mydata,2,1670809548128,1670809542908
mydata,3,1670809548128,1670809547996
mydata,1,1670809548629,1670809548451
mydata,1,1670809548629,1670809548467
mydata,1,1670809548629,1670809548471
mydata,1,1670809548629,1670809548471
mydata,1,1670809548629,1670809548471
mydata,1,1670809548629,1670809548472
mydata,1,1670809548629,1670809548477
mydata,1,1670809548629,1670809548481
mydata,2,1670809548629,1670809543381
mydata,3,1670809548629,1670809548497
mydata,1,1670809549131,1670809549001
mydata,1,1670809549131,1670809549003
mydata,1,1670809549131,1670809549008
mydata,1,1670809549131,1670809549017
mydata,1,1670809549131,1670809549017
mydata,1,1670809549131,1670809549030
mydata,1,1670809549131,1670809549031
mydata,1,1670809549131,1670809549052
mydata,2,1670809549131,1670809543630
mydata,3,1670809549131,1670809548963
mydata,1,1670809549632,1670809549460
mydata,1,1670809549632,1670809549471
mydata,1,1670809549632,1670809549472
mydata,1,1670809549632,1670809549480
mydata,1,1670809549632,1670809549494
mydata,1,1670809549632,1670809549513
mydata,1,1670809549632,1670809549528
mydata,1,1670809549632,1670809549556
mydata,2,1670809549632,1670809543980
mydata,3,1670809549632,1670809549367
mydata,1,1670809550134,1670809549991
mydata,1,1670809550134,1670809549999
mydata,1,1670809550134,1670809550046
mydata,1,1670809550134,1670809550046
mydata,1,1670809550134,1670809550053
mydata,1,1670809550134,1670809550065
mydata,1,1670809550134,1670809550075
mydata,1,1670809550134,1670809550090
mydata,2,1670809550134,1670809544282
mydata,3,1670809550134,1670809549714
mydata,1,1670809550635,1670809550477
mydata,1,1670809550635,1670809550499
mydata,1,1670809550635,1670809550499
mydata,1,1670809550635,1670809550514
mydata,1,1670809550635,1670809550514
mydata,1,1670809550635,1670809550519
mydata,1,1670809550635,1670809550526
mydata,1,1670809550635,1670809550537
mydata,2,1670809550635,1670809544523
mydata,3,1670809550635,1670809550463
mydata,1,1670809551136,1670809551018
mydata,1,1670809551136,1670809551022
mydata,1,1670809551136,1670809551022
mydata,1,1670809551136,1670809551036
mydata,1,1670809551136,1670809551036
mydata,1,1670809551136,1670809551037
mydata,1,1670809551136,1670809551051
mydata,1,1670809551136,1670809551060
mydata,2,1670809551136,1670809545005
mydata,3,1670809551136,1670809551114
mydata,1,1670809551638,1670809551567
mydata,1,1670809551638,1670809551577
mydata,1,1670809551638,1670809551585
mydata,1,1670809551638,1670809551587
mydata,1,1670809551638,1670809551594
mydata,1,1670809551638,1670809551596
mydata,1,1670809551638,1670809551597
mydata,1,1670809551638,1670809551607
mydata,2,1670809551638,1670809545533
mydata,3,1670809551638,1670809551517
mydata,1,1670809552140,1670809552057
mydata,1,1670809552140,1670809552065
mydata,1,1670809552140,1670809552072
mydata,1,1670809552140,1670809552078
mydata,1,1670809552140,1670809552085
mydata,1,1670809552140,1670809552087
mydata,1,1670809552140,1670809552104
mydata,1,1670809552140,1670809552110
mydata,2,1670809552140,1670809545803
mydata,3,1670809552140,1670809552035
mydata,1,1670809552641,1670809552555
mydata,1,1670809552641,1670809552565
mydata,1,1670809552641,1670809552571
mydata,1,1670809552641,1670809552589
mydata,1,1670809552641,1670809552595
mydata,1,1670809552641,1670809552595
mydata,1,1670809552641,1670809552597
mydata,1,1670809552641,1670809552606
mydata,2,1670809552641,1670809546129
mydata,3,1670809552641,1670809552464
mydata,2,1670809553142,1670809546620
mydata,2,1670809553142,1670809546626
mydata,1,1670809553643,1670809553553
mydata,1,1670809553643,1670809553558
mydata,1,1670809553643,1670809553560
mydata,1,1670809553643,1670809553571
mydata,1,1670809553643,1670809553587
mydata,1,1670809553643,1670809553587
mydata,1,1670809553643,1670809553601
mydata,1,1670809553643,1670809553607
mydata,1,1670809553643,1670809553614
mydata,2,1670809553643,1670809547090
mydata,2,1670809553643,1670809547092
mydata,3,1670809553643,1670809553450
mydata,2,1670809554146,1670809547529
mydata,2,1670809554146,1670809547564
mydata,3,1670809554146,1670809554114
mydata,1,1670809554647,1670809554624
mydata,1,1670809554647,1670809554624
mydata,1,1670809554647,1670809554634
mydata,2,1670809554647,1670809548040
mydata,2,1670809554647,1670809548115
mydata,3,1670809554647,1670809554598
mydata,1,1670809555148,1670809555099
mydata,1,1670809555148,1670809555111
mydata,1,1670809555148,1670809555126
mydata,1,1670809555148,1670809555127
mydata,1,1670809555148,1670809555131
mydata,1,1670809555148,1670809555145
mydata,1,1670809555148,1670809555146
mydata,1,1670809555148,1670809555146
mydata,2,1670809555148,1670809548513
mydata,3,1670809555148,1670809555057
mydata,2,1670809555649,1670809549072
mydata,2,1670809555649,1670809549077
mydata,1,1670809556150,1670809556144
mydata,2,1670809556150,1670809549424
mydata,2,1670809556150,1670809549430
mydata,3,1670809556150,1670809556108
mydata,3,1670809556150,1670809556114
mydata,2,1670809556652,1670809550018
mydata,2,1670809556652,1670809550026
mydata,1,1670809557153,1670809557009
mydata,1,1670809557153,1670809557029
mydata,1,1670809557153,1670809557032
mydata,1,1670809557153,1670809557034
mydata,1,1670809557153,1670809557036
mydata,1,1670809557153,1670809557040
mydata,1,1670809557153,1670809557040
mydata,1,1670809557153,1670809557041
mydata,2,1670809557153,1670809550296
mydata,3,1670809557153,1670809557008
mydata,1,1670809557654,1670809557508
mydata,1,1670809557654,1670809557516
mydata,1,1670809557654,1670809557531
mydata,1,1670809557654,1670809557534
mydata,1,1670809557654,1670809557560
mydata,1,1670809557654,1670809557561
mydata,1,1670809557654,1670809557572
mydata,1,1670809557654,1670809557574
mydata,2,1670809557654,1670809550660
mydata,3,1670809557654,1670809557499
mydata,1,1670809558156,1670809558016
mydata,1,1670809558156,1670809558022
mydata,1,1670809558156,1670809558033
mydata,1,1670809558156,1670809558043
mydata,1,1670809558156,1670809558057
mydata,1,1670809558156,1670809558089
mydata,1,1670809558156,1670809558095
mydata,1,1670809558156,1670809558099
mydata,2,1670809558156,1670809551139
mydata,3,1670809558156,1670809557980
mydata,1,1670809558657,1670809558537
mydata,1,1670809558657,1670809558549
mydata,1,1670809558657,1670809558558
mydata,1,1670809558657,1670809558561
mydata,1,1670809558657,1670809558569
mydata,1,1670809558657,1670809558594
mydata,1,1670809558657,1670809558594
mydata,1,1670809558657,1670809558610
mydata,2,1670809558657,1670809551583
mydata,3,1670809558657,1670809558521
mydata,1,1670809559159,1670809559053
mydata,1,1670809559159,1670809559053
mydata,1,1670809559159,1670809559068
mydata,1,1670809559159,1670809559073
mydata,1,1670809559159,1670809559112
mydata,1,1670809559159,1670809559119
mydata,1,1670809559159,1670809559124
mydata,1,1670809559159,1670809559124
mydata,2,1670809559159,1670809552088
mydata,3,1670809559159,1670809558995
mydata,2,1670809559660,1670809552361
mydata,2,1670809559660,1670809552512
mydata,3,1670809559660,1670809559494
mydata,3,1670809559660,1670809559592
mydata,1,1670809560162,1670809560050
mydata,1,1670809560162,1670809560051
mydata,1,1670809560162,1670809560051
mydata,1,1670809560162,1670809560056
mydata,1,1670809560162,1670809560071
mydata,1,1670809560162,1670809560072
mydata,1,1670809560162,1670809560072
mydata,1,1670809560162,1670809560072
mydata,2,1670809560162,1670809552844
mydata,3,1670809560162,1670809560054
mydata,1,1670809560663,1670809560549
mydata,1,1670809560663,1670809560571
mydata,1,1670809560663,1670809560586
mydata,1,1670809560663,1670809560586
mydata,1,1670809560663,1670809560593
mydata,1,1670809560663,1670809560597
mydata,1,1670809560663,1670809560604
mydata,1,1670809560663,1670809560607
mydata,2,1670809560663,1670809553585
mydata,3,1670809560663,1670809560368
mydata,1,1670809561164,1670809561024
mydata,1,1670809561164,1670809561041
mydata,1,1670809561164,1670809561045
mydata,1,1670809561164,1670809561049
mydata,1,1670809561164,1670809561051
mydata,1,1670809561164,1670809561052
mydata,1,1670809561164,1670809561066
mydata,1,1670809561164,1670809561070
mydata,2,1670809561164,1670809553821
mydata,3,1670809561164,1670809561037
mydata,1,1670809561666,1670809561572
mydata,1,1670809561666,1670809561572
mydata,1,1670809561666,1670809561577
mydata,1,1670809561666,1670809561585
mydata,1,1670809561666,1670809561593
mydata,1,1670809561666,1670809561595
mydata,1,1670809561666,1670809561598
mydata,1,1670809561666,1670809561602
mydata,1,1670809561666,1670809561605
mydata,2,1670809561666,1670809554161
mydata,2,1670809561666,1670809554171
mydata,2,1670809562167,1670809554607
mydata,2,1670809562167,1670809554682
mydata,1,1670809562668,1670809562528
mydata,1,1670809562668,1670809562542
mydata,1,1670809562668,1670809562544
mydata,1,1670809562668,1670809562550
mydata,1,1670809562668,1670809562552
mydata,1,1670809562668,1670809562572
mydata,1,1670809562668,1670809562577
mydata,1,1670809562668,1670809562586
mydata,2,1670809562668,1670809554864
mydata,3,1670809562668,1670809562396
mydata,2,1670809563170,1670809555553
mydata,2,1670809563170,1670809555561
mydata,1,1670809563671,1670809563473
mydata,1,1670809563671,1670809563477
mydata,1,1670809563671,1670809563493
mydata,1,1670809563671,1670809563493
mydata,1,1670809563671,1670809563518
mydata,1,1670809563671,1670809563529
mydata,1,1670809563671,1670809563537
mydata,1,1670809563671,1670809563543
mydata,2,1670809563671,1670809555884
mydata,3,1670809563671,1670809563414
mydata,1,1670809564172,1670809564043
mydata,1,1670809564172,1670809564045
mydata,1,1670809564172,1670809564065
mydata,1,1670809564172,1670809564068
mydata,1,1670809564172,1670809564079
mydata,1,1670809564172,1670809564082
mydata,1,1670809564172,1670809564082
mydata,1,1670809564172,1670809564086
mydata,2,1670809564172,1670809556264
mydata,3,1670809564172,1670809563978
mydata,1,1670809564674,1670809564529
mydata,1,1670809564674,1670809564529
mydata,1,1670809564674,1670809564536
mydata,1,1670809564674,1670809564541
mydata,1,1670809564674,1670809564549
mydata,1,1670809564674,1670809564560
mydata,1,1670809564674,1670809564572
mydata,1,1670809564674,1670809564572
mydata,2,1670809564674,1670809556798
mydata,3,1670809564674,1670809564528
mydata,1,1670809565175,1670809565018
mydata,1,1670809565175,1670809565022
mydata,1,1670809565175,1670809565033
mydata,1,1670809565175,1670809565037
mydata,1,1670809565175,1670809565041
mydata,1,1670809565175,1670809565044
mydata,1,1670809565175,1670809565068
mydata,1,1670809565175,1670809565070
mydata,2,1670809565175,1670809557143
mydata,3,1670809565175,1670809564902
mydata,1,1670809565676,1670809565531
mydata,1,1670809565676,1670809565551
mydata,1,1670809565676,1670809565551
mydata,1,1670809565676,1670809565562
mydata,1,1670809565676,1670809565581
mydata,1,1670809565676,1670809565588
mydata,1,1670809565676,1670809565592
mydata,1,1670809565676,1670809565610
mydata,2,1670809565676,1670809557792
mydata,3,1670809565676,1670809565611
mydata,1,1670809566178,1670809566109
mydata,1,1670809566178,1670809566117
mydata,1,1670809566178,1670809566145
mydata,1,1670809566178,1670809566150
mydata,1,1670809566178,1670809566160
mydata,1,1670809566178,1670809566168
mydata,1,1670809566178,1670809566168
mydata,1,1670809566178,1670809566176
mydata,2,1670809566178,1670809558215
mydata,3,1670809566178,1670809566101
mydata,1,1670809566680,1670809566645
mydata,1,1670809566680,1670809566666
mydata,2,1670809566680,1670809558826
mydata,3,1670809566680,1670809566591
mydata,1,1670809567181,1670809567051
mydata,1,1670809567181,1670809567071
mydata,1,1670809567181,1670809567072
mydata,1,1670809567181,1670809567086
mydata,1,1670809567181,1670809567087
mydata,1,1670809567181,1670809567103
mydata,1,1670809567181,1670809567106
mydata,1,1670809567181,1670809567112
mydata,2,1670809567181,1670809559087
mydata,3,1670809567181,1670809567109
mydata,1,1670809567682,1670809567637
mydata,1,1670809567682,1670809567639
mydata,1,1670809567682,1670809567639
mydata,1,1670809567682,1670809567639
mydata,1,1670809567682,1670809567639
mydata,1,1670809567682,1670809567653
mydata,1,1670809567682,1670809567653
mydata,1,1670809567682,1670809567674
mydata,1,1670809567682,1670809567680
mydata,2,1670809567682,1670809559595
mydata,2,1670809567682,1670809559613
mydata,1,1670809568184,1670809568172
mydata,1,1670809568184,1670809568179
mydata,1,1670809568184,1670809568180
mydata,2,1670809568184,1670809560283
mydata,3,1670809568184,1670809568163
mydata,1,1670809568685,1670809568674
mydata,1,1670809568685,1670809568676
mydata,2,1670809568685,1670809560687
mydata,2,1670809568685,1670809560724
mydata,1,1670809569187,1670809569089
mydata,1,1670809569187,1670809569115
mydata,1,1670809569187,1670809569121
mydata,1,1670809569187,1670809569126
mydata,1,1670809569187,1670809569136
mydata,1,1670809569187,1670809569154
mydata,1,1670809569187,1670809569155
mydata,1,1670809569187,1670809569159
mydata,1,1670809569187,1670809569164
mydata,2,1670809569187,1670809561165
mydata,2,1670809569187,1670809561178
mydata,1,1670809569688,1670809569636
mydata,1,1670809569688,1670809569653
mydata,1,1670809569688,1670809569656
mydata,1,1670809569688,1670809569657
mydata,1,1670809569688,1670809569662
mydata,1,1670809569688,1670809569666
mydata,1,1670809569688,1670809569675
mydata,1,1670809569688,1670809569678
mydata,1,1670809569688,1670809569680
mydata,2,1670809569688,1670809561593
mydata,2,1670809569688,1670809561683
mydata,2,1670809570190,1670809562246
mydata,2,1670809570190,1670809562248
mydata,3,1670809570190,1670809570125
mydata,1,1670809570691,1670809570582
mydata,1,1670809570691,1670809570584
mydata,1,1670809570691,1670809570584
mydata,1,1670809570691,1670809570597
mydata,1,1670809570691,1670809570600
mydata,1,1670809570691,1670809570611
mydata,1,1670809570691,1670809570626
mydata,1,1670809570691,1670809570630
mydata,1,1670809570691,1670809570632
mydata,2,1670809570691,1670809562562
mydata,2,1670809570691,1670809562566
mydata,1,1670809571192,1670809571157
mydata,1,1670809571192,1670809571180
mydata,1,1670809571192,1670809571183
mydata,1,1670809571192,1670809571185
mydata,1,1670809571192,1670809571185
mydata,2,1670809571192,1670809563016
mydata,3,1670809571192,1670809570999
mydata,2,1670809571694,1670809563360
mydata,2,1670809571694,1670809563396
mydata,1,1670809572195,1670809572160
mydata,1,1670809572195,1670809572160
mydata,1,1670809572195,1670809572163
mydata,1,1670809572195,1670809572175
mydata,1,1670809572195,1670809572178
mydata,1,1670809572195,1670809572186
mydata,1,1670809572195,1670809572194
mydata,2,1670809572195,1670809563730
mydata,3,1670809572195,1670809572075
mydata,1,1670809572697,1670809572671
mydata,1,1670809572697,1670809572680
mydata,1,1670809572697,1670809572685
mydata,1,1670809572697,1670809572691
mydata,2,1670809572697,1670809564024
mydata,3,1670809572697,1670809572500
mydata,1,1670809573198,1670809573119
mydata,1,1670809573198,1670809573119
mydata,1,1670809573198,1670809573121
mydata,1,1670809573198,1670809573123
mydata,1,1670809573198,1670809573129
mydata,1,1670809573198,1670809573144
mydata,1,1670809573198,1670809573147
mydata,1,1670809573198,1670809573152
mydata,2,1670809573198,1670809564280
mydata,3,1670809573198,1670809572838
mydata,1,1670809573699,1670809573657
mydata,1,1670809573699,1670809573657
mydata,1,1670809573699,1670809573690
mydata,2,1670809573699,1670809564690
mydata,2,1670809573699,1670809564690
mydata,2,1670809574200,1670809565157
mydata,2,1670809574200,1670809565159
mydata,3,1670809574200,1670809574092
mydata,3,1670809574200,1670809574100
mydata,1,1670809574701,1670809574532
mydata,1,1670809574701,1670809574534
mydata,1,1670809574701,1670809574538
mydata,1,1670809574701,1670809574540
mydata,1,1670809574701,1670809574540
mydata,1,1670809574701,1670809574543
mydata,1,1670809574701,1670809574561
mydata,1,1670809574701,1670809574566
mydata,2,1670809574701,1670809565611
mydata,3,1670809574701,1670809574574
mydata,1,1670809575203,1670809575045
mydata,1,1670809575203,1670809575064
mydata,1,1670809575203,1670809575064
mydata,1,1670809575203,1670809575087
mydata,1,1670809575203,1670809575090
mydata,1,1670809575203,1670809575093
mydata,1,1670809575203,1670809575096
mydata,1,1670809575203,1670809575098
mydata,2,1670809575203,1670809566064
mydata,3,1670809575203,1670809575021
mydata,1,1670809575704,1670809575574
mydata,1,1670809575704,1670809575575
mydata,1,1670809575704,1670809575575
mydata,1,1670809575704,1670809575576
mydata,1,1670809575704,1670809575577
mydata,1,1670809575704,1670809575584
mydata,1,1670809575704,1670809575589
mydata,1,1670809575704,1670809575590
mydata,2,1670809575704,1670809566542
mydata,3,1670809575704,1670809575517
mydata,1,1670809576205,1670809575992
mydata,1,1670809576205,1670809576003
mydata,1,1670809576205,1670809576018
mydata,1,1670809576205,1670809576025
mydata,1,1670809576205,1670809576029
mydata,1,1670809576205,1670809576034
mydata,1,1670809576205,1670809576048
mydata,1,1670809576205,1670809576062
mydata,2,1670809576205,1670809566832
mydata,3,1670809576205,1670809576162
mydata,1,1670809576707,1670809576562
mydata,1,1670809576707,1670809576563
mydata,1,1670809576707,1670809576563
mydata,1,1670809576707,1670809576573
mydata,1,1670809576707,1670809576586
mydata,1,1670809576707,1670809576597
mydata,1,1670809576707,1670809576597
mydata,1,1670809576707,1670809576600
mydata,2,1670809576707,1670809567207
mydata,3,1670809576707,1670809576402
mydata,1,1670809577208,1670809577067
mydata,1,1670809577208,1670809577078
mydata,1,1670809577208,1670809577085
mydata,1,1670809577208,1670809577093
mydata,1,1670809577208,1670809577109
mydata,1,1670809577208,1670809577115
mydata,1,1670809577208,1670809577138
mydata,1,1670809577208,1670809577146
mydata,2,1670809577208,1670809567754
mydata,3,1670809577208,1670809577064
mydata,1,1670809577710,1670809577570
mydata,1,1670809577710,1670809577573
mydata,1,1670809577710,1670809577576
mydata,1,1670809577710,1670809577587
mydata,1,1670809577710,1670809577615
mydata,1,1670809577710,1670809577625
mydata,1,1670809577710,1670809577636
mydata,1,1670809577710,1670809577638
mydata,2,1670809577710,1670809568087
mydata,3,1670809577710,1670809577437
mydata,1,1670809578211,1670809578124
mydata,1,1670809578211,1670809578129
mydata,1,1670809578211,1670809578149
mydata,1,1670809578211,1670809578149
mydata,1,1670809578211,1670809578150
mydata,1,1670809578211,1670809578154
mydata,1,1670809578211,1670809578158
mydata,1,1670809578211,1670809578175
mydata,2,1670809578211,1670809568435
mydata,3,1670809578211,1670809578055
mydata,1,1670809578712,1670809578656
mydata,1,1670809578712,1670809578682
mydata,1,1670809578712,1670809578690
mydata,1,1670809578712,1670809578701
mydata,1,1670809578712,1670809578706
mydata,1,1670809578712,1670809578708
mydata,1,1670809578712,1670809578708
mydata,2,1670809578712,1670809568771
mydata,2,1670809578712,1670809568779
mydata,2,1670809579214,1670809569196
mydata,2,1670809579214,1670809569198
mydata,3,1670809579214,1670809579049
mydata,3,1670809579214,1670809579113
mydata,1,1670809579715,1670809579659
mydata,1,1670809579715,1670809579675
mydata,1,1670809579715,1670809579683
mydata,1,1670809579715,1670809579697
mydata,1,1670809579715,1670809579701
mydata,2,1670809579715,1670809569647
mydata,3,1670809579715,1670809579635
mydata,2,1670809580217,1670809570240
mydata,2,1670809580217,1670809570249
mydata,3,1670809580217,1670809580197
mydata,1,1670809580718,1670809580681
mydata,1,1670809580718,1670809580687
mydata,1,1670809580718,1670809580700
mydata,1,1670809580718,1670809580710
mydata,1,1670809580718,1670809580713
mydata,1,1670809580718,1670809580716
mydata,2,1670809580718,1670809570542
mydata,2,1670809580718,1670809570557
mydata,3,1670809580718,1670809580701
mydata,1,1670809581220,1670809581198
mydata,1,1670809581220,1670809581201
mydata,1,1670809581220,1670809581208
mydata,1,1670809581220,1670809581208
mydata,1,1670809581220,1670809581216
mydata,1,1670809581220,1670809581216
mydata,1,1670809581220,1670809581218
mydata,1,1670809581220,1670809581218
mydata,2,1670809581220,1670809571066
mydata,2,1670809581220,1670809571092
mydata,2,1670809581721,1670809571396
mydata,2,1670809581721,1670809571401
mydata,1,1670809582222,1670809582169
mydata,1,1670809582222,1670809582175
mydata,1,1670809582222,1670809582190
mydata,1,1670809582222,1670809582193
mydata,1,1670809582222,1670809582197
mydata,1,1670809582222,1670809582200
mydata,1,1670809582222,1670809582210
mydata,1,1670809582222,1670809582212
mydata,1,1670809582222,1670809582221
mydata,2,1670809582222,1670809571718
mydata,2,1670809582222,1670809571782
mydata,2,1670809582724,1670809572205
mydata,2,1670809582724,1670809572212
mydata,3,1670809582724,1670809582710
mydata,1,1670809583225,1670809583097
mydata,1,1670809583225,1670809583103
mydata,1,1670809583225,1670809583106
mydata,1,1670809583225,1670809583116
mydata,1,1670809583225,1670809583118
mydata,1,1670809583225,1670809583118
mydata,1,1670809583225,1670809583124
mydata,1,1670809583225,1670809583126
mydata,2,1670809583225,1670809572586
mydata,3,1670809583225,1670809583166
mydata,2,1670809583726,1670809572935
mydata,2,1670809583726,1670809572962
mydata,1,1670809584228,1670809584158
mydata,1,1670809584228,1670809584164
mydata,1,1670809584228,1670809584172
mydata,1,1670809584228,1670809584184
mydata,1,1670809584228,1670809584186
mydata,1,1670809584228,1670809584196
mydata,1,1670809584228,1670809584203
mydata,1,1670809584228,1670809584207
mydata,2,1670809584228,1670809573361
mydata,3,1670809584228,1670809584091
mydata,1,1670809584729,1670809584697
mydata,1,1670809584729,1670809584702
mydata,2,1670809584729,1670809573740
mydata,2,1670809584729,1670809573755
mydata,1,1670809585230,1670809585220
mydata,1,1670809585230,1670809585226
mydata,2,1670809585230,1670809574343
mydata,3,1670809585230,1670809585053
mydata,2,1670809585732,1670809574658
mydata,2,1670809585732,1670809574668
mydata,3,1670809585732,1670809585611
mydata,3,1670809585732,1670809585614
mydata,1,1670809586233,1670809586163
mydata,1,1670809586233,1670809586194
mydata,1,1670809586233,1670809586206
mydata,1,1670809586233,1670809586214
mydata,1,1670809586233,1670809586214
mydata,1,1670809586233,1670809586226
mydata,2,1670809586233,1670809574962
mydata,2,1670809586233,1670809575010
