mydata,1,1670809506510,1670809500133
mydata,1,1670809506510,1670809500137
mydata,1,1670809506510,1670809500141
mydata,1,1670809506510,1670809500157
mydata,1,1670809506510,1670809500162
mydata,1,1670809506510,1670809500163
mydata,1,1670809506510,1670809500163
mydata,1,1670809506510,1670809500178
mydata,2,1670809506510,1670809499484
mydata,3,1670809506510,1670809500093
mydata,1,1670809507012,1670809500682
mydata,1,1670809507012,1670809500686
mydata,1,1670809507012,1670809500690
mydata,1,1670809507012,1670809500699
mydata,1,1670809507012,1670809500729
mydata,1,1670809507012,1670809500740
mydata,1,1670809507012,1670809500746
mydata,1,1670809507012,1670809500746
mydata,2,1670809507012,1670809499698
mydata,3,1670809507012,1670809500494
mydata,1,1670809507514,1670809501341
mydata,1,1670809507514,1670809501345
mydata,1,1670809507514,1670809501356
mydata,1,1670809507514,1670809501358
mydata,1,1670809507514,1670809501372
mydata,1,1670809507514,1670809501380
mydata,1,1670809507514,1670809501382
mydata,1,1670809507514,1670809501382
mydata,2,1670809507514,1670809499834
mydata,3,1670809507514,1670809500959
mydata,1,1670809508015,1670809501758
mydata,1,1670809508015,1670809501773
mydata,1,1670809508015,1670809501773
mydata,1,1670809508015,1670809501775
mydata,1,1670809508015,1670809501781
mydata,1,1670809508015,1670809501793
mydata,1,1670809508015,1670809501795
mydata,1,1670809508015,1670809501795
mydata,2,1670809508015,1670809500021
mydata,3,1670809508015,1670809501471
mydata,1,1670809508516,1670809502469
mydata,1,1670809508516,1670809502471
mydata,1,1670809508516,1670809502476
mydata,1,1670809508516,1670809502477
mydata,1,1670809508516,1670809502505
mydata,1,1670809508516,1670809502516
mydata,1,1670809508516,1670809502532
mydata,1,1670809508516,1670809502543
mydata,2,1670809508516,1670809500422
mydata,3,1670809508516,1670809502369
mydata,1,1670809509018,1670809503206
mydata,1,1670809509018,1670809503209
mydata,1,1670809509018,1670809503213
mydata,1,1670809509018,1670809503234
mydata,1,1670809509018,1670809503235
mydata,1,1670809509018,1670809503241
mydata,1,1670809509018,1670809503241
mydata,1,1670809509018,1670809503259
mydata,2,1670809509018,1670809500800
mydata,3,1670809509018,1670809502912
mydata,1,1670809509519,1670809503941
mydata,1,1670809509519,1670809503968
mydata,1,1670809509519,1670809503970
mydata,1,1670809509519,1670809503988
mydata,1,1670809509519,1670809504012
mydata,1,1670809509519,1670809504015
mydata,1,1670809509519,1670809504018
mydata,1,1670809509519,1670809504026
mydata,2,1670809509519,1670809501199
mydata,3,1670809509519,1670809503365
mydata,1,1670809510020,1670809504767
mydata,1,1670809510020,1670809504769
mydata,1,1670809510020,1670809504770
mydata,1,1670809510020,1670809504770
mydata,1,1670809510020,1670809504774
mydata,1,1670809510020,1670809504792
mydata,1,1670809510020,1670809504794
mydata,1,1670809510020,1670809504803
mydata,2,1670809510020,1670809501562
mydata,3,1670809510020,1670809504443
mydata,1,1670809510522,1670809505463
mydata,1,1670809510522,1670809505465
mydata,1,1670809510522,1670809505473
mydata,1,1670809510522,1670809505477
mydata,1,1670809510522,1670809505492
mydata,1,1670809510522,1670809505504
mydata,1,1670809510522,1670809505511
mydata,1,1670809510522,1670809505517
mydata,2,1670809510522,1670809501743
mydata,3,1670809510522,1670809504948
mydata,1,1670809511023,1670809506344
mydata,1,1670809511023,1670809506346
mydata,1,1670809511023,1670809506351
mydata,1,1670809511023,1670809506365
mydata,1,1670809511023,1670809506371
mydata,1,1670809511023,1670809506373
mydata,1,1670809511023,1670809506419
mydata,1,1670809511023,1670809506424
mydata,2,1670809511023,1670809502080
mydata,3,1670809511023,1670809505705
mydata,1,1670809511525,1670809507065
mydata,1,1670809511525,1670809507068
mydata,1,1670809511525,1670809507084
mydata,1,1670809511525,1670809507096
mydata,1,1670809511525,1670809507114
mydata,1,1670809511525,1670809507115
mydata,1,1670809511525,1670809507120
mydata,1,1670809511525,1670809507122
mydata,2,1670809511525,1670809502342
mydata,3,1670809511525,1670809506942
mydata,1,1670809512026,1670809507816
mydata,1,1670809512026,1670809507819
mydata,1,1670809512026,1670809507827
mydata,1,1670809512026,1670809507827
mydata,1,1670809512026,1670809507867
mydata,1,1670809512026,1670809507878
mydata,1,1670809512026,1670809507884
mydata,1,1670809512026,1670809507886
mydata,2,1670809512026,1670809502655
mydata,3,1670809512026,1670809507502
mydata,1,1670809512528,1670809508403
mydata,1,1670809512528,1670809508404
mydata,1,1670809512528,1670809508405
mydata,1,1670809512528,1670809508407
mydata,1,1670809512528,1670809508425
mydata,1,1670809512528,1670809508454
mydata,1,1670809512528,1670809508455
mydata,1,1670809512528,1670809508473
mydata,2,1670809512528,1670809503124
mydata,3,1670809512528,1670809508921
mydata,1,1670809513030,1670809509046
mydata,1,1670809513030,1670809509047
mydata,1,1670809513030,1670809509070
mydata,1,1670809513030,1670809509076
mydata,1,1670809513030,1670809509098
mydata,1,1670809513030,1670809509104
mydata,1,1670809513030,1670809509111
mydata,1,1670809513030,1670809509113
mydata,2,1670809513030,1670809504173
mydata,3,1670809513030,1670809509706
mydata,1,1670809513531,1670809509770
mydata,1,1670809513531,1670809509779
mydata,1,1670809513531,1670809509799
mydata,1,1670809513531,1670809509799
mydata,1,1670809513531,1670809509804
mydata,1,1670809513531,1670809509806
mydata,1,1670809513531,1670809509824
mydata,1,1670809513531,1670809509827
mydata,1,1670809513531,1670809509843
mydata,2,1670809513531,1670809504918
mydata,2,1670809513531,1670809504918
mydata,3,1670809513531,1670809510240
mydata,1,1670809514032,1670809510506
mydata,1,1670809514032,1670809510519
mydata,1,1670809514032,1670809510533
mydata,1,1670809514032,1670809510542
mydata,1,1670809514032,1670809510579
mydata,1,1670809514032,1670809510581
mydata,1,1670809514032,1670809510596
mydata,2,1670809514032,1670809505794
mydata,2,1670809514032,1670809505843
mydata,2,1670809514032,1670809505843
mydata,3,1670809514032,1670809510694
mydata,1,1670809514533,1670809511191
mydata,1,1670809514533,1670809511194
mydata,1,1670809514533,1670809511194
mydata,1,1670809514533,1670809511211
mydata,1,1670809514533,1670809511238
mydata,1,1670809514533,1670809511253
mydata,1,1670809514533,1670809511264
mydata,2,1670809514533,1670809506554
mydata,2,1670809514533,1670809506557
mydata,2,1670809514533,1670809506645
mydata,3,1670809514533,1670809511811
mydata,1,1670809515035,1670809511906
mydata,1,1670809515035,1670809511913
mydata,1,1670809515035,1670809511914
mydata,1,1670809515035,1670809511918
mydata,1,1670809515035,1670809511936
mydata,1,1670809515035,1670809511958
mydata,1,1670809515035,1670809511974
mydata,2,1670809515035,1670809507311
mydata,2,1670809515035,1670809507364
mydata,2,1670809515035,1670809507372
mydata,3,1670809515035,1670809512256
mydata,1,1670809515536,1670809512563
mydata,1,1670809515536,1670809512564
mydata,1,1670809515536,1670809512572
mydata,1,1670809515536,1670809512575
mydata,1,1670809515536,1670809512577
mydata,1,1670809515536,1670809512579
mydata,1,1670809515536,1670809512580
mydata,2,1670809515536,1670809508405
mydata,2,1670809515536,1670809508409
mydata,2,1670809515536,1670809508429
mydata,3,1670809515536,1670809512922
mydata,1,1670809516037,1670809513165
mydata,1,1670809516037,1670809513179
mydata,1,1670809516037,1670809513183
mydata,1,1670809516037,1670809513187
mydata,1,1670809516037,1670809513194
mydata,1,1670809516037,1670809513194
mydata,1,1670809516037,1670809513201
mydata,2,1670809516037,1670809509272
mydata,2,1670809516037,1670809509303
mydata,2,1670809516037,1670809509303
mydata,3,1670809516037,1670809513610
mydata,1,1670809516539,1670809513823
mydata,1,1670809516539,1670809513832
mydata,1,1670809516539,1670809513833
mydata,1,1670809516539,1670809513833
mydata,1,1670809516539,1670809513842
mydata,1,1670809516539,1670809513854
mydata,1,1670809516539,1670809513854
mydata,2,1670809516539,1670809509963
mydata,2,1670809516539,1670809509982
mydata,2,1670809516539,1670809510030
mydata,3,1670809516539,1670809514054
mydata,1,1670809517040,1670809514544
mydata,1,1670809517040,1670809514557
mydata,1,1670809517040,1670809514561
mydata,1,1670809517040,1670809514576
mydata,1,1670809517040,1670809514579
mydata,1,1670809517040,1670809514592
mydata,1,1670809517040,1670809514599
mydata,2,1670809517040,1670809510587
mydata,2,1670809517040,1670809510616
mydata,2,1670809517040,1670809510631
mydata,3,1670809517040,1670809514790
mydata,1,1670809517542,1670809515392
mydata,1,1670809517542,1670809515399
mydata,1,1670809517542,1670809515422
mydata,1,1670809517542,1670809515431
mydata,1,1670809517542,1670809515431
mydata,1,1670809517542,1670809515438
mydata,1,1670809517542,1670809515441
mydata,2,1670809517542,1670809511174
mydata,2,1670809517542,1670809511175
mydata,2,1670809517542,1670809511224
mydata,3,1670809517542,1670809515541
mydata,1,1670809518044,1670809515997
mydata,1,1670809518044,1670809515997
mydata,1,1670809518044,1670809516006
mydata,1,1670809518044,1670809516009
mydata,1,1670809518044,1670809516017
mydata,1,1670809518044,1670809516023
mydata,1,1670809518044,1670809516025
mydata,2,1670809518044,1670809511944
mydata,2,1670809518044,1670809511955
mydata,2,1670809518044,1670809511982
mydata,3,1670809518044,1670809516250
mydata,1,1670809518545,1670809516597
mydata,1,1670809518545,1670809516605
mydata,1,1670809518545,1670809516625
mydata,1,1670809518545,1670809516629
mydata,1,1670809518545,1670809516630
mydata,1,1670809518545,1670809516630
mydata,1,1670809518545,1670809516646
mydata,2,1670809518545,1670809512848
mydata,2,1670809518545,1670809512856
mydata,2,1670809518545,1670809512870
mydata,3,1670809518545,1670809516946
mydata,1,1670809519046,1670809517296
mydata,1,1670809519046,1670809517302
mydata,1,1670809519046,1670809517309
mydata,1,1670809519046,1670809517314
mydata,1,1670809519046,1670809517314
mydata,1,1670809519046,1670809517317
mydata,1,1670809519046,1670809517318
mydata,2,1670809519046,1670809513540
mydata,2,1670809519046,1670809513602
mydata,2,1670809519046,1670809513602
mydata,3,1670809519046,1670809517850
mydata,1,1670809519548,1670809517957
mydata,1,1670809519548,1670809517976
mydata,1,1670809519548,1670809517982
mydata,1,1670809519548,1670809517989
mydata,1,1670809519548,1670809517992
mydata,1,1670809519548,1670809518028
mydata,1,1670809519548,1670809518039
mydata,2,1670809519548,1670809514199
mydata,2,1670809519548,1670809514266
mydata,2,1670809519548,1670809514274
mydata,3,1670809519548,1670809518437
mydata,1,1670809520049,1670809518567
mydata,1,1670809520049,1670809518588
mydata,1,1670809520049,1670809518591
mydata,1,1670809520049,1670809518594
mydata,1,1670809520049,1670809518600
mydata,1,1670809520049,1670809518611
mydata,1,1670809520049,1670809518617
mydata,2,1670809520049,1670809514983
mydata,2,1670809520049,1670809515016
mydata,2,1670809520049,1670809515073
mydata,3,1670809520049,1670809519352
mydata,1,1670809520550,1670809519223
mydata,1,1670809520550,1670809519224
mydata,1,1670809520550,1670809519230
mydata,1,1670809520550,1670809519252
mydata,1,1670809520550,1670809519254
mydata,1,1670809520550,1670809519265
mydata,1,1670809520550,1670809519265
mydata,2,1670809520550,1670809515956
mydata,2,1670809520550,1670809515961
mydata,2,1670809520550,1670809515973
mydata,3,1670809520550,1670809519910
mydata,1,1670809521051,1670809519856
mydata,1,1670809521051,1670809519858
mydata,1,1670809521051,1670809519861
mydata,1,1670809521051,1670809519876
mydata,1,1670809521051,1670809519884
mydata,1,1670809521051,1670809519888
mydata,1,1670809521051,1670809519908
mydata,2,1670809521051,1670809516516
mydata,2,1670809521051,1670809516524
mydata,2,1670809521051,1670809516593
mydata,3,1670809521051,1670809520517
mydata,1,1670809521553,1670809520444
mydata,1,1670809521553,1670809520452
mydata,1,1670809521553,1670809520468
mydata,1,1670809521553,1670809520472
mydata,1,1670809521553,1670809520472
mydata,1,1670809521553,1670809520493
mydata,1,1670809521553,1670809520511
mydata,2,1670809521553,1670809517257
mydata,2,1670809521553,1670809517287
mydata,2,1670809521553,1670809517314
mydata,3,1670809521553,1670809521276
mydata,1,1670809522054,1670809521241
mydata,1,1670809522054,1670809521256
mydata,1,1670809522054,1670809521263
mydata,1,1670809522054,1670809521275
mydata,1,1670809522054,1670809521284
mydata,1,1670809522054,1670809521300
mydata,1,1670809522054,1670809521310
mydata,1,1670809522054,1670809521312
mydata,1,1670809522054,1670809521318
mydata,2,1670809522054,1670809517588
mydata,1,1670809522556,1670809522146
mydata,1,1670809522556,1670809522148
mydata,1,1670809522556,1670809522155
mydata,1,1670809522556,1670809522168
mydata,1,1670809522556,1670809522170
mydata,1,1670809522556,1670809522175
mydata,1,1670809522556,1670809522176
mydata,1,1670809522556,1670809522176
mydata,1,1670809522556,1670809522178
mydata,2,1670809522556,1670809518250
mydata,1,1670809523058,1670809522872
mydata,1,1670809523058,1670809522902
mydata,1,1670809523058,1670809522905
mydata,1,1670809523058,1670809522910
mydata,1,1670809523058,1670809522911
mydata,1,1670809523058,1670809522924
mydata,1,1670809523058,1670809522937
mydata,1,1670809523058,1670809522941
mydata,1,1670809523058,1670809522942
mydata,2,1670809523058,1670809519011
mydata,3,1670809523058,1670809522877
mydata,3,1670809523058,1670809522906
mydata,1,1670809523559,1670809523537
mydata,1,1670809523559,1670809523541
mydata,1,1670809523559,1670809523543
mydata,1,1670809523559,1670809523544
mydata,1,1670809523559,1670809523553
mydata,2,1670809523559,1670809519753
mydata,3,1670809523559,1670809523486
mydata,1,1670809524060,1670809523992
mydata,1,1670809524060,1670809523997
mydata,1,1670809524060,1670809524005
mydata,1,1670809524060,1670809524009
mydata,1,1670809524060,1670809524010
mydata,1,1670809524060,1670809524024
mydata,1,1670809524060,1670809524028
mydata,2,1670809524060,1670809520390
mydata,2,1670809524060,1670809520395
mydata,2,1670809524060,1670809520428
mydata,3,1670809524060,1670809524030
mydata,1,1670809524562,1670809524552
mydata,1,1670809524562,1670809524558
mydata,1,1670809524562,1670809524561
mydata,1,1670809524562,1670809524561
mydata,1,1670809524562,1670809524561
mydata,2,1670809524562,1670809521276
mydata,3,1670809524562,1670809524558
mydata,1,1670809525063,1670809524999
mydata,1,1670809525063,1670809525007
mydata,1,1670809525063,1670809525009
mydata,1,1670809525063,1670809525010
mydata,1,1670809525063,1670809525017
mydata,1,1670809525063,1670809525027
mydata,1,1670809525063,1670809525030
mydata,1,1670809525063,1670809525030
mydata,1,1670809525063,1670809525035
mydata,2,1670809525063,1670809521934
mydata,3,1670809525063,1670809525058
mydata,2,1670809525565,1670809522611
mydata,1,1670809526066,1670809525931
mydata,1,1670809526066,1670809525948
mydata,1,1670809526066,1670809525956
mydata,1,1670809526066,1670809525958
mydata,1,1670809526066,1670809525969
mydata,1,1670809526066,1670809525980
mydata,1,1670809526066,1670809525987
mydata,1,1670809526066,1670809525988
mydata,2,1670809526066,1670809523029
mydata,2,1670809526066,1670809523088
mydata,3,1670809526066,1670809525948
mydata,3,1670809526066,1670809525958
mydata,1,1670809526568,1670809526465
mydata,1,1670809526568,1670809526468
mydata,1,1670809526568,1670809526471
mydata,1,1670809526568,1670809526481
mydata,1,1670809526568,1670809526482
mydata,1,1670809526568,1670809526486
mydata,1,1670809526568,1670809526488
mydata,1,1670809526568,1670809526491
mydata,2,1670809526568,1670809523647
mydata,2,1670809526568,1670809523651
mydata,3,1670809526568,1670809526471
mydata,3,1670809526568,1670809526482
mydata,1,1670809527069,1670809526962
mydata,1,1670809527069,1670809526963
mydata,1,1670809527069,1670809526965
mydata,1,1670809527069,1670809526978
mydata,1,1670809527069,1670809526981
mydata,1,1670809527069,1670809526984
mydata,1,1670809527069,1670809526996
mydata,1,1670809527069,1670809527003
mydata,2,1670809527069,1670809523968
mydata,2,1670809527069,1670809524005
mydata,1,1670809527571,1670809527494
mydata,1,1670809527571,1670809527505
mydata,1,1670809527571,1670809527505
mydata,1,1670809527571,1670809527515
mydata,1,1670809527571,1670809527515
mydata,1,1670809527571,1670809527519
mydata,1,1670809527571,1670809527543
mydata,1,1670809527571,1670809527546
mydata,1,1670809527571,1670809527556
mydata,2,1670809527571,1670809524858
mydata,2,1670809528072,1670809525445
mydata,2,1670809528072,1670809525477
mydata,1,1670809528573,1670809528443
mydata,1,1670809528573,1670809528449
mydata,1,1670809528573,1670809528461
mydata,1,1670809528573,1670809528469
mydata,1,1670809528573,1670809528475
mydata,1,1670809528573,1670809528476
mydata,1,1670809528573,1670809528478
mydata,1,1670809528573,1670809528489
mydata,2,1670809528573,1670809525871
mydata,3,1670809528573,1670809528439
mydata,1,1670809529075,1670809528935
mydata,1,1670809529075,1670809528935
mydata,1,1670809529075,1670809528940
mydata,1,1670809529075,1670809528940
mydata,1,1670809529075,1670809528940
mydata,1,1670809529075,1670809528947
mydata,1,1670809529075,1670809528959
mydata,1,1670809529075,1670809528961
mydata,2,1670809529075,1670809526362
mydata,3,1670809529075,1670809528926
mydata,1,1670809529576,1670809529433
mydata,1,1670809529576,1670809529433
mydata,1,1670809529576,1670809529435
mydata,1,1670809529576,1670809529437
mydata,1,1670809529576,1670809529439
mydata,1,1670809529576,1670809529439
mydata,1,1670809529576,1670809529462
mydata,1,1670809529576,1670809529473
mydata,2,1670809529576,1670809526890
mydata,3,1670809529576,1670809529477
mydata,1,1670809530077,1670809529951
mydata,1,1670809530077,1670809529976
mydata,1,1670809530077,1670809529981
mydata,1,1670809530077,1670809529983
mydata,1,1670809530077,1670809529987
mydata,1,1670809530077,1670809530003
mydata,1,1670809530077,1670809530007
mydata,1,1670809530077,1670809530007
mydata,2,1670809530077,1670809527326
mydata,3,1670809530077,1670809529947
mydata,1,1670809530579,1670809530447
mydata,1,1670809530579,1670809530447
mydata,1,1670809530579,1670809530452
mydata,1,1670809530579,1670809530466
mydata,1,1670809530579,1670809530466
mydata,1,1670809530579,1670809530474
mydata,1,1670809530579,1670809530478
mydata,1,1670809530579,1670809530478
mydata,1,1670809530579,1670809530484
mydata,2,1670809530579,1670809527754
mydata,2,1670809530579,1670809527770
mydata,1,1670809531080,1670809530934
mydata,1,1670809531080,1670809530934
mydata,1,1670809531080,1670809530944
mydata,1,1670809531080,1670809530944
mydata,1,1670809531080,1670809530945
mydata,1,1670809531080,1670809530950
mydata,1,1670809531080,1670809530963
mydata,1,1670809531080,1670809530964
mydata,2,1670809531080,1670809528059
mydata,3,1670809531080,1670809530945
mydata,1,1670809531582,1670809531433
mydata,1,1670809531582,1670809531435
mydata,1,1670809531582,1670809531449
mydata,1,1670809531582,1670809531450
mydata,1,1670809531582,1670809531452
mydata,1,1670809531582,1670809531458
mydata,1,1670809531582,1670809531462
mydata,1,1670809531582,1670809531463
mydata,1,1670809531582,1670809531463
mydata,2,1670809531582,1670809528797
mydata,2,1670809531582,1670809528837
mydata,1,1670809532083,1670809531939
mydata,1,1670809532083,1670809531941
mydata,1,1670809532083,1670809531941
mydata,1,1670809532083,1670809531943
mydata,1,1670809532083,1670809531952
mydata,1,1670809532083,1670809531969
mydata,1,1670809532083,1670809531978
mydata,1,1670809532083,1670809531988
mydata,2,1670809532083,1670809529293
mydata,3,1670809532083,1670809531927
mydata,1,1670809532585,1670809532441
mydata,1,1670809532585,1670809532459
mydata,1,1670809532585,1670809532460
mydata,1,1670809532585,1670809532460
mydata,1,1670809532585,1670809532463
mydata,1,1670809532585,1670809532474
mydata,1,1670809532585,1670809532477
mydata,1,1670809532585,1670809532481
mydata,2,1670809532585,1670809529534
mydata,3,1670809532585,1670809532398
mydata,1,1670809533086,1670809532888
mydata,1,1670809533086,1670809532913
mydata,1,1670809533086,1670809532913
mydata,1,1670809533086,1670809532915
mydata,1,1670809533086,1670809532932
mydata,1,1670809533086,1670809532940
mydata,1,1670809533086,1670809532943
mydata,1,1670809533086,1670809532970
mydata,2,1670809533086,1670809530070
mydata,3,1670809533086,1670809533030
mydata,1,1670809533588,1670809533440
mydata,1,1670809533588,1670809533447
mydata,1,1670809533588,1670809533475
mydata,1,1670809533588,1670809533476
mydata,1,1670809533588,1670809533486
mydata,1,1670809533588,1670809533487
mydata,1,1670809533588,1670809533487
mydata,1,1670809533588,1670809533489
mydata,2,1670809533588,1670809530445
mydata,3,1670809533588,1670809533462
mydata,1,1670809534089,1670809533939
mydata,1,1670809534089,1670809533949
mydata,1,1670809534089,1670809533956
mydata,1,1670809534089,1670809533967
mydata,1,1670809534089,1670809533969
mydata,1,1670809534089,1670809533982
mydata,1,1670809534089,1670809533990
mydata,1,1670809534089,1670809533990
mydata,2,1670809534089,1670809530818
mydata,3,1670809534089,1670809533855
mydata,1,1670809534591,1670809534447
mydata,1,1670809534591,1670809534449
mydata,1,1670809534591,1670809534454
mydata,1,1670809534591,1670809534467
mydata,1,1670809534591,1670809534470
mydata,1,1670809534591,1670809534481
mydata,1,1670809534591,1670809534491
mydata,1,1670809534591,1670809534502
mydata,2,1670809534591,1670809531255
mydata,3,1670809534591,1670809534446
mydata,1,1670809535092,1670809534942
mydata,1,1670809535092,1670809534962
mydata,1,1670809535092,1670809534962
mydata,1,1670809535092,1670809534967
mydata,1,1670809535092,1670809534967
mydata,1,1670809535092,1670809534978
mydata,1,1670809535092,1670809534988
mydata,1,1670809535092,1670809535010
mydata,2,1670809535092,1670809531652
mydata,3,1670809535092,1670809534881
mydata,1,1670809535594,1670809535593
mydata,2,1670809535594,1670809532084
mydata,2,1670809535594,1670809532085
mydata,1,1670809536095,1670809535946
mydata,1,1670809536095,1670809535950
mydata,1,1670809536095,1670809535962
mydata,1,1670809536095,1670809535966
mydata,1,1670809536095,1670809535973
mydata,1,1670809536095,1670809535978
mydata,1,1670809536095,1670809535984
mydata,1,1670809536095,1670809535985
mydata,2,1670809536095,1670809532407
mydata,3,1670809536095,1670809535875
mydata,1,1670809536596,1670809536447
mydata,1,1670809536596,1670809536449
mydata,1,1670809536596,1670809536469
mydata,1,1670809536596,1670809536495
mydata,1,1670809536596,1670809536505
mydata,1,1670809536596,1670809536505
mydata,1,1670809536596,1670809536519
mydata,1,1670809536596,1670809536520
mydata,2,1670809536596,1670809532877
mydata,3,1670809536596,1670809536515
mydata,1,1670809537097,1670809536947
mydata,1,1670809537097,1670809536965
mydata,1,1670809537097,1670809536977
mydata,1,1670809537097,1670809536985
mydata,1,1670809537097,1670809536987
mydata,1,1670809537097,1670809537000
mydata,1,1670809537097,1670809537004
mydata,1,1670809537097,1670809537004
mydata,2,1670809537097,1670809533328
mydata,3,1670809537097,1670809536854
mydata,1,1670809537599,1670809537426
mydata,1,1670809537599,1670809537447
mydata,1,1670809537599,1670809537450
mydata,1,1670809537599,1670809537451
mydata,1,1670809537599,1670809537451
mydata,1,1670809537599,1670809537457
mydata,1,1670809537599,1670809537461
mydata,1,1670809537599,1670809537470
mydata,2,1670809537599,1670809533792
mydata,3,1670809537599,1670809537410
mydata,1,1670809538100,1670809537957
mydata,1,1670809538100,1670809537966
mydata,1,1670809538100,1670809537969
mydata,1,1670809538100,1670809537970
mydata,1,1670809538100,1670809537983
mydata,1,1670809538100,1670809537985
mydata,1,1670809538100,1670809537986
mydata,1,1670809538100,1670809537988
mydata,1,1670809538100,1670809538004
mydata,2,1670809538100,1670809534465
mydata,2,1670809538100,1670809534520
mydata,2,1670809538602,1670809535105
mydata,2,1670809538602,1670809535150
mydata,3,1670809538602,1670809538572
mydata,1,1670809539103,1670809538966
mydata,1,1670809539103,1670809538976
mydata,1,1670809539103,1670809538979
mydata,1,1670809539103,1670809539010
mydata,1,1670809539103,1670809539012
mydata,1,1670809539103,1670809539015
mydata,1,1670809539103,1670809539028
mydata,1,1670809539103,1670809539028
mydata,2,1670809539103,1670809535754
mydata,3,1670809539103,1670809538972
mydata,1,1670809539604,1670809539504
mydata,1,1670809539604,1670809539504
mydata,1,1670809539604,1670809539523
mydata,1,1670809539604,1670809539526
mydata,1,1670809539604,1670809539539
mydata,1,1670809539604,1670809539558
mydata,1,1670809539604,1670809539560
mydata,1,1670809539604,1670809539563
mydata,2,1670809539604,1670809536244
mydata,3,1670809539604,1670809539394
mydata,1,1670809540106,1670809539969
mydata,1,1670809540106,1670809539971
mydata,1,1670809540106,1670809539977
mydata,1,1670809540106,1670809539977
mydata,1,1670809540106,1670809539980
mydata,1,1670809540106,1670809539982
mydata,1,1670809540106,1670809539983
mydata,1,1670809540106,1670809539995
mydata,2,1670809540106,1670809536590
mydata,3,1670809540106,1670809539863
mydata,1,1670809540607,1670809540544
mydata,1,1670809540607,1670809540549
mydata,1,1670809540607,1670809540573
mydata,1,1670809540607,1670809540589
mydata,1,1670809540607,1670809540591
mydata,1,1670809540607,1670809540592
mydata,1,1670809540607,1670809540602
mydata,2,1670809540607,1670809537156
mydata,3,1670809540607,1670809540431
mydata,2,1670809541109,1670809537702
mydata,2,1670809541109,1670809537705
mydata,1,1670809541610,1670809541500
mydata,1,1670809541610,1670809541500
mydata,1,1670809541610,1670809541501
mydata,1,1670809541610,1670809541501
mydata,1,1670809541610,1670809541510
mydata,1,1670809541610,1670809541524
mydata,1,1670809541610,1670809541531
mydata,1,1670809541610,1670809541538
mydata,2,1670809541610,1670809537929
mydata,3,1670809541610,1670809541454
mydata,2,1670809542112,1670809538474
mydata,2,1670809542112,1670809538474
mydata,3,1670809542112,1670809542073
mydata,1,1670809542613,1670809542565
mydata,1,1670809542613,1670809542565
mydata,1,1670809542613,1670809542565
mydata,1,1670809542613,1670809542565
mydata,1,1670809542613,1670809542584
mydata,1,1670809542613,1670809542586
mydata,1,1670809542613,1670809542593
mydata,1,1670809542613,1670809542608
mydata,2,1670809542613,1670809538745
mydata,3,1670809542613,1670809542456
mydata,1,1670809543114,1670809543092
mydata,1,1670809543114,1670809543095
mydata,1,1670809543114,1670809543112
mydata,2,1670809543114,1670809539064
mydata,3,1670809543114,1670809543024
mydata,2,1670809543616,1670809539571
mydata,2,1670809543616,1670809539636
mydata,1,1670809544117,1670809544105
mydata,1,1670809544117,1670809544117
mydata,2,1670809544117,1670809539842
mydata,3,1670809544117,1670809543970
mydata,1,1670809544618,1670809544523
mydata,1,1670809544618,1670809544527
mydata,1,1670809544618,1670809544536
mydata,1,1670809544618,1670809544550
mydata,1,1670809544618,1670809544554
mydata,1,1670809544618,1670809544562
mydata,1,1670809544618,1670809544564
mydata,1,1670809544618,1670809544575
mydata,2,1670809544618,1670809540114
mydata,3,1670809544618,1670809544474
mydata,1,1670809545120,1670809545010
mydata,1,1670809545120,1670809545011
mydata,1,1670809545120,1670809545013
mydata,1,1670809545120,1670809545051
mydata,1,1670809545120,1670809545089
mydata,1,1670809545120,1670809545099
mydata,1,1670809545120,1670809545102
mydata,1,1670809545120,1670809545114
mydata,2,1670809545120,1670809540520
mydata,3,1670809545120,1670809544982
mydata,2,1670809545622,1670809541049
mydata,2,1670809545622,1670809541053
mydata,3,1670809545622,1670809545552
mydata,1,1670809546123,1670809546051
mydata,1,1670809546123,1670809546052
mydata,1,1670809546123,1670809546060
mydata,1,1670809546123,1670809546064
mydata,1,1670809546123,1670809546072
mydata,1,1670809546123,1670809546088
mydata,1,1670809546123,1670809546091
mydata,1,1670809546123,1670809546092
mydata,2,1670809546123,1670809541328
mydata,3,1670809546123,1670809545979
mydata,2,1670809546624,1670809541829
mydata,2,1670809546624,1670809541843
mydata,3,1670809546624,1670809546392
mydata,3,1670809546624,1670809546475
mydata,1,1670809547126,1670809547061
mydata,1,1670809547126,1670809547064
mydata,1,1670809547126,1670809547070
mydata,1,1670809547126,1670809547081
mydata,1,1670809547126,1670809547113
mydata,1,1670809547126,1670809547124
mydata,2,1670809547126,1670809542285
mydata,3,1670809547126,1670809547029
mydata,1,1670809547627,1670809547598
mydata,2,1670809547627,1670809542718
mydata,2,1670809547627,1670809542718
mydata,3,1670809547627,1670809547486
mydata,3,1670809547627,1670809547492
mydata,1,1670809548128,1670809548090
mydata,1,1670809548128,1670809548094
mydata,1,1670809548128,1670809548096
mydata,1,1670809548128,1670809548103
mydata,1,1670809548128,1670809548107
mydata,1,1670809548128,1670809548109
mydata,1,1670809548128,1670809548114
mydata,1,1670809548128,1670809548121
mydata,2,1670809548128,1670809542917
mydata,3,1670809548128,1670809548068
mydata,2,1670809548630,1670809543448
mydata,2,1670809548630,1670809543463
mydata,1,1670809549131,1670809549056
mydata,1,1670809549131,1670809549063
mydata,1,1670809549131,1670809549070
mydata,1,1670809549131,1670809549074
mydata,1,1670809549131,1670809549077
mydata,1,1670809549131,1670809549091
mydata,1,1670809549131,1670809549096
mydata,1,1670809549131,1670809549098
mydata,2,1670809549131,1670809543639
mydata,3,1670809549131,1670809548988
mydata,1,1670809549632,1670809549569
mydata,1,1670809549632,1670809549587
mydata,1,1670809549632,1670809549596
mydata,1,1670809549632,1670809549605
mydata,1,1670809549632,1670809549614
mydata,1,1670809549632,1670809549630
mydata,2,1670809549632,1670809544020
mydata,3,1670809549632,1670809549375
mydata,2,1670809550134,1670809544347
mydata,2,1670809550134,1670809544354
mydata,3,1670809550134,1670809549941
mydata,3,1670809550134,1670809549945
mydata,1,1670809550635,1670809550543
mydata,1,1670809550635,1670809550565
mydata,1,1670809550635,1670809550577
mydata,1,1670809550635,1670809550579
mydata,1,1670809550635,1670809550582
mydata,1,1670809550635,1670809550583
mydata,1,1670809550635,1670809550584
mydata,1,1670809550635,1670809550605
mydata,2,1670809550635,1670809544586
mydata,3,1670809550635,1670809550480
mydata,1,1670809551137,1670809551071
mydata,1,1670809551137,1670809551072
mydata,1,1670809551137,1670809551078
mydata,1,1670809551137,1670809551097
mydata,1,1670809551137,1670809551099
mydata,1,1670809551137,1670809551104
mydata,1,1670809551137,1670809551105
mydata,1,1670809551137,1670809551110
mydata,1,1670809551137,1670809551125
mydata,2,1670809551137,1670809545025
mydata,2,1670809551137,1670809545051
mydata,1,1670809551638,1670809551617
mydata,1,1670809551638,1670809551627
mydata,1,1670809551638,1670809551627
mydata,1,1670809551638,1670809551634
mydata,1,1670809551638,1670809551634
mydata,1,1670809551638,1670809551634
mydata,2,1670809551638,1670809545535
mydata,3,1670809551638,1670809551534
mydata,1,1670809552140,1670809552115
mydata,1,1670809552140,1670809552126
mydata,2,1670809552140,1670809545822
mydata,2,1670809552140,1670809545841
mydata,3,1670809552140,1670809552060
mydata,3,1670809552140,1670809552088
mydata,1,1670809552641,1670809552628
mydata,1,1670809552641,1670809552629
mydata,1,1670809552641,1670809552633
mydata,2,1670809552641,1670809546130
mydata,2,1670809552641,1670809546168
mydata,1,1670809553142,1670809553091
mydata,1,1670809553142,1670809553091
mydata,1,1670809553142,1670809553098
mydata,1,1670809553142,1670809553119
mydata,1,1670809553142,1670809553125
mydata,2,1670809553142,1670809546576
mydata,3,1670809553142,1670809553047
mydata,2,1670809553644,1670809547150
mydata,2,1670809553644,1670809547152
mydata,1,1670809554145,1670809554071
mydata,1,1670809554145,1670809554086
mydata,1,1670809554145,1670809554090
mydata,1,1670809554145,1670809554096
mydata,1,1670809554145,1670809554100
mydata,1,1670809554145,1670809554104
mydata,1,1670809554145,1670809554114
mydata,1,1670809554145,1670809554126
mydata,2,1670809554145,1670809547490
mydata,3,1670809554145,1670809554003
mydata,2,1670809554647,1670809548131
mydata,2,1670809554647,1670809548171
mydata,3,1670809554647,1670809554613
mydata,2,1670809555148,1670809548639
mydata,2,1670809555148,1670809548647
mydata,1,1670809555649,1670809555587
mydata,1,1670809555649,1670809555594
mydata,1,1670809555649,1670809555599
mydata,1,1670809555649,1670809555604
mydata,1,1670809555649,1670809555610
mydata,1,1670809555649,1670809555615
mydata,1,1670809555649,1670809555643
mydata,1,1670809555649,1670809555649
mydata,2,1670809555649,1670809549031
mydata,3,1670809555649,1670809555603
mydata,2,1670809556151,1670809549464
mydata,2,1670809556151,1670809549477
mydata,1,1670809556652,1670809556649
mydata,1,1670809556652,1670809556651
mydata,2,1670809556652,1670809549870
mydata,2,1670809556652,1670809549942
mydata,3,1670809556652,1670809556537
mydata,2,1670809557153,1670809550406
mydata,2,1670809557153,1670809550431
mydata,3,1670809557153,1670809557105
mydata,3,1670809557153,1670809557128
mydata,1,1670809557655,1670809557635
mydata,1,1670809557655,1670809557635
mydata,1,1670809557655,1670809557643
mydata,2,1670809557655,1670809550675
mydata,3,1670809557655,1670809557560
mydata,1,1670809558156,1670809558148
mydata,1,1670809558156,1670809558150
mydata,1,1670809558156,1670809558152
mydata,1,1670809558156,1670809558153
mydata,2,1670809558156,1670809551217
mydata,2,1670809558156,1670809551225
mydata,2,1670809558658,1670809551625
mydata,2,1670809558658,1670809551647
mydata,3,1670809558658,1670809558589
mydata,3,1670809558658,1670809558633
mydata,1,1670809559159,1670809559132
mydata,1,1670809559159,1670809559141
mydata,1,1670809559159,1670809559144
mydata,1,1670809559159,1670809559157
mydata,2,1670809559159,1670809552104
mydata,3,1670809559159,1670809559046
mydata,2,1670809559661,1670809552553
mydata,2,1670809559661,1670809552563
mydata,3,1670809559661,1670809559621
mydata,3,1670809559661,1670809559635
mydata,1,1670809560162,1670809560093
mydata,1,1670809560162,1670809560094
mydata,1,1670809560162,1670809560104
mydata,1,1670809560162,1670809560120
mydata,1,1670809560162,1670809560120
mydata,1,1670809560162,1670809560128
mydata,1,1670809560162,1670809560158
mydata,2,1670809560162,1670809552897
mydata,3,1670809560162,1670809560066
mydata,1,1670809560663,1670809560662
mydata,2,1670809560663,1670809553653
mydata,2,1670809560663,1670809553655
mydata,3,1670809560663,1670809560529
mydata,3,1670809560663,1670809560533
mydata,1,1670809561165,1670809561073
mydata,1,1670809561165,1670809561077
mydata,1,1670809561165,1670809561077
mydata,1,1670809561165,1670809561081
mydata,1,1670809561165,1670809561083
mydata,1,1670809561165,1670809561153
mydata,1,1670809561165,1670809561164
mydata,2,1670809561165,1670809553861
mydata,3,1670809561165,1670809561094
mydata,1,1670809561666,1670809561605
mydata,1,1670809561666,1670809561614
mydata,1,1670809561666,1670809561645
mydata,1,1670809561666,1670809561647
mydata,1,1670809561666,1670809561648
mydata,1,1670809561666,1670809561656
mydata,1,1670809561666,1670809561658
mydata,1,1670809561666,1670809561660
mydata,2,1670809561666,1670809554201
mydata,2,1670809561666,1670809554268
mydata,2,1670809562168,1670809554711
mydata,2,1670809562168,1670809554715
mydata,1,1670809562669,1670809562595
mydata,1,1670809562669,1670809562602
mydata,1,1670809562669,1670809562609
mydata,1,1670809562669,1670809562623
mydata,1,1670809562669,1670809562623
mydata,1,1670809562669,1670809562636
mydata,1,1670809562669,1670809562640
mydata,2,1670809562669,1670809554877
mydata,3,1670809562669,1670809562583
mydata,2,1670809563170,1670809555614
mydata,2,1670809563170,1670809555643
mydata,1,1670809563671,1670809563543
mydata,1,1670809563671,1670809563557
mydata,1,1670809563671,1670809563558
mydata,1,1670809563671,1670809563561
mydata,1,1670809563671,1670809563563
mydata,1,1670809563671,1670809563578
mydata,1,1670809563671,1670809563584
mydata,1,1670809563671,1670809563584
mydata,2,1670809563671,1670809555920
mydata,3,1670809563671,1670809563432
mydata,1,1670809564172,1670809564109
mydata,1,1670809564172,1670809564114
mydata,1,1670809564172,1670809564121
mydata,1,1670809564172,1670809564122
mydata,1,1670809564172,1670809564124
mydata,1,1670809564172,1670809564135
mydata,1,1670809564172,1670809564147
mydata,1,1670809564172,1670809564153
mydata,2,1670809564172,1670809556278
mydata,3,1670809564172,1670809564035
mydata,2,1670809564674,1670809556842
mydata,2,1670809564674,1670809556908
mydata,3,1670809564674,1670809564630
mydata,3,1670809564674,1670809564659
mydata,2,1670809565176,1670809557328
mydata,2,1670809565176,1670809557373
mydata,3,1670809565176,1670809565006
mydata,3,1670809565176,1670809565033
mydata,1,1670809565677,1670809565672
mydata,2,1670809565677,1670809557802
mydata,3,1670809565677,1670809565640
mydata,1,1670809566178,1670809566034
mydata,1,1670809566178,1670809566038
mydata,1,1670809566178,1670809566048
mydata,1,1670809566178,1670809566066
mydata,1,1670809566178,1670809566071
mydata,1,1670809566178,1670809566075
mydata,1,1670809566178,1670809566093
mydata,1,1670809566178,1670809566109
mydata,2,1670809566178,1670809558204
mydata,3,1670809566178,1670809566034
mydata,1,1670809566680,1670809566567
mydata,1,1670809566680,1670809566576
mydata,1,1670809566680,1670809566580
mydata,1,1670809566680,1670809566580
mydata,1,1670809566680,1670809566608
mydata,1,1670809566680,1670809566615
mydata,1,1670809566680,1670809566622
mydata,1,1670809566680,1670809566644
mydata,2,1670809566680,1670809558813
mydata,3,1670809566680,1670809566532
mydata,1,1670809567181,1670809567118
mydata,1,1670809567181,1670809567121
mydata,1,1670809567181,1670809567128
mydata,1,1670809567181,1670809567133
mydata,1,1670809567181,1670809567140
mydata,1,1670809567181,1670809567142
mydata,1,1670809567181,1670809567154
mydata,1,1670809567181,1670809567163
mydata,2,1670809567181,1670809559270
mydata,3,1670809567181,1670809567157
mydata,2,1670809567683,1670809559735
mydata,2,1670809567683,1670809559838
mydata,1,1670809568184,1670809568108
mydata,1,1670809568184,1670809568111
mydata,1,1670809568184,1670809568117
mydata,1,1670809568184,1670809568121
mydata,1,1670809568184,1670809568121
mydata,1,1670809568184,1670809568122
mydata,1,1670809568184,1670809568122
mydata,1,1670809568184,1670809568139
mydata,2,1670809568184,1670809560272
mydata,3,1670809568184,1670809568118
mydata,1,1670809568685,1670809568585
mydata,1,1670809568685,1670809568592
mydata,1,1670809568685,1670809568596
mydata,1,1670809568685,1670809568603
mydata,1,1670809568685,1670809568607
mydata,1,1670809568685,1670809568615
mydata,1,1670809568685,1670809568621
mydata,1,1670809568685,1670809568623
mydata,1,1670809568685,1670809568631
mydata,2,1670809568685,1670809560554
mydata,2,1670809568685,1670809560612
mydata,3,1670809568685,1670809568642
mydata,2,1670809569187,1670809561285
mydata,2,1670809569187,1670809561290
mydata,1,1670809569688,1670809569543
mydata,1,1670809569688,1670809569548
mydata,1,1670809569688,1670809569559
mydata,1,1670809569688,1670809569561
mydata,1,1670809569688,1670809569563
mydata,1,1670809569688,1670809569567
mydata,1,1670809569688,1670809569572
mydata,1,1670809569688,1670809569582
mydata,2,1670809569688,1670809561526
mydata,3,1670809569688,1670809569543
mydata,1,1670809570189,1670809570048
mydata,1,1670809570189,1670809570058
mydata,1,1670809570189,1670809570062
mydata,1,1670809570189,1670809570064
mydata,1,1670809570189,1670809570066
mydata,1,1670809570189,1670809570085
mydata,1,1670809570189,1670809570086
mydata,1,1670809570189,1670809570092
mydata,2,1670809570189,1670809562190
mydata,3,1670809570189,1670809570045
mydata,1,1670809570690,1670809570525
mydata,1,1670809570690,1670809570528
mydata,1,1670809570690,1670809570535
mydata,1,1670809570690,1670809570535
mydata,1,1670809570690,1670809570548
mydata,1,1670809570690,1670809570568
mydata,1,1670809570690,1670809570572
mydata,1,1670809570690,1670809570582
mydata,2,1670809570690,1670809562545
mydata,3,1670809570690,1670809570590
mydata,1,1670809571192,1670809571081
mydata,1,1670809571192,1670809571081
mydata,1,1670809571192,1670809571081
mydata,1,1670809571192,1670809571113
mydata,1,1670809571192,1670809571120
mydata,1,1670809571192,1670809571127
mydata,1,1670809571192,1670809571137
mydata,1,1670809571192,1670809571143
mydata,2,1670809571192,1670809563015
mydata,3,1670809571192,1670809570943
mydata,2,1670809571694,1670809563322
mydata,2,1670809571694,1670809563350
mydata,3,1670809571694,1670809571664
mydata,3,1670809571694,1670809571686
mydata,1,1670809572195,1670809572130
mydata,1,1670809572195,1670809572130
mydata,1,1670809572195,1670809572136
mydata,1,1670809572195,1670809572141
mydata,1,1670809572195,1670809572143
mydata,1,1670809572195,1670809572148
mydata,1,1670809572195,1670809572148
mydata,1,1670809572195,1670809572148
mydata,2,1670809572195,1670809563725
mydata,3,1670809572195,1670809572053
mydata,1,1670809572697,1670809572653
mydata,1,1670809572697,1670809572653
mydata,1,1670809572697,1670809572653
mydata,1,1670809572697,1670809572657
mydata,1,1670809572697,1670809572658
mydata,1,1670809572697,1670809572661
mydata,1,1670809572697,1670809572664
mydata,1,1670809572697,1670809572664
mydata,2,1670809572697,1670809563972
mydata,3,1670809572697,1670809572488
mydata,2,1670809573198,1670809564317
mydata,2,1670809573198,1670809564404
mydata,3,1670809573198,1670809572989
mydata,3,1670809573198,1670809572998
mydata,2,1670809573699,1670809564719
mydata,2,1670809573699,1670809564805
mydata,1,1670809574200,1670809574066
mydata,1,1670809574200,1670809574067
mydata,1,1670809574200,1670809574153
mydata,1,1670809574200,1670809574161
mydata,1,1670809574200,1670809574177
mydata,1,1670809574200,1670809574179
mydata,1,1670809574200,1670809574186
mydata,1,1670809574200,1670809574191
mydata,2,1670809574200,1670809565113
mydata,3,1670809574200,1670809574018
mydata,2,1670809574702,1670809565734
mydata,2,1670809574702,1670809565741
mydata,3,1670809574702,1670809574682
mydata,1,1670809575203,1670809575110
mydata,1,1670809575203,1670809575133
mydata,1,1670809575203,1670809575136
mydata,1,1670809575203,1670809575148
mydata,1,1670809575203,1670809575159
mydata,1,1670809575203,1670809575168
mydata,1,1670809575203,1670809575174
mydata,1,1670809575203,1670809575175
mydata,2,1670809575203,1670809566086
mydata,3,1670809575203,1670809575026
mydata,1,1670809575705,1670809575692
mydata,1,1670809575705,1670809575696
mydata,2,1670809575705,1670809566602
mydata,3,1670809575705,1670809575639
mydata,1,1670809576206,1670809576118
mydata,1,1670809576206,1670809576120
mydata,1,1670809576206,1670809576124
mydata,1,1670809576206,1670809576151
mydata,1,1670809576206,1670809576153
mydata,1,1670809576206,1670809576156
mydata,1,1670809576206,1670809576158
mydata,1,1670809576206,1670809576158
mydata,1,1670809576206,1670809576159
mydata,2,1670809576206,1670809566878
mydata,2,1670809576206,1670809566880
mydata,1,1670809576707,1670809576665
mydata,1,1670809576707,1670809576670
mydata,1,1670809576707,1670809576686
mydata,1,1670809576707,1670809576696
mydata,1,1670809576707,1670809576700
mydata,1,1670809576707,1670809576702
mydata,1,1670809576707,1670809576705
mydata,2,1670809576707,1670809567223
mydata,2,1670809576707,1670809567240
mydata,2,1670809577209,1670809567829
mydata,2,1670809577209,1670809567837
mydata,3,1670809577209,1670809577156
mydata,3,1670809577209,1670809577200
mydata,2,1670809577710,1670809568092
mydata,2,1670809577710,1670809568132
mydata,3,1670809577710,1670809577508
mydata,1,1670809578211,1670809578071
mydata,1,1670809578211,1670809578073
mydata,1,1670809578211,1670809578073
mydata,1,1670809578211,1670809578076
mydata,1,1670809578211,1670809578086
mydata,1,1670809578211,1670809578104
mydata,1,1670809578211,1670809578117
mydata,1,1670809578211,1670809578117
mydata,2,1670809578211,1670809568400
mydata,3,1670809578211,1670809577973
mydata,1,1670809578712,1670809578569
mydata,1,1670809578712,1670809578573
mydata,1,1670809578712,1670809578595
mydata,1,1670809578712,1670809578597
mydata,1,1670809578712,1670809578613
mydata,1,1670809578712,1670809578631
mydata,1,1670809578712,1670809578641
mydata,1,1670809578712,1670809578646
mydata,2,1670809578712,1670809568769
mydata,3,1670809578712,1670809578601
mydata,2,1670809579214,1670809569168
mydata,2,1670809579214,1670809569179
mydata,3,1670809579214,1670809579032
mydata,3,1670809579214,1670809579042
mydata,1,1670809579715,1670809579635
mydata,1,1670809579715,1670809579637
mydata,1,1670809579715,1670809579641
mydata,1,1670809579715,1670809579642
mydata,1,1670809579715,1670809579643
mydata,1,1670809579715,1670809579643
mydata,1,1670809579715,1670809579647
mydata,1,1670809579715,1670809579651
mydata,2,1670809579715,1670809569641
mydata,3,1670809579715,1670809579614
mydata,2,1670809580217,1670809570199
mydata,2,1670809580217,1670809570235
mydata,3,1670809580217,1670809580153
mydata,1,1670809580717,1670809580579
mydata,1,1670809580717,1670809580580
mydata,1,1670809580717,1670809580599
mydata,1,1670809580717,1670809580599
mydata,1,1670809580717,1670809580601
mydata,1,1670809580717,1670809580603
mydata,1,1670809580717,1670809580603
mydata,1,1670809580717,1670809580611
mydata,2,1670809580717,1670809570490
mydata,3,1670809580717,1670809580615
mydata,1,1670809581219,1670809581077
mydata,1,1670809581219,1670809581086
mydata,1,1670809581219,1670809581086
mydata,1,1670809581219,1670809581091
mydata,1,1670809581219,1670809581093
mydata,1,1670809581219,1670809581097
mydata,1,1670809581219,1670809581097
mydata,1,1670809581219,1670809581100
mydata,1,1670809581219,1670809581105
mydata,2,1670809581219,1670809570973
mydata,2,1670809581219,1670809570976
mydata,1,1670809581720,1670809581605
mydata,1,1670809581720,1670809581611
mydata,1,1670809581720,1670809581611
mydata,1,1670809581720,1670809581620
mydata,1,1670809581720,1670809581621
mydata,1,1670809581720,1670809581625
mydata,1,1670809581720,1670809581628
mydata,1,1670809581720,1670809581648
mydata,2,1670809581720,1670809571354
mydata,3,1670809581720,1670809581589
mydata,2,1670809582222,1670809571790
mydata,2,1670809582222,1670809571793
mydata,1,1670809582723,1670809582579
mydata,1,1670809582723,1670809582603
mydata,1,1670809582723,1670809582612
mydata,1,1670809582723,1670809582621
mydata,1,1670809582723,1670809582627
mydata,1,1670809582723,1670809582636
mydata,1,1670809582723,1670809582643
mydata,1,1670809582723,1670809582646
mydata,2,1670809582723,1670809572120
mydata,3,1670809582723,1670809582526
mydata,1,1670809583224,1670809583045
mydata,1,1670809583224,1670809583045
mydata,1,1670809583224,1670809583074
mydata,1,1670809583224,1670809583082
mydata,1,1670809583224,1670809583090
mydata,1,1670809583224,1670809583090
mydata,1,1670809583224,1670809583092
mydata,1,1670809583224,1670809583092
mydata,2,1670809583224,1670809572586
mydata,3,1670809583224,1670809583155
mydata,1,1670809583726,1670809583561
mydata,1,1670809583726,1670809583580
mydata,1,1670809583726,1670809583586
mydata,1,1670809583726,1670809583592
mydata,1,1670809583726,1670809583627
mydata,1,1670809583726,1670809583683
mydata,1,1670809583726,1670809583696
mydata,1,1670809583726,1670809583707
mydata,2,1670809583726,1670809572845
mydata,3,1670809583726,1670809583511
mydata,1,1670809584228,1670809584218
mydata,1,1670809584228,1670809584222
mydata,1,1670809584228,1670809584224
mydata,1,1670809584228,1670809584227
mydata,2,1670809584228,1670809573419
mydata,3,1670809584228,1670809584097
mydata,2,1670809584729,1670809573795
mydata,2,1670809584729,1670809573844
mydata,1,1670809585230,1670809585153
mydata,1,1670809585230,1670809585162
mydata,1,1670809585230,1670809585179
mydata,1,1670809585230,1670809585186
mydata,1,1670809585230,1670809585186
mydata,1,1670809585230,1670809585195
mydata,1,1670809585230,1670809585201
mydata,1,1670809585230,1670809585216
mydata,2,1670809585230,1670809574342
mydata,3,1670809585230,1670809585006
mydata,2,1670809585732,1670809574672
mydata,2,1670809585732,1670809574684
mydata,3,1670809585732,1670809585628
mydata,3,1670809585732,1670809585664
mydata,2,1670809586233,1670809575087
mydata,2,1670809586233,1670809575102
